This file contains any messages produced by compilers while
running configure, to aid debugging if configure makes a mistake.

It was created by libass configure 0.15.0, which was
generated by GNU Autoconf 2.69.  Invocation command line was

  $ ./configure --prefix=/shared/ytxplayerlib/ytxPlayer/android/contrib/jni/jniLibs/armeabi-v7a --host=arm-linux --enable-shared=no

## --------- ##
## Platform. ##
## --------- ##

hostname = ubuntu-xenial
uname -m = x86_64
uname -r = 4.4.0-197-generic
uname -s = Linux
uname -v = #229-Ubuntu SMP Wed Nov 25 11:05:42 UTC 2020

/usr/bin/uname -p = unknown
/bin/uname -X     = unknown

/bin/arch              = unknown
/usr/bin/arch -k       = unknown
/usr/convex/getsysinfo = unknown
/usr/bin/hostinfo      = unknown
/bin/machine           = unknown
/usr/bin/oslevel       = unknown
/bin/universe          = unknown

PATH: /home/vagrant/bin
PATH: /home/vagrant/.local/bin
PATH: /usr/local/sbin
PATH: /usr/local/bin
PATH: /usr/sbin
PATH: /usr/bin
PATH: /sbin
PATH: /bin
PATH: /usr/games
PATH: /usr/local/games
PATH: /snap/bin
PATH: /home/vagrant/gradle-5.6.4/bin
PATH: /home/vagrant/software/nexus/nexus-2.14.18-01/bin


## ----------- ##
## Core tests. ##
## ----------- ##

configure:2417: checking for a BSD-compatible install
configure:2485: result: /usr/bin/install -c
configure:2496: checking whether build environment is sane
configure:2551: result: yes
configure:2610: checking for arm-linux-strip
configure:2637: result: /home/vagrant/Android/android-ndk-r21d/toolchains/llvm/prebuilt/linux-x86_64/bin/arm-linux-androideabi-strip
configure:2702: checking for a thread-safe mkdir -p
configure:2741: result: /bin/mkdir -p
configure:2748: checking for gawk
configure:2764: found /usr/bin/gawk
configure:2775: result: gawk
configure:2786: checking whether make sets $(MAKE)
configure:2808: result: yes
configure:2837: checking whether make supports nested variables
configure:2854: result: yes
configure:3012: checking build system type
configure:3026: result: x86_64-pc-linux-gnu
configure:3046: checking host system type
configure:3059: result: arm-unknown-linux-gnu
configure:3100: checking how to print strings
configure:3127: result: printf
configure:3152: checking whether make supports the include directive
configure:3167: make -f confmf.GNU && cat confinc.out
this is the am__doit target
configure:3170: $? = 0
configure:3189: result: yes (GNU style)
configure:3219: checking for arm-linux-gcc
configure:3246: result: /home/vagrant/Android/android-ndk-r21d/toolchains/llvm/prebuilt/linux-x86_64/bin/armv7a-linux-androideabi26-clang --sysroot=/home/vagrant/Android/android-ndk-r21d/toolchains/llvm/prebuilt/linux-x86_64/sysroot
configure:3515: checking for C compiler version
configure:3524: /home/vagrant/Android/android-ndk-r21d/toolchains/llvm/prebuilt/linux-x86_64/bin/armv7a-linux-androideabi26-clang --sysroot=/home/vagrant/Android/android-ndk-r21d/toolchains/llvm/prebuilt/linux-x86_64/sysroot --version >&5
Android (6454773 based on r365631c2) clang version 9.0.8 (https://android.googlesource.com/toolchain/llvm-project 98c855489587874b2a325e7a516b99d838599c6f) (based on LLVM 9.0.8svn)
Target: armv7a-unknown-linux-android26
Thread model: posix
InstalledDir: /home/vagrant/Android/android-ndk-r21d/toolchains/llvm/prebuilt/linux-x86_64/bin
configure:3535: $? = 0
configure:3524: /home/vagrant/Android/android-ndk-r21d/toolchains/llvm/prebuilt/linux-x86_64/bin/armv7a-linux-androideabi26-clang --sysroot=/home/vagrant/Android/android-ndk-r21d/toolchains/llvm/prebuilt/linux-x86_64/sysroot -v >&5
Android (6454773 based on r365631c2) clang version 9.0.8 (https://android.googlesource.com/toolchain/llvm-project 98c855489587874b2a325e7a516b99d838599c6f) (based on LLVM 9.0.8svn)
Target: armv7a-unknown-linux-android26
Thread model: posix
InstalledDir: /home/vagrant/Android/android-ndk-r21d/toolchains/llvm/prebuilt/linux-x86_64/bin
Found candidate GCC installation: /home/vagrant/Android/android-ndk-r21d/toolchains/llvm/prebuilt/linux-x86_64/bin/../lib/gcc/arm-linux-androideabi/4.9.x
Selected GCC installation: /home/vagrant/Android/android-ndk-r21d/toolchains/llvm/prebuilt/linux-x86_64/bin/../lib/gcc/arm-linux-androideabi/4.9.x
Candidate multilib: thumb;@mthumb
Candidate multilib: armv7-a;@march=armv7-a
Candidate multilib: armv7-a/thumb;@march=armv7-a@mthumb
Candidate multilib: .;
... rest of stderr output deleted ...
configure:3535: $? = 0
configure:3524: /home/vagrant/Android/android-ndk-r21d/toolchains/llvm/prebuilt/linux-x86_64/bin/armv7a-linux-androideabi26-clang --sysroot=/home/vagrant/Android/android-ndk-r21d/toolchains/llvm/prebuilt/linux-x86_64/sysroot -V >&5
clang: error: argument to '-V' is missing (expected 1 value)
clang: error: no input files
configure:3535: $? = 1
configure:3524: /home/vagrant/Android/android-ndk-r21d/toolchains/llvm/prebuilt/linux-x86_64/bin/armv7a-linux-androideabi26-clang --sysroot=/home/vagrant/Android/android-ndk-r21d/toolchains/llvm/prebuilt/linux-x86_64/sysroot -qversion >&5
clang: error: unknown argument '-qversion'; did you mean '--version'?
clang: error: no input files
configure:3535: $? = 1
configure:3555: checking whether the C compiler works
configure:3577: /home/vagrant/Android/android-ndk-r21d/toolchains/llvm/prebuilt/linux-x86_64/bin/armv7a-linux-androideabi26-clang --sysroot=/home/vagrant/Android/android-ndk-r21d/toolchains/llvm/prebuilt/linux-x86_64/sysroot -fpic -I/shared/ytxplayerlib/ytxPlayer/android/contrib/jni/jniLibs/armeabi-v7a/include -fpic -I/shared/ytxplayerlib/ytxPlayer/android/contrib/jni/jniLibs/armeabi-v7a/include -L/shared/ytxplayerlib/ytxPlayer/android/contrib/jni/jniLibs/armeabi-v7a/lib conftest.c  >&5
configure:3581: $? = 0
configure:3629: result: yes
configure:3632: checking for C compiler default output file name
configure:3634: result: a.out
configure:3640: checking for suffix of executables
configure:3647: /home/vagrant/Android/android-ndk-r21d/toolchains/llvm/prebuilt/linux-x86_64/bin/armv7a-linux-androideabi26-clang --sysroot=/home/vagrant/Android/android-ndk-r21d/toolchains/llvm/prebuilt/linux-x86_64/sysroot -o conftest -fpic -I/shared/ytxplayerlib/ytxPlayer/android/contrib/jni/jniLibs/armeabi-v7a/include -fpic -I/shared/ytxplayerlib/ytxPlayer/android/contrib/jni/jniLibs/armeabi-v7a/include -L/shared/ytxplayerlib/ytxPlayer/android/contrib/jni/jniLibs/armeabi-v7a/lib conftest.c  >&5
configure:3651: $? = 0
configure:3673: result: 
configure:3695: checking whether we are cross compiling
configure:3703: /home/vagrant/Android/android-ndk-r21d/toolchains/llvm/prebuilt/linux-x86_64/bin/armv7a-linux-androideabi26-clang --sysroot=/home/vagrant/Android/android-ndk-r21d/toolchains/llvm/prebuilt/linux-x86_64/sysroot -o conftest -fpic -I/shared/ytxplayerlib/ytxPlayer/android/contrib/jni/jniLibs/armeabi-v7a/include -fpic -I/shared/ytxplayerlib/ytxPlayer/android/contrib/jni/jniLibs/armeabi-v7a/include -L/shared/ytxplayerlib/ytxPlayer/android/contrib/jni/jniLibs/armeabi-v7a/lib conftest.c  >&5
configure:3707: $? = 0
configure:3714: ./conftest
./configure: line 3716: ./conftest: cannot execute binary file: Exec format error
configure:3718: $? = 126
configure:3733: result: yes
configure:3738: checking for suffix of object files
configure:3760: /home/vagrant/Android/android-ndk-r21d/toolchains/llvm/prebuilt/linux-x86_64/bin/armv7a-linux-androideabi26-clang --sysroot=/home/vagrant/Android/android-ndk-r21d/toolchains/llvm/prebuilt/linux-x86_64/sysroot -c -fpic -I/shared/ytxplayerlib/ytxPlayer/android/contrib/jni/jniLibs/armeabi-v7a/include -fpic -I/shared/ytxplayerlib/ytxPlayer/android/contrib/jni/jniLibs/armeabi-v7a/include conftest.c >&5
configure:3764: $? = 0
configure:3785: result: o
configure:3789: checking whether we are using the GNU C compiler
configure:3808: /home/vagrant/Android/android-ndk-r21d/toolchains/llvm/prebuilt/linux-x86_64/bin/armv7a-linux-androideabi26-clang --sysroot=/home/vagrant/Android/android-ndk-r21d/toolchains/llvm/prebuilt/linux-x86_64/sysroot -c -fpic -I/shared/ytxplayerlib/ytxPlayer/android/contrib/jni/jniLibs/armeabi-v7a/include -fpic -I/shared/ytxplayerlib/ytxPlayer/android/contrib/jni/jniLibs/armeabi-v7a/include conftest.c >&5
configure:3808: $? = 0
configure:3817: result: yes
configure:3826: checking whether /home/vagrant/Android/android-ndk-r21d/toolchains/llvm/prebuilt/linux-x86_64/bin/armv7a-linux-androideabi26-clang --sysroot=/home/vagrant/Android/android-ndk-r21d/toolchains/llvm/prebuilt/linux-x86_64/sysroot accepts -g
configure:3846: /home/vagrant/Android/android-ndk-r21d/toolchains/llvm/prebuilt/linux-x86_64/bin/armv7a-linux-androideabi26-clang --sysroot=/home/vagrant/Android/android-ndk-r21d/toolchains/llvm/prebuilt/linux-x86_64/sysroot -c -g -fpic -I/shared/ytxplayerlib/ytxPlayer/android/contrib/jni/jniLibs/armeabi-v7a/include conftest.c >&5
configure:3846: $? = 0
configure:3887: result: yes
configure:3904: checking for /home/vagrant/Android/android-ndk-r21d/toolchains/llvm/prebuilt/linux-x86_64/bin/armv7a-linux-androideabi26-clang --sysroot=/home/vagrant/Android/android-ndk-r21d/toolchains/llvm/prebuilt/linux-x86_64/sysroot option to accept ISO C89
configure:3967: /home/vagrant/Android/android-ndk-r21d/toolchains/llvm/prebuilt/linux-x86_64/bin/armv7a-linux-androideabi26-clang --sysroot=/home/vagrant/Android/android-ndk-r21d/toolchains/llvm/prebuilt/linux-x86_64/sysroot  -c -fpic -I/shared/ytxplayerlib/ytxPlayer/android/contrib/jni/jniLibs/armeabi-v7a/include -fpic -I/shared/ytxplayerlib/ytxPlayer/android/contrib/jni/jniLibs/armeabi-v7a/include conftest.c >&5
configure:3967: $? = 0
configure:3980: result: none needed
configure:4005: checking whether /home/vagrant/Android/android-ndk-r21d/toolchains/llvm/prebuilt/linux-x86_64/bin/armv7a-linux-androideabi26-clang --sysroot=/home/vagrant/Android/android-ndk-r21d/toolchains/llvm/prebuilt/linux-x86_64/sysroot understands -c and -o together
configure:4027: /home/vagrant/Android/android-ndk-r21d/toolchains/llvm/prebuilt/linux-x86_64/bin/armv7a-linux-androideabi26-clang --sysroot=/home/vagrant/Android/android-ndk-r21d/toolchains/llvm/prebuilt/linux-x86_64/sysroot -c conftest.c -o conftest2.o
configure:4030: $? = 0
configure:4027: /home/vagrant/Android/android-ndk-r21d/toolchains/llvm/prebuilt/linux-x86_64/bin/armv7a-linux-androideabi26-clang --sysroot=/home/vagrant/Android/android-ndk-r21d/toolchains/llvm/prebuilt/linux-x86_64/sysroot -c conftest.c -o conftest2.o
configure:4030: $? = 0
configure:4042: result: yes
configure:4061: checking dependency style of /home/vagrant/Android/android-ndk-r21d/toolchains/llvm/prebuilt/linux-x86_64/bin/armv7a-linux-androideabi26-clang --sysroot=/home/vagrant/Android/android-ndk-r21d/toolchains/llvm/prebuilt/linux-x86_64/sysroot
configure:4172: result: gcc3
configure:4187: checking for a sed that does not truncate output
configure:4251: result: /bin/sed
configure:4269: checking for grep that handles long lines and -e
configure:4327: result: /bin/grep
configure:4332: checking for egrep
configure:4394: result: /bin/grep -E
configure:4399: checking for fgrep
configure:4461: result: /bin/grep -F
configure:4496: checking for ld used by /home/vagrant/Android/android-ndk-r21d/toolchains/llvm/prebuilt/linux-x86_64/bin/armv7a-linux-androideabi26-clang --sysroot=/home/vagrant/Android/android-ndk-r21d/toolchains/llvm/prebuilt/linux-x86_64/sysroot
configure:4563: result: /home/vagrant/Android/android-ndk-r21d/toolchains/llvm/prebuilt/linux-x86_64/bin/arm-linux-androideabi-ld
configure:4570: checking if the linker (/home/vagrant/Android/android-ndk-r21d/toolchains/llvm/prebuilt/linux-x86_64/bin/arm-linux-androideabi-ld) is GNU ld
configure:4585: result: yes
configure:4597: checking for BSD- or MS-compatible name lister (nm)
configure:4651: result: /home/vagrant/Android/android-ndk-r21d/toolchains/llvm/prebuilt/linux-x86_64/bin/arm-linux-androideabi-nm
configure:4781: checking the name lister (/home/vagrant/Android/android-ndk-r21d/toolchains/llvm/prebuilt/linux-x86_64/bin/arm-linux-androideabi-nm) interface
configure:4788: /home/vagrant/Android/android-ndk-r21d/toolchains/llvm/prebuilt/linux-x86_64/bin/armv7a-linux-androideabi26-clang --sysroot=/home/vagrant/Android/android-ndk-r21d/toolchains/llvm/prebuilt/linux-x86_64/sysroot -c -fpic -I/shared/ytxplayerlib/ytxPlayer/android/contrib/jni/jniLibs/armeabi-v7a/include -fpic -I/shared/ytxplayerlib/ytxPlayer/android/contrib/jni/jniLibs/armeabi-v7a/include conftest.c >&5
configure:4791: /home/vagrant/Android/android-ndk-r21d/toolchains/llvm/prebuilt/linux-x86_64/bin/arm-linux-androideabi-nm "conftest.o"
configure:4794: output
00000000 B some_variable
configure:4801: result: BSD nm
configure:4804: checking whether ln -s works
configure:4808: result: yes
configure:4816: checking the maximum length of command line arguments
configure:4947: result: 1572864
configure:4995: checking how to convert x86_64-pc-linux-gnu file names to arm-unknown-linux-gnu format
configure:5035: result: func_convert_file_noop
configure:5042: checking how to convert x86_64-pc-linux-gnu file names to toolchain format
configure:5062: result: func_convert_file_noop
configure:5069: checking for /home/vagrant/Android/android-ndk-r21d/toolchains/llvm/prebuilt/linux-x86_64/bin/arm-linux-androideabi-ld option to reload object files
configure:5076: result: -r
configure:5110: checking for arm-linux-objdump
configure:5140: result: no
configure:5150: checking for objdump
configure:5166: found /usr/bin/objdump
configure:5177: result: objdump
configure:5189: WARNING: using cross tools not prefixed with host triplet
configure:5209: checking how to recognize dependent libraries
configure:5409: result: pass_all
configure:5454: checking for arm-linux-dlltool
configure:5484: result: no
configure:5494: checking for dlltool
configure:5524: result: no
configure:5554: checking how to associate runtime and link libraries
configure:5581: result: printf %s\n
configure:5598: checking for arm-linux-ar
configure:5625: result: /home/vagrant/Android/android-ndk-r21d/toolchains/llvm/prebuilt/linux-x86_64/bin/arm-linux-androideabi-ar
configure:5706: checking for archiver @FILE support
configure:5723: /home/vagrant/Android/android-ndk-r21d/toolchains/llvm/prebuilt/linux-x86_64/bin/armv7a-linux-androideabi26-clang --sysroot=/home/vagrant/Android/android-ndk-r21d/toolchains/llvm/prebuilt/linux-x86_64/sysroot -c -fpic -I/shared/ytxplayerlib/ytxPlayer/android/contrib/jni/jniLibs/armeabi-v7a/include -fpic -I/shared/ytxplayerlib/ytxPlayer/android/contrib/jni/jniLibs/armeabi-v7a/include conftest.c >&5
configure:5723: $? = 0
configure:5726: /home/vagrant/Android/android-ndk-r21d/toolchains/llvm/prebuilt/linux-x86_64/bin/arm-linux-androideabi-ar cru libconftest.a @conftest.lst >&5
configure:5729: $? = 0
configure:5734: /home/vagrant/Android/android-ndk-r21d/toolchains/llvm/prebuilt/linux-x86_64/bin/arm-linux-androideabi-ar cru libconftest.a @conftest.lst >&5
/home/vagrant/Android/android-ndk-r21d/toolchains/llvm/prebuilt/linux-x86_64/bin/arm-linux-androideabi-ar: conftest.o: No such file or directory
configure:5737: $? = 1
configure:5749: result: @
configure:5767: checking for arm-linux-strip
configure:5794: result: /home/vagrant/Android/android-ndk-r21d/toolchains/llvm/prebuilt/linux-x86_64/bin/arm-linux-androideabi-strip
configure:5866: checking for arm-linux-ranlib
configure:5893: result: /home/vagrant/Android/android-ndk-r21d/toolchains/llvm/prebuilt/linux-x86_64/bin/arm-linux-androideabi-ranlib
configure:6035: checking command to parse /home/vagrant/Android/android-ndk-r21d/toolchains/llvm/prebuilt/linux-x86_64/bin/arm-linux-androideabi-nm output from /home/vagrant/Android/android-ndk-r21d/toolchains/llvm/prebuilt/linux-x86_64/bin/armv7a-linux-androideabi26-clang --sysroot=/home/vagrant/Android/android-ndk-r21d/toolchains/llvm/prebuilt/linux-x86_64/sysroot object
configure:6188: /home/vagrant/Android/android-ndk-r21d/toolchains/llvm/prebuilt/linux-x86_64/bin/armv7a-linux-androideabi26-clang --sysroot=/home/vagrant/Android/android-ndk-r21d/toolchains/llvm/prebuilt/linux-x86_64/sysroot -c -fpic -I/shared/ytxplayerlib/ytxPlayer/android/contrib/jni/jniLibs/armeabi-v7a/include -fpic -I/shared/ytxplayerlib/ytxPlayer/android/contrib/jni/jniLibs/armeabi-v7a/include conftest.c >&5
configure:6191: $? = 0
configure:6195: /home/vagrant/Android/android-ndk-r21d/toolchains/llvm/prebuilt/linux-x86_64/bin/arm-linux-androideabi-nm conftest.o \| sed -n -e 's/^.*[ ]\([ABCDGIRSTW][ABCDGIRSTW]*\)[ ][ ]*\([_A-Za-z][_A-Za-z0-9]*\)$/\1 \2 \2/p' | sed '/ __gnu_lto/d' \> conftest.nm
configure:6198: $? = 0
configure:6264: /home/vagrant/Android/android-ndk-r21d/toolchains/llvm/prebuilt/linux-x86_64/bin/armv7a-linux-androideabi26-clang --sysroot=/home/vagrant/Android/android-ndk-r21d/toolchains/llvm/prebuilt/linux-x86_64/sysroot -o conftest -fpic -I/shared/ytxplayerlib/ytxPlayer/android/contrib/jni/jniLibs/armeabi-v7a/include -fpic -I/shared/ytxplayerlib/ytxPlayer/android/contrib/jni/jniLibs/armeabi-v7a/include -L/shared/ytxplayerlib/ytxPlayer/android/contrib/jni/jniLibs/armeabi-v7a/lib conftest.c conftstm.o >&5
configure:6267: $? = 0
configure:6305: result: ok
configure:6352: checking for sysroot
configure:6382: result: no
configure:6389: checking for a working dd
configure:6427: result: /bin/dd
configure:6431: checking how to truncate binary pipes
configure:6446: result: /bin/dd bs=4096 count=1
configure:6735: checking for arm-linux-mt
configure:6765: result: no
configure:6775: checking for mt
configure:6791: found /bin/mt
configure:6802: result: mt
configure:6825: checking if mt is a manifest tool
configure:6831: mt '-?'
configure:6839: result: no
configure:7511: checking how to run the C preprocessor
configure:7542: /home/vagrant/Android/android-ndk-r21d/toolchains/llvm/prebuilt/linux-x86_64/bin/armv7a-linux-androideabi26-clang --sysroot=/home/vagrant/Android/android-ndk-r21d/toolchains/llvm/prebuilt/linux-x86_64/sysroot -E -fpic -I/shared/ytxplayerlib/ytxPlayer/android/contrib/jni/jniLibs/armeabi-v7a/include conftest.c
configure:7542: $? = 0
configure:7556: /home/vagrant/Android/android-ndk-r21d/toolchains/llvm/prebuilt/linux-x86_64/bin/armv7a-linux-androideabi26-clang --sysroot=/home/vagrant/Android/android-ndk-r21d/toolchains/llvm/prebuilt/linux-x86_64/sysroot -E -fpic -I/shared/ytxplayerlib/ytxPlayer/android/contrib/jni/jniLibs/armeabi-v7a/include conftest.c
conftest.c:11:10: fatal error: 'ac_nonexistent.h' file not found
#include <ac_nonexistent.h>
         ^~~~~~~~~~~~~~~~~~
1 error generated.
configure:7556: $? = 1
configure: failed program was:
| /* confdefs.h */
| #define PACKAGE_NAME "libass"
| #define PACKAGE_TARNAME "libass"
| #define PACKAGE_VERSION "0.15.0"
| #define PACKAGE_STRING "libass 0.15.0"
| #define PACKAGE_BUGREPORT ""
| #define PACKAGE_URL ""
| #define PACKAGE "libass"
| #define VERSION "0.15.0"
| /* end confdefs.h.  */
| #include <ac_nonexistent.h>
configure:7581: result: /home/vagrant/Android/android-ndk-r21d/toolchains/llvm/prebuilt/linux-x86_64/bin/armv7a-linux-androideabi26-clang --sysroot=/home/vagrant/Android/android-ndk-r21d/toolchains/llvm/prebuilt/linux-x86_64/sysroot -E
configure:7601: /home/vagrant/Android/android-ndk-r21d/toolchains/llvm/prebuilt/linux-x86_64/bin/armv7a-linux-androideabi26-clang --sysroot=/home/vagrant/Android/android-ndk-r21d/toolchains/llvm/prebuilt/linux-x86_64/sysroot -E -fpic -I/shared/ytxplayerlib/ytxPlayer/android/contrib/jni/jniLibs/armeabi-v7a/include conftest.c
configure:7601: $? = 0
configure:7615: /home/vagrant/Android/android-ndk-r21d/toolchains/llvm/prebuilt/linux-x86_64/bin/armv7a-linux-androideabi26-clang --sysroot=/home/vagrant/Android/android-ndk-r21d/toolchains/llvm/prebuilt/linux-x86_64/sysroot -E -fpic -I/shared/ytxplayerlib/ytxPlayer/android/contrib/jni/jniLibs/armeabi-v7a/include conftest.c
conftest.c:11:10: fatal error: 'ac_nonexistent.h' file not found
#include <ac_nonexistent.h>
         ^~~~~~~~~~~~~~~~~~
1 error generated.
configure:7615: $? = 1
configure: failed program was:
| /* confdefs.h */
| #define PACKAGE_NAME "libass"
| #define PACKAGE_TARNAME "libass"
| #define PACKAGE_VERSION "0.15.0"
| #define PACKAGE_STRING "libass 0.15.0"
| #define PACKAGE_BUGREPORT ""
| #define PACKAGE_URL ""
| #define PACKAGE "libass"
| #define VERSION "0.15.0"
| /* end confdefs.h.  */
| #include <ac_nonexistent.h>
configure:7644: checking for ANSI C header files
configure:7664: /home/vagrant/Android/android-ndk-r21d/toolchains/llvm/prebuilt/linux-x86_64/bin/armv7a-linux-androideabi26-clang --sysroot=/home/vagrant/Android/android-ndk-r21d/toolchains/llvm/prebuilt/linux-x86_64/sysroot -c -fpic -I/shared/ytxplayerlib/ytxPlayer/android/contrib/jni/jniLibs/armeabi-v7a/include -fpic -I/shared/ytxplayerlib/ytxPlayer/android/contrib/jni/jniLibs/armeabi-v7a/include conftest.c >&5
configure:7664: $? = 0
configure:7748: result: yes
configure:7761: checking for sys/types.h
configure:7761: /home/vagrant/Android/android-ndk-r21d/toolchains/llvm/prebuilt/linux-x86_64/bin/armv7a-linux-androideabi26-clang --sysroot=/home/vagrant/Android/android-ndk-r21d/toolchains/llvm/prebuilt/linux-x86_64/sysroot -c -fpic -I/shared/ytxplayerlib/ytxPlayer/android/contrib/jni/jniLibs/armeabi-v7a/include -fpic -I/shared/ytxplayerlib/ytxPlayer/android/contrib/jni/jniLibs/armeabi-v7a/include conftest.c >&5
configure:7761: $? = 0
configure:7761: result: yes
configure:7761: checking for sys/stat.h
configure:7761: /home/vagrant/Android/android-ndk-r21d/toolchains/llvm/prebuilt/linux-x86_64/bin/armv7a-linux-androideabi26-clang --sysroot=/home/vagrant/Android/android-ndk-r21d/toolchains/llvm/prebuilt/linux-x86_64/sysroot -c -fpic -I/shared/ytxplayerlib/ytxPlayer/android/contrib/jni/jniLibs/armeabi-v7a/include -fpic -I/shared/ytxplayerlib/ytxPlayer/android/contrib/jni/jniLibs/armeabi-v7a/include conftest.c >&5
configure:7761: $? = 0
configure:7761: result: yes
configure:7761: checking for stdlib.h
configure:7761: /home/vagrant/Android/android-ndk-r21d/toolchains/llvm/prebuilt/linux-x86_64/bin/armv7a-linux-androideabi26-clang --sysroot=/home/vagrant/Android/android-ndk-r21d/toolchains/llvm/prebuilt/linux-x86_64/sysroot -c -fpic -I/shared/ytxplayerlib/ytxPlayer/android/contrib/jni/jniLibs/armeabi-v7a/include -fpic -I/shared/ytxplayerlib/ytxPlayer/android/contrib/jni/jniLibs/armeabi-v7a/include conftest.c >&5
configure:7761: $? = 0
configure:7761: result: yes
configure:7761: checking for string.h
configure:7761: /home/vagrant/Android/android-ndk-r21d/toolchains/llvm/prebuilt/linux-x86_64/bin/armv7a-linux-androideabi26-clang --sysroot=/home/vagrant/Android/android-ndk-r21d/toolchains/llvm/prebuilt/linux-x86_64/sysroot -c -fpic -I/shared/ytxplayerlib/ytxPlayer/android/contrib/jni/jniLibs/armeabi-v7a/include -fpic -I/shared/ytxplayerlib/ytxPlayer/android/contrib/jni/jniLibs/armeabi-v7a/include conftest.c >&5
configure:7761: $? = 0
configure:7761: result: yes
configure:7761: checking for memory.h
configure:7761: /home/vagrant/Android/android-ndk-r21d/toolchains/llvm/prebuilt/linux-x86_64/bin/armv7a-linux-androideabi26-clang --sysroot=/home/vagrant/Android/android-ndk-r21d/toolchains/llvm/prebuilt/linux-x86_64/sysroot -c -fpic -I/shared/ytxplayerlib/ytxPlayer/android/contrib/jni/jniLibs/armeabi-v7a/include -fpic -I/shared/ytxplayerlib/ytxPlayer/android/contrib/jni/jniLibs/armeabi-v7a/include conftest.c >&5
configure:7761: $? = 0
configure:7761: result: yes
configure:7761: checking for strings.h
configure:7761: /home/vagrant/Android/android-ndk-r21d/toolchains/llvm/prebuilt/linux-x86_64/bin/armv7a-linux-androideabi26-clang --sysroot=/home/vagrant/Android/android-ndk-r21d/toolchains/llvm/prebuilt/linux-x86_64/sysroot -c -fpic -I/shared/ytxplayerlib/ytxPlayer/android/contrib/jni/jniLibs/armeabi-v7a/include -fpic -I/shared/ytxplayerlib/ytxPlayer/android/contrib/jni/jniLibs/armeabi-v7a/include conftest.c >&5
configure:7761: $? = 0
configure:7761: result: yes
configure:7761: checking for inttypes.h
configure:7761: /home/vagrant/Android/android-ndk-r21d/toolchains/llvm/prebuilt/linux-x86_64/bin/armv7a-linux-androideabi26-clang --sysroot=/home/vagrant/Android/android-ndk-r21d/toolchains/llvm/prebuilt/linux-x86_64/sysroot -c -fpic -I/shared/ytxplayerlib/ytxPlayer/android/contrib/jni/jniLibs/armeabi-v7a/include -fpic -I/shared/ytxplayerlib/ytxPlayer/android/contrib/jni/jniLibs/armeabi-v7a/include conftest.c >&5
configure:7761: $? = 0
configure:7761: result: yes
configure:7761: checking for stdint.h
configure:7761: /home/vagrant/Android/android-ndk-r21d/toolchains/llvm/prebuilt/linux-x86_64/bin/armv7a-linux-androideabi26-clang --sysroot=/home/vagrant/Android/android-ndk-r21d/toolchains/llvm/prebuilt/linux-x86_64/sysroot -c -fpic -I/shared/ytxplayerlib/ytxPlayer/android/contrib/jni/jniLibs/armeabi-v7a/include -fpic -I/shared/ytxplayerlib/ytxPlayer/android/contrib/jni/jniLibs/armeabi-v7a/include conftest.c >&5
configure:7761: $? = 0
configure:7761: result: yes
configure:7761: checking for unistd.h
configure:7761: /home/vagrant/Android/android-ndk-r21d/toolchains/llvm/prebuilt/linux-x86_64/bin/armv7a-linux-androideabi26-clang --sysroot=/home/vagrant/Android/android-ndk-r21d/toolchains/llvm/prebuilt/linux-x86_64/sysroot -c -fpic -I/shared/ytxplayerlib/ytxPlayer/android/contrib/jni/jniLibs/armeabi-v7a/include -fpic -I/shared/ytxplayerlib/ytxPlayer/android/contrib/jni/jniLibs/armeabi-v7a/include conftest.c >&5
configure:7761: $? = 0
configure:7761: result: yes
configure:7775: checking for dlfcn.h
configure:7775: /home/vagrant/Android/android-ndk-r21d/toolchains/llvm/prebuilt/linux-x86_64/bin/armv7a-linux-androideabi26-clang --sysroot=/home/vagrant/Android/android-ndk-r21d/toolchains/llvm/prebuilt/linux-x86_64/sysroot -c -fpic -I/shared/ytxplayerlib/ytxPlayer/android/contrib/jni/jniLibs/armeabi-v7a/include -fpic -I/shared/ytxplayerlib/ytxPlayer/android/contrib/jni/jniLibs/armeabi-v7a/include conftest.c >&5
configure:7775: $? = 0
configure:7775: result: yes
configure:8031: checking for objdir
configure:8046: result: .libs
configure:8310: checking if /home/vagrant/Android/android-ndk-r21d/toolchains/llvm/prebuilt/linux-x86_64/bin/armv7a-linux-androideabi26-clang --sysroot=/home/vagrant/Android/android-ndk-r21d/toolchains/llvm/prebuilt/linux-x86_64/sysroot supports -fno-rtti -fno-exceptions
configure:8328: /home/vagrant/Android/android-ndk-r21d/toolchains/llvm/prebuilt/linux-x86_64/bin/armv7a-linux-androideabi26-clang --sysroot=/home/vagrant/Android/android-ndk-r21d/toolchains/llvm/prebuilt/linux-x86_64/sysroot -c -fpic -I/shared/ytxplayerlib/ytxPlayer/android/contrib/jni/jniLibs/armeabi-v7a/include -fpic -I/shared/ytxplayerlib/ytxPlayer/android/contrib/jni/jniLibs/armeabi-v7a/include -fno-rtti -fno-exceptions conftest.c >&5
configure:8332: $? = 0
configure:8345: result: yes
configure:8703: checking for /home/vagrant/Android/android-ndk-r21d/toolchains/llvm/prebuilt/linux-x86_64/bin/armv7a-linux-androideabi26-clang --sysroot=/home/vagrant/Android/android-ndk-r21d/toolchains/llvm/prebuilt/linux-x86_64/sysroot option to produce PIC
configure:8710: result: -fPIC -DPIC
configure:8718: checking if /home/vagrant/Android/android-ndk-r21d/toolchains/llvm/prebuilt/linux-x86_64/bin/armv7a-linux-androideabi26-clang --sysroot=/home/vagrant/Android/android-ndk-r21d/toolchains/llvm/prebuilt/linux-x86_64/sysroot PIC flag -fPIC -DPIC works
configure:8736: /home/vagrant/Android/android-ndk-r21d/toolchains/llvm/prebuilt/linux-x86_64/bin/armv7a-linux-androideabi26-clang --sysroot=/home/vagrant/Android/android-ndk-r21d/toolchains/llvm/prebuilt/linux-x86_64/sysroot -c -fpic -I/shared/ytxplayerlib/ytxPlayer/android/contrib/jni/jniLibs/armeabi-v7a/include -fpic -I/shared/ytxplayerlib/ytxPlayer/android/contrib/jni/jniLibs/armeabi-v7a/include -fPIC -DPIC -DPIC conftest.c >&5
configure:8740: $? = 0
configure:8753: result: yes
configure:8782: checking if /home/vagrant/Android/android-ndk-r21d/toolchains/llvm/prebuilt/linux-x86_64/bin/armv7a-linux-androideabi26-clang --sysroot=/home/vagrant/Android/android-ndk-r21d/toolchains/llvm/prebuilt/linux-x86_64/sysroot static flag -static works
configure:8810: result: yes
configure:8825: checking if /home/vagrant/Android/android-ndk-r21d/toolchains/llvm/prebuilt/linux-x86_64/bin/armv7a-linux-androideabi26-clang --sysroot=/home/vagrant/Android/android-ndk-r21d/toolchains/llvm/prebuilt/linux-x86_64/sysroot supports -c -o file.o
configure:8846: /home/vagrant/Android/android-ndk-r21d/toolchains/llvm/prebuilt/linux-x86_64/bin/armv7a-linux-androideabi26-clang --sysroot=/home/vagrant/Android/android-ndk-r21d/toolchains/llvm/prebuilt/linux-x86_64/sysroot -c -fpic -I/shared/ytxplayerlib/ytxPlayer/android/contrib/jni/jniLibs/armeabi-v7a/include -fpic -I/shared/ytxplayerlib/ytxPlayer/android/contrib/jni/jniLibs/armeabi-v7a/include -o out/conftest2.o conftest.c >&5
configure:8850: $? = 0
configure:8872: result: yes
configure:8880: checking if /home/vagrant/Android/android-ndk-r21d/toolchains/llvm/prebuilt/linux-x86_64/bin/armv7a-linux-androideabi26-clang --sysroot=/home/vagrant/Android/android-ndk-r21d/toolchains/llvm/prebuilt/linux-x86_64/sysroot supports -c -o file.o
configure:8927: result: yes
configure:8960: checking whether the /home/vagrant/Android/android-ndk-r21d/toolchains/llvm/prebuilt/linux-x86_64/bin/armv7a-linux-androideabi26-clang --sysroot=/home/vagrant/Android/android-ndk-r21d/toolchains/llvm/prebuilt/linux-x86_64/sysroot linker (/home/vagrant/Android/android-ndk-r21d/toolchains/llvm/prebuilt/linux-x86_64/bin/arm-linux-androideabi-ld) supports shared libraries
configure:10219: result: yes
configure:10459: checking dynamic linker characteristics
configure:11040: /home/vagrant/Android/android-ndk-r21d/toolchains/llvm/prebuilt/linux-x86_64/bin/armv7a-linux-androideabi26-clang --sysroot=/home/vagrant/Android/android-ndk-r21d/toolchains/llvm/prebuilt/linux-x86_64/sysroot -o conftest -fpic -I/shared/ytxplayerlib/ytxPlayer/android/contrib/jni/jniLibs/armeabi-v7a/include -fpic -I/shared/ytxplayerlib/ytxPlayer/android/contrib/jni/jniLibs/armeabi-v7a/include -L/shared/ytxplayerlib/ytxPlayer/android/contrib/jni/jniLibs/armeabi-v7a/lib -Wl,-rpath -Wl,/foo conftest.c  >&5
configure:11040: $? = 0
configure:11277: result: GNU/Linux ld.so
configure:11399: checking how to hardcode library paths into programs
configure:11424: result: immediate
configure:11972: checking whether stripping libraries is possible
configure:11977: result: yes
configure:12012: checking if libtool supports shared libraries
configure:12014: result: yes
configure:12017: checking whether to build shared libraries
configure:12042: result: no
configure:12045: checking whether to build static libraries
configure:12049: result: yes
configure:12099: checking for arm-linux-gcc
configure:12126: result: /home/vagrant/Android/android-ndk-r21d/toolchains/llvm/prebuilt/linux-x86_64/bin/armv7a-linux-androideabi26-clang --sysroot=/home/vagrant/Android/android-ndk-r21d/toolchains/llvm/prebuilt/linux-x86_64/sysroot
configure:12395: checking for C compiler version
configure:12404: /home/vagrant/Android/android-ndk-r21d/toolchains/llvm/prebuilt/linux-x86_64/bin/armv7a-linux-androideabi26-clang --sysroot=/home/vagrant/Android/android-ndk-r21d/toolchains/llvm/prebuilt/linux-x86_64/sysroot --version >&5
Android (6454773 based on r365631c2) clang version 9.0.8 (https://android.googlesource.com/toolchain/llvm-project 98c855489587874b2a325e7a516b99d838599c6f) (based on LLVM 9.0.8svn)
Target: armv7a-unknown-linux-android26
Thread model: posix
InstalledDir: /home/vagrant/Android/android-ndk-r21d/toolchains/llvm/prebuilt/linux-x86_64/bin
configure:12415: $? = 0
configure:12404: /home/vagrant/Android/android-ndk-r21d/toolchains/llvm/prebuilt/linux-x86_64/bin/armv7a-linux-androideabi26-clang --sysroot=/home/vagrant/Android/android-ndk-r21d/toolchains/llvm/prebuilt/linux-x86_64/sysroot -v >&5
Android (6454773 based on r365631c2) clang version 9.0.8 (https://android.googlesource.com/toolchain/llvm-project 98c855489587874b2a325e7a516b99d838599c6f) (based on LLVM 9.0.8svn)
Target: armv7a-unknown-linux-android26
Thread model: posix
InstalledDir: /home/vagrant/Android/android-ndk-r21d/toolchains/llvm/prebuilt/linux-x86_64/bin
Found candidate GCC installation: /home/vagrant/Android/android-ndk-r21d/toolchains/llvm/prebuilt/linux-x86_64/bin/../lib/gcc/arm-linux-androideabi/4.9.x
Selected GCC installation: /home/vagrant/Android/android-ndk-r21d/toolchains/llvm/prebuilt/linux-x86_64/bin/../lib/gcc/arm-linux-androideabi/4.9.x
Candidate multilib: thumb;@mthumb
Candidate multilib: armv7-a;@march=armv7-a
Candidate multilib: armv7-a/thumb;@march=armv7-a@mthumb
Candidate multilib: .;
... rest of stderr output deleted ...
configure:12415: $? = 0
configure:12404: /home/vagrant/Android/android-ndk-r21d/toolchains/llvm/prebuilt/linux-x86_64/bin/armv7a-linux-androideabi26-clang --sysroot=/home/vagrant/Android/android-ndk-r21d/toolchains/llvm/prebuilt/linux-x86_64/sysroot -V >&5
clang: error: argument to '-V' is missing (expected 1 value)
clang: error: no input files
configure:12415: $? = 1
configure:12404: /home/vagrant/Android/android-ndk-r21d/toolchains/llvm/prebuilt/linux-x86_64/bin/armv7a-linux-androideabi26-clang --sysroot=/home/vagrant/Android/android-ndk-r21d/toolchains/llvm/prebuilt/linux-x86_64/sysroot -qversion >&5
clang: error: unknown argument '-qversion'; did you mean '--version'?
clang: error: no input files
configure:12415: $? = 1
configure:12419: checking whether we are using the GNU C compiler
configure:12447: result: yes
configure:12456: checking whether /home/vagrant/Android/android-ndk-r21d/toolchains/llvm/prebuilt/linux-x86_64/bin/armv7a-linux-androideabi26-clang --sysroot=/home/vagrant/Android/android-ndk-r21d/toolchains/llvm/prebuilt/linux-x86_64/sysroot accepts -g
configure:12517: result: yes
configure:12534: checking for /home/vagrant/Android/android-ndk-r21d/toolchains/llvm/prebuilt/linux-x86_64/bin/armv7a-linux-androideabi26-clang --sysroot=/home/vagrant/Android/android-ndk-r21d/toolchains/llvm/prebuilt/linux-x86_64/sysroot option to accept ISO C89
configure:12610: result: none needed
configure:12635: checking whether /home/vagrant/Android/android-ndk-r21d/toolchains/llvm/prebuilt/linux-x86_64/bin/armv7a-linux-androideabi26-clang --sysroot=/home/vagrant/Android/android-ndk-r21d/toolchains/llvm/prebuilt/linux-x86_64/sysroot understands -c and -o together
configure:12672: result: yes
configure:12691: checking dependency style of /home/vagrant/Android/android-ndk-r21d/toolchains/llvm/prebuilt/linux-x86_64/bin/armv7a-linux-androideabi26-clang --sysroot=/home/vagrant/Android/android-ndk-r21d/toolchains/llvm/prebuilt/linux-x86_64/sysroot
configure:12802: result: gcc3
configure:12822: checking how to run the C preprocessor
configure:12892: result: /home/vagrant/Android/android-ndk-r21d/toolchains/llvm/prebuilt/linux-x86_64/bin/armv7a-linux-androideabi26-clang --sysroot=/home/vagrant/Android/android-ndk-r21d/toolchains/llvm/prebuilt/linux-x86_64/sysroot -E
configure:12912: /home/vagrant/Android/android-ndk-r21d/toolchains/llvm/prebuilt/linux-x86_64/bin/armv7a-linux-androideabi26-clang --sysroot=/home/vagrant/Android/android-ndk-r21d/toolchains/llvm/prebuilt/linux-x86_64/sysroot -E -fpic -I/shared/ytxplayerlib/ytxPlayer/android/contrib/jni/jniLibs/armeabi-v7a/include conftest.c
configure:12912: $? = 0
configure:12926: /home/vagrant/Android/android-ndk-r21d/toolchains/llvm/prebuilt/linux-x86_64/bin/armv7a-linux-androideabi26-clang --sysroot=/home/vagrant/Android/android-ndk-r21d/toolchains/llvm/prebuilt/linux-x86_64/sysroot -E -fpic -I/shared/ytxplayerlib/ytxPlayer/android/contrib/jni/jniLibs/armeabi-v7a/include conftest.c
conftest.c:23:10: fatal error: 'ac_nonexistent.h' file not found
#include <ac_nonexistent.h>
         ^~~~~~~~~~~~~~~~~~
1 error generated.
configure:12926: $? = 1
configure: failed program was:
| /* confdefs.h */
| #define PACKAGE_NAME "libass"
| #define PACKAGE_TARNAME "libass"
| #define PACKAGE_VERSION "0.15.0"
| #define PACKAGE_STRING "libass 0.15.0"
| #define PACKAGE_BUGREPORT ""
| #define PACKAGE_URL ""
| #define PACKAGE "libass"
| #define VERSION "0.15.0"
| #define STDC_HEADERS 1
| #define HAVE_SYS_TYPES_H 1
| #define HAVE_SYS_STAT_H 1
| #define HAVE_STDLIB_H 1
| #define HAVE_STRING_H 1
| #define HAVE_MEMORY_H 1
| #define HAVE_STRINGS_H 1
| #define HAVE_INTTYPES_H 1
| #define HAVE_STDINT_H 1
| #define HAVE_UNISTD_H 1
| #define HAVE_DLFCN_H 1
| #define LT_OBJDIR ".libs/"
| /* end confdefs.h.  */
| #include <ac_nonexistent.h>
configure:12964: checking dependency style of /home/vagrant/Android/android-ndk-r21d/toolchains/llvm/prebuilt/linux-x86_64/bin/armv7a-linux-androideabi26-clang --sysroot=/home/vagrant/Android/android-ndk-r21d/toolchains/llvm/prebuilt/linux-x86_64/sysroot
configure:13073: result: gcc3
configure:13090: checking for ANSI C header files
configure:13194: result: yes
configure:13202: checking for stdbool.h that conforms to C99
configure:13269: /home/vagrant/Android/android-ndk-r21d/toolchains/llvm/prebuilt/linux-x86_64/bin/armv7a-linux-androideabi26-clang --sysroot=/home/vagrant/Android/android-ndk-r21d/toolchains/llvm/prebuilt/linux-x86_64/sysroot -c -fpic -I/shared/ytxplayerlib/ytxPlayer/android/contrib/jni/jniLibs/armeabi-v7a/include -fpic -I/shared/ytxplayerlib/ytxPlayer/android/contrib/jni/jniLibs/armeabi-v7a/include conftest.c >&5
conftest.c:73:24: warning: address of 's' will always evaluate to 'true' [-Wpointer-bool-conversion]
             bool e = &s;
                  ~    ^
conftest.c:77:23: warning: address of array 'a' will always evaluate to 'true' [-Wpointer-bool-conversion]
             return (!a + !b + !c + !d + !e + !f + !g + !h + !i + !!j + !k + !!l
                     ~^
conftest.c:77:28: warning: address of array 'b' will always evaluate to 'true' [-Wpointer-bool-conversion]
             return (!a + !b + !c + !d + !e + !f + !g + !h + !i + !!j + !k + !!l
                          ~^
conftest.c:77:33: warning: address of array 'c' will always evaluate to 'true' [-Wpointer-bool-conversion]
             return (!a + !b + !c + !d + !e + !f + !g + !h + !i + !!j + !k + !!l
                               ~^
conftest.c:77:38: warning: address of array 'd' will always evaluate to 'true' [-Wpointer-bool-conversion]
             return (!a + !b + !c + !d + !e + !f + !g + !h + !i + !!j + !k + !!l
                                    ~^
conftest.c:77:48: warning: address of array 'f' will always evaluate to 'true' [-Wpointer-bool-conversion]
             return (!a + !b + !c + !d + !e + !f + !g + !h + !i + !!j + !k + !!l
                                              ~^
conftest.c:77:53: warning: address of array 'g' will always evaluate to 'true' [-Wpointer-bool-conversion]
             return (!a + !b + !c + !d + !e + !f + !g + !h + !i + !!j + !k + !!l
                                                   ~^
conftest.c:77:58: warning: address of array 'h' will always evaluate to 'true' [-Wpointer-bool-conversion]
             return (!a + !b + !c + !d + !e + !f + !g + !h + !i + !!j + !k + !!l
                                                        ~^
conftest.c:77:63: warning: address of array 'i' will always evaluate to 'true' [-Wpointer-bool-conversion]
             return (!a + !b + !c + !d + !e + !f + !g + !h + !i + !!j + !k + !!l
                                                             ~^
conftest.c:78:30: warning: address of array 'n' will always evaluate to 'true' [-Wpointer-bool-conversion]
                            ~^
conftest.c:78:35: warning: address of array 'o' will always evaluate to 'true' [-Wpointer-bool-conversion]
                                 ~^
conftest.c:78:40: warning: address of array 'p' will always evaluate to 'true' [-Wpointer-bool-conversion]
                                      ~^
12 warnings generated.
configure:13269: $? = 0
configure:13276: result: yes
configure:13278: checking for _Bool
configure:13278: /home/vagrant/Android/android-ndk-r21d/toolchains/llvm/prebuilt/linux-x86_64/bin/armv7a-linux-androideabi26-clang --sysroot=/home/vagrant/Android/android-ndk-r21d/toolchains/llvm/prebuilt/linux-x86_64/sysroot -c -fpic -I/shared/ytxplayerlib/ytxPlayer/android/contrib/jni/jniLibs/armeabi-v7a/include -fpic -I/shared/ytxplayerlib/ytxPlayer/android/contrib/jni/jniLibs/armeabi-v7a/include conftest.c >&5
configure:13278: $? = 0
configure:13278: /home/vagrant/Android/android-ndk-r21d/toolchains/llvm/prebuilt/linux-x86_64/bin/armv7a-linux-androideabi26-clang --sysroot=/home/vagrant/Android/android-ndk-r21d/toolchains/llvm/prebuilt/linux-x86_64/sysroot -c -fpic -I/shared/ytxplayerlib/ytxPlayer/android/contrib/jni/jniLibs/armeabi-v7a/include -fpic -I/shared/ytxplayerlib/ytxPlayer/android/contrib/jni/jniLibs/armeabi-v7a/include conftest.c >&5
conftest.c:60:20: error: expected expression
if (sizeof ((_Bool)))
                   ^
1 error generated.
configure:13278: $? = 1
configure: failed program was:
| /* confdefs.h */
| #define PACKAGE_NAME "libass"
| #define PACKAGE_TARNAME "libass"
| #define PACKAGE_VERSION "0.15.0"
| #define PACKAGE_STRING "libass 0.15.0"
| #define PACKAGE_BUGREPORT ""
| #define PACKAGE_URL ""
| #define PACKAGE "libass"
| #define VERSION "0.15.0"
| #define STDC_HEADERS 1
| #define HAVE_SYS_TYPES_H 1
| #define HAVE_SYS_STAT_H 1
| #define HAVE_STDLIB_H 1
| #define HAVE_STRING_H 1
| #define HAVE_MEMORY_H 1
| #define HAVE_STRINGS_H 1
| #define HAVE_INTTYPES_H 1
| #define HAVE_STDINT_H 1
| #define HAVE_UNISTD_H 1
| #define HAVE_DLFCN_H 1
| #define LT_OBJDIR ".libs/"
| #define STDC_HEADERS 1
| /* end confdefs.h.  */
| #include <stdio.h>
| #ifdef HAVE_SYS_TYPES_H
| # include <sys/types.h>
| #endif
| #ifdef HAVE_SYS_STAT_H
| # include <sys/stat.h>
| #endif
| #ifdef STDC_HEADERS
| # include <stdlib.h>
| # include <stddef.h>
| #else
| # ifdef HAVE_STDLIB_H
| #  include <stdlib.h>
| # endif
| #endif
| #ifdef HAVE_STRING_H
| # if !defined STDC_HEADERS && defined HAVE_MEMORY_H
| #  include <memory.h>
| # endif
| # include <string.h>
| #endif
| #ifdef HAVE_STRINGS_H
| # include <strings.h>
| #endif
| #ifdef HAVE_INTTYPES_H
| # include <inttypes.h>
| #endif
| #ifdef HAVE_STDINT_H
| # include <stdint.h>
| #endif
| #ifdef HAVE_UNISTD_H
| # include <unistd.h>
| #endif
| int
| main ()
| {
| if (sizeof ((_Bool)))
| 	    return 0;
|   ;
|   return 0;
| }
configure:13278: result: yes
configure:13298: checking for stdint.h
configure:13298: result: yes
configure:13298: checking iconv.h usability
configure:13298: /home/vagrant/Android/android-ndk-r21d/toolchains/llvm/prebuilt/linux-x86_64/bin/armv7a-linux-androideabi26-clang --sysroot=/home/vagrant/Android/android-ndk-r21d/toolchains/llvm/prebuilt/linux-x86_64/sysroot -c -fpic -I/shared/ytxplayerlib/ytxPlayer/android/contrib/jni/jniLibs/armeabi-v7a/include -fpic -I/shared/ytxplayerlib/ytxPlayer/android/contrib/jni/jniLibs/armeabi-v7a/include conftest.c >&5
configure:13298: $? = 0
configure:13298: result: yes
configure:13298: checking iconv.h presence
configure:13298: /home/vagrant/Android/android-ndk-r21d/toolchains/llvm/prebuilt/linux-x86_64/bin/armv7a-linux-androideabi26-clang --sysroot=/home/vagrant/Android/android-ndk-r21d/toolchains/llvm/prebuilt/linux-x86_64/sysroot -E -fpic -I/shared/ytxplayerlib/ytxPlayer/android/contrib/jni/jniLibs/armeabi-v7a/include conftest.c
configure:13298: $? = 0
configure:13298: result: yes
configure:13298: checking for iconv.h
configure:13298: result: yes
configure:13313: checking for strdup
configure:13313: /home/vagrant/Android/android-ndk-r21d/toolchains/llvm/prebuilt/linux-x86_64/bin/armv7a-linux-androideabi26-clang --sysroot=/home/vagrant/Android/android-ndk-r21d/toolchains/llvm/prebuilt/linux-x86_64/sysroot -o conftest -fpic -I/shared/ytxplayerlib/ytxPlayer/android/contrib/jni/jniLibs/armeabi-v7a/include -fpic -I/shared/ytxplayerlib/ytxPlayer/android/contrib/jni/jniLibs/armeabi-v7a/include -L/shared/ytxplayerlib/ytxPlayer/android/contrib/jni/jniLibs/armeabi-v7a/lib conftest.c  >&5
conftest.c:51:6: warning: incompatible redeclaration of library function 'strdup' [-Wincompatible-library-redeclaration]
char strdup ();
     ^
conftest.c:51:6: note: 'strdup' is a builtin with type 'char *(const char *)'
1 warning generated.
configure:13313: $? = 0
configure:13313: result: yes
configure:13313: checking for strndup
configure:13313: /home/vagrant/Android/android-ndk-r21d/toolchains/llvm/prebuilt/linux-x86_64/bin/armv7a-linux-androideabi26-clang --sysroot=/home/vagrant/Android/android-ndk-r21d/toolchains/llvm/prebuilt/linux-x86_64/sysroot -o conftest -fpic -I/shared/ytxplayerlib/ytxPlayer/android/contrib/jni/jniLibs/armeabi-v7a/include -fpic -I/shared/ytxplayerlib/ytxPlayer/android/contrib/jni/jniLibs/armeabi-v7a/include -L/shared/ytxplayerlib/ytxPlayer/android/contrib/jni/jniLibs/armeabi-v7a/lib conftest.c  >&5
conftest.c:52:6: warning: incompatible redeclaration of library function 'strndup' [-Wincompatible-library-redeclaration]
char strndup ();
     ^
conftest.c:52:6: note: 'strndup' is a builtin with type 'char *(const char *, unsigned int)'
1 warning generated.
configure:13313: $? = 0
configure:13313: result: yes
configure:13328: checking for library containing libiconv_open
configure:13359: /home/vagrant/Android/android-ndk-r21d/toolchains/llvm/prebuilt/linux-x86_64/bin/armv7a-linux-androideabi26-clang --sysroot=/home/vagrant/Android/android-ndk-r21d/toolchains/llvm/prebuilt/linux-x86_64/sysroot -o conftest -fpic -I/shared/ytxplayerlib/ytxPlayer/android/contrib/jni/jniLibs/armeabi-v7a/include -fpic -I/shared/ytxplayerlib/ytxPlayer/android/contrib/jni/jniLibs/armeabi-v7a/include -L/shared/ytxplayerlib/ytxPlayer/android/contrib/jni/jniLibs/armeabi-v7a/lib conftest.c  >&5
/tmp/conftest-7c5e27.o:conftest.c:function main: error: undefined reference to 'libiconv_open'
clang: error: linker command failed with exit code 1 (use -v to see invocation)
configure:13359: $? = 1
configure: failed program was:
| /* confdefs.h */
| #define PACKAGE_NAME "libass"
| #define PACKAGE_TARNAME "libass"
| #define PACKAGE_VERSION "0.15.0"
| #define PACKAGE_STRING "libass 0.15.0"
| #define PACKAGE_BUGREPORT ""
| #define PACKAGE_URL ""
| #define PACKAGE "libass"
| #define VERSION "0.15.0"
| #define STDC_HEADERS 1
| #define HAVE_SYS_TYPES_H 1
| #define HAVE_SYS_STAT_H 1
| #define HAVE_STDLIB_H 1
| #define HAVE_STRING_H 1
| #define HAVE_MEMORY_H 1
| #define HAVE_STRINGS_H 1
| #define HAVE_INTTYPES_H 1
| #define HAVE_STDINT_H 1
| #define HAVE_UNISTD_H 1
| #define HAVE_DLFCN_H 1
| #define LT_OBJDIR ".libs/"
| #define STDC_HEADERS 1
| #define HAVE__BOOL 1
| #define HAVE_STDBOOL_H 1
| #define HAVE_STDINT_H 1
| #define HAVE_ICONV_H 1
| #define HAVE_STRDUP 1
| #define HAVE_STRNDUP 1
| /* end confdefs.h.  */
| 
| /* Override any GCC internal prototype to avoid an error.
|    Use char because int might match the return type of a GCC
|    builtin and then its argument prototype would still apply.  */
| #ifdef __cplusplus
| extern "C"
| #endif
| char libiconv_open ();
| int
| main ()
| {
| return libiconv_open ();
|   ;
|   return 0;
| }
configure:13359: /home/vagrant/Android/android-ndk-r21d/toolchains/llvm/prebuilt/linux-x86_64/bin/armv7a-linux-androideabi26-clang --sysroot=/home/vagrant/Android/android-ndk-r21d/toolchains/llvm/prebuilt/linux-x86_64/sysroot -o conftest -fpic -I/shared/ytxplayerlib/ytxPlayer/android/contrib/jni/jniLibs/armeabi-v7a/include -fpic -I/shared/ytxplayerlib/ytxPlayer/android/contrib/jni/jniLibs/armeabi-v7a/include -L/shared/ytxplayerlib/ytxPlayer/android/contrib/jni/jniLibs/armeabi-v7a/lib conftest.c -liconv   >&5
/home/vagrant/Android/android-ndk-r21d/toolchains/llvm/prebuilt/linux-x86_64/bin/../lib/gcc/arm-linux-androideabi/4.9.x/../../../../arm-linux-androideabi/bin/ld: error: cannot find -liconv
/tmp/conftest-de6822.o:conftest.c:function main: error: undefined reference to 'libiconv_open'
clang: error: linker command failed with exit code 1 (use -v to see invocation)
configure:13359: $? = 1
configure: failed program was:
| /* confdefs.h */
| #define PACKAGE_NAME "libass"
| #define PACKAGE_TARNAME "libass"
| #define PACKAGE_VERSION "0.15.0"
| #define PACKAGE_STRING "libass 0.15.0"
| #define PACKAGE_BUGREPORT ""
| #define PACKAGE_URL ""
| #define PACKAGE "libass"
| #define VERSION "0.15.0"
| #define STDC_HEADERS 1
| #define HAVE_SYS_TYPES_H 1
| #define HAVE_SYS_STAT_H 1
| #define HAVE_STDLIB_H 1
| #define HAVE_STRING_H 1
| #define HAVE_MEMORY_H 1
| #define HAVE_STRINGS_H 1
| #define HAVE_INTTYPES_H 1
| #define HAVE_STDINT_H 1
| #define HAVE_UNISTD_H 1
| #define HAVE_DLFCN_H 1
| #define LT_OBJDIR ".libs/"
| #define STDC_HEADERS 1
| #define HAVE__BOOL 1
| #define HAVE_STDBOOL_H 1
| #define HAVE_STDINT_H 1
| #define HAVE_ICONV_H 1
| #define HAVE_STRDUP 1
| #define HAVE_STRNDUP 1
| /* end confdefs.h.  */
| 
| /* Override any GCC internal prototype to avoid an error.
|    Use char because int might match the return type of a GCC
|    builtin and then its argument prototype would still apply.  */
| #ifdef __cplusplus
| extern "C"
| #endif
| char libiconv_open ();
| int
| main ()
| {
| return libiconv_open ();
|   ;
|   return 0;
| }
configure:13376: result: no
configure:13384: checking for library containing iconv_open
configure:13415: /home/vagrant/Android/android-ndk-r21d/toolchains/llvm/prebuilt/linux-x86_64/bin/armv7a-linux-androideabi26-clang --sysroot=/home/vagrant/Android/android-ndk-r21d/toolchains/llvm/prebuilt/linux-x86_64/sysroot -o conftest -fpic -I/shared/ytxplayerlib/ytxPlayer/android/contrib/jni/jniLibs/armeabi-v7a/include -fpic -I/shared/ytxplayerlib/ytxPlayer/android/contrib/jni/jniLibs/armeabi-v7a/include -L/shared/ytxplayerlib/ytxPlayer/android/contrib/jni/jniLibs/armeabi-v7a/lib conftest.c  >&5
/tmp/conftest-d8d70a.o:conftest.c:function main: error: undefined reference to 'iconv_open'
clang: error: linker command failed with exit code 1 (use -v to see invocation)
configure:13415: $? = 1
configure: failed program was:
| /* confdefs.h */
| #define PACKAGE_NAME "libass"
| #define PACKAGE_TARNAME "libass"
| #define PACKAGE_VERSION "0.15.0"
| #define PACKAGE_STRING "libass 0.15.0"
| #define PACKAGE_BUGREPORT ""
| #define PACKAGE_URL ""
| #define PACKAGE "libass"
| #define VERSION "0.15.0"
| #define STDC_HEADERS 1
| #define HAVE_SYS_TYPES_H 1
| #define HAVE_SYS_STAT_H 1
| #define HAVE_STDLIB_H 1
| #define HAVE_STRING_H 1
| #define HAVE_MEMORY_H 1
| #define HAVE_STRINGS_H 1
| #define HAVE_INTTYPES_H 1
| #define HAVE_STDINT_H 1
| #define HAVE_UNISTD_H 1
| #define HAVE_DLFCN_H 1
| #define LT_OBJDIR ".libs/"
| #define STDC_HEADERS 1
| #define HAVE__BOOL 1
| #define HAVE_STDBOOL_H 1
| #define HAVE_STDINT_H 1
| #define HAVE_ICONV_H 1
| #define HAVE_STRDUP 1
| #define HAVE_STRNDUP 1
| /* end confdefs.h.  */
| 
| /* Override any GCC internal prototype to avoid an error.
|    Use char because int might match the return type of a GCC
|    builtin and then its argument prototype would still apply.  */
| #ifdef __cplusplus
| extern "C"
| #endif
| char iconv_open ();
| int
| main ()
| {
| return iconv_open ();
|   ;
|   return 0;
| }
configure:13415: /home/vagrant/Android/android-ndk-r21d/toolchains/llvm/prebuilt/linux-x86_64/bin/armv7a-linux-androideabi26-clang --sysroot=/home/vagrant/Android/android-ndk-r21d/toolchains/llvm/prebuilt/linux-x86_64/sysroot -o conftest -fpic -I/shared/ytxplayerlib/ytxPlayer/android/contrib/jni/jniLibs/armeabi-v7a/include -fpic -I/shared/ytxplayerlib/ytxPlayer/android/contrib/jni/jniLibs/armeabi-v7a/include -L/shared/ytxplayerlib/ytxPlayer/android/contrib/jni/jniLibs/armeabi-v7a/lib conftest.c -liconv   >&5
/home/vagrant/Android/android-ndk-r21d/toolchains/llvm/prebuilt/linux-x86_64/bin/../lib/gcc/arm-linux-androideabi/4.9.x/../../../../arm-linux-androideabi/bin/ld: error: cannot find -liconv
/tmp/conftest-5db1ed.o:conftest.c:function main: error: undefined reference to 'iconv_open'
clang: error: linker command failed with exit code 1 (use -v to see invocation)
configure:13415: $? = 1
configure: failed program was:
| /* confdefs.h */
| #define PACKAGE_NAME "libass"
| #define PACKAGE_TARNAME "libass"
| #define PACKAGE_VERSION "0.15.0"
| #define PACKAGE_STRING "libass 0.15.0"
| #define PACKAGE_BUGREPORT ""
| #define PACKAGE_URL ""
| #define PACKAGE "libass"
| #define VERSION "0.15.0"
| #define STDC_HEADERS 1
| #define HAVE_SYS_TYPES_H 1
| #define HAVE_SYS_STAT_H 1
| #define HAVE_STDLIB_H 1
| #define HAVE_STRING_H 1
| #define HAVE_MEMORY_H 1
| #define HAVE_STRINGS_H 1
| #define HAVE_INTTYPES_H 1
| #define HAVE_STDINT_H 1
| #define HAVE_UNISTD_H 1
| #define HAVE_DLFCN_H 1
| #define LT_OBJDIR ".libs/"
| #define STDC_HEADERS 1
| #define HAVE__BOOL 1
| #define HAVE_STDBOOL_H 1
| #define HAVE_STDINT_H 1
| #define HAVE_ICONV_H 1
| #define HAVE_STRDUP 1
| #define HAVE_STRNDUP 1
| /* end confdefs.h.  */
| 
| /* Override any GCC internal prototype to avoid an error.
|    Use char because int might match the return type of a GCC
|    builtin and then its argument prototype would still apply.  */
| #ifdef __cplusplus
| extern "C"
| #endif
| char iconv_open ();
| int
| main ()
| {
| return iconv_open ();
|   ;
|   return 0;
| }
configure:13432: result: no
configure:13440: checking for fabs in -lm
configure:13465: /home/vagrant/Android/android-ndk-r21d/toolchains/llvm/prebuilt/linux-x86_64/bin/armv7a-linux-androideabi26-clang --sysroot=/home/vagrant/Android/android-ndk-r21d/toolchains/llvm/prebuilt/linux-x86_64/sysroot -o conftest -fpic -I/shared/ytxplayerlib/ytxPlayer/android/contrib/jni/jniLibs/armeabi-v7a/include -fpic -I/shared/ytxplayerlib/ytxPlayer/android/contrib/jni/jniLibs/armeabi-v7a/include -L/shared/ytxplayerlib/ytxPlayer/android/contrib/jni/jniLibs/armeabi-v7a/lib conftest.c -lm   >&5
conftest.c:37:6: warning: incompatible redeclaration of library function 'fabs' [-Wincompatible-library-redeclaration]
char fabs ();
     ^
conftest.c:37:6: note: 'fabs' is a builtin with type 'double (double)'
1 warning generated.
configure:13465: $? = 0
configure:13474: result: yes
configure:13744: checking for arm-linux-pkg-config
configure:13777: result: no
configure:13787: checking for pkg-config
configure:13805: found /usr/bin/pkg-config
configure:13817: result: /usr/bin/pkg-config
configure:13842: checking pkg-config is at least version 0.9.0
configure:13845: result: yes
configure:13855: checking for freetype2 >= 9.10.3
configure:13862: $PKG_CONFIG --exists --print-errors "freetype2 >= 9.10.3"
configure:13865: $? = 0
configure:13879: $PKG_CONFIG --exists --print-errors "freetype2 >= 9.10.3"
configure:13882: $? = 0
configure:13940: result: yes
configure:13954: checking for fribidi >= 0.19.0
configure:13961: $PKG_CONFIG --exists --print-errors "fribidi >= 0.19.0"
configure:13964: $? = 0
configure:13978: $PKG_CONFIG --exists --print-errors "fribidi >= 0.19.0"
configure:13981: $? = 0
configure:14039: result: yes
configure:14053: checking for fontconfig >= 2.10.92
configure:14060: $PKG_CONFIG --exists --print-errors "fontconfig >= 2.10.92"
configure:14063: $? = 0
configure:14077: $PKG_CONFIG --exists --print-errors "fontconfig >= 2.10.92"
configure:14080: $? = 0
configure:14118: result: yes
configure:14143: checking for CORETEXT
configure:14158: /home/vagrant/Android/android-ndk-r21d/toolchains/llvm/prebuilt/linux-x86_64/bin/armv7a-linux-androideabi26-clang --sysroot=/home/vagrant/Android/android-ndk-r21d/toolchains/llvm/prebuilt/linux-x86_64/sysroot -c -fpic -I/shared/ytxplayerlib/ytxPlayer/android/contrib/jni/jniLibs/armeabi-v7a/include -I/shared/ytxplayerlib/ytxPlayer/android/contrib/jni/jniLibs/armeabi-v7a/include/freetype2 -I/shared/ytxplayerlib/ytxPlayer/android/contrib/jni/jniLibs/armeabi-v7a/include/fribidi -I/shared/ytxplayerlib/ytxPlayer/android/contrib/jni/jniLibs/armeabi-v7a/include -I/shared/ytxplayerlib/ytxPlayer/android/contrib/jni/jniLibs/armeabi-v7a/include/libxml2 -I/shared/ytxplayerlib/ytxPlayer/android/contrib/jni/jniLibs/armeabi-v7a/include/freetype2 -fpic -I/shared/ytxplayerlib/ytxPlayer/android/contrib/jni/jniLibs/armeabi-v7a/include conftest.c >&5
conftest.c:36:12: fatal error: 'ApplicationServices/ApplicationServices.h' file not found
  #include <ApplicationServices/ApplicationServices.h>
           ^~~~~~~~~~~~~~~~~~~~~~~~~~~~~~~~~~~~~~~~~~~
1 error generated.
configure:14158: $? = 1
configure: failed program was:
| /* confdefs.h */
| #define PACKAGE_NAME "libass"
| #define PACKAGE_TARNAME "libass"
| #define PACKAGE_VERSION "0.15.0"
| #define PACKAGE_STRING "libass 0.15.0"
| #define PACKAGE_BUGREPORT ""
| #define PACKAGE_URL ""
| #define PACKAGE "libass"
| #define VERSION "0.15.0"
| #define STDC_HEADERS 1
| #define HAVE_SYS_TYPES_H 1
| #define HAVE_SYS_STAT_H 1
| #define HAVE_STDLIB_H 1
| #define HAVE_STRING_H 1
| #define HAVE_MEMORY_H 1
| #define HAVE_STRINGS_H 1
| #define HAVE_INTTYPES_H 1
| #define HAVE_STDINT_H 1
| #define HAVE_UNISTD_H 1
| #define HAVE_DLFCN_H 1
| #define LT_OBJDIR ".libs/"
| #define STDC_HEADERS 1
| #define HAVE__BOOL 1
| #define HAVE_STDBOOL_H 1
| #define HAVE_STDINT_H 1
| #define HAVE_ICONV_H 1
| #define HAVE_STRDUP 1
| #define HAVE_STRNDUP 1
| #define HAVE_LIBM 1
| #define CONFIG_ASM 1
| #define CONFIG_FREETYPE 1
| #define CONFIG_FRIBIDI 1
| #define CONFIG_FONTCONFIG 1
| /* end confdefs.h.  */
| 
|   #include <ApplicationServices/ApplicationServices.h>
| int
| main ()
| {
| CTFontDescriptorCopyAttribute(NULL, kCTFontURLAttribute);
|   ;
|   return 0;
| }
| 
configure:14183: /home/vagrant/Android/android-ndk-r21d/toolchains/llvm/prebuilt/linux-x86_64/bin/armv7a-linux-androideabi26-clang --sysroot=/home/vagrant/Android/android-ndk-r21d/toolchains/llvm/prebuilt/linux-x86_64/sysroot -c -fpic -I/shared/ytxplayerlib/ytxPlayer/android/contrib/jni/jniLibs/armeabi-v7a/include -I/shared/ytxplayerlib/ytxPlayer/android/contrib/jni/jniLibs/armeabi-v7a/include/freetype2 -I/shared/ytxplayerlib/ytxPlayer/android/contrib/jni/jniLibs/armeabi-v7a/include/fribidi -I/shared/ytxplayerlib/ytxPlayer/android/contrib/jni/jniLibs/armeabi-v7a/include -I/shared/ytxplayerlib/ytxPlayer/android/contrib/jni/jniLibs/armeabi-v7a/include/libxml2 -I/shared/ytxplayerlib/ytxPlayer/android/contrib/jni/jniLibs/armeabi-v7a/include/freetype2 -fpic -I/shared/ytxplayerlib/ytxPlayer/android/contrib/jni/jniLibs/armeabi-v7a/include conftest.c >&5
conftest.c:36:16: fatal error: 'CoreText/CoreText.h' file not found
      #include <CoreText/CoreText.h>
               ^~~~~~~~~~~~~~~~~~~~~
1 error generated.
configure:14183: $? = 1
configure: failed program was:
| /* confdefs.h */
| #define PACKAGE_NAME "libass"
| #define PACKAGE_TARNAME "libass"
| #define PACKAGE_VERSION "0.15.0"
| #define PACKAGE_STRING "libass 0.15.0"
| #define PACKAGE_BUGREPORT ""
| #define PACKAGE_URL ""
| #define PACKAGE "libass"
| #define VERSION "0.15.0"
| #define STDC_HEADERS 1
| #define HAVE_SYS_TYPES_H 1
| #define HAVE_SYS_STAT_H 1
| #define HAVE_STDLIB_H 1
| #define HAVE_STRING_H 1
| #define HAVE_MEMORY_H 1
| #define HAVE_STRINGS_H 1
| #define HAVE_INTTYPES_H 1
| #define HAVE_STDINT_H 1
| #define HAVE_UNISTD_H 1
| #define HAVE_DLFCN_H 1
| #define LT_OBJDIR ".libs/"
| #define STDC_HEADERS 1
| #define HAVE__BOOL 1
| #define HAVE_STDBOOL_H 1
| #define HAVE_STDINT_H 1
| #define HAVE_ICONV_H 1
| #define HAVE_STRDUP 1
| #define HAVE_STRNDUP 1
| #define HAVE_LIBM 1
| #define CONFIG_ASM 1
| #define CONFIG_FREETYPE 1
| #define CONFIG_FRIBIDI 1
| #define CONFIG_FONTCONFIG 1
| /* end confdefs.h.  */
| 
|       #include <CoreText/CoreText.h>
| int
| main ()
| {
| CTFontDescriptorCopyAttribute(NULL, kCTFontURLAttribute);
|   ;
|   return 0;
| }
| 
configure:14196: result: no
configure:14218: checking for DIRECTWRITE
configure:14233: /home/vagrant/Android/android-ndk-r21d/toolchains/llvm/prebuilt/linux-x86_64/bin/armv7a-linux-androideabi26-clang --sysroot=/home/vagrant/Android/android-ndk-r21d/toolchains/llvm/prebuilt/linux-x86_64/sysroot -o conftest -fpic -I/shared/ytxplayerlib/ytxPlayer/android/contrib/jni/jniLibs/armeabi-v7a/include -I/shared/ytxplayerlib/ytxPlayer/android/contrib/jni/jniLibs/armeabi-v7a/include/freetype2 -I/shared/ytxplayerlib/ytxPlayer/android/contrib/jni/jniLibs/armeabi-v7a/include/fribidi -I/shared/ytxplayerlib/ytxPlayer/android/contrib/jni/jniLibs/armeabi-v7a/include -I/shared/ytxplayerlib/ytxPlayer/android/contrib/jni/jniLibs/armeabi-v7a/include/libxml2 -I/shared/ytxplayerlib/ytxPlayer/android/contrib/jni/jniLibs/armeabi-v7a/include/freetype2 -fpic -I/shared/ytxplayerlib/ytxPlayer/android/contrib/jni/jniLibs/armeabi-v7a/include -L/shared/ytxplayerlib/ytxPlayer/android/contrib/jni/jniLibs/armeabi-v7a/lib conftest.c  -lm  -L/shared/ytxplayerlib/ytxPlayer/android/contrib/jni/jniLibs/armeabi-v7a/lib -lfreetype -L/shared/ytxplayerlib/ytxPlayer/android/contrib/jni/jniLibs/armeabi-v7a/lib -lfribidi -L/shared/ytxplayerlib/ytxPlayer/android/contrib/jni/jniLibs/armeabi-v7a/lib -lfontconfig -lfreetype >&5
conftest.c:36:12: fatal error: 'windows.h' file not found
  #include <windows.h>
           ^~~~~~~~~~~
1 error generated.
configure:14233: $? = 1
configure: failed program was:
| /* confdefs.h */
| #define PACKAGE_NAME "libass"
| #define PACKAGE_TARNAME "libass"
| #define PACKAGE_VERSION "0.15.0"
| #define PACKAGE_STRING "libass 0.15.0"
| #define PACKAGE_BUGREPORT ""
| #define PACKAGE_URL ""
| #define PACKAGE "libass"
| #define VERSION "0.15.0"
| #define STDC_HEADERS 1
| #define HAVE_SYS_TYPES_H 1
| #define HAVE_SYS_STAT_H 1
| #define HAVE_STDLIB_H 1
| #define HAVE_STRING_H 1
| #define HAVE_MEMORY_H 1
| #define HAVE_STRINGS_H 1
| #define HAVE_INTTYPES_H 1
| #define HAVE_STDINT_H 1
| #define HAVE_UNISTD_H 1
| #define HAVE_DLFCN_H 1
| #define LT_OBJDIR ".libs/"
| #define STDC_HEADERS 1
| #define HAVE__BOOL 1
| #define HAVE_STDBOOL_H 1
| #define HAVE_STDINT_H 1
| #define HAVE_ICONV_H 1
| #define HAVE_STRDUP 1
| #define HAVE_STRNDUP 1
| #define HAVE_LIBM 1
| #define CONFIG_ASM 1
| #define CONFIG_FREETYPE 1
| #define CONFIG_FRIBIDI 1
| #define CONFIG_FONTCONFIG 1
| /* end confdefs.h.  */
| 
|   #include <windows.h>
| int
| main ()
| {
| ;
|   ;
|   return 0;
| }
| 
configure:14245: result: no
configure:14263: checking for harfbuzz >= 1.2.3
configure:14270: $PKG_CONFIG --exists --print-errors "harfbuzz >= 1.2.3"
configure:14273: $? = 0
configure:14287: $PKG_CONFIG --exists --print-errors "harfbuzz >= 1.2.3"
configure:14290: $? = 0
configure:14348: result: yes
configure:14534: checking whether make supports nested variables
configure:14551: result: yes
configure:14674: checking that generated files are newer than configure
configure:14680: result: done
configure:14755: creating ./config.status

## ---------------------- ##
## Running config.status. ##
## ---------------------- ##

This file was extended by libass config.status 0.15.0, which was
generated by GNU Autoconf 2.69.  Invocation command line was

  CONFIG_FILES    = 
  CONFIG_HEADERS  = 
  CONFIG_LINKS    = 
  CONFIG_COMMANDS = 
  $ ./config.status 

on ubuntu-xenial

config.status:1159: creating Makefile
config.status:1159: creating libass/Makefile
config.status:1159: creating test/Makefile
config.status:1159: creating compare/Makefile
config.status:1159: creating profile/Makefile
config.status:1159: creating libass.pc
config.status:1159: creating config.h
config.status:1340: config.h is unchanged
config.status:1388: executing depfiles commands
config.status:1465: cd libass       && sed -e '/# am--include-marker/d' Makefile         | make -f - am--depfiles
make: Nothing to be done for 'am--depfiles'.
config.status:1470: $? = 0
config.status:1465: cd test       && sed -e '/# am--include-marker/d' Makefile         | make -f - am--depfiles
make: Nothing to be done for 'am--depfiles'.
config.status:1470: $? = 0
config.status:1465: cd compare       && sed -e '/# am--include-marker/d' Makefile         | make -f - am--depfiles
make: Nothing to be done for 'am--depfiles'.
config.status:1470: $? = 0
config.status:1465: cd profile       && sed -e '/# am--include-marker/d' Makefile         | make -f - am--depfiles
make: Nothing to be done for 'am--depfiles'.
config.status:1470: $? = 0
config.status:1388: executing libtool commands

## ---------------- ##
## Cache variables. ##
## ---------------- ##

ac_cv_build=x86_64-pc-linux-gnu
ac_cv_c_compiler_gnu=yes
ac_cv_env_CCASFLAGS_set=
ac_cv_env_CCASFLAGS_value=
ac_cv_env_CCAS_set=
ac_cv_env_CCAS_value=
ac_cv_env_CC_set=set
ac_cv_env_CC_value='/home/vagrant/Android/android-ndk-r21d/toolchains/llvm/prebuilt/linux-x86_64/bin/armv7a-linux-androideabi26-clang --sysroot=/home/vagrant/Android/android-ndk-r21d/toolchains/llvm/prebuilt/linux-x86_64/sysroot'
ac_cv_env_CFLAGS_set=set
ac_cv_env_CFLAGS_value='-fpic -I/shared/ytxplayerlib/ytxPlayer/android/contrib/jni/jniLibs/armeabi-v7a/include'
ac_cv_env_CPPFLAGS_set=set
ac_cv_env_CPPFLAGS_value='-fpic -I/shared/ytxplayerlib/ytxPlayer/android/contrib/jni/jniLibs/armeabi-v7a/include'
ac_cv_env_CPP_set=
ac_cv_env_CPP_value=
ac_cv_env_FONTCONFIG_CFLAGS_set=
ac_cv_env_FONTCONFIG_CFLAGS_value=
ac_cv_env_FONTCONFIG_LIBS_set=
ac_cv_env_FONTCONFIG_LIBS_value=
ac_cv_env_FREETYPE_CFLAGS_set=
ac_cv_env_FREETYPE_CFLAGS_value=
ac_cv_env_FREETYPE_LIBS_set=
ac_cv_env_FREETYPE_LIBS_value=
ac_cv_env_FRIBIDI_CFLAGS_set=
ac_cv_env_FRIBIDI_CFLAGS_value=
ac_cv_env_FRIBIDI_LIBS_set=
ac_cv_env_FRIBIDI_LIBS_value=
ac_cv_env_HARFBUZZ_CFLAGS_set=
ac_cv_env_HARFBUZZ_CFLAGS_value=
ac_cv_env_HARFBUZZ_LIBS_set=
ac_cv_env_HARFBUZZ_LIBS_value=
ac_cv_env_LDFLAGS_set=set
ac_cv_env_LDFLAGS_value=-L/shared/ytxplayerlib/ytxPlayer/android/contrib/jni/jniLibs/armeabi-v7a/lib
ac_cv_env_LIBPNG_CFLAGS_set=
ac_cv_env_LIBPNG_CFLAGS_value=
ac_cv_env_LIBPNG_LIBS_set=
ac_cv_env_LIBPNG_LIBS_value=
ac_cv_env_LIBS_set=
ac_cv_env_LIBS_value=
ac_cv_env_LT_SYS_LIBRARY_PATH_set=
ac_cv_env_LT_SYS_LIBRARY_PATH_value=
ac_cv_env_PKG_CONFIG_LIBDIR_set=set
ac_cv_env_PKG_CONFIG_LIBDIR_value=/shared/ytxplayerlib/ytxPlayer/android/contrib/jni/jniLibs/armeabi-v7a/lib/pkgconfig
ac_cv_env_PKG_CONFIG_PATH_set=set
ac_cv_env_PKG_CONFIG_PATH_value=/shared/ytxplayerlib/ytxPlayer/android/contrib/jni/jniLibs/armeabi-v7a/lib/pkgconfig
ac_cv_env_PKG_CONFIG_set=
ac_cv_env_PKG_CONFIG_value=
ac_cv_env_build_alias_set=
ac_cv_env_build_alias_value=
ac_cv_env_host_alias_set=set
ac_cv_env_host_alias_value=arm-linux
ac_cv_env_target_alias_set=
ac_cv_env_target_alias_value=
ac_cv_func_strdup=yes
ac_cv_func_strndup=yes
ac_cv_header_dlfcn_h=yes
ac_cv_header_iconv_h=yes
ac_cv_header_inttypes_h=yes
ac_cv_header_memory_h=yes
ac_cv_header_stdbool_h=yes
ac_cv_header_stdc=yes
ac_cv_header_stdint_h=yes
ac_cv_header_stdlib_h=yes
ac_cv_header_string_h=yes
ac_cv_header_strings_h=yes
ac_cv_header_sys_stat_h=yes
ac_cv_header_sys_types_h=yes
ac_cv_header_unistd_h=yes
ac_cv_host=arm-unknown-linux-gnu
ac_cv_lib_m_fabs=yes
ac_cv_objext=o
ac_cv_path_EGREP='/bin/grep -E'
ac_cv_path_FGREP='/bin/grep -F'
ac_cv_path_GREP=/bin/grep
ac_cv_path_SED=/bin/sed
ac_cv_path_ac_pt_PKG_CONFIG=/usr/bin/pkg-config
ac_cv_path_install='/usr/bin/install -c'
ac_cv_path_lt_DD=/bin/dd
ac_cv_path_mkdir=/bin/mkdir
ac_cv_prog_AR=/home/vagrant/Android/android-ndk-r21d/toolchains/llvm/prebuilt/linux-x86_64/bin/arm-linux-androideabi-ar
ac_cv_prog_AWK=gawk
ac_cv_prog_CC='/home/vagrant/Android/android-ndk-r21d/toolchains/llvm/prebuilt/linux-x86_64/bin/armv7a-linux-androideabi26-clang --sysroot=/home/vagrant/Android/android-ndk-r21d/toolchains/llvm/prebuilt/linux-x86_64/sysroot'
ac_cv_prog_CPP='/home/vagrant/Android/android-ndk-r21d/toolchains/llvm/prebuilt/linux-x86_64/bin/armv7a-linux-androideabi26-clang --sysroot=/home/vagrant/Android/android-ndk-r21d/toolchains/llvm/prebuilt/linux-x86_64/sysroot -E'
ac_cv_prog_RANLIB=/home/vagrant/Android/android-ndk-r21d/toolchains/llvm/prebuilt/linux-x86_64/bin/arm-linux-androideabi-ranlib
ac_cv_prog_STRIP=/home/vagrant/Android/android-ndk-r21d/toolchains/llvm/prebuilt/linux-x86_64/bin/arm-linux-androideabi-strip
ac_cv_prog_ac_ct_MANIFEST_TOOL=mt
ac_cv_prog_ac_ct_OBJDUMP=objdump
ac_cv_prog_cc_c89=
ac_cv_prog_cc_g=yes
ac_cv_prog_make_make_set=yes
ac_cv_search_iconv_open=no
ac_cv_search_libiconv_open=no
ac_cv_type__Bool=yes
am_cv_CCAS_dependencies_compiler_type=gcc3
am_cv_CC_dependencies_compiler_type=gcc3
am_cv_make_support_nested_variables=yes
am_cv_prog_cc_c_o=yes
lt_cv_ar_at_file=@
lt_cv_deplibs_check_method=pass_all
lt_cv_file_magic_cmd='$MAGIC_CMD'
lt_cv_file_magic_test_file=
lt_cv_ld_reload_flag=-r
lt_cv_nm_interface='BSD nm'
lt_cv_objdir=.libs
lt_cv_path_LD=/home/vagrant/Android/android-ndk-r21d/toolchains/llvm/prebuilt/linux-x86_64/bin/arm-linux-androideabi-ld
lt_cv_path_NM=/home/vagrant/Android/android-ndk-r21d/toolchains/llvm/prebuilt/linux-x86_64/bin/arm-linux-androideabi-nm
lt_cv_path_mainfest_tool=no
lt_cv_prog_compiler_c_o=yes
lt_cv_prog_compiler_pic='-fPIC -DPIC'
lt_cv_prog_compiler_pic_works=yes
lt_cv_prog_compiler_rtti_exceptions=yes
lt_cv_prog_compiler_static_works=yes
lt_cv_prog_gnu_ld=yes
lt_cv_sharedlib_from_linklib_cmd='printf %s\n'
lt_cv_shlibpath_overrides_runpath=yes
lt_cv_sys_global_symbol_pipe='sed -n -e '\''s/^.*[	 ]\([ABCDGIRSTW][ABCDGIRSTW]*\)[	 ][	 ]*\([_A-Za-z][_A-Za-z0-9]*\)$/\1 \2 \2/p'\'' | sed '\''/ __gnu_lto/d'\'''
lt_cv_sys_global_symbol_to_c_name_address='sed -n -e '\''s/^: \(.*\) .*$/  {"\1", (void *) 0},/p'\'' -e '\''s/^[ABCDGIRSTW][ABCDGIRSTW]* .* \(.*\)$/  {"\1", (void *) \&\1},/p'\'''
lt_cv_sys_global_symbol_to_c_name_address_lib_prefix='sed -n -e '\''s/^: \(.*\) .*$/  {"\1", (void *) 0},/p'\'' -e '\''s/^[ABCDGIRSTW][ABCDGIRSTW]* .* \(lib.*\)$/  {"\1", (void *) \&\1},/p'\'' -e '\''s/^[ABCDGIRSTW][ABCDGIRSTW]* .* \(.*\)$/  {"lib\1", (void *) \&\1},/p'\'''
lt_cv_sys_global_symbol_to_cdecl='sed -n -e '\''s/^T .* \(.*\)$/extern int \1();/p'\'' -e '\''s/^[ABCDGIRSTW][ABCDGIRSTW]* .* \(.*\)$/extern char \1;/p'\'''
lt_cv_sys_global_symbol_to_import=
lt_cv_sys_max_cmd_len=1572864
lt_cv_to_host_file_cmd=func_convert_file_noop
lt_cv_to_tool_file_cmd=func_convert_file_noop
lt_cv_truncate_bin='/bin/dd bs=4096 count=1'
pkg_cv_FONTCONFIG_CFLAGS='-I/shared/ytxplayerlib/ytxPlayer/android/contrib/jni/jniLibs/armeabi-v7a/include -I/shared/ytxplayerlib/ytxPlayer/android/contrib/jni/jniLibs/armeabi-v7a/include/libxml2 -I/shared/ytxplayerlib/ytxPlayer/android/contrib/jni/jniLibs/armeabi-v7a/include/freetype2'
pkg_cv_FONTCONFIG_LIBS='-L/shared/ytxplayerlib/ytxPlayer/android/contrib/jni/jniLibs/armeabi-v7a/lib -lfontconfig -lfreetype'
pkg_cv_FREETYPE_CFLAGS=-I/shared/ytxplayerlib/ytxPlayer/android/contrib/jni/jniLibs/armeabi-v7a/include/freetype2
pkg_cv_FREETYPE_LIBS='-L/shared/ytxplayerlib/ytxPlayer/android/contrib/jni/jniLibs/armeabi-v7a/lib -lfreetype'
pkg_cv_FRIBIDI_CFLAGS=-I/shared/ytxplayerlib/ytxPlayer/android/contrib/jni/jniLibs/armeabi-v7a/include/fribidi
pkg_cv_FRIBIDI_LIBS='-L/shared/ytxplayerlib/ytxPlayer/android/contrib/jni/jniLibs/armeabi-v7a/lib -lfribidi'
pkg_cv_HARFBUZZ_CFLAGS='-I/shared/ytxplayerlib/ytxPlayer/android/contrib/jni/jniLibs/armeabi-v7a/include/harfbuzz -I/shared/ytxplayerlib/ytxPlayer/android/contrib/jni/jniLibs/armeabi-v7a/include/freetype2'
pkg_cv_HARFBUZZ_LIBS='-L/shared/ytxplayerlib/ytxPlayer/android/contrib/jni/jniLibs/armeabi-v7a/lib -lharfbuzz'

## ----------------- ##
## Output variables. ##
## ----------------- ##

ACLOCAL='${SHELL} /shared/ytxplayerlib/ytxPlayer/android/contrib/libass/libass-0.15.0/missing aclocal-1.16'
AMDEPBACKSLASH='\'
AMDEP_FALSE='#'
AMDEP_TRUE=''
AMTAR='$${TAR-tar}'
AM_BACKSLASH='\'
AM_DEFAULT_V='$(AM_DEFAULT_VERBOSITY)'
AM_DEFAULT_VERBOSITY='0'
AM_V='$(V)'
AR='/home/vagrant/Android/android-ndk-r21d/toolchains/llvm/prebuilt/linux-x86_64/bin/arm-linux-androideabi-ar'
AS=''
ASFLAGS=''
ASM_FALSE='#'
ASM_TRUE=''
AUTOCONF='${SHELL} /shared/ytxplayerlib/ytxPlayer/android/contrib/libass/libass-0.15.0/missing autoconf'
AUTOHEADER='${SHELL} /shared/ytxplayerlib/ytxPlayer/android/contrib/libass/libass-0.15.0/missing autoheader'
AUTOMAKE='${SHELL} /shared/ytxplayerlib/ytxPlayer/android/contrib/libass/libass-0.15.0/missing automake-1.16'
AWK='gawk'
CC='/home/vagrant/Android/android-ndk-r21d/toolchains/llvm/prebuilt/linux-x86_64/bin/armv7a-linux-androideabi26-clang --sysroot=/home/vagrant/Android/android-ndk-r21d/toolchains/llvm/prebuilt/linux-x86_64/sysroot'
CCAS='/home/vagrant/Android/android-ndk-r21d/toolchains/llvm/prebuilt/linux-x86_64/bin/armv7a-linux-androideabi26-clang --sysroot=/home/vagrant/Android/android-ndk-r21d/toolchains/llvm/prebuilt/linux-x86_64/sysroot'
CCASDEPMODE='depmode=gcc3'
CCASFLAGS='-fpic -I/shared/ytxplayerlib/ytxPlayer/android/contrib/jni/jniLibs/armeabi-v7a/include'
CCDEPMODE='depmode=gcc3'
CFLAGS='-fpic -I/shared/ytxplayerlib/ytxPlayer/android/contrib/jni/jniLibs/armeabi-v7a/include -I/shared/ytxplayerlib/ytxPlayer/android/contrib/jni/jniLibs/armeabi-v7a/include/freetype2 -I/shared/ytxplayerlib/ytxPlayer/android/contrib/jni/jniLibs/armeabi-v7a/include/fribidi -I/shared/ytxplayerlib/ytxPlayer/android/contrib/jni/jniLibs/armeabi-v7a/include -I/shared/ytxplayerlib/ytxPlayer/android/contrib/jni/jniLibs/armeabi-v7a/include/libxml2 -I/shared/ytxplayerlib/ytxPlayer/android/contrib/jni/jniLibs/armeabi-v7a/include/freetype2 -I/shared/ytxplayerlib/ytxPlayer/android/contrib/jni/jniLibs/armeabi-v7a/include/harfbuzz -I/shared/ytxplayerlib/ytxPlayer/android/contrib/jni/jniLibs/armeabi-v7a/include/freetype2'
CORETEXT_FALSE=''
CORETEXT_TRUE='#'
CPP='/home/vagrant/Android/android-ndk-r21d/toolchains/llvm/prebuilt/linux-x86_64/bin/armv7a-linux-androideabi26-clang --sysroot=/home/vagrant/Android/android-ndk-r21d/toolchains/llvm/prebuilt/linux-x86_64/sysroot -E'
CPPFLAGS='-fpic -I/shared/ytxplayerlib/ytxPlayer/android/contrib/jni/jniLibs/armeabi-v7a/include'
CYGPATH_W='echo'
DEFS='-DHAVE_CONFIG_H'
DEPDIR='.deps'
DIRECTWRITE_FALSE=''
DIRECTWRITE_TRUE='#'
DLLTOOL='false'
DSYMUTIL=''
DUMPBIN=''
ECHO_C=''
ECHO_N='-n'
ECHO_T=''
EGREP='/bin/grep -E'
ENABLE_COMPARE_FALSE=''
ENABLE_COMPARE_TRUE='#'
ENABLE_LARGE_TILES_FALSE=''
ENABLE_LARGE_TILES_TRUE='#'
ENABLE_PROFILE_FALSE=''
ENABLE_PROFILE_TRUE='#'
ENABLE_TEST_FALSE=''
ENABLE_TEST_TRUE='#'
EXEEXT=''
FGREP='/bin/grep -F'
FONTCONFIG_CFLAGS='-I/shared/ytxplayerlib/ytxPlayer/android/contrib/jni/jniLibs/armeabi-v7a/include -I/shared/ytxplayerlib/ytxPlayer/android/contrib/jni/jniLibs/armeabi-v7a/include/libxml2 -I/shared/ytxplayerlib/ytxPlayer/android/contrib/jni/jniLibs/armeabi-v7a/include/freetype2'
FONTCONFIG_FALSE='#'
FONTCONFIG_LIBS='-L/shared/ytxplayerlib/ytxPlayer/android/contrib/jni/jniLibs/armeabi-v7a/lib -lfontconfig -lfreetype'
FONTCONFIG_TRUE=''
FREETYPE_CFLAGS='-I/shared/ytxplayerlib/ytxPlayer/android/contrib/jni/jniLibs/armeabi-v7a/include/freetype2'
FREETYPE_LIBS='-L/shared/ytxplayerlib/ytxPlayer/android/contrib/jni/jniLibs/armeabi-v7a/lib -lfreetype'
FRIBIDI_CFLAGS='-I/shared/ytxplayerlib/ytxPlayer/android/contrib/jni/jniLibs/armeabi-v7a/include/fribidi'
FRIBIDI_LIBS='-L/shared/ytxplayerlib/ytxPlayer/android/contrib/jni/jniLibs/armeabi-v7a/lib -lfribidi'
GREP='/bin/grep'
HARFBUZZ_CFLAGS='-I/shared/ytxplayerlib/ytxPlayer/android/contrib/jni/jniLibs/armeabi-v7a/include/harfbuzz -I/shared/ytxplayerlib/ytxPlayer/android/contrib/jni/jniLibs/armeabi-v7a/include/freetype2'
HARFBUZZ_LIBS='-L/shared/ytxplayerlib/ytxPlayer/android/contrib/jni/jniLibs/armeabi-v7a/lib -lharfbuzz'
INSTALL_DATA='${INSTALL} -m 644'
INSTALL_PROGRAM='${INSTALL}'
INSTALL_SCRIPT='${INSTALL}'
INSTALL_STRIP_PROGRAM='$(install_sh) -c -s'
INTEL_FALSE=''
INTEL_TRUE='#'
LD='/home/vagrant/Android/android-ndk-r21d/toolchains/llvm/prebuilt/linux-x86_64/bin/arm-linux-androideabi-ld'
LDFLAGS='-L/shared/ytxplayerlib/ytxPlayer/android/contrib/jni/jniLibs/armeabi-v7a/lib'
LIBOBJS=''
LIBPNG_CFLAGS=''
LIBPNG_LIBS=''
LIBS=' -lm  -L/shared/ytxplayerlib/ytxPlayer/android/contrib/jni/jniLibs/armeabi-v7a/lib -lfreetype -L/shared/ytxplayerlib/ytxPlayer/android/contrib/jni/jniLibs/armeabi-v7a/lib -lfribidi -L/shared/ytxplayerlib/ytxPlayer/android/contrib/jni/jniLibs/armeabi-v7a/lib -lfontconfig -lfreetype -L/shared/ytxplayerlib/ytxPlayer/android/contrib/jni/jniLibs/armeabi-v7a/lib -lharfbuzz'
LIBTOOL='$(SHELL) $(top_builddir)/libtool'
LIPO=''
LN_S='ln -s'
LTLIBOBJS=''
LT_SYS_LIBRARY_PATH=''
MAKEINFO='${SHELL} /shared/ytxplayerlib/ytxPlayer/android/contrib/libass/libass-0.15.0/missing makeinfo'
MANIFEST_TOOL=':'
MKDIR_P='/bin/mkdir -p'
NM='/home/vagrant/Android/android-ndk-r21d/toolchains/llvm/prebuilt/linux-x86_64/bin/arm-linux-androideabi-nm'
NMEDIT=''
OBJDUMP='objdump'
OBJEXT='o'
OTOOL64=''
OTOOL=''
PACKAGE='libass'
PACKAGE_BUGREPORT=''
PACKAGE_NAME='libass'
PACKAGE_STRING='libass 0.15.0'
PACKAGE_TARNAME='libass'
PACKAGE_URL=''
PACKAGE_VERSION='0.15.0'
PATH_SEPARATOR=':'
PKG_CONFIG='/usr/bin/pkg-config'
PKG_CONFIG_LIBDIR='/shared/ytxplayerlib/ytxPlayer/android/contrib/jni/jniLibs/armeabi-v7a/lib/pkgconfig'
PKG_CONFIG_PATH='/shared/ytxplayerlib/ytxPlayer/android/contrib/jni/jniLibs/armeabi-v7a/lib/pkgconfig'
PKG_LIBS_DEFAULT='-lm'
PKG_LIBS_PRIVATE=''
PKG_REQUIRES_DEFAULT='fontconfig >= 2.10.92, harfbuzz >= 1.2.3, fribidi >= 0.19.0, freetype2 >= 9.10.3'
PKG_REQUIRES_PRIVATE=''
RANLIB='/home/vagrant/Android/android-ndk-r21d/toolchains/llvm/prebuilt/linux-x86_64/bin/arm-linux-androideabi-ranlib'
SED='/bin/sed'
SET_MAKE=''
SHELL='/bin/bash'
STRIP='/home/vagrant/Android/android-ndk-r21d/toolchains/llvm/prebuilt/linux-x86_64/bin/arm-linux-androideabi-strip'
VERSION='0.15.0'
X64_FALSE=''
X64_TRUE='#'
X86_FALSE=''
X86_TRUE='#'
ac_ct_AR=''
ac_ct_CC=''
ac_ct_DUMPBIN=''
am__EXEEXT_FALSE=''
am__EXEEXT_TRUE='#'
am__fastdepCCAS_FALSE='#'
am__fastdepCCAS_TRUE=''
am__fastdepCC_FALSE='#'
am__fastdepCC_TRUE=''
am__include='include'
am__isrc=''
am__leading_dot='.'
am__nodep='_no'
am__quote=''
am__tar='$${TAR-tar} chof - "$$tardir"'
am__untar='$${TAR-tar} xf -'
bindir='${exec_prefix}/bin'
build='x86_64-pc-linux-gnu'
build_alias=''
build_cpu='x86_64'
build_os='linux-gnu'
build_vendor='pc'
datadir='${datarootdir}'
datarootdir='${prefix}/share'
docdir='${datarootdir}/doc/${PACKAGE_TARNAME}'
dvidir='${docdir}'
exec_prefix='${prefix}'
host='arm-unknown-linux-gnu'
host_alias='arm-linux'
host_cpu='arm'
host_os='linux-gnu'
host_vendor='unknown'
htmldir='${docdir}'
includedir='${prefix}/include'
infodir='${datarootdir}/info'
install_sh='${SHELL} /shared/ytxplayerlib/ytxPlayer/android/contrib/libass/libass-0.15.0/install-sh'
libdir='${exec_prefix}/lib'
libexecdir='${exec_prefix}/libexec'
localedir='${datarootdir}/locale'
localstatedir='${prefix}/var'
mandir='${datarootdir}/man'
mkdir_p='$(MKDIR_P)'
nasm_check=''
oldincludedir='/usr/include'
pdfdir='${docdir}'
prefix='/shared/ytxplayerlib/ytxPlayer/android/contrib/jni/jniLibs/armeabi-v7a'
program_transform_name='s,x,x,'
psdir='${docdir}'
sbindir='${exec_prefix}/sbin'
sharedstatedir='${prefix}/com'
sysconfdir='${prefix}/etc'
target_alias=''

## ----------- ##
## confdefs.h. ##
## ----------- ##

/* confdefs.h */
#define PACKAGE_NAME "libass"
#define PACKAGE_TARNAME "libass"
#define PACKAGE_VERSION "0.15.0"
#define PACKAGE_STRING "libass 0.15.0"
#define PACKAGE_BUGREPORT ""
#define PACKAGE_URL ""
#define PACKAGE "libass"
#define VERSION "0.15.0"
#define STDC_HEADERS 1
#define HAVE_SYS_TYPES_H 1
#define HAVE_SYS_STAT_H 1
#define HAVE_STDLIB_H 1
#define HAVE_STRING_H 1
#define HAVE_MEMORY_H 1
#define HAVE_STRINGS_H 1
#define HAVE_INTTYPES_H 1
#define HAVE_STDINT_H 1
#define HAVE_UNISTD_H 1
#define HAVE_DLFCN_H 1
#define LT_OBJDIR ".libs/"
#define STDC_HEADERS 1
#define HAVE__BOOL 1
#define HAVE_STDBOOL_H 1
#define HAVE_STDINT_H 1
#define HAVE_ICONV_H 1
#define HAVE_STRDUP 1
#define HAVE_STRNDUP 1
#define HAVE_LIBM 1
#define CONFIG_ASM 1
#define CONFIG_FREETYPE 1
#define CONFIG_FRIBIDI 1
#define CONFIG_FONTCONFIG 1
#define CONFIG_HARFBUZZ 1

configure: exit 0
