Compiling the C compiler identification source file "CMakeCCompilerId.c" failed.
Compiler: arm-linux-gnueabi-gcc 
Build flags: 
Id flags: 

The output was:
No such file or directory


Compiling the C compiler identification source file "CMakeCCompilerId.c" failed.
Compiler: arm-linux-gnueabi-gcc 
Build flags: 
Id flags: -c

The output was:
No such file or directory


Compiling the C compiler identification source file "CMakeCCompilerId.c" failed.
Compiler: arm-linux-gnueabi-gcc 
Build flags: 
Id flags: -Aa

The output was:
No such file or directory


Checking whether the C compiler is IAR using "" did not match "IAR .+ Compiler":
Compiling the CXX compiler identification source file "CMakeCXXCompilerId.cpp" failed.
Compiler: arm-linux-gnueabi-g++ 
Build flags: 
Id flags: 

The output was:
No such file or directory


Compiling the CXX compiler identification source file "CMakeCXXCompilerId.cpp" failed.
Compiler: arm-linux-gnueabi-g++ 
Build flags: 
Id flags: -c

The output was:
No such file or directory


Checking whether the CXX compiler is IAR using "" did not match "IAR .+ Compiler":
Compiling the C compiler identification source file "CMakeCCompilerId.c" failed.
Compiler: /home/yuhao/android/ndk/android-ndk-r14b/toolchains/arm-linux-androideabi-4.9/prebuilt/linux-x86_64/bin/arm-linux-androideabi-gcc 
Build flags: 
Id flags: 

The output was:
1
/home/yuhao/android/ndk/android-ndk-r14b/toolchains/arm-linux-androideabi-4.9/prebuilt/linux-x86_64/bin/../lib/gcc/arm-linux-androideabi/4.9.x/../../../../arm-linux-androideabi/bin/ld: error: cannot open crtbegin_dynamic.o: No such file or directory
/home/yuhao/android/ndk/android-ndk-r14b/toolchains/arm-linux-androideabi-4.9/prebuilt/linux-x86_64/bin/../lib/gcc/arm-linux-androideabi/4.9.x/../../../../arm-linux-androideabi/bin/ld: error: cannot open crtend_android.o: No such file or directory
/home/yuhao/android/ndk/android-ndk-r14b/toolchains/arm-linux-androideabi-4.9/prebuilt/linux-x86_64/bin/../lib/gcc/arm-linux-androideabi/4.9.x/../../../../arm-linux-androideabi/bin/ld: error: cannot find -lc
/home/yuhao/android/ndk/android-ndk-r14b/toolchains/arm-linux-androideabi-4.9/prebuilt/linux-x86_64/bin/../lib/gcc/arm-linux-androideabi/4.9.x/../../../../arm-linux-androideabi/bin/ld: error: cannot find -ldl
collect2: error: ld returned 1 exit status


Compiling the CXX compiler identification source file "CMakeCXXCompilerId.cpp" failed.
Compiler: /home/yuhao/android/ndk/android-ndk-r14b/toolchains/arm-linux-androideabi-4.9/prebuilt/linux-x86_64/bin/arm-linux-androideabi-g++ 
Build flags: 
Id flags: 

The output was:
1
/home/yuhao/android/ndk/android-ndk-r14b/toolchains/arm-linux-androideabi-4.9/prebuilt/linux-x86_64/bin/../lib/gcc/arm-linux-androideabi/4.9.x/../../../../arm-linux-androideabi/bin/ld: error: cannot open crtbegin_dynamic.o: No such file or directory
/home/yuhao/android/ndk/android-ndk-r14b/toolchains/arm-linux-androideabi-4.9/prebuilt/linux-x86_64/bin/../lib/gcc/arm-linux-androideabi/4.9.x/../../../../arm-linux-androideabi/bin/ld: error: cannot open crtend_android.o: No such file or directory
/home/yuhao/android/ndk/android-ndk-r14b/toolchains/arm-linux-androideabi-4.9/prebuilt/linux-x86_64/bin/../lib/gcc/arm-linux-androideabi/4.9.x/../../../../arm-linux-androideabi/bin/ld: error: cannot find -lstdc++
/home/yuhao/android/ndk/android-ndk-r14b/toolchains/arm-linux-androideabi-4.9/prebuilt/linux-x86_64/bin/../lib/gcc/arm-linux-androideabi/4.9.x/../../../../arm-linux-androideabi/bin/ld: error: cannot find -lm
/home/yuhao/android/ndk/android-ndk-r14b/toolchains/arm-linux-androideabi-4.9/prebuilt/linux-x86_64/bin/../lib/gcc/arm-linux-androideabi/4.9.x/../../../../arm-linux-androideabi/bin/ld: error: cannot find -lc
/home/yuhao/android/ndk/android-ndk-r14b/toolchains/arm-linux-androideabi-4.9/prebuilt/linux-x86_64/bin/../lib/gcc/arm-linux-androideabi/4.9.x/../../../../arm-linux-androideabi/bin/ld: error: cannot find -ldl
collect2: error: ld returned 1 exit status


Determining if the C compiler works failed with the following output:
Change Dir: /home/yuhao/ytxPlayer/android/contrib/libx265/x265_2.3/build/arm-linux/CMakeFiles/CMakeTmp

Run Build Command:"/usr/bin/make" "cmTC_cbb99/fast"
/usr/bin/make -f CMakeFiles/cmTC_cbb99.dir/build.make CMakeFiles/cmTC_cbb99.dir/build
make[1]: Entering directory '/home/yuhao/ytxPlayer/android/contrib/libx265/x265_2.3/build/arm-linux/CMakeFiles/CMakeTmp'
Building C object CMakeFiles/cmTC_cbb99.dir/testCCompiler.c.o
/home/yuhao/android/ndk/android-ndk-r14b/toolchains/arm-linux-androideabi-4.9/prebuilt/linux-x86_64/bin/arm-linux-androideabi-gcc     -o CMakeFiles/cmTC_cbb99.dir/testCCompiler.c.o   -c /home/yuhao/ytxPlayer/android/contrib/libx265/x265_2.3/build/arm-linux/CMakeFiles/CMakeTmp/testCCompiler.c
Linking C executable cmTC_cbb99
/usr/bin/cmake -E cmake_link_script CMakeFiles/cmTC_cbb99.dir/link.txt --verbose=1
/home/yuhao/android/ndk/android-ndk-r14b/toolchains/arm-linux-androideabi-4.9/prebuilt/linux-x86_64/bin/arm-linux-androideabi-gcc       CMakeFiles/cmTC_cbb99.dir/testCCompiler.c.o  -o cmTC_cbb99 -rdynamic 
/home/yuhao/android/ndk/android-ndk-r14b/toolchains/arm-linux-androideabi-4.9/prebuilt/linux-x86_64/bin/../lib/gcc/arm-linux-androideabi/4.9.x/../../../../arm-linux-androideabi/bin/ld: error: cannot open crtbegin_dynamic.o: No such file or directory
/home/yuhao/android/ndk/android-ndk-r14b/toolchains/arm-linux-androideabi-4.9/prebuilt/linux-x86_64/bin/../lib/gcc/arm-linux-androideabi/4.9.x/../../../../arm-linux-androideabi/bin/ld: error: cannot open crtend_android.o: No such file or directory
/home/yuhao/android/ndk/android-ndk-r14b/toolchains/arm-linux-androideabi-4.9/prebuilt/linux-x86_64/bin/../lib/gcc/arm-linux-androideabi/4.9.x/../../../../arm-linux-androideabi/bin/ld: error: cannot find -lc
/home/yuhao/android/ndk/android-ndk-r14b/toolchains/arm-linux-androideabi-4.9/prebuilt/linux-x86_64/bin/../lib/gcc/arm-linux-androideabi/4.9.x/../../../../arm-linux-androideabi/bin/ld: error: cannot find -ldl
collect2: error: ld returned 1 exit status
CMakeFiles/cmTC_cbb99.dir/build.make:97: recipe for target 'cmTC_cbb99' failed
make[1]: *** [cmTC_cbb99] Error 1
make[1]: Leaving directory '/home/yuhao/ytxPlayer/android/contrib/libx265/x265_2.3/build/arm-linux/CMakeFiles/CMakeTmp'
Makefile:126: recipe for target 'cmTC_cbb99/fast' failed
make: *** [cmTC_cbb99/fast] Error 2


