The target system is: Linux -  - armv6l
The host system is: Linux - 4.4.0-83-generic - x86_64
Compiling the C compiler identification source file "CMakeCCompilerId.c" succeeded.
Compiler: /home/yuhao/android/ndk/android-ndk-r14b/toolchains/arm-linux-androideabi-4.9/prebuilt/linux-x86_64/bin/arm-linux-androideabi-gcc 
Build flags: 
Id flags: -c

The output was:
0


Compilation of the C compiler identification source "CMakeCCompilerId.c" produced "CMakeCCompilerId.o"

The C compiler identification is GNU, found in "/home/yuhao/ytxPlayer/android/contrib/libx265/tmp/x265_2.5/build/arm-linux/CMakeFiles/3.5.1/CompilerIdC/CMakeCCompilerId.o"

Compiling the CXX compiler identification source file "CMakeCXXCompilerId.cpp" succeeded.
Compiler: /home/yuhao/android/ndk/android-ndk-r14b/toolchains/arm-linux-androideabi-4.9/prebuilt/linux-x86_64/bin/arm-linux-androideabi-g++ 
Build flags: 
Id flags: -c

The output was:
0


Compilation of the CXX compiler identification source "CMakeCXXCompilerId.cpp" produced "CMakeCXXCompilerId.o"

The CXX compiler identification is GNU, found in "/home/yuhao/ytxPlayer/android/contrib/libx265/tmp/x265_2.5/build/arm-linux/CMakeFiles/3.5.1/CompilerIdCXX/CMakeCXXCompilerId.o"

Compiling the C compiler identification source file "CMakeCCompilerId.c" succeeded.
Compiler: /home/yuhao/android-18-toolchain/bin/arm-linux-androideabi-gcc 
Build flags: 
Id flags: 

The output was:
0


Compilation of the C compiler identification source "CMakeCCompilerId.c" produced "a.out"

The C compiler identification is GNU, found in "/home/yuhao/ytxPlayer/android/contrib/libx265/tmp/x265_2.5/build/arm-linux/CMakeFiles/3.5.1/CompilerIdC/a.out"

Compiling the CXX compiler identification source file "CMakeCXXCompilerId.cpp" succeeded.
Compiler: /home/yuhao/android-18-toolchain/bin/arm-linux-androideabi-g++ 
Build flags: 
Id flags: 

The output was:
0


Compilation of the CXX compiler identification source "CMakeCXXCompilerId.cpp" produced "a.out"

The CXX compiler identification is GNU, found in "/home/yuhao/ytxPlayer/android/contrib/libx265/tmp/x265_2.5/build/arm-linux/CMakeFiles/3.5.1/CompilerIdCXX/a.out"

Determining if the C compiler works passed with the following output:
Change Dir: /home/yuhao/ytxPlayer/android/contrib/libx265/tmp/x265_2.5/build/arm-linux/CMakeFiles/CMakeTmp

Run Build Command:"/usr/bin/make" "cmTC_e8115/fast"
/usr/bin/make -f CMakeFiles/cmTC_e8115.dir/build.make CMakeFiles/cmTC_e8115.dir/build
make[1]: Entering directory '/home/yuhao/ytxPlayer/android/contrib/libx265/tmp/x265_2.5/build/arm-linux/CMakeFiles/CMakeTmp'
Building C object CMakeFiles/cmTC_e8115.dir/testCCompiler.c.o
/home/yuhao/android-18-toolchain/bin/arm-linux-androideabi-gcc     -o CMakeFiles/cmTC_e8115.dir/testCCompiler.c.o   -c /home/yuhao/ytxPlayer/android/contrib/libx265/tmp/x265_2.5/build/arm-linux/CMakeFiles/CMakeTmp/testCCompiler.c
Linking C executable cmTC_e8115
/usr/bin/cmake -E cmake_link_script CMakeFiles/cmTC_e8115.dir/link.txt --verbose=1
/home/yuhao/android-18-toolchain/bin/arm-linux-androideabi-gcc       CMakeFiles/cmTC_e8115.dir/testCCompiler.c.o  -o cmTC_e8115 -rdynamic 
make[1]: Leaving directory '/home/yuhao/ytxPlayer/android/contrib/libx265/tmp/x265_2.5/build/arm-linux/CMakeFiles/CMakeTmp'


Detecting C compiler ABI info compiled with the following output:
Change Dir: /home/yuhao/ytxPlayer/android/contrib/libx265/tmp/x265_2.5/build/arm-linux/CMakeFiles/CMakeTmp

Run Build Command:"/usr/bin/make" "cmTC_6ac89/fast"
/usr/bin/make -f CMakeFiles/cmTC_6ac89.dir/build.make CMakeFiles/cmTC_6ac89.dir/build
make[1]: Entering directory '/home/yuhao/ytxPlayer/android/contrib/libx265/tmp/x265_2.5/build/arm-linux/CMakeFiles/CMakeTmp'
Building C object CMakeFiles/cmTC_6ac89.dir/CMakeCCompilerABI.c.o
/home/yuhao/android-18-toolchain/bin/arm-linux-androideabi-gcc     -o CMakeFiles/cmTC_6ac89.dir/CMakeCCompilerABI.c.o   -c /usr/share/cmake-3.5/Modules/CMakeCCompilerABI.c
Linking C executable cmTC_6ac89
/usr/bin/cmake -E cmake_link_script CMakeFiles/cmTC_6ac89.dir/link.txt --verbose=1
/home/yuhao/android-18-toolchain/bin/arm-linux-androideabi-gcc      -v CMakeFiles/cmTC_6ac89.dir/CMakeCCompilerABI.c.o  -o cmTC_6ac89 -rdynamic  
Using built-in specs.
COLLECT_GCC=/home/yuhao/android-18-toolchain/bin/arm-linux-androideabi-gcc
COLLECT_LTO_WRAPPER=/home/yuhao/android-18-toolchain/bin/../libexec/gcc/arm-linux-androideabi/4.9.x/lto-wrapper
Target: arm-linux-androideabi
Configured with: /usr/local/google/buildbot/src/android/gcc/toolchain/build/../gcc/gcc-4.9/configure --prefix=/tmp/59719db9ae19ff43aef46bbcb79596b6 --target=arm-linux-androideabi --host=x86_64-linux-gnu --build=x86_64-linux-gnu --with-gnu-as --with-gnu-ld --enable-languages=c,c++ --with-gmp=/buildbot/tmp/build/toolchain/temp-install --with-mpfr=/buildbot/tmp/build/toolchain/temp-install --with-mpc=/buildbot/tmp/build/toolchain/temp-install --with-cloog=/buildbot/tmp/build/toolchain/temp-install --with-isl=/buildbot/tmp/build/toolchain/temp-install --with-ppl=/buildbot/tmp/build/toolchain/temp-install --disable-ppl-version-check --disable-cloog-version-check --disable-isl-version-check --enable-cloog-backend=isl --with-host-libstdcxx='-static-libgcc -Wl,-Bstatic,-lstdc++,-Bdynamic -lm' --disable-libssp --enable-threads --disable-nls --disable-libmudflap --disable-libgomp --disable-libstdc__-v3 --disable-sjlj-exceptions --disable-shared --disable-tls --disable-libitm --with-float=soft --with-fpu=vfp --with-arch=armv5te --enable-target-optspace --enable-bionic-libs --enable-libatomic-ifuncs=no --enable-initfini-array --disable-nls --prefix=/tmp/59719db9ae19ff43aef46bbcb79596b6 --with-sysroot=/tmp/59719db9ae19ff43aef46bbcb79596b6/sysroot --with-binutils-version=2.25 --with-mpfr-version=3.1.1 --with-mpc-version=1.0.1 --with-gmp-version=5.0.5 --with-gcc-version=4.9 --with-gdb-version=none --with-gxx-include-dir=/tmp/59719db9ae19ff43aef46bbcb79596b6/include/c++/4.9.x --with-bugurl=http://source.android.com/source/report-bugs.html --enable-languages=c,c++ --disable-bootstrap --enable-plugins --enable-libgomp --enable-gnu-indirect-function --disable-libsanitizer --enable-gold --enable-threads --enable-eh-frame-hdr-for-static --enable-graphite=yes --with-isl-version=0.11.1 --with-cloog-version=0.18.0 --with-arch=armv5te --program-transform-name='s&^&arm-linux-androideabi-&' --enable-gold=default
Thread model: posix
gcc version 4.9.x 20150123 (prerelease) (GCC) 
COMPILER_PATH=/home/yuhao/android-18-toolchain/bin/../libexec/gcc/arm-linux-androideabi/4.9.x/:/home/yuhao/android-18-toolchain/bin/../libexec/gcc/:/home/yuhao/android-18-toolchain/bin/../lib/gcc/arm-linux-androideabi/4.9.x/../../../../arm-linux-androideabi/bin/
LIBRARY_PATH=/home/yuhao/android-18-toolchain/bin/../lib/gcc/arm-linux-androideabi/4.9.x/:/home/yuhao/android-18-toolchain/bin/../lib/gcc/:/home/yuhao/android-18-toolchain/bin/../lib/gcc/arm-linux-androideabi/4.9.x/../../../../arm-linux-androideabi/lib/:/home/yuhao/android-18-toolchain/bin/../sysroot/usr/lib/
COLLECT_GCC_OPTIONS='-v' '-o' 'cmTC_6ac89' '-rdynamic' '-march=armv5te' '-mfloat-abi=soft' '-mfpu=vfp' '-mtls-dialect=gnu'
 /home/yuhao/android-18-toolchain/bin/../libexec/gcc/arm-linux-androideabi/4.9.x/collect2 -plugin /home/yuhao/android-18-toolchain/bin/../libexec/gcc/arm-linux-androideabi/4.9.x/liblto_plugin.so -plugin-opt=/home/yuhao/android-18-toolchain/bin/../libexec/gcc/arm-linux-androideabi/4.9.x/lto-wrapper -plugin-opt=-fresolution=/tmp/ccRXpBiD.res -plugin-opt=-pass-through=-lgcc -plugin-opt=-pass-through=-lc -plugin-opt=-pass-through=-ldl -plugin-opt=-pass-through=-lgcc --sysroot=/home/yuhao/android-18-toolchain/bin/../sysroot --eh-frame-hdr -export-dynamic -dynamic-linker /system/bin/linker -X -m armelf_linux_eabi -z noexecstack -z relro -z now -o cmTC_6ac89 /home/yuhao/android-18-toolchain/bin/../sysroot/usr/lib/crtbegin_dynamic.o -L/home/yuhao/android-18-toolchain/bin/../lib/gcc/arm-linux-androideabi/4.9.x -L/home/yuhao/android-18-toolchain/bin/../lib/gcc -L/home/yuhao/android-18-toolchain/bin/../lib/gcc/arm-linux-androideabi/4.9.x/../../../../arm-linux-androideabi/lib -L/home/yuhao/android-18-toolchain/bin/../sysroot/usr/lib CMakeFiles/cmTC_6ac89.dir/CMakeCCompilerABI.c.o -lgcc -lc -ldl -lgcc /home/yuhao/android-18-toolchain/bin/../sysroot/usr/lib/crtend_android.o
make[1]: Leaving directory '/home/yuhao/ytxPlayer/android/contrib/libx265/tmp/x265_2.5/build/arm-linux/CMakeFiles/CMakeTmp'


Parsed C implicit link information from above output:
  link line regex: [^( *|.*[/\])(ld|([^/\]+-)?ld|collect2)[^/\]*( |$)]
  ignore line: [Change Dir: /home/yuhao/ytxPlayer/android/contrib/libx265/tmp/x265_2.5/build/arm-linux/CMakeFiles/CMakeTmp]
  ignore line: []
  ignore line: [Run Build Command:"/usr/bin/make" "cmTC_6ac89/fast"]
  ignore line: [/usr/bin/make -f CMakeFiles/cmTC_6ac89.dir/build.make CMakeFiles/cmTC_6ac89.dir/build]
  ignore line: [make[1]: Entering directory '/home/yuhao/ytxPlayer/android/contrib/libx265/tmp/x265_2.5/build/arm-linux/CMakeFiles/CMakeTmp']
  ignore line: [Building C object CMakeFiles/cmTC_6ac89.dir/CMakeCCompilerABI.c.o]
  ignore line: [/home/yuhao/android-18-toolchain/bin/arm-linux-androideabi-gcc     -o CMakeFiles/cmTC_6ac89.dir/CMakeCCompilerABI.c.o   -c /usr/share/cmake-3.5/Modules/CMakeCCompilerABI.c]
  ignore line: [Linking C executable cmTC_6ac89]
  ignore line: [/usr/bin/cmake -E cmake_link_script CMakeFiles/cmTC_6ac89.dir/link.txt --verbose=1]
  ignore line: [/home/yuhao/android-18-toolchain/bin/arm-linux-androideabi-gcc      -v CMakeFiles/cmTC_6ac89.dir/CMakeCCompilerABI.c.o  -o cmTC_6ac89 -rdynamic  ]
  ignore line: [Using built-in specs.]
  ignore line: [COLLECT_GCC=/home/yuhao/android-18-toolchain/bin/arm-linux-androideabi-gcc]
  ignore line: [COLLECT_LTO_WRAPPER=/home/yuhao/android-18-toolchain/bin/../libexec/gcc/arm-linux-androideabi/4.9.x/lto-wrapper]
  ignore line: [Target: arm-linux-androideabi]
  ignore line: [Configured with: /usr/local/google/buildbot/src/android/gcc/toolchain/build/../gcc/gcc-4.9/configure --prefix=/tmp/59719db9ae19ff43aef46bbcb79596b6 --target=arm-linux-androideabi --host=x86_64-linux-gnu --build=x86_64-linux-gnu --with-gnu-as --with-gnu-ld --enable-languages=c,c++ --with-gmp=/buildbot/tmp/build/toolchain/temp-install --with-mpfr=/buildbot/tmp/build/toolchain/temp-install --with-mpc=/buildbot/tmp/build/toolchain/temp-install --with-cloog=/buildbot/tmp/build/toolchain/temp-install --with-isl=/buildbot/tmp/build/toolchain/temp-install --with-ppl=/buildbot/tmp/build/toolchain/temp-install --disable-ppl-version-check --disable-cloog-version-check --disable-isl-version-check --enable-cloog-backend=isl --with-host-libstdcxx='-static-libgcc -Wl,-Bstatic,-lstdc++,-Bdynamic -lm' --disable-libssp --enable-threads --disable-nls --disable-libmudflap --disable-libgomp --disable-libstdc__-v3 --disable-sjlj-exceptions --disable-shared --disable-tls --disable-libitm --with-float=soft --with-fpu=vfp --with-arch=armv5te --enable-target-optspace --enable-bionic-libs --enable-libatomic-ifuncs=no --enable-initfini-array --disable-nls --prefix=/tmp/59719db9ae19ff43aef46bbcb79596b6 --with-sysroot=/tmp/59719db9ae19ff43aef46bbcb79596b6/sysroot --with-binutils-version=2.25 --with-mpfr-version=3.1.1 --with-mpc-version=1.0.1 --with-gmp-version=5.0.5 --with-gcc-version=4.9 --with-gdb-version=none --with-gxx-include-dir=/tmp/59719db9ae19ff43aef46bbcb79596b6/include/c++/4.9.x --with-bugurl=http://source.android.com/source/report-bugs.html --enable-languages=c,c++ --disable-bootstrap --enable-plugins --enable-libgomp --enable-gnu-indirect-function --disable-libsanitizer --enable-gold --enable-threads --enable-eh-frame-hdr-for-static --enable-graphite=yes --with-isl-version=0.11.1 --with-cloog-version=0.18.0 --with-arch=armv5te --program-transform-name='s&^&arm-linux-androideabi-&' --enable-gold=default]
  ignore line: [Thread model: posix]
  ignore line: [gcc version 4.9.x 20150123 (prerelease) (GCC) ]
  ignore line: [COMPILER_PATH=/home/yuhao/android-18-toolchain/bin/../libexec/gcc/arm-linux-androideabi/4.9.x/:/home/yuhao/android-18-toolchain/bin/../libexec/gcc/:/home/yuhao/android-18-toolchain/bin/../lib/gcc/arm-linux-androideabi/4.9.x/../../../../arm-linux-androideabi/bin/]
  ignore line: [LIBRARY_PATH=/home/yuhao/android-18-toolchain/bin/../lib/gcc/arm-linux-androideabi/4.9.x/:/home/yuhao/android-18-toolchain/bin/../lib/gcc/:/home/yuhao/android-18-toolchain/bin/../lib/gcc/arm-linux-androideabi/4.9.x/../../../../arm-linux-androideabi/lib/:/home/yuhao/android-18-toolchain/bin/../sysroot/usr/lib/]
  ignore line: [COLLECT_GCC_OPTIONS='-v' '-o' 'cmTC_6ac89' '-rdynamic' '-march=armv5te' '-mfloat-abi=soft' '-mfpu=vfp' '-mtls-dialect=gnu']
  link line: [ /home/yuhao/android-18-toolchain/bin/../libexec/gcc/arm-linux-androideabi/4.9.x/collect2 -plugin /home/yuhao/android-18-toolchain/bin/../libexec/gcc/arm-linux-androideabi/4.9.x/liblto_plugin.so -plugin-opt=/home/yuhao/android-18-toolchain/bin/../libexec/gcc/arm-linux-androideabi/4.9.x/lto-wrapper -plugin-opt=-fresolution=/tmp/ccRXpBiD.res -plugin-opt=-pass-through=-lgcc -plugin-opt=-pass-through=-lc -plugin-opt=-pass-through=-ldl -plugin-opt=-pass-through=-lgcc --sysroot=/home/yuhao/android-18-toolchain/bin/../sysroot --eh-frame-hdr -export-dynamic -dynamic-linker /system/bin/linker -X -m armelf_linux_eabi -z noexecstack -z relro -z now -o cmTC_6ac89 /home/yuhao/android-18-toolchain/bin/../sysroot/usr/lib/crtbegin_dynamic.o -L/home/yuhao/android-18-toolchain/bin/../lib/gcc/arm-linux-androideabi/4.9.x -L/home/yuhao/android-18-toolchain/bin/../lib/gcc -L/home/yuhao/android-18-toolchain/bin/../lib/gcc/arm-linux-androideabi/4.9.x/../../../../arm-linux-androideabi/lib -L/home/yuhao/android-18-toolchain/bin/../sysroot/usr/lib CMakeFiles/cmTC_6ac89.dir/CMakeCCompilerABI.c.o -lgcc -lc -ldl -lgcc /home/yuhao/android-18-toolchain/bin/../sysroot/usr/lib/crtend_android.o]
    arg [/home/yuhao/android-18-toolchain/bin/../libexec/gcc/arm-linux-androideabi/4.9.x/collect2] ==> ignore
    arg [-plugin] ==> ignore
    arg [/home/yuhao/android-18-toolchain/bin/../libexec/gcc/arm-linux-androideabi/4.9.x/liblto_plugin.so] ==> ignore
    arg [-plugin-opt=/home/yuhao/android-18-toolchain/bin/../libexec/gcc/arm-linux-androideabi/4.9.x/lto-wrapper] ==> ignore
    arg [-plugin-opt=-fresolution=/tmp/ccRXpBiD.res] ==> ignore
    arg [-plugin-opt=-pass-through=-lgcc] ==> ignore
    arg [-plugin-opt=-pass-through=-lc] ==> ignore
    arg [-plugin-opt=-pass-through=-ldl] ==> ignore
    arg [-plugin-opt=-pass-through=-lgcc] ==> ignore
    arg [--sysroot=/home/yuhao/android-18-toolchain/bin/../sysroot] ==> ignore
    arg [--eh-frame-hdr] ==> ignore
    arg [-export-dynamic] ==> ignore
    arg [-dynamic-linker] ==> ignore
    arg [/system/bin/linker] ==> ignore
    arg [-X] ==> ignore
    arg [-m] ==> ignore
    arg [armelf_linux_eabi] ==> ignore
    arg [-znoexecstack] ==> ignore
    arg [-zrelro] ==> ignore
    arg [-znow] ==> ignore
    arg [-o] ==> ignore
    arg [cmTC_6ac89] ==> ignore
    arg [/home/yuhao/android-18-toolchain/bin/../sysroot/usr/lib/crtbegin_dynamic.o] ==> ignore
    arg [-L/home/yuhao/android-18-toolchain/bin/../lib/gcc/arm-linux-androideabi/4.9.x] ==> dir [/home/yuhao/android-18-toolchain/bin/../lib/gcc/arm-linux-androideabi/4.9.x]
    arg [-L/home/yuhao/android-18-toolchain/bin/../lib/gcc] ==> dir [/home/yuhao/android-18-toolchain/bin/../lib/gcc]
    arg [-L/home/yuhao/android-18-toolchain/bin/../lib/gcc/arm-linux-androideabi/4.9.x/../../../../arm-linux-androideabi/lib] ==> dir [/home/yuhao/android-18-toolchain/bin/../lib/gcc/arm-linux-androideabi/4.9.x/../../../../arm-linux-androideabi/lib]
    arg [-L/home/yuhao/android-18-toolchain/bin/../sysroot/usr/lib] ==> dir [/home/yuhao/android-18-toolchain/bin/../sysroot/usr/lib]
    arg [CMakeFiles/cmTC_6ac89.dir/CMakeCCompilerABI.c.o] ==> ignore
    arg [-lgcc] ==> lib [gcc]
    arg [-lc] ==> lib [c]
    arg [-ldl] ==> lib [dl]
    arg [-lgcc] ==> lib [gcc]
    arg [/home/yuhao/android-18-toolchain/bin/../sysroot/usr/lib/crtend_android.o] ==> ignore
  remove lib [gcc]
  remove lib [gcc]
  collapse library dir [/home/yuhao/android-18-toolchain/bin/../lib/gcc/arm-linux-androideabi/4.9.x] ==> [/home/yuhao/android-18-toolchain/lib/gcc/arm-linux-androideabi/4.9.x]
  collapse library dir [/home/yuhao/android-18-toolchain/bin/../lib/gcc] ==> [/home/yuhao/android-18-toolchain/lib/gcc]
  collapse library dir [/home/yuhao/android-18-toolchain/bin/../lib/gcc/arm-linux-androideabi/4.9.x/../../../../arm-linux-androideabi/lib] ==> [/home/yuhao/android-18-toolchain/arm-linux-androideabi/lib]
  collapse library dir [/home/yuhao/android-18-toolchain/bin/../sysroot/usr/lib] ==> [/home/yuhao/android-18-toolchain/sysroot/usr/lib]
  implicit libs: [c;dl]
  implicit dirs: [/home/yuhao/android-18-toolchain/lib/gcc/arm-linux-androideabi/4.9.x;/home/yuhao/android-18-toolchain/lib/gcc;/home/yuhao/android-18-toolchain/arm-linux-androideabi/lib;/home/yuhao/android-18-toolchain/sysroot/usr/lib]
  implicit fwks: []




Detecting C [-std=c11] compiler features compiled with the following output:
Change Dir: /home/yuhao/ytxPlayer/android/contrib/libx265/tmp/x265_2.5/build/arm-linux/CMakeFiles/CMakeTmp

Run Build Command:"/usr/bin/make" "cmTC_cc5af/fast"
/usr/bin/make -f CMakeFiles/cmTC_cc5af.dir/build.make CMakeFiles/cmTC_cc5af.dir/build
make[1]: Entering directory '/home/yuhao/ytxPlayer/android/contrib/libx265/tmp/x265_2.5/build/arm-linux/CMakeFiles/CMakeTmp'
Building C object CMakeFiles/cmTC_cc5af.dir/feature_tests.c.o
/home/yuhao/android-18-toolchain/bin/arm-linux-androideabi-gcc    -std=c11 -o CMakeFiles/cmTC_cc5af.dir/feature_tests.c.o   -c /home/yuhao/ytxPlayer/android/contrib/libx265/tmp/x265_2.5/build/arm-linux/CMakeFiles/feature_tests.c
Linking C executable cmTC_cc5af
/usr/bin/cmake -E cmake_link_script CMakeFiles/cmTC_cc5af.dir/link.txt --verbose=1
/home/yuhao/android-18-toolchain/bin/arm-linux-androideabi-gcc       CMakeFiles/cmTC_cc5af.dir/feature_tests.c.o  -o cmTC_cc5af -rdynamic 
make[1]: Leaving directory '/home/yuhao/ytxPlayer/android/contrib/libx265/tmp/x265_2.5/build/arm-linux/CMakeFiles/CMakeTmp'


    Feature record: C_FEATURE:1c_function_prototypes
    Feature record: C_FEATURE:1c_restrict
    Feature record: C_FEATURE:1c_static_assert
    Feature record: C_FEATURE:1c_variadic_macros


Detecting C [-std=c99] compiler features compiled with the following output:
Change Dir: /home/yuhao/ytxPlayer/android/contrib/libx265/tmp/x265_2.5/build/arm-linux/CMakeFiles/CMakeTmp

Run Build Command:"/usr/bin/make" "cmTC_9bde3/fast"
/usr/bin/make -f CMakeFiles/cmTC_9bde3.dir/build.make CMakeFiles/cmTC_9bde3.dir/build
make[1]: Entering directory '/home/yuhao/ytxPlayer/android/contrib/libx265/tmp/x265_2.5/build/arm-linux/CMakeFiles/CMakeTmp'
Building C object CMakeFiles/cmTC_9bde3.dir/feature_tests.c.o
/home/yuhao/android-18-toolchain/bin/arm-linux-androideabi-gcc    -std=c99 -o CMakeFiles/cmTC_9bde3.dir/feature_tests.c.o   -c /home/yuhao/ytxPlayer/android/contrib/libx265/tmp/x265_2.5/build/arm-linux/CMakeFiles/feature_tests.c
Linking C executable cmTC_9bde3
/usr/bin/cmake -E cmake_link_script CMakeFiles/cmTC_9bde3.dir/link.txt --verbose=1
/home/yuhao/android-18-toolchain/bin/arm-linux-androideabi-gcc       CMakeFiles/cmTC_9bde3.dir/feature_tests.c.o  -o cmTC_9bde3 -rdynamic 
make[1]: Leaving directory '/home/yuhao/ytxPlayer/android/contrib/libx265/tmp/x265_2.5/build/arm-linux/CMakeFiles/CMakeTmp'


    Feature record: C_FEATURE:1c_function_prototypes
    Feature record: C_FEATURE:1c_restrict
    Feature record: C_FEATURE:0c_static_assert
    Feature record: C_FEATURE:1c_variadic_macros


Detecting C [-std=c90] compiler features compiled with the following output:
Change Dir: /home/yuhao/ytxPlayer/android/contrib/libx265/tmp/x265_2.5/build/arm-linux/CMakeFiles/CMakeTmp

Run Build Command:"/usr/bin/make" "cmTC_fbbda/fast"
/usr/bin/make -f CMakeFiles/cmTC_fbbda.dir/build.make CMakeFiles/cmTC_fbbda.dir/build
make[1]: Entering directory '/home/yuhao/ytxPlayer/android/contrib/libx265/tmp/x265_2.5/build/arm-linux/CMakeFiles/CMakeTmp'
Building C object CMakeFiles/cmTC_fbbda.dir/feature_tests.c.o
/home/yuhao/android-18-toolchain/bin/arm-linux-androideabi-gcc    -std=c90 -o CMakeFiles/cmTC_fbbda.dir/feature_tests.c.o   -c /home/yuhao/ytxPlayer/android/contrib/libx265/tmp/x265_2.5/build/arm-linux/CMakeFiles/feature_tests.c
Linking C executable cmTC_fbbda
/usr/bin/cmake -E cmake_link_script CMakeFiles/cmTC_fbbda.dir/link.txt --verbose=1
/home/yuhao/android-18-toolchain/bin/arm-linux-androideabi-gcc       CMakeFiles/cmTC_fbbda.dir/feature_tests.c.o  -o cmTC_fbbda -rdynamic 
make[1]: Leaving directory '/home/yuhao/ytxPlayer/android/contrib/libx265/tmp/x265_2.5/build/arm-linux/CMakeFiles/CMakeTmp'


    Feature record: C_FEATURE:1c_function_prototypes
    Feature record: C_FEATURE:0c_restrict
    Feature record: C_FEATURE:0c_static_assert
    Feature record: C_FEATURE:0c_variadic_macros
Determining if the CXX compiler works passed with the following output:
Change Dir: /home/yuhao/ytxPlayer/android/contrib/libx265/tmp/x265_2.5/build/arm-linux/CMakeFiles/CMakeTmp

Run Build Command:"/usr/bin/make" "cmTC_d4afc/fast"
/usr/bin/make -f CMakeFiles/cmTC_d4afc.dir/build.make CMakeFiles/cmTC_d4afc.dir/build
make[1]: Entering directory '/home/yuhao/ytxPlayer/android/contrib/libx265/tmp/x265_2.5/build/arm-linux/CMakeFiles/CMakeTmp'
Building CXX object CMakeFiles/cmTC_d4afc.dir/testCXXCompiler.cxx.o
/home/yuhao/android-18-toolchain/bin/arm-linux-androideabi-g++      -o CMakeFiles/cmTC_d4afc.dir/testCXXCompiler.cxx.o -c /home/yuhao/ytxPlayer/android/contrib/libx265/tmp/x265_2.5/build/arm-linux/CMakeFiles/CMakeTmp/testCXXCompiler.cxx
Linking CXX executable cmTC_d4afc
/usr/bin/cmake -E cmake_link_script CMakeFiles/cmTC_d4afc.dir/link.txt --verbose=1
/home/yuhao/android-18-toolchain/bin/arm-linux-androideabi-g++        CMakeFiles/cmTC_d4afc.dir/testCXXCompiler.cxx.o  -o cmTC_d4afc -rdynamic 
make[1]: Leaving directory '/home/yuhao/ytxPlayer/android/contrib/libx265/tmp/x265_2.5/build/arm-linux/CMakeFiles/CMakeTmp'


Detecting CXX compiler ABI info compiled with the following output:
Change Dir: /home/yuhao/ytxPlayer/android/contrib/libx265/tmp/x265_2.5/build/arm-linux/CMakeFiles/CMakeTmp

Run Build Command:"/usr/bin/make" "cmTC_1254d/fast"
/usr/bin/make -f CMakeFiles/cmTC_1254d.dir/build.make CMakeFiles/cmTC_1254d.dir/build
make[1]: Entering directory '/home/yuhao/ytxPlayer/android/contrib/libx265/tmp/x265_2.5/build/arm-linux/CMakeFiles/CMakeTmp'
Building CXX object CMakeFiles/cmTC_1254d.dir/CMakeCXXCompilerABI.cpp.o
/home/yuhao/android-18-toolchain/bin/arm-linux-androideabi-g++      -o CMakeFiles/cmTC_1254d.dir/CMakeCXXCompilerABI.cpp.o -c /usr/share/cmake-3.5/Modules/CMakeCXXCompilerABI.cpp
Linking CXX executable cmTC_1254d
/usr/bin/cmake -E cmake_link_script CMakeFiles/cmTC_1254d.dir/link.txt --verbose=1
/home/yuhao/android-18-toolchain/bin/arm-linux-androideabi-g++       -v CMakeFiles/cmTC_1254d.dir/CMakeCXXCompilerABI.cpp.o  -o cmTC_1254d -rdynamic  
Using built-in specs.
COLLECT_GCC=/home/yuhao/android-18-toolchain/bin/arm-linux-androideabi-g++
COLLECT_LTO_WRAPPER=/home/yuhao/android-18-toolchain/bin/../libexec/gcc/arm-linux-androideabi/4.9.x/lto-wrapper
Target: arm-linux-androideabi
Configured with: /usr/local/google/buildbot/src/android/gcc/toolchain/build/../gcc/gcc-4.9/configure --prefix=/tmp/59719db9ae19ff43aef46bbcb79596b6 --target=arm-linux-androideabi --host=x86_64-linux-gnu --build=x86_64-linux-gnu --with-gnu-as --with-gnu-ld --enable-languages=c,c++ --with-gmp=/buildbot/tmp/build/toolchain/temp-install --with-mpfr=/buildbot/tmp/build/toolchain/temp-install --with-mpc=/buildbot/tmp/build/toolchain/temp-install --with-cloog=/buildbot/tmp/build/toolchain/temp-install --with-isl=/buildbot/tmp/build/toolchain/temp-install --with-ppl=/buildbot/tmp/build/toolchain/temp-install --disable-ppl-version-check --disable-cloog-version-check --disable-isl-version-check --enable-cloog-backend=isl --with-host-libstdcxx='-static-libgcc -Wl,-Bstatic,-lstdc++,-Bdynamic -lm' --disable-libssp --enable-threads --disable-nls --disable-libmudflap --disable-libgomp --disable-libstdc__-v3 --disable-sjlj-exceptions --disable-shared --disable-tls --disable-libitm --with-float=soft --with-fpu=vfp --with-arch=armv5te --enable-target-optspace --enable-bionic-libs --enable-libatomic-ifuncs=no --enable-initfini-array --disable-nls --prefix=/tmp/59719db9ae19ff43aef46bbcb79596b6 --with-sysroot=/tmp/59719db9ae19ff43aef46bbcb79596b6/sysroot --with-binutils-version=2.25 --with-mpfr-version=3.1.1 --with-mpc-version=1.0.1 --with-gmp-version=5.0.5 --with-gcc-version=4.9 --with-gdb-version=none --with-gxx-include-dir=/tmp/59719db9ae19ff43aef46bbcb79596b6/include/c++/4.9.x --with-bugurl=http://source.android.com/source/report-bugs.html --enable-languages=c,c++ --disable-bootstrap --enable-plugins --enable-libgomp --enable-gnu-indirect-function --disable-libsanitizer --enable-gold --enable-threads --enable-eh-frame-hdr-for-static --enable-graphite=yes --with-isl-version=0.11.1 --with-cloog-version=0.18.0 --with-arch=armv5te --program-transform-name='s&^&arm-linux-androideabi-&' --enable-gold=default
Thread model: posix
gcc version 4.9.x 20150123 (prerelease) (GCC) 
COMPILER_PATH=/home/yuhao/android-18-toolchain/bin/../libexec/gcc/arm-linux-androideabi/4.9.x/:/home/yuhao/android-18-toolchain/bin/../libexec/gcc/:/home/yuhao/android-18-toolchain/bin/../lib/gcc/arm-linux-androideabi/4.9.x/../../../../arm-linux-androideabi/bin/
LIBRARY_PATH=/home/yuhao/android-18-toolchain/bin/../lib/gcc/arm-linux-androideabi/4.9.x/:/home/yuhao/android-18-toolchain/bin/../lib/gcc/:/home/yuhao/android-18-toolchain/bin/../lib/gcc/arm-linux-androideabi/4.9.x/../../../../arm-linux-androideabi/lib/:/home/yuhao/android-18-toolchain/bin/../sysroot/usr/lib/
COLLECT_GCC_OPTIONS='-v' '-o' 'cmTC_1254d' '-rdynamic' '-march=armv5te' '-mfloat-abi=soft' '-mfpu=vfp' '-mtls-dialect=gnu'
 /home/yuhao/android-18-toolchain/bin/../libexec/gcc/arm-linux-androideabi/4.9.x/collect2 -plugin /home/yuhao/android-18-toolchain/bin/../libexec/gcc/arm-linux-androideabi/4.9.x/liblto_plugin.so -plugin-opt=/home/yuhao/android-18-toolchain/bin/../libexec/gcc/arm-linux-androideabi/4.9.x/lto-wrapper -plugin-opt=-fresolution=/tmp/ccJPcMQb.res -plugin-opt=-pass-through=-lgcc -plugin-opt=-pass-through=-lc -plugin-opt=-pass-through=-ldl -plugin-opt=-pass-through=-lgcc --sysroot=/home/yuhao/android-18-toolchain/bin/../sysroot --eh-frame-hdr -export-dynamic -dynamic-linker /system/bin/linker -X -m armelf_linux_eabi -z noexecstack -z relro -z now -o cmTC_1254d /home/yuhao/android-18-toolchain/bin/../sysroot/usr/lib/crtbegin_dynamic.o -L/home/yuhao/android-18-toolchain/bin/../lib/gcc/arm-linux-androideabi/4.9.x -L/home/yuhao/android-18-toolchain/bin/../lib/gcc -L/home/yuhao/android-18-toolchain/bin/../lib/gcc/arm-linux-androideabi/4.9.x/../../../../arm-linux-androideabi/lib -L/home/yuhao/android-18-toolchain/bin/../sysroot/usr/lib CMakeFiles/cmTC_1254d.dir/CMakeCXXCompilerABI.cpp.o -lstdc++ -lm -lgcc -lc -ldl -lgcc /home/yuhao/android-18-toolchain/bin/../sysroot/usr/lib/crtend_android.o
make[1]: Leaving directory '/home/yuhao/ytxPlayer/android/contrib/libx265/tmp/x265_2.5/build/arm-linux/CMakeFiles/CMakeTmp'


Parsed CXX implicit link information from above output:
  link line regex: [^( *|.*[/\])(ld|([^/\]+-)?ld|collect2)[^/\]*( |$)]
  ignore line: [Change Dir: /home/yuhao/ytxPlayer/android/contrib/libx265/tmp/x265_2.5/build/arm-linux/CMakeFiles/CMakeTmp]
  ignore line: []
  ignore line: [Run Build Command:"/usr/bin/make" "cmTC_1254d/fast"]
  ignore line: [/usr/bin/make -f CMakeFiles/cmTC_1254d.dir/build.make CMakeFiles/cmTC_1254d.dir/build]
  ignore line: [make[1]: Entering directory '/home/yuhao/ytxPlayer/android/contrib/libx265/tmp/x265_2.5/build/arm-linux/CMakeFiles/CMakeTmp']
  ignore line: [Building CXX object CMakeFiles/cmTC_1254d.dir/CMakeCXXCompilerABI.cpp.o]
  ignore line: [/home/yuhao/android-18-toolchain/bin/arm-linux-androideabi-g++      -o CMakeFiles/cmTC_1254d.dir/CMakeCXXCompilerABI.cpp.o -c /usr/share/cmake-3.5/Modules/CMakeCXXCompilerABI.cpp]
  ignore line: [Linking CXX executable cmTC_1254d]
  ignore line: [/usr/bin/cmake -E cmake_link_script CMakeFiles/cmTC_1254d.dir/link.txt --verbose=1]
  ignore line: [/home/yuhao/android-18-toolchain/bin/arm-linux-androideabi-g++       -v CMakeFiles/cmTC_1254d.dir/CMakeCXXCompilerABI.cpp.o  -o cmTC_1254d -rdynamic  ]
  ignore line: [Using built-in specs.]
  ignore line: [COLLECT_GCC=/home/yuhao/android-18-toolchain/bin/arm-linux-androideabi-g++]
  ignore line: [COLLECT_LTO_WRAPPER=/home/yuhao/android-18-toolchain/bin/../libexec/gcc/arm-linux-androideabi/4.9.x/lto-wrapper]
  ignore line: [Target: arm-linux-androideabi]
  ignore line: [Configured with: /usr/local/google/buildbot/src/android/gcc/toolchain/build/../gcc/gcc-4.9/configure --prefix=/tmp/59719db9ae19ff43aef46bbcb79596b6 --target=arm-linux-androideabi --host=x86_64-linux-gnu --build=x86_64-linux-gnu --with-gnu-as --with-gnu-ld --enable-languages=c,c++ --with-gmp=/buildbot/tmp/build/toolchain/temp-install --with-mpfr=/buildbot/tmp/build/toolchain/temp-install --with-mpc=/buildbot/tmp/build/toolchain/temp-install --with-cloog=/buildbot/tmp/build/toolchain/temp-install --with-isl=/buildbot/tmp/build/toolchain/temp-install --with-ppl=/buildbot/tmp/build/toolchain/temp-install --disable-ppl-version-check --disable-cloog-version-check --disable-isl-version-check --enable-cloog-backend=isl --with-host-libstdcxx='-static-libgcc -Wl,-Bstatic,-lstdc++,-Bdynamic -lm' --disable-libssp --enable-threads --disable-nls --disable-libmudflap --disable-libgomp --disable-libstdc__-v3 --disable-sjlj-exceptions --disable-shared --disable-tls --disable-libitm --with-float=soft --with-fpu=vfp --with-arch=armv5te --enable-target-optspace --enable-bionic-libs --enable-libatomic-ifuncs=no --enable-initfini-array --disable-nls --prefix=/tmp/59719db9ae19ff43aef46bbcb79596b6 --with-sysroot=/tmp/59719db9ae19ff43aef46bbcb79596b6/sysroot --with-binutils-version=2.25 --with-mpfr-version=3.1.1 --with-mpc-version=1.0.1 --with-gmp-version=5.0.5 --with-gcc-version=4.9 --with-gdb-version=none --with-gxx-include-dir=/tmp/59719db9ae19ff43aef46bbcb79596b6/include/c++/4.9.x --with-bugurl=http://source.android.com/source/report-bugs.html --enable-languages=c,c++ --disable-bootstrap --enable-plugins --enable-libgomp --enable-gnu-indirect-function --disable-libsanitizer --enable-gold --enable-threads --enable-eh-frame-hdr-for-static --enable-graphite=yes --with-isl-version=0.11.1 --with-cloog-version=0.18.0 --with-arch=armv5te --program-transform-name='s&^&arm-linux-androideabi-&' --enable-gold=default]
  ignore line: [Thread model: posix]
  ignore line: [gcc version 4.9.x 20150123 (prerelease) (GCC) ]
  ignore line: [COMPILER_PATH=/home/yuhao/android-18-toolchain/bin/../libexec/gcc/arm-linux-androideabi/4.9.x/:/home/yuhao/android-18-toolchain/bin/../libexec/gcc/:/home/yuhao/android-18-toolchain/bin/../lib/gcc/arm-linux-androideabi/4.9.x/../../../../arm-linux-androideabi/bin/]
  ignore line: [LIBRARY_PATH=/home/yuhao/android-18-toolchain/bin/../lib/gcc/arm-linux-androideabi/4.9.x/:/home/yuhao/android-18-toolchain/bin/../lib/gcc/:/home/yuhao/android-18-toolchain/bin/../lib/gcc/arm-linux-androideabi/4.9.x/../../../../arm-linux-androideabi/lib/:/home/yuhao/android-18-toolchain/bin/../sysroot/usr/lib/]
  ignore line: [COLLECT_GCC_OPTIONS='-v' '-o' 'cmTC_1254d' '-rdynamic' '-march=armv5te' '-mfloat-abi=soft' '-mfpu=vfp' '-mtls-dialect=gnu']
  link line: [ /home/yuhao/android-18-toolchain/bin/../libexec/gcc/arm-linux-androideabi/4.9.x/collect2 -plugin /home/yuhao/android-18-toolchain/bin/../libexec/gcc/arm-linux-androideabi/4.9.x/liblto_plugin.so -plugin-opt=/home/yuhao/android-18-toolchain/bin/../libexec/gcc/arm-linux-androideabi/4.9.x/lto-wrapper -plugin-opt=-fresolution=/tmp/ccJPcMQb.res -plugin-opt=-pass-through=-lgcc -plugin-opt=-pass-through=-lc -plugin-opt=-pass-through=-ldl -plugin-opt=-pass-through=-lgcc --sysroot=/home/yuhao/android-18-toolchain/bin/../sysroot --eh-frame-hdr -export-dynamic -dynamic-linker /system/bin/linker -X -m armelf_linux_eabi -z noexecstack -z relro -z now -o cmTC_1254d /home/yuhao/android-18-toolchain/bin/../sysroot/usr/lib/crtbegin_dynamic.o -L/home/yuhao/android-18-toolchain/bin/../lib/gcc/arm-linux-androideabi/4.9.x -L/home/yuhao/android-18-toolchain/bin/../lib/gcc -L/home/yuhao/android-18-toolchain/bin/../lib/gcc/arm-linux-androideabi/4.9.x/../../../../arm-linux-androideabi/lib -L/home/yuhao/android-18-toolchain/bin/../sysroot/usr/lib CMakeFiles/cmTC_1254d.dir/CMakeCXXCompilerABI.cpp.o -lstdc++ -lm -lgcc -lc -ldl -lgcc /home/yuhao/android-18-toolchain/bin/../sysroot/usr/lib/crtend_android.o]
    arg [/home/yuhao/android-18-toolchain/bin/../libexec/gcc/arm-linux-androideabi/4.9.x/collect2] ==> ignore
    arg [-plugin] ==> ignore
    arg [/home/yuhao/android-18-toolchain/bin/../libexec/gcc/arm-linux-androideabi/4.9.x/liblto_plugin.so] ==> ignore
    arg [-plugin-opt=/home/yuhao/android-18-toolchain/bin/../libexec/gcc/arm-linux-androideabi/4.9.x/lto-wrapper] ==> ignore
    arg [-plugin-opt=-fresolution=/tmp/ccJPcMQb.res] ==> ignore
    arg [-plugin-opt=-pass-through=-lgcc] ==> ignore
    arg [-plugin-opt=-pass-through=-lc] ==> ignore
    arg [-plugin-opt=-pass-through=-ldl] ==> ignore
    arg [-plugin-opt=-pass-through=-lgcc] ==> ignore
    arg [--sysroot=/home/yuhao/android-18-toolchain/bin/../sysroot] ==> ignore
    arg [--eh-frame-hdr] ==> ignore
    arg [-export-dynamic] ==> ignore
    arg [-dynamic-linker] ==> ignore
    arg [/system/bin/linker] ==> ignore
    arg [-X] ==> ignore
    arg [-m] ==> ignore
    arg [armelf_linux_eabi] ==> ignore
    arg [-znoexecstack] ==> ignore
    arg [-zrelro] ==> ignore
    arg [-znow] ==> ignore
    arg [-o] ==> ignore
    arg [cmTC_1254d] ==> ignore
    arg [/home/yuhao/android-18-toolchain/bin/../sysroot/usr/lib/crtbegin_dynamic.o] ==> ignore
    arg [-L/home/yuhao/android-18-toolchain/bin/../lib/gcc/arm-linux-androideabi/4.9.x] ==> dir [/home/yuhao/android-18-toolchain/bin/../lib/gcc/arm-linux-androideabi/4.9.x]
    arg [-L/home/yuhao/android-18-toolchain/bin/../lib/gcc] ==> dir [/home/yuhao/android-18-toolchain/bin/../lib/gcc]
    arg [-L/home/yuhao/android-18-toolchain/bin/../lib/gcc/arm-linux-androideabi/4.9.x/../../../../arm-linux-androideabi/lib] ==> dir [/home/yuhao/android-18-toolchain/bin/../lib/gcc/arm-linux-androideabi/4.9.x/../../../../arm-linux-androideabi/lib]
    arg [-L/home/yuhao/android-18-toolchain/bin/../sysroot/usr/lib] ==> dir [/home/yuhao/android-18-toolchain/bin/../sysroot/usr/lib]
    arg [CMakeFiles/cmTC_1254d.dir/CMakeCXXCompilerABI.cpp.o] ==> ignore
    arg [-lstdc++] ==> lib [stdc++]
    arg [-lm] ==> lib [m]
    arg [-lgcc] ==> lib [gcc]
    arg [-lc] ==> lib [c]
    arg [-ldl] ==> lib [dl]
    arg [-lgcc] ==> lib [gcc]
    arg [/home/yuhao/android-18-toolchain/bin/../sysroot/usr/lib/crtend_android.o] ==> ignore
  remove lib [gcc]
  remove lib [gcc]
  collapse library dir [/home/yuhao/android-18-toolchain/bin/../lib/gcc/arm-linux-androideabi/4.9.x] ==> [/home/yuhao/android-18-toolchain/lib/gcc/arm-linux-androideabi/4.9.x]
  collapse library dir [/home/yuhao/android-18-toolchain/bin/../lib/gcc] ==> [/home/yuhao/android-18-toolchain/lib/gcc]
  collapse library dir [/home/yuhao/android-18-toolchain/bin/../lib/gcc/arm-linux-androideabi/4.9.x/../../../../arm-linux-androideabi/lib] ==> [/home/yuhao/android-18-toolchain/arm-linux-androideabi/lib]
  collapse library dir [/home/yuhao/android-18-toolchain/bin/../sysroot/usr/lib] ==> [/home/yuhao/android-18-toolchain/sysroot/usr/lib]
  implicit libs: [stdc++;m;c;dl]
  implicit dirs: [/home/yuhao/android-18-toolchain/lib/gcc/arm-linux-androideabi/4.9.x;/home/yuhao/android-18-toolchain/lib/gcc;/home/yuhao/android-18-toolchain/arm-linux-androideabi/lib;/home/yuhao/android-18-toolchain/sysroot/usr/lib]
  implicit fwks: []




Detecting CXX [-std=c++14] compiler features compiled with the following output:
Change Dir: /home/yuhao/ytxPlayer/android/contrib/libx265/tmp/x265_2.5/build/arm-linux/CMakeFiles/CMakeTmp

Run Build Command:"/usr/bin/make" "cmTC_8c8c9/fast"
/usr/bin/make -f CMakeFiles/cmTC_8c8c9.dir/build.make CMakeFiles/cmTC_8c8c9.dir/build
make[1]: Entering directory '/home/yuhao/ytxPlayer/android/contrib/libx265/tmp/x265_2.5/build/arm-linux/CMakeFiles/CMakeTmp'
Building CXX object CMakeFiles/cmTC_8c8c9.dir/feature_tests.cxx.o
/home/yuhao/android-18-toolchain/bin/arm-linux-androideabi-g++     -std=c++14 -o CMakeFiles/cmTC_8c8c9.dir/feature_tests.cxx.o -c /home/yuhao/ytxPlayer/android/contrib/libx265/tmp/x265_2.5/build/arm-linux/CMakeFiles/feature_tests.cxx
Linking CXX executable cmTC_8c8c9
/usr/bin/cmake -E cmake_link_script CMakeFiles/cmTC_8c8c9.dir/link.txt --verbose=1
/home/yuhao/android-18-toolchain/bin/arm-linux-androideabi-g++        CMakeFiles/cmTC_8c8c9.dir/feature_tests.cxx.o  -o cmTC_8c8c9 -rdynamic 
make[1]: Leaving directory '/home/yuhao/ytxPlayer/android/contrib/libx265/tmp/x265_2.5/build/arm-linux/CMakeFiles/CMakeTmp'


    Feature record: CXX_FEATURE:0cxx_aggregate_default_initializers
    Feature record: CXX_FEATURE:1cxx_alias_templates
    Feature record: CXX_FEATURE:1cxx_alignas
    Feature record: CXX_FEATURE:1cxx_alignof
    Feature record: CXX_FEATURE:1cxx_attributes
    Feature record: CXX_FEATURE:1cxx_attribute_deprecated
    Feature record: CXX_FEATURE:1cxx_auto_type
    Feature record: CXX_FEATURE:1cxx_binary_literals
    Feature record: CXX_FEATURE:1cxx_constexpr
    Feature record: CXX_FEATURE:1cxx_contextual_conversions
    Feature record: CXX_FEATURE:1cxx_decltype
    Feature record: CXX_FEATURE:1cxx_decltype_auto
    Feature record: CXX_FEATURE:1cxx_decltype_incomplete_return_types
    Feature record: CXX_FEATURE:1cxx_default_function_template_args
    Feature record: CXX_FEATURE:1cxx_defaulted_functions
    Feature record: CXX_FEATURE:1cxx_defaulted_move_initializers
    Feature record: CXX_FEATURE:1cxx_delegating_constructors
    Feature record: CXX_FEATURE:1cxx_deleted_functions
    Feature record: CXX_FEATURE:1cxx_digit_separators
    Feature record: CXX_FEATURE:1cxx_enum_forward_declarations
    Feature record: CXX_FEATURE:1cxx_explicit_conversions
    Feature record: CXX_FEATURE:1cxx_extended_friend_declarations
    Feature record: CXX_FEATURE:1cxx_extern_templates
    Feature record: CXX_FEATURE:1cxx_final
    Feature record: CXX_FEATURE:1cxx_func_identifier
    Feature record: CXX_FEATURE:1cxx_generalized_initializers
    Feature record: CXX_FEATURE:1cxx_generic_lambdas
    Feature record: CXX_FEATURE:1cxx_inheriting_constructors
    Feature record: CXX_FEATURE:1cxx_inline_namespaces
    Feature record: CXX_FEATURE:1cxx_lambdas
    Feature record: CXX_FEATURE:1cxx_lambda_init_captures
    Feature record: CXX_FEATURE:1cxx_local_type_template_args
    Feature record: CXX_FEATURE:1cxx_long_long_type
    Feature record: CXX_FEATURE:1cxx_noexcept
    Feature record: CXX_FEATURE:1cxx_nonstatic_member_init
    Feature record: CXX_FEATURE:1cxx_nullptr
    Feature record: CXX_FEATURE:1cxx_override
    Feature record: CXX_FEATURE:1cxx_range_for
    Feature record: CXX_FEATURE:1cxx_raw_string_literals
    Feature record: CXX_FEATURE:1cxx_reference_qualified_functions
    Feature record: CXX_FEATURE:0cxx_relaxed_constexpr
    Feature record: CXX_FEATURE:1cxx_return_type_deduction
    Feature record: CXX_FEATURE:1cxx_right_angle_brackets
    Feature record: CXX_FEATURE:1cxx_rvalue_references
    Feature record: CXX_FEATURE:1cxx_sizeof_member
    Feature record: CXX_FEATURE:1cxx_static_assert
    Feature record: CXX_FEATURE:1cxx_strong_enums
    Feature record: CXX_FEATURE:1cxx_template_template_parameters
    Feature record: CXX_FEATURE:1cxx_thread_local
    Feature record: CXX_FEATURE:1cxx_trailing_return_types
    Feature record: CXX_FEATURE:1cxx_unicode_literals
    Feature record: CXX_FEATURE:1cxx_uniform_initialization
    Feature record: CXX_FEATURE:1cxx_unrestricted_unions
    Feature record: CXX_FEATURE:1cxx_user_literals
    Feature record: CXX_FEATURE:0cxx_variable_templates
    Feature record: CXX_FEATURE:1cxx_variadic_macros
    Feature record: CXX_FEATURE:1cxx_variadic_templates


Detecting CXX [-std=c++11] compiler features compiled with the following output:
Change Dir: /home/yuhao/ytxPlayer/android/contrib/libx265/tmp/x265_2.5/build/arm-linux/CMakeFiles/CMakeTmp

Run Build Command:"/usr/bin/make" "cmTC_c61a1/fast"
/usr/bin/make -f CMakeFiles/cmTC_c61a1.dir/build.make CMakeFiles/cmTC_c61a1.dir/build
make[1]: Entering directory '/home/yuhao/ytxPlayer/android/contrib/libx265/tmp/x265_2.5/build/arm-linux/CMakeFiles/CMakeTmp'
Building CXX object CMakeFiles/cmTC_c61a1.dir/feature_tests.cxx.o
/home/yuhao/android-18-toolchain/bin/arm-linux-androideabi-g++     -std=c++11 -o CMakeFiles/cmTC_c61a1.dir/feature_tests.cxx.o -c /home/yuhao/ytxPlayer/android/contrib/libx265/tmp/x265_2.5/build/arm-linux/CMakeFiles/feature_tests.cxx
Linking CXX executable cmTC_c61a1
/usr/bin/cmake -E cmake_link_script CMakeFiles/cmTC_c61a1.dir/link.txt --verbose=1
/home/yuhao/android-18-toolchain/bin/arm-linux-androideabi-g++        CMakeFiles/cmTC_c61a1.dir/feature_tests.cxx.o  -o cmTC_c61a1 -rdynamic 
make[1]: Leaving directory '/home/yuhao/ytxPlayer/android/contrib/libx265/tmp/x265_2.5/build/arm-linux/CMakeFiles/CMakeTmp'


    Feature record: CXX_FEATURE:0cxx_aggregate_default_initializers
    Feature record: CXX_FEATURE:1cxx_alias_templates
    Feature record: CXX_FEATURE:1cxx_alignas
    Feature record: CXX_FEATURE:1cxx_alignof
    Feature record: CXX_FEATURE:1cxx_attributes
    Feature record: CXX_FEATURE:0cxx_attribute_deprecated
    Feature record: CXX_FEATURE:1cxx_auto_type
    Feature record: CXX_FEATURE:0cxx_binary_literals
    Feature record: CXX_FEATURE:1cxx_constexpr
    Feature record: CXX_FEATURE:0cxx_contextual_conversions
    Feature record: CXX_FEATURE:1cxx_decltype
    Feature record: CXX_FEATURE:0cxx_decltype_auto
    Feature record: CXX_FEATURE:1cxx_decltype_incomplete_return_types
    Feature record: CXX_FEATURE:1cxx_default_function_template_args
    Feature record: CXX_FEATURE:1cxx_defaulted_functions
    Feature record: CXX_FEATURE:1cxx_defaulted_move_initializers
    Feature record: CXX_FEATURE:1cxx_delegating_constructors
    Feature record: CXX_FEATURE:1cxx_deleted_functions
    Feature record: CXX_FEATURE:0cxx_digit_separators
    Feature record: CXX_FEATURE:1cxx_enum_forward_declarations
    Feature record: CXX_FEATURE:1cxx_explicit_conversions
    Feature record: CXX_FEATURE:1cxx_extended_friend_declarations
    Feature record: CXX_FEATURE:1cxx_extern_templates
    Feature record: CXX_FEATURE:1cxx_final
    Feature record: CXX_FEATURE:1cxx_func_identifier
    Feature record: CXX_FEATURE:1cxx_generalized_initializers
    Feature record: CXX_FEATURE:0cxx_generic_lambdas
    Feature record: CXX_FEATURE:1cxx_inheriting_constructors
    Feature record: CXX_FEATURE:1cxx_inline_namespaces
    Feature record: CXX_FEATURE:1cxx_lambdas
    Feature record: CXX_FEATURE:0cxx_lambda_init_captures
    Feature record: CXX_FEATURE:1cxx_local_type_template_args
    Feature record: CXX_FEATURE:1cxx_long_long_type
    Feature record: CXX_FEATURE:1cxx_noexcept
    Feature record: CXX_FEATURE:1cxx_nonstatic_member_init
    Feature record: CXX_FEATURE:1cxx_nullptr
    Feature record: CXX_FEATURE:1cxx_override
    Feature record: CXX_FEATURE:1cxx_range_for
    Feature record: CXX_FEATURE:1cxx_raw_string_literals
    Feature record: CXX_FEATURE:1cxx_reference_qualified_functions
    Feature record: CXX_FEATURE:0cxx_relaxed_constexpr
    Feature record: CXX_FEATURE:0cxx_return_type_deduction
    Feature record: CXX_FEATURE:1cxx_right_angle_brackets
    Feature record: CXX_FEATURE:1cxx_rvalue_references
    Feature record: CXX_FEATURE:1cxx_sizeof_member
    Feature record: CXX_FEATURE:1cxx_static_assert
    Feature record: CXX_FEATURE:1cxx_strong_enums
    Feature record: CXX_FEATURE:1cxx_template_template_parameters
    Feature record: CXX_FEATURE:1cxx_thread_local
    Feature record: CXX_FEATURE:1cxx_trailing_return_types
    Feature record: CXX_FEATURE:1cxx_unicode_literals
    Feature record: CXX_FEATURE:1cxx_uniform_initialization
    Feature record: CXX_FEATURE:1cxx_unrestricted_unions
    Feature record: CXX_FEATURE:1cxx_user_literals
    Feature record: CXX_FEATURE:0cxx_variable_templates
    Feature record: CXX_FEATURE:1cxx_variadic_macros
    Feature record: CXX_FEATURE:1cxx_variadic_templates


Detecting CXX [-std=c++98] compiler features compiled with the following output:
Change Dir: /home/yuhao/ytxPlayer/android/contrib/libx265/tmp/x265_2.5/build/arm-linux/CMakeFiles/CMakeTmp

Run Build Command:"/usr/bin/make" "cmTC_40937/fast"
/usr/bin/make -f CMakeFiles/cmTC_40937.dir/build.make CMakeFiles/cmTC_40937.dir/build
make[1]: Entering directory '/home/yuhao/ytxPlayer/android/contrib/libx265/tmp/x265_2.5/build/arm-linux/CMakeFiles/CMakeTmp'
Building CXX object CMakeFiles/cmTC_40937.dir/feature_tests.cxx.o
/home/yuhao/android-18-toolchain/bin/arm-linux-androideabi-g++     -std=c++98 -o CMakeFiles/cmTC_40937.dir/feature_tests.cxx.o -c /home/yuhao/ytxPlayer/android/contrib/libx265/tmp/x265_2.5/build/arm-linux/CMakeFiles/feature_tests.cxx
Linking CXX executable cmTC_40937
/usr/bin/cmake -E cmake_link_script CMakeFiles/cmTC_40937.dir/link.txt --verbose=1
/home/yuhao/android-18-toolchain/bin/arm-linux-androideabi-g++        CMakeFiles/cmTC_40937.dir/feature_tests.cxx.o  -o cmTC_40937 -rdynamic 
make[1]: Leaving directory '/home/yuhao/ytxPlayer/android/contrib/libx265/tmp/x265_2.5/build/arm-linux/CMakeFiles/CMakeTmp'


    Feature record: CXX_FEATURE:0cxx_aggregate_default_initializers
    Feature record: CXX_FEATURE:0cxx_alias_templates
    Feature record: CXX_FEATURE:0cxx_alignas
    Feature record: CXX_FEATURE:0cxx_alignof
    Feature record: CXX_FEATURE:0cxx_attributes
    Feature record: CXX_FEATURE:0cxx_attribute_deprecated
    Feature record: CXX_FEATURE:0cxx_auto_type
    Feature record: CXX_FEATURE:0cxx_binary_literals
    Feature record: CXX_FEATURE:0cxx_constexpr
    Feature record: CXX_FEATURE:0cxx_contextual_conversions
    Feature record: CXX_FEATURE:0cxx_decltype
    Feature record: CXX_FEATURE:0cxx_decltype_auto
    Feature record: CXX_FEATURE:0cxx_decltype_incomplete_return_types
    Feature record: CXX_FEATURE:0cxx_default_function_template_args
    Feature record: CXX_FEATURE:0cxx_defaulted_functions
    Feature record: CXX_FEATURE:0cxx_defaulted_move_initializers
    Feature record: CXX_FEATURE:0cxx_delegating_constructors
    Feature record: CXX_FEATURE:0cxx_deleted_functions
    Feature record: CXX_FEATURE:0cxx_digit_separators
    Feature record: CXX_FEATURE:0cxx_enum_forward_declarations
    Feature record: CXX_FEATURE:0cxx_explicit_conversions
    Feature record: CXX_FEATURE:0cxx_extended_friend_declarations
    Feature record: CXX_FEATURE:0cxx_extern_templates
    Feature record: CXX_FEATURE:0cxx_final
    Feature record: CXX_FEATURE:0cxx_func_identifier
    Feature record: CXX_FEATURE:0cxx_generalized_initializers
    Feature record: CXX_FEATURE:0cxx_generic_lambdas
    Feature record: CXX_FEATURE:0cxx_inheriting_constructors
    Feature record: CXX_FEATURE:0cxx_inline_namespaces
    Feature record: CXX_FEATURE:0cxx_lambdas
    Feature record: CXX_FEATURE:0cxx_lambda_init_captures
    Feature record: CXX_FEATURE:0cxx_local_type_template_args
    Feature record: CXX_FEATURE:0cxx_long_long_type
    Feature record: CXX_FEATURE:0cxx_noexcept
    Feature record: CXX_FEATURE:0cxx_nonstatic_member_init
    Feature record: CXX_FEATURE:0cxx_nullptr
    Feature record: CXX_FEATURE:0cxx_override
    Feature record: CXX_FEATURE:0cxx_range_for
    Feature record: CXX_FEATURE:0cxx_raw_string_literals
    Feature record: CXX_FEATURE:0cxx_reference_qualified_functions
    Feature record: CXX_FEATURE:0cxx_relaxed_constexpr
    Feature record: CXX_FEATURE:0cxx_return_type_deduction
    Feature record: CXX_FEATURE:0cxx_right_angle_brackets
    Feature record: CXX_FEATURE:0cxx_rvalue_references
    Feature record: CXX_FEATURE:0cxx_sizeof_member
    Feature record: CXX_FEATURE:0cxx_static_assert
    Feature record: CXX_FEATURE:0cxx_strong_enums
    Feature record: CXX_FEATURE:1cxx_template_template_parameters
    Feature record: CXX_FEATURE:0cxx_thread_local
    Feature record: CXX_FEATURE:0cxx_trailing_return_types
    Feature record: CXX_FEATURE:0cxx_unicode_literals
    Feature record: CXX_FEATURE:0cxx_uniform_initialization
    Feature record: CXX_FEATURE:0cxx_unrestricted_unions
    Feature record: CXX_FEATURE:0cxx_user_literals
    Feature record: CXX_FEATURE:0cxx_variable_templates
    Feature record: CXX_FEATURE:0cxx_variadic_macros
    Feature record: CXX_FEATURE:0cxx_variadic_templates
Determining if files inttypes.h exist passed with the following output:
Change Dir: /home/yuhao/ytxPlayer/android/contrib/libx265/tmp/x265_2.5/build/arm-linux/CMakeFiles/CMakeTmp

Run Build Command:"/usr/bin/make" "cmTC_3b6d3/fast"
/usr/bin/make -f CMakeFiles/cmTC_3b6d3.dir/build.make CMakeFiles/cmTC_3b6d3.dir/build
make[1]: Entering directory '/home/yuhao/ytxPlayer/android/contrib/libx265/tmp/x265_2.5/build/arm-linux/CMakeFiles/CMakeTmp'
Building C object CMakeFiles/cmTC_3b6d3.dir/CheckIncludeFiles.c.o
/home/yuhao/android-18-toolchain/bin/arm-linux-androideabi-gcc     -o CMakeFiles/cmTC_3b6d3.dir/CheckIncludeFiles.c.o   -c /home/yuhao/ytxPlayer/android/contrib/libx265/tmp/x265_2.5/build/arm-linux/CMakeFiles/CMakeTmp/CheckIncludeFiles.c
Linking C executable cmTC_3b6d3
/usr/bin/cmake -E cmake_link_script CMakeFiles/cmTC_3b6d3.dir/link.txt --verbose=1
/home/yuhao/android-18-toolchain/bin/arm-linux-androideabi-gcc       CMakeFiles/cmTC_3b6d3.dir/CheckIncludeFiles.c.o  -o cmTC_3b6d3 -rdynamic 
make[1]: Leaving directory '/home/yuhao/ytxPlayer/android/contrib/libx265/tmp/x265_2.5/build/arm-linux/CMakeFiles/CMakeTmp'


Performing C++ SOURCE FILE Test CC_HAS_NO_STRICT_OVERFLOW succeeded with the following output:
Change Dir: /home/yuhao/ytxPlayer/android/contrib/libx265/tmp/x265_2.5/build/arm-linux/CMakeFiles/CMakeTmp

Run Build Command:"/usr/bin/make" "cmTC_4e2de/fast"
/usr/bin/make -f CMakeFiles/cmTC_4e2de.dir/build.make CMakeFiles/cmTC_4e2de.dir/build
make[1]: Entering directory '/home/yuhao/ytxPlayer/android/contrib/libx265/tmp/x265_2.5/build/arm-linux/CMakeFiles/CMakeTmp'
Building CXX object CMakeFiles/cmTC_4e2de.dir/src.cxx.o
/home/yuhao/android-18-toolchain/bin/arm-linux-androideabi-g++     -DCC_HAS_NO_STRICT_OVERFLOW   -Wno-strict-overflow -o CMakeFiles/cmTC_4e2de.dir/src.cxx.o -c /home/yuhao/ytxPlayer/android/contrib/libx265/tmp/x265_2.5/build/arm-linux/CMakeFiles/CMakeTmp/src.cxx
Linking CXX executable cmTC_4e2de
/usr/bin/cmake -E cmake_link_script CMakeFiles/cmTC_4e2de.dir/link.txt --verbose=1
/home/yuhao/android-18-toolchain/bin/arm-linux-androideabi-g++    -DCC_HAS_NO_STRICT_OVERFLOW    CMakeFiles/cmTC_4e2de.dir/src.cxx.o  -o cmTC_4e2de -rdynamic 
make[1]: Leaving directory '/home/yuhao/ytxPlayer/android/contrib/libx265/tmp/x265_2.5/build/arm-linux/CMakeFiles/CMakeTmp'

Source file was:
int main() { return 0; }
Performing C++ SOURCE FILE Test CC_HAS_NO_NARROWING succeeded with the following output:
Change Dir: /home/yuhao/ytxPlayer/android/contrib/libx265/tmp/x265_2.5/build/arm-linux/CMakeFiles/CMakeTmp

Run Build Command:"/usr/bin/make" "cmTC_7f1bf/fast"
/usr/bin/make -f CMakeFiles/cmTC_7f1bf.dir/build.make CMakeFiles/cmTC_7f1bf.dir/build
make[1]: Entering directory '/home/yuhao/ytxPlayer/android/contrib/libx265/tmp/x265_2.5/build/arm-linux/CMakeFiles/CMakeTmp'
Building CXX object CMakeFiles/cmTC_7f1bf.dir/src.cxx.o
/home/yuhao/android-18-toolchain/bin/arm-linux-androideabi-g++     -DCC_HAS_NO_NARROWING   -Wno-narrowing -o CMakeFiles/cmTC_7f1bf.dir/src.cxx.o -c /home/yuhao/ytxPlayer/android/contrib/libx265/tmp/x265_2.5/build/arm-linux/CMakeFiles/CMakeTmp/src.cxx
Linking CXX executable cmTC_7f1bf
/usr/bin/cmake -E cmake_link_script CMakeFiles/cmTC_7f1bf.dir/link.txt --verbose=1
/home/yuhao/android-18-toolchain/bin/arm-linux-androideabi-g++    -DCC_HAS_NO_NARROWING    CMakeFiles/cmTC_7f1bf.dir/src.cxx.o  -o cmTC_7f1bf -rdynamic 
make[1]: Leaving directory '/home/yuhao/ytxPlayer/android/contrib/libx265/tmp/x265_2.5/build/arm-linux/CMakeFiles/CMakeTmp'

Source file was:
int main() { return 0; }
Performing C++ SOURCE FILE Test CC_HAS_NO_ARRAY_BOUNDS succeeded with the following output:
Change Dir: /home/yuhao/ytxPlayer/android/contrib/libx265/tmp/x265_2.5/build/arm-linux/CMakeFiles/CMakeTmp

Run Build Command:"/usr/bin/make" "cmTC_27b20/fast"
/usr/bin/make -f CMakeFiles/cmTC_27b20.dir/build.make CMakeFiles/cmTC_27b20.dir/build
make[1]: Entering directory '/home/yuhao/ytxPlayer/android/contrib/libx265/tmp/x265_2.5/build/arm-linux/CMakeFiles/CMakeTmp'
Building CXX object CMakeFiles/cmTC_27b20.dir/src.cxx.o
/home/yuhao/android-18-toolchain/bin/arm-linux-androideabi-g++     -DCC_HAS_NO_ARRAY_BOUNDS   -Wno-array-bounds -o CMakeFiles/cmTC_27b20.dir/src.cxx.o -c /home/yuhao/ytxPlayer/android/contrib/libx265/tmp/x265_2.5/build/arm-linux/CMakeFiles/CMakeTmp/src.cxx
Linking CXX executable cmTC_27b20
/usr/bin/cmake -E cmake_link_script CMakeFiles/cmTC_27b20.dir/link.txt --verbose=1
/home/yuhao/android-18-toolchain/bin/arm-linux-androideabi-g++    -DCC_HAS_NO_ARRAY_BOUNDS    CMakeFiles/cmTC_27b20.dir/src.cxx.o  -o cmTC_27b20 -rdynamic 
make[1]: Leaving directory '/home/yuhao/ytxPlayer/android/contrib/libx265/tmp/x265_2.5/build/arm-linux/CMakeFiles/CMakeTmp'

Source file was:
int main() { return 0; }
Performing C++ SOURCE FILE Test CC_HAS_FAST_MATH succeeded with the following output:
Change Dir: /home/yuhao/ytxPlayer/android/contrib/libx265/tmp/x265_2.5/build/arm-linux/CMakeFiles/CMakeTmp

Run Build Command:"/usr/bin/make" "cmTC_c4574/fast"
/usr/bin/make -f CMakeFiles/cmTC_c4574.dir/build.make CMakeFiles/cmTC_c4574.dir/build
make[1]: Entering directory '/home/yuhao/ytxPlayer/android/contrib/libx265/tmp/x265_2.5/build/arm-linux/CMakeFiles/CMakeTmp'
Building CXX object CMakeFiles/cmTC_c4574.dir/src.cxx.o
/home/yuhao/android-18-toolchain/bin/arm-linux-androideabi-g++     -DCC_HAS_FAST_MATH   -ffast-math -o CMakeFiles/cmTC_c4574.dir/src.cxx.o -c /home/yuhao/ytxPlayer/android/contrib/libx265/tmp/x265_2.5/build/arm-linux/CMakeFiles/CMakeTmp/src.cxx
Linking CXX executable cmTC_c4574
/usr/bin/cmake -E cmake_link_script CMakeFiles/cmTC_c4574.dir/link.txt --verbose=1
/home/yuhao/android-18-toolchain/bin/arm-linux-androideabi-g++    -DCC_HAS_FAST_MATH    CMakeFiles/cmTC_c4574.dir/src.cxx.o  -o cmTC_c4574 -rdynamic 
make[1]: Leaving directory '/home/yuhao/ytxPlayer/android/contrib/libx265/tmp/x265_2.5/build/arm-linux/CMakeFiles/CMakeTmp'

Source file was:
int main() { return 0; }
Performing C++ SOURCE FILE Test CC_HAS_FNO_EXCEPTIONS_FLAG succeeded with the following output:
Change Dir: /home/yuhao/ytxPlayer/android/contrib/libx265/tmp/x265_2.5/build/arm-linux/CMakeFiles/CMakeTmp

Run Build Command:"/usr/bin/make" "cmTC_060e7/fast"
/usr/bin/make -f CMakeFiles/cmTC_060e7.dir/build.make CMakeFiles/cmTC_060e7.dir/build
make[1]: Entering directory '/home/yuhao/ytxPlayer/android/contrib/libx265/tmp/x265_2.5/build/arm-linux/CMakeFiles/CMakeTmp'
Building CXX object CMakeFiles/cmTC_060e7.dir/src.cxx.o
/home/yuhao/android-18-toolchain/bin/arm-linux-androideabi-g++     -DCC_HAS_FNO_EXCEPTIONS_FLAG   -fno-exceptions -o CMakeFiles/cmTC_060e7.dir/src.cxx.o -c /home/yuhao/ytxPlayer/android/contrib/libx265/tmp/x265_2.5/build/arm-linux/CMakeFiles/CMakeTmp/src.cxx
Linking CXX executable cmTC_060e7
/usr/bin/cmake -E cmake_link_script CMakeFiles/cmTC_060e7.dir/link.txt --verbose=1
/home/yuhao/android-18-toolchain/bin/arm-linux-androideabi-g++    -DCC_HAS_FNO_EXCEPTIONS_FLAG    CMakeFiles/cmTC_060e7.dir/src.cxx.o  -o cmTC_060e7 -rdynamic 
make[1]: Leaving directory '/home/yuhao/ytxPlayer/android/contrib/libx265/tmp/x265_2.5/build/arm-linux/CMakeFiles/CMakeTmp'

Source file was:
int main() { return 0; }
Determining if the strtok_r exist passed with the following output:
Change Dir: /home/yuhao/ytxPlayer/android/contrib/libx265/tmp/x265_2.5/build/arm-linux/CMakeFiles/CMakeTmp

Run Build Command:"/usr/bin/make" "cmTC_20bcf/fast"
/usr/bin/make -f CMakeFiles/cmTC_20bcf.dir/build.make CMakeFiles/cmTC_20bcf.dir/build
make[1]: Entering directory '/home/yuhao/ytxPlayer/android/contrib/libx265/tmp/x265_2.5/build/arm-linux/CMakeFiles/CMakeTmp'
Building C object CMakeFiles/cmTC_20bcf.dir/CheckSymbolExists.c.o
/home/yuhao/android-18-toolchain/bin/arm-linux-androideabi-gcc     -o CMakeFiles/cmTC_20bcf.dir/CheckSymbolExists.c.o   -c /home/yuhao/ytxPlayer/android/contrib/libx265/tmp/x265_2.5/build/arm-linux/CMakeFiles/CMakeTmp/CheckSymbolExists.c
Linking C executable cmTC_20bcf
/usr/bin/cmake -E cmake_link_script CMakeFiles/cmTC_20bcf.dir/link.txt --verbose=1
/home/yuhao/android-18-toolchain/bin/arm-linux-androideabi-gcc       CMakeFiles/cmTC_20bcf.dir/CheckSymbolExists.c.o  -o cmTC_20bcf -rdynamic 
make[1]: Leaving directory '/home/yuhao/ytxPlayer/android/contrib/libx265/tmp/x265_2.5/build/arm-linux/CMakeFiles/CMakeTmp'

File /home/yuhao/ytxPlayer/android/contrib/libx265/tmp/x265_2.5/build/arm-linux/CMakeFiles/CMakeTmp/CheckSymbolExists.c:
/* */
#include <string.h>

int main(int argc, char** argv)
{
  (void)argv;
#ifndef strtok_r
  return ((int*)(&strtok_r))[argc];
#else
  (void)argc;
  return 0;
#endif
}

Determining if files getopt.h exist passed with the following output:
Change Dir: /home/yuhao/ytxPlayer/android/contrib/libx265/tmp/x265_2.5/build/arm-linux/CMakeFiles/CMakeTmp

Run Build Command:"/usr/bin/make" "cmTC_2f864/fast"
/usr/bin/make -f CMakeFiles/cmTC_2f864.dir/build.make CMakeFiles/cmTC_2f864.dir/build
make[1]: Entering directory '/home/yuhao/ytxPlayer/android/contrib/libx265/tmp/x265_2.5/build/arm-linux/CMakeFiles/CMakeTmp'
Building C object CMakeFiles/cmTC_2f864.dir/CheckIncludeFiles.c.o
/home/yuhao/android-18-toolchain/bin/arm-linux-androideabi-gcc     -o CMakeFiles/cmTC_2f864.dir/CheckIncludeFiles.c.o   -c /home/yuhao/ytxPlayer/android/contrib/libx265/tmp/x265_2.5/build/arm-linux/CMakeFiles/CMakeTmp/CheckIncludeFiles.c
Linking C executable cmTC_2f864
/usr/bin/cmake -E cmake_link_script CMakeFiles/cmTC_2f864.dir/link.txt --verbose=1
/home/yuhao/android-18-toolchain/bin/arm-linux-androideabi-gcc       CMakeFiles/cmTC_2f864.dir/CheckIncludeFiles.c.o  -o cmTC_2f864 -rdynamic 
make[1]: Leaving directory '/home/yuhao/ytxPlayer/android/contrib/libx265/tmp/x265_2.5/build/arm-linux/CMakeFiles/CMakeTmp'


