This file contains any messages produced by compilers while
running configure, to aid debugging if configure makes a mistake.

It was created by libcharset configure 1.4, which was
generated by GNU Autoconf 2.69.  Invocation command line was

  $ ./configure --disable-option-checking --prefix=/home/yuhao/ytxPlayer/android/contrib/jni/jniLibs --host=arm-linux host_alias=arm-linux CC=/home/yuhao/android/ndk/android-ndk-r11b/toolchains/arm-linux-androideabi-4.9/prebuilt/linux-x86_64/bin/arm-linux-androideabi-gcc --sysroot=/home/yuhao/android/ndk/android-ndk-r11b/platforms/android-19/arch-arm LDFLAGS=-L/home/yuhao/ytxPlayer/android/contrib/jni/jniLibs/lib CPPFLAGS=-fpic -DANDROID -ffunction-sections -msoft-float -lm --cache-file=/dev/null --srcdir=.

## --------- ##
## Platform. ##
## --------- ##

hostname = yuhao-virtual-machine
uname -m = x86_64
uname -r = 4.4.0-66-generic
uname -s = Linux
uname -v = #87-Ubuntu SMP Fri Mar 3 15:29:05 UTC 2017

/usr/bin/uname -p = unknown
/bin/uname -X     = unknown

/bin/arch              = unknown
/usr/bin/arch -k       = unknown
/usr/convex/getsysinfo = unknown
/usr/bin/hostinfo      = unknown
/bin/machine           = unknown
/usr/bin/oslevel       = unknown
/bin/universe          = unknown

PATH: /usr/local/sbin
PATH: /usr/local/bin
PATH: /usr/sbin
PATH: /usr/bin
PATH: /sbin
PATH: /bin
PATH: /usr/games
PATH: /usr/local/games
PATH: /snap/bin
PATH: /home/yuhao/android/jdk/jdk1.8.0_77/bin
PATH: /home/yuhao/android/sdk/android-sdk-linux
PATH: /home/yuhao/android/ndk/android-ndk-r11b
PATH: /home/yuhao/android/sdk/android-sdk-linux/platform-tools
PATH: /home/yuhao/data/depot_tools
PATH: /home/yuhao/android/ndk/android-ndk-r11b/toolchains/arm-linux-androideabi-4.9/prebuilt/linux-x86_64/bin


## ----------- ##
## Core tests. ##
## ----------- ##

configure:2204: checking whether make sets $(MAKE)
configure:2226: result: yes
configure:2245: checking for arm-linux-gcc
configure:2272: result: /home/yuhao/android/ndk/android-ndk-r11b/toolchains/arm-linux-androideabi-4.9/prebuilt/linux-x86_64/bin/arm-linux-androideabi-gcc --sysroot=/home/yuhao/android/ndk/android-ndk-r11b/platforms/android-19/arch-arm
configure:2541: checking for C compiler version
configure:2550: /home/yuhao/android/ndk/android-ndk-r11b/toolchains/arm-linux-androideabi-4.9/prebuilt/linux-x86_64/bin/arm-linux-androideabi-gcc --sysroot=/home/yuhao/android/ndk/android-ndk-r11b/platforms/android-19/arch-arm --version >&5
arm-linux-androideabi-gcc (GCC) 4.9 20150123 (prerelease)
Copyright (C) 2014 Free Software Foundation, Inc.
This is free software; see the source for copying conditions.  There is NO
warranty; not even for MERCHANTABILITY or FITNESS FOR A PARTICULAR PURPOSE.

configure:2561: $? = 0
configure:2550: /home/yuhao/android/ndk/android-ndk-r11b/toolchains/arm-linux-androideabi-4.9/prebuilt/linux-x86_64/bin/arm-linux-androideabi-gcc --sysroot=/home/yuhao/android/ndk/android-ndk-r11b/platforms/android-19/arch-arm -v >&5
Using built-in specs.
COLLECT_GCC=/home/yuhao/android/ndk/android-ndk-r11b/toolchains/arm-linux-androideabi-4.9/prebuilt/linux-x86_64/bin/arm-linux-androideabi-gcc
COLLECT_LTO_WRAPPER=/home/yuhao/android/ndk/android-ndk-r11b/toolchains/arm-linux-androideabi-4.9/prebuilt/linux-x86_64/bin/../libexec/gcc/arm-linux-androideabi/4.9/lto-wrapper
Target: arm-linux-androideabi
Configured with: /usr/local/google/buildbot/src/android/gcc/toolchain/build/../gcc/gcc-4.9/configure --prefix=/tmp/002ff922da42f0f80603ab1715cd43d4 --target=arm-linux-androideabi --host=x86_64-linux-gnu --build=x86_64-linux-gnu --with-gnu-as --with-gnu-ld --enable-languages=c,c++ --with-gmp=/buildbot/tmp/build/toolchain/temp-install --with-mpfr=/buildbot/tmp/build/toolchain/temp-install --with-mpc=/buildbot/tmp/build/toolchain/temp-install --with-cloog=/buildbot/tmp/build/toolchain/temp-install --with-isl=/buildbot/tmp/build/toolchain/temp-install --with-ppl=/buildbot/tmp/build/toolchain/temp-install --disable-ppl-version-check --disable-cloog-version-check --disable-isl-version-check --enable-cloog-backend=isl --with-host-libstdcxx='-static-libgcc -Wl,-Bstatic,-lstdc++,-Bdynamic -lm' --disable-libssp --enable-threads --disable-nls --disable-libmudflap --disable-libgomp --disable-libstdc__-v3 --disable-sjlj-exceptions --disable-shared --disable-tls --disable-libitm --with-float=soft --with-fpu=vfp --with-arch=armv5te --enable-target-optspace --enable-initfini-array --disable-nls --prefix=/tmp/002ff922da42f0f80603ab1715cd43d4 --with-sysroot=/tmp/002ff922da42f0f80603ab1715cd43d4/sysroot --with-binutils-version=2.25 --with-mpfr-version=3.1.1 --with-mpc-version=1.0.1 --with-gmp-version=5.0.5 --with-gcc-version=4.9 --with-gdb-version=none --with-gxx-include-dir=/tmp/002ff922da42f0f80603ab1715cd43d4/include/c++/4.9 --with-bugurl=http://source.android.com/source/report-bugs.html --enable-languages=c,c++ --disable-bootstrap --enable-plugins --enable-libgomp --enable-gnu-indirect-function --disable-libsanitizer --enable-gold --enable-threads --enable-eh-frame-hdr-for-static --enable-graphite=yes --with-isl-version=0.11.1 --with-cloog-version=0.18.0 --with-arch=armv5te --program-transform-name='s&^&arm-linux-androideabi-&' --enable-gold=default
Thread model: posix
gcc version 4.9 20150123 (prerelease) (GCC) 
configure:2561: $? = 0
configure:2550: /home/yuhao/android/ndk/android-ndk-r11b/toolchains/arm-linux-androideabi-4.9/prebuilt/linux-x86_64/bin/arm-linux-androideabi-gcc --sysroot=/home/yuhao/android/ndk/android-ndk-r11b/platforms/android-19/arch-arm -V >&5
arm-linux-androideabi-gcc: error: unrecognized command line option '-V'
arm-linux-androideabi-gcc: fatal error: no input files
compilation terminated.
configure:2561: $? = 1
configure:2550: /home/yuhao/android/ndk/android-ndk-r11b/toolchains/arm-linux-androideabi-4.9/prebuilt/linux-x86_64/bin/arm-linux-androideabi-gcc --sysroot=/home/yuhao/android/ndk/android-ndk-r11b/platforms/android-19/arch-arm -qversion >&5
arm-linux-androideabi-gcc: error: unrecognized command line option '-qversion'
arm-linux-androideabi-gcc: fatal error: no input files
compilation terminated.
configure:2561: $? = 1
configure:2581: checking whether the C compiler works
configure:2603: /home/yuhao/android/ndk/android-ndk-r11b/toolchains/arm-linux-androideabi-4.9/prebuilt/linux-x86_64/bin/arm-linux-androideabi-gcc --sysroot=/home/yuhao/android/ndk/android-ndk-r11b/platforms/android-19/arch-arm  -fpic -DANDROID -ffunction-sections -msoft-float -lm -L/home/yuhao/ytxPlayer/android/contrib/jni/jniLibs/lib conftest.c  >&5
configure:2607: $? = 0
configure:2655: result: yes
configure:2658: checking for C compiler default output file name
configure:2660: result: a.out
configure:2666: checking for suffix of executables
configure:2673: /home/yuhao/android/ndk/android-ndk-r11b/toolchains/arm-linux-androideabi-4.9/prebuilt/linux-x86_64/bin/arm-linux-androideabi-gcc --sysroot=/home/yuhao/android/ndk/android-ndk-r11b/platforms/android-19/arch-arm -o conftest  -fpic -DANDROID -ffunction-sections -msoft-float -lm -L/home/yuhao/ytxPlayer/android/contrib/jni/jniLibs/lib conftest.c  >&5
configure:2677: $? = 0
configure:2699: result: 
configure:2721: checking whether we are cross compiling
configure:2729: /home/yuhao/android/ndk/android-ndk-r11b/toolchains/arm-linux-androideabi-4.9/prebuilt/linux-x86_64/bin/arm-linux-androideabi-gcc --sysroot=/home/yuhao/android/ndk/android-ndk-r11b/platforms/android-19/arch-arm -o conftest  -fpic -DANDROID -ffunction-sections -msoft-float -lm -L/home/yuhao/ytxPlayer/android/contrib/jni/jniLibs/lib conftest.c  >&5
configure:2733: $? = 0
configure:2740: ./conftest
./configure: line 2742: ./conftest: cannot execute binary file: Exec format error
configure:2744: $? = 126
configure:2759: result: yes
configure:2764: checking for suffix of object files
configure:2786: /home/yuhao/android/ndk/android-ndk-r11b/toolchains/arm-linux-androideabi-4.9/prebuilt/linux-x86_64/bin/arm-linux-androideabi-gcc --sysroot=/home/yuhao/android/ndk/android-ndk-r11b/platforms/android-19/arch-arm -c  -fpic -DANDROID -ffunction-sections -msoft-float -lm conftest.c >&5
configure:2790: $? = 0
configure:2811: result: o
configure:2815: checking whether we are using the GNU C compiler
configure:2834: /home/yuhao/android/ndk/android-ndk-r11b/toolchains/arm-linux-androideabi-4.9/prebuilt/linux-x86_64/bin/arm-linux-androideabi-gcc --sysroot=/home/yuhao/android/ndk/android-ndk-r11b/platforms/android-19/arch-arm -c  -fpic -DANDROID -ffunction-sections -msoft-float -lm conftest.c >&5
configure:2834: $? = 0
configure:2843: result: yes
configure:2852: checking whether /home/yuhao/android/ndk/android-ndk-r11b/toolchains/arm-linux-androideabi-4.9/prebuilt/linux-x86_64/bin/arm-linux-androideabi-gcc --sysroot=/home/yuhao/android/ndk/android-ndk-r11b/platforms/android-19/arch-arm accepts -g
configure:2872: /home/yuhao/android/ndk/android-ndk-r11b/toolchains/arm-linux-androideabi-4.9/prebuilt/linux-x86_64/bin/arm-linux-androideabi-gcc --sysroot=/home/yuhao/android/ndk/android-ndk-r11b/platforms/android-19/arch-arm -c -g -fpic -DANDROID -ffunction-sections -msoft-float -lm conftest.c >&5
configure:2872: $? = 0
configure:2913: result: yes
configure:2930: checking for /home/yuhao/android/ndk/android-ndk-r11b/toolchains/arm-linux-androideabi-4.9/prebuilt/linux-x86_64/bin/arm-linux-androideabi-gcc --sysroot=/home/yuhao/android/ndk/android-ndk-r11b/platforms/android-19/arch-arm option to accept ISO C89
configure:2993: /home/yuhao/android/ndk/android-ndk-r11b/toolchains/arm-linux-androideabi-4.9/prebuilt/linux-x86_64/bin/arm-linux-androideabi-gcc --sysroot=/home/yuhao/android/ndk/android-ndk-r11b/platforms/android-19/arch-arm  -c -g -O2 -fpic -DANDROID -ffunction-sections -msoft-float -lm conftest.c >&5
configure:2993: $? = 0
configure:3006: result: none needed
configure:3031: checking how to run the C preprocessor
configure:3062: /home/yuhao/android/ndk/android-ndk-r11b/toolchains/arm-linux-androideabi-4.9/prebuilt/linux-x86_64/bin/arm-linux-androideabi-gcc --sysroot=/home/yuhao/android/ndk/android-ndk-r11b/platforms/android-19/arch-arm -E -fpic -DANDROID -ffunction-sections -msoft-float -lm conftest.c
configure:3062: $? = 0
configure:3076: /home/yuhao/android/ndk/android-ndk-r11b/toolchains/arm-linux-androideabi-4.9/prebuilt/linux-x86_64/bin/arm-linux-androideabi-gcc --sysroot=/home/yuhao/android/ndk/android-ndk-r11b/platforms/android-19/arch-arm -E -fpic -DANDROID -ffunction-sections -msoft-float -lm conftest.c
conftest.c:9:28: fatal error: ac_nonexistent.h: No such file or directory
 #include <ac_nonexistent.h>
                            ^
compilation terminated.
configure:3076: $? = 1
configure: failed program was:
| /* confdefs.h */
| #define PACKAGE_NAME "libcharset"
| #define PACKAGE_TARNAME "libcharset"
| #define PACKAGE_VERSION "1.4"
| #define PACKAGE_STRING "libcharset 1.4"
| #define PACKAGE_BUGREPORT ""
| #define PACKAGE_URL ""
| /* end confdefs.h.  */
| #include <ac_nonexistent.h>
configure:3101: result: /home/yuhao/android/ndk/android-ndk-r11b/toolchains/arm-linux-androideabi-4.9/prebuilt/linux-x86_64/bin/arm-linux-androideabi-gcc --sysroot=/home/yuhao/android/ndk/android-ndk-r11b/platforms/android-19/arch-arm -E
configure:3121: /home/yuhao/android/ndk/android-ndk-r11b/toolchains/arm-linux-androideabi-4.9/prebuilt/linux-x86_64/bin/arm-linux-androideabi-gcc --sysroot=/home/yuhao/android/ndk/android-ndk-r11b/platforms/android-19/arch-arm -E -fpic -DANDROID -ffunction-sections -msoft-float -lm conftest.c
configure:3121: $? = 0
configure:3135: /home/yuhao/android/ndk/android-ndk-r11b/toolchains/arm-linux-androideabi-4.9/prebuilt/linux-x86_64/bin/arm-linux-androideabi-gcc --sysroot=/home/yuhao/android/ndk/android-ndk-r11b/platforms/android-19/arch-arm -E -fpic -DANDROID -ffunction-sections -msoft-float -lm conftest.c
conftest.c:9:28: fatal error: ac_nonexistent.h: No such file or directory
 #include <ac_nonexistent.h>
                            ^
compilation terminated.
configure:3135: $? = 1
configure: failed program was:
| /* confdefs.h */
| #define PACKAGE_NAME "libcharset"
| #define PACKAGE_TARNAME "libcharset"
| #define PACKAGE_VERSION "1.4"
| #define PACKAGE_STRING "libcharset 1.4"
| #define PACKAGE_BUGREPORT ""
| #define PACKAGE_URL ""
| /* end confdefs.h.  */
| #include <ac_nonexistent.h>
configure:3177: checking for a BSD-compatible install
configure:3245: result: /usr/bin/install -c
configure:3262: checking build system type
configure:3276: result: x86_64-pc-linux-gnu
configure:3296: checking host system type
configure:3309: result: arm-unknown-linux-gnu
configure:3332: checking whether to activate relocatable installation
configure:3347: result: no
configure:3376: checking for grep that handles long lines and -e
configure:3434: result: /bin/grep
configure:3439: checking for egrep
configure:3501: result: /bin/grep -E
configure:3506: checking for ANSI C header files
configure:3526: /home/yuhao/android/ndk/android-ndk-r11b/toolchains/arm-linux-androideabi-4.9/prebuilt/linux-x86_64/bin/arm-linux-androideabi-gcc --sysroot=/home/yuhao/android/ndk/android-ndk-r11b/platforms/android-19/arch-arm -c -g -O2 -fpic -DANDROID -ffunction-sections -msoft-float -lm conftest.c >&5
configure:3526: $? = 0
configure:3610: result: yes
configure:3623: checking for sys/types.h
configure:3623: /home/yuhao/android/ndk/android-ndk-r11b/toolchains/arm-linux-androideabi-4.9/prebuilt/linux-x86_64/bin/arm-linux-androideabi-gcc --sysroot=/home/yuhao/android/ndk/android-ndk-r11b/platforms/android-19/arch-arm -c -g -O2 -fpic -DANDROID -ffunction-sections -msoft-float -lm conftest.c >&5
configure:3623: $? = 0
configure:3623: result: yes
configure:3623: checking for sys/stat.h
configure:3623: /home/yuhao/android/ndk/android-ndk-r11b/toolchains/arm-linux-androideabi-4.9/prebuilt/linux-x86_64/bin/arm-linux-androideabi-gcc --sysroot=/home/yuhao/android/ndk/android-ndk-r11b/platforms/android-19/arch-arm -c -g -O2 -fpic -DANDROID -ffunction-sections -msoft-float -lm conftest.c >&5
configure:3623: $? = 0
configure:3623: result: yes
configure:3623: checking for stdlib.h
configure:3623: /home/yuhao/android/ndk/android-ndk-r11b/toolchains/arm-linux-androideabi-4.9/prebuilt/linux-x86_64/bin/arm-linux-androideabi-gcc --sysroot=/home/yuhao/android/ndk/android-ndk-r11b/platforms/android-19/arch-arm -c -g -O2 -fpic -DANDROID -ffunction-sections -msoft-float -lm conftest.c >&5
configure:3623: $? = 0
configure:3623: result: yes
configure:3623: checking for string.h
configure:3623: /home/yuhao/android/ndk/android-ndk-r11b/toolchains/arm-linux-androideabi-4.9/prebuilt/linux-x86_64/bin/arm-linux-androideabi-gcc --sysroot=/home/yuhao/android/ndk/android-ndk-r11b/platforms/android-19/arch-arm -c -g -O2 -fpic -DANDROID -ffunction-sections -msoft-float -lm conftest.c >&5
configure:3623: $? = 0
configure:3623: result: yes
configure:3623: checking for memory.h
configure:3623: /home/yuhao/android/ndk/android-ndk-r11b/toolchains/arm-linux-androideabi-4.9/prebuilt/linux-x86_64/bin/arm-linux-androideabi-gcc --sysroot=/home/yuhao/android/ndk/android-ndk-r11b/platforms/android-19/arch-arm -c -g -O2 -fpic -DANDROID -ffunction-sections -msoft-float -lm conftest.c >&5
configure:3623: $? = 0
configure:3623: result: yes
configure:3623: checking for strings.h
configure:3623: /home/yuhao/android/ndk/android-ndk-r11b/toolchains/arm-linux-androideabi-4.9/prebuilt/linux-x86_64/bin/arm-linux-androideabi-gcc --sysroot=/home/yuhao/android/ndk/android-ndk-r11b/platforms/android-19/arch-arm -c -g -O2 -fpic -DANDROID -ffunction-sections -msoft-float -lm conftest.c >&5
configure:3623: $? = 0
configure:3623: result: yes
configure:3623: checking for inttypes.h
configure:3623: /home/yuhao/android/ndk/android-ndk-r11b/toolchains/arm-linux-androideabi-4.9/prebuilt/linux-x86_64/bin/arm-linux-androideabi-gcc --sysroot=/home/yuhao/android/ndk/android-ndk-r11b/platforms/android-19/arch-arm -c -g -O2 -fpic -DANDROID -ffunction-sections -msoft-float -lm conftest.c >&5
configure:3623: $? = 0
configure:3623: result: yes
configure:3623: checking for stdint.h
configure:3623: /home/yuhao/android/ndk/android-ndk-r11b/toolchains/arm-linux-androideabi-4.9/prebuilt/linux-x86_64/bin/arm-linux-androideabi-gcc --sysroot=/home/yuhao/android/ndk/android-ndk-r11b/platforms/android-19/arch-arm -c -g -O2 -fpic -DANDROID -ffunction-sections -msoft-float -lm conftest.c >&5
configure:3623: $? = 0
configure:3623: result: yes
configure:3623: checking for unistd.h
configure:3623: /home/yuhao/android/ndk/android-ndk-r11b/toolchains/arm-linux-androideabi-4.9/prebuilt/linux-x86_64/bin/arm-linux-androideabi-gcc --sysroot=/home/yuhao/android/ndk/android-ndk-r11b/platforms/android-19/arch-arm -c -g -O2 -fpic -DANDROID -ffunction-sections -msoft-float -lm conftest.c >&5
configure:3623: $? = 0
configure:3623: result: yes
configure:3636: checking minix/config.h usability
configure:3636: /home/yuhao/android/ndk/android-ndk-r11b/toolchains/arm-linux-androideabi-4.9/prebuilt/linux-x86_64/bin/arm-linux-androideabi-gcc --sysroot=/home/yuhao/android/ndk/android-ndk-r11b/platforms/android-19/arch-arm -c -g -O2 -fpic -DANDROID -ffunction-sections -msoft-float -lm conftest.c >&5
conftest.c:53:26: fatal error: minix/config.h: No such file or directory
 #include <minix/config.h>
                          ^
compilation terminated.
configure:3636: $? = 1
configure: failed program was:
| /* confdefs.h */
| #define PACKAGE_NAME "libcharset"
| #define PACKAGE_TARNAME "libcharset"
| #define PACKAGE_VERSION "1.4"
| #define PACKAGE_STRING "libcharset 1.4"
| #define PACKAGE_BUGREPORT ""
| #define PACKAGE_URL ""
| #define INSTALLPREFIX "/home/yuhao/ytxPlayer/android/contrib/jni/jniLibs"
| #define STDC_HEADERS 1
| #define HAVE_SYS_TYPES_H 1
| #define HAVE_SYS_STAT_H 1
| #define HAVE_STDLIB_H 1
| #define HAVE_STRING_H 1
| #define HAVE_MEMORY_H 1
| #define HAVE_STRINGS_H 1
| #define HAVE_INTTYPES_H 1
| #define HAVE_STDINT_H 1
| #define HAVE_UNISTD_H 1
| /* end confdefs.h.  */
| #include <stdio.h>
| #ifdef HAVE_SYS_TYPES_H
| # include <sys/types.h>
| #endif
| #ifdef HAVE_SYS_STAT_H
| # include <sys/stat.h>
| #endif
| #ifdef STDC_HEADERS
| # include <stdlib.h>
| # include <stddef.h>
| #else
| # ifdef HAVE_STDLIB_H
| #  include <stdlib.h>
| # endif
| #endif
| #ifdef HAVE_STRING_H
| # if !defined STDC_HEADERS && defined HAVE_MEMORY_H
| #  include <memory.h>
| # endif
| # include <string.h>
| #endif
| #ifdef HAVE_STRINGS_H
| # include <strings.h>
| #endif
| #ifdef HAVE_INTTYPES_H
| # include <inttypes.h>
| #endif
| #ifdef HAVE_STDINT_H
| # include <stdint.h>
| #endif
| #ifdef HAVE_UNISTD_H
| # include <unistd.h>
| #endif
| #include <minix/config.h>
configure:3636: result: no
configure:3636: checking minix/config.h presence
configure:3636: /home/yuhao/android/ndk/android-ndk-r11b/toolchains/arm-linux-androideabi-4.9/prebuilt/linux-x86_64/bin/arm-linux-androideabi-gcc --sysroot=/home/yuhao/android/ndk/android-ndk-r11b/platforms/android-19/arch-arm -E -fpic -DANDROID -ffunction-sections -msoft-float -lm conftest.c
conftest.c:20:26: fatal error: minix/config.h: No such file or directory
 #include <minix/config.h>
                          ^
compilation terminated.
configure:3636: $? = 1
configure: failed program was:
| /* confdefs.h */
| #define PACKAGE_NAME "libcharset"
| #define PACKAGE_TARNAME "libcharset"
| #define PACKAGE_VERSION "1.4"
| #define PACKAGE_STRING "libcharset 1.4"
| #define PACKAGE_BUGREPORT ""
| #define PACKAGE_URL ""
| #define INSTALLPREFIX "/home/yuhao/ytxPlayer/android/contrib/jni/jniLibs"
| #define STDC_HEADERS 1
| #define HAVE_SYS_TYPES_H 1
| #define HAVE_SYS_STAT_H 1
| #define HAVE_STDLIB_H 1
| #define HAVE_STRING_H 1
| #define HAVE_MEMORY_H 1
| #define HAVE_STRINGS_H 1
| #define HAVE_INTTYPES_H 1
| #define HAVE_STDINT_H 1
| #define HAVE_UNISTD_H 1
| /* end confdefs.h.  */
| #include <minix/config.h>
configure:3636: result: no
configure:3636: checking for minix/config.h
configure:3636: result: no
configure:3657: checking whether it is safe to define __EXTENSIONS__
configure:3675: /home/yuhao/android/ndk/android-ndk-r11b/toolchains/arm-linux-androideabi-4.9/prebuilt/linux-x86_64/bin/arm-linux-androideabi-gcc --sysroot=/home/yuhao/android/ndk/android-ndk-r11b/platforms/android-19/arch-arm -c -g -O2 -fpic -DANDROID -ffunction-sections -msoft-float -lm conftest.c >&5
configure:3675: $? = 0
configure:3682: result: yes
configure:3748: checking how to print strings
configure:3775: result: printf
configure:3796: checking for a sed that does not truncate output
configure:3860: result: /bin/sed
configure:3878: checking for fgrep
configure:3940: result: /bin/grep -F
configure:3975: checking for ld used by /home/yuhao/android/ndk/android-ndk-r11b/toolchains/arm-linux-androideabi-4.9/prebuilt/linux-x86_64/bin/arm-linux-androideabi-gcc --sysroot=/home/yuhao/android/ndk/android-ndk-r11b/platforms/android-19/arch-arm
configure:4042: result: /home/yuhao/android/ndk/android-ndk-r11b/toolchains/arm-linux-androideabi-4.9/prebuilt/linux-x86_64/arm-linux-androideabi/bin/ld
configure:4049: checking if the linker (/home/yuhao/android/ndk/android-ndk-r11b/toolchains/arm-linux-androideabi-4.9/prebuilt/linux-x86_64/arm-linux-androideabi/bin/ld) is GNU ld
configure:4064: result: yes
configure:4076: checking for BSD- or MS-compatible name lister (nm)
configure:4130: result: /home/yuhao/android/ndk/android-ndk-r11b/toolchains/arm-linux-androideabi-4.9/prebuilt/linux-x86_64/bin/arm-linux-androideabi-nm
configure:4260: checking the name lister (/home/yuhao/android/ndk/android-ndk-r11b/toolchains/arm-linux-androideabi-4.9/prebuilt/linux-x86_64/bin/arm-linux-androideabi-nm) interface
configure:4267: /home/yuhao/android/ndk/android-ndk-r11b/toolchains/arm-linux-androideabi-4.9/prebuilt/linux-x86_64/bin/arm-linux-androideabi-gcc --sysroot=/home/yuhao/android/ndk/android-ndk-r11b/platforms/android-19/arch-arm -c -g -O2 -fpic -DANDROID -ffunction-sections -msoft-float -lm conftest.c >&5
configure:4270: /home/yuhao/android/ndk/android-ndk-r11b/toolchains/arm-linux-androideabi-4.9/prebuilt/linux-x86_64/bin/arm-linux-androideabi-nm "conftest.o"
configure:4273: output
00000000 B some_variable
configure:4280: result: BSD nm
configure:4283: checking whether ln -s works
configure:4287: result: yes
configure:4295: checking the maximum length of command line arguments
configure:4426: result: 1572864
configure:4474: checking how to convert x86_64-pc-linux-gnu file names to arm-unknown-linux-gnu format
configure:4514: result: func_convert_file_noop
configure:4521: checking how to convert x86_64-pc-linux-gnu file names to toolchain format
configure:4541: result: func_convert_file_noop
configure:4548: checking for /home/yuhao/android/ndk/android-ndk-r11b/toolchains/arm-linux-androideabi-4.9/prebuilt/linux-x86_64/arm-linux-androideabi/bin/ld option to reload object files
configure:4555: result: -r
configure:4589: checking for arm-linux-objdump
configure:4619: result: no
configure:4629: checking for objdump
configure:4645: found /usr/bin/objdump
configure:4656: result: objdump
configure:4668: WARNING: using cross tools not prefixed with host triplet
configure:4685: checking how to recognize dependent libraries
configure:4885: result: pass_all
configure:4930: checking for arm-linux-dlltool
configure:4960: result: no
configure:4970: checking for dlltool
configure:5000: result: no
configure:5027: checking how to associate runtime and link libraries
configure:5054: result: printf %s\n
configure:5070: checking for arm-linux-ar
configure:5097: result: /home/yuhao/android/ndk/android-ndk-r11b/toolchains/arm-linux-androideabi-4.9/prebuilt/linux-x86_64/bin/arm-linux-androideabi-ar
configure:5178: checking for archiver @FILE support
configure:5195: /home/yuhao/android/ndk/android-ndk-r11b/toolchains/arm-linux-androideabi-4.9/prebuilt/linux-x86_64/bin/arm-linux-androideabi-gcc --sysroot=/home/yuhao/android/ndk/android-ndk-r11b/platforms/android-19/arch-arm -c -g -O2 -fpic -DANDROID -ffunction-sections -msoft-float -lm conftest.c >&5
configure:5195: $? = 0
configure:5198: /home/yuhao/android/ndk/android-ndk-r11b/toolchains/arm-linux-androideabi-4.9/prebuilt/linux-x86_64/bin/arm-linux-androideabi-ar cru libconftest.a @conftest.lst >&5
configure:5201: $? = 0
configure:5206: /home/yuhao/android/ndk/android-ndk-r11b/toolchains/arm-linux-androideabi-4.9/prebuilt/linux-x86_64/bin/arm-linux-androideabi-ar cru libconftest.a @conftest.lst >&5
/home/yuhao/android/ndk/android-ndk-r11b/toolchains/arm-linux-androideabi-4.9/prebuilt/linux-x86_64/bin/arm-linux-androideabi-ar: conftest.o: No such file or directory
configure:5209: $? = 1
configure:5221: result: @
configure:5239: checking for arm-linux-strip
configure:5266: result: /home/yuhao/android/ndk/android-ndk-r11b/toolchains/arm-linux-androideabi-4.9/prebuilt/linux-x86_64/bin/arm-linux-androideabi-strip
configure:5338: checking for arm-linux-ranlib
configure:5365: result: /home/yuhao/android/ndk/android-ndk-r11b/toolchains/arm-linux-androideabi-4.9/prebuilt/linux-x86_64/bin/arm-linux-androideabi-ranlib
configure:5482: checking for gawk
configure:5512: result: no
configure:5482: checking for mawk
configure:5498: found /usr/bin/mawk
configure:5509: result: mawk
configure:5549: checking command to parse /home/yuhao/android/ndk/android-ndk-r11b/toolchains/arm-linux-androideabi-4.9/prebuilt/linux-x86_64/bin/arm-linux-androideabi-nm output from /home/yuhao/android/ndk/android-ndk-r11b/toolchains/arm-linux-androideabi-4.9/prebuilt/linux-x86_64/bin/arm-linux-androideabi-gcc --sysroot=/home/yuhao/android/ndk/android-ndk-r11b/platforms/android-19/arch-arm object
configure:5702: /home/yuhao/android/ndk/android-ndk-r11b/toolchains/arm-linux-androideabi-4.9/prebuilt/linux-x86_64/bin/arm-linux-androideabi-gcc --sysroot=/home/yuhao/android/ndk/android-ndk-r11b/platforms/android-19/arch-arm -c -g -O2 -fpic -DANDROID -ffunction-sections -msoft-float -lm conftest.c >&5
configure:5705: $? = 0
configure:5709: /home/yuhao/android/ndk/android-ndk-r11b/toolchains/arm-linux-androideabi-4.9/prebuilt/linux-x86_64/bin/arm-linux-androideabi-nm conftest.o \| sed -n -e 's/^.*[ ]\([ABCDGIRSTW][ABCDGIRSTW]*\)[ ][ ]*\([_A-Za-z][_A-Za-z0-9]*\)$/\1 \2 \2/p' | sed '/ __gnu_lto/d' \> conftest.nm
configure:5712: $? = 0
configure:5778: /home/yuhao/android/ndk/android-ndk-r11b/toolchains/arm-linux-androideabi-4.9/prebuilt/linux-x86_64/bin/arm-linux-androideabi-gcc --sysroot=/home/yuhao/android/ndk/android-ndk-r11b/platforms/android-19/arch-arm -o conftest -g -O2 -fpic -DANDROID -ffunction-sections -msoft-float -lm -L/home/yuhao/ytxPlayer/android/contrib/jni/jniLibs/lib conftest.c conftstm.o >&5
configure:5781: $? = 0
configure:5819: result: ok
configure:5866: checking for sysroot
configure:5896: result: no
configure:5903: checking for a working dd
configure:5941: result: /bin/dd
configure:5945: checking how to truncate binary pipes
configure:5960: result: /bin/dd bs=4096 count=1
configure:6249: checking for arm-linux-mt
configure:6279: result: no
configure:6289: checking for mt
configure:6305: found /bin/mt
configure:6316: result: mt
configure:6339: checking if mt is a manifest tool
configure:6345: mt '-?'
configure:6353: result: no
configure:7027: checking for dlfcn.h
configure:7027: /home/yuhao/android/ndk/android-ndk-r11b/toolchains/arm-linux-androideabi-4.9/prebuilt/linux-x86_64/bin/arm-linux-androideabi-gcc --sysroot=/home/yuhao/android/ndk/android-ndk-r11b/platforms/android-19/arch-arm -c -g -O2 -fpic -DANDROID -ffunction-sections -msoft-float -lm conftest.c >&5
configure:7027: $? = 0
configure:7027: result: yes
configure:7581: checking for objdir
configure:7596: result: .libs
configure:7860: checking if /home/yuhao/android/ndk/android-ndk-r11b/toolchains/arm-linux-androideabi-4.9/prebuilt/linux-x86_64/bin/arm-linux-androideabi-gcc --sysroot=/home/yuhao/android/ndk/android-ndk-r11b/platforms/android-19/arch-arm supports -fno-rtti -fno-exceptions
configure:7878: /home/yuhao/android/ndk/android-ndk-r11b/toolchains/arm-linux-androideabi-4.9/prebuilt/linux-x86_64/bin/arm-linux-androideabi-gcc --sysroot=/home/yuhao/android/ndk/android-ndk-r11b/platforms/android-19/arch-arm -c -g -O2 -fpic -DANDROID -ffunction-sections -msoft-float -lm -fno-rtti -fno-exceptions conftest.c >&5
cc1: warning: command line option '-fno-rtti' is valid for C++/ObjC++ but not for C
configure:7882: $? = 0
configure:7895: result: no
configure:8253: checking for /home/yuhao/android/ndk/android-ndk-r11b/toolchains/arm-linux-androideabi-4.9/prebuilt/linux-x86_64/bin/arm-linux-androideabi-gcc --sysroot=/home/yuhao/android/ndk/android-ndk-r11b/platforms/android-19/arch-arm option to produce PIC
configure:8260: result: -fPIC -DPIC
configure:8268: checking if /home/yuhao/android/ndk/android-ndk-r11b/toolchains/arm-linux-androideabi-4.9/prebuilt/linux-x86_64/bin/arm-linux-androideabi-gcc --sysroot=/home/yuhao/android/ndk/android-ndk-r11b/platforms/android-19/arch-arm PIC flag -fPIC -DPIC works
configure:8286: /home/yuhao/android/ndk/android-ndk-r11b/toolchains/arm-linux-androideabi-4.9/prebuilt/linux-x86_64/bin/arm-linux-androideabi-gcc --sysroot=/home/yuhao/android/ndk/android-ndk-r11b/platforms/android-19/arch-arm -c -g -O2 -fpic -DANDROID -ffunction-sections -msoft-float -lm -fPIC -DPIC -DPIC conftest.c >&5
configure:8290: $? = 0
configure:8303: result: yes
configure:8332: checking if /home/yuhao/android/ndk/android-ndk-r11b/toolchains/arm-linux-androideabi-4.9/prebuilt/linux-x86_64/bin/arm-linux-androideabi-gcc --sysroot=/home/yuhao/android/ndk/android-ndk-r11b/platforms/android-19/arch-arm static flag -static works
configure:8360: result: yes
configure:8375: checking if /home/yuhao/android/ndk/android-ndk-r11b/toolchains/arm-linux-androideabi-4.9/prebuilt/linux-x86_64/bin/arm-linux-androideabi-gcc --sysroot=/home/yuhao/android/ndk/android-ndk-r11b/platforms/android-19/arch-arm supports -c -o file.o
configure:8396: /home/yuhao/android/ndk/android-ndk-r11b/toolchains/arm-linux-androideabi-4.9/prebuilt/linux-x86_64/bin/arm-linux-androideabi-gcc --sysroot=/home/yuhao/android/ndk/android-ndk-r11b/platforms/android-19/arch-arm -c -g -O2 -fpic -DANDROID -ffunction-sections -msoft-float -lm -o out/conftest2.o conftest.c >&5
configure:8400: $? = 0
configure:8422: result: yes
configure:8430: checking if /home/yuhao/android/ndk/android-ndk-r11b/toolchains/arm-linux-androideabi-4.9/prebuilt/linux-x86_64/bin/arm-linux-androideabi-gcc --sysroot=/home/yuhao/android/ndk/android-ndk-r11b/platforms/android-19/arch-arm supports -c -o file.o
configure:8477: result: yes
configure:8510: checking whether the /home/yuhao/android/ndk/android-ndk-r11b/toolchains/arm-linux-androideabi-4.9/prebuilt/linux-x86_64/bin/arm-linux-androideabi-gcc --sysroot=/home/yuhao/android/ndk/android-ndk-r11b/platforms/android-19/arch-arm linker (/home/yuhao/android/ndk/android-ndk-r11b/toolchains/arm-linux-androideabi-4.9/prebuilt/linux-x86_64/arm-linux-androideabi/bin/ld) supports shared libraries
configure:9769: result: yes
configure:9806: checking whether -lc should be explicitly linked in
configure:9814: /home/yuhao/android/ndk/android-ndk-r11b/toolchains/arm-linux-androideabi-4.9/prebuilt/linux-x86_64/bin/arm-linux-androideabi-gcc --sysroot=/home/yuhao/android/ndk/android-ndk-r11b/platforms/android-19/arch-arm -c -g -O2 -fpic -DANDROID -ffunction-sections -msoft-float -lm conftest.c >&5
configure:9817: $? = 0
configure:9832: /home/yuhao/android/ndk/android-ndk-r11b/toolchains/arm-linux-androideabi-4.9/prebuilt/linux-x86_64/bin/arm-linux-androideabi-gcc --sysroot=/home/yuhao/android/ndk/android-ndk-r11b/platforms/android-19/arch-arm -shared  -fPIC -DPIC conftest.o  -v -Wl,-soname -Wl,conftest -o conftest 2\>\&1 \| /bin/grep  -lc  \>/dev/null 2\>\&1
configure:9835: $? = 0
configure:9849: result: no
configure:10009: checking dynamic linker characteristics
configure:10590: /home/yuhao/android/ndk/android-ndk-r11b/toolchains/arm-linux-androideabi-4.9/prebuilt/linux-x86_64/bin/arm-linux-androideabi-gcc --sysroot=/home/yuhao/android/ndk/android-ndk-r11b/platforms/android-19/arch-arm -o conftest -g -O2 -fpic -DANDROID -ffunction-sections -msoft-float -lm -L/home/yuhao/ytxPlayer/android/contrib/jni/jniLibs/lib -Wl,-rpath -Wl,/foo conftest.c  >&5
configure:10590: $? = 0
configure:10827: result: GNU/Linux ld.so
configure:10949: checking how to hardcode library paths into programs
configure:10974: result: immediate
configure:11522: checking whether stripping libraries is possible
configure:11527: result: yes
configure:11562: checking if libtool supports shared libraries
configure:11564: result: yes
configure:11567: checking whether to build shared libraries
configure:11592: result: yes
configure:11595: checking whether to build static libraries
configure:11599: result: yes
configure:11641: checking whether the -Werror option is usable
configure:11660: /home/yuhao/android/ndk/android-ndk-r11b/toolchains/arm-linux-androideabi-4.9/prebuilt/linux-x86_64/bin/arm-linux-androideabi-gcc --sysroot=/home/yuhao/android/ndk/android-ndk-r11b/platforms/android-19/arch-arm -c -g -O2 -Werror -fpic -DANDROID -ffunction-sections -msoft-float -lm conftest.c >&5
configure:11660: $? = 0
configure:11669: result: yes
configure:11671: checking for simple visibility declarations
configure:11698: /home/yuhao/android/ndk/android-ndk-r11b/toolchains/arm-linux-androideabi-4.9/prebuilt/linux-x86_64/bin/arm-linux-androideabi-gcc --sysroot=/home/yuhao/android/ndk/android-ndk-r11b/platforms/android-19/arch-arm -c -g -O2 -fvisibility=hidden -Werror -fpic -DANDROID -ffunction-sections -msoft-float -lm conftest.c >&5
configure:11698: $? = 0
configure:11707: result: yes
configure:11725: checking for nl_langinfo and CODESET
configure:11741: /home/yuhao/android/ndk/android-ndk-r11b/toolchains/arm-linux-androideabi-4.9/prebuilt/linux-x86_64/bin/arm-linux-androideabi-gcc --sysroot=/home/yuhao/android/ndk/android-ndk-r11b/platforms/android-19/arch-arm -o conftest -g -O2 -fpic -DANDROID -ffunction-sections -msoft-float -lm -L/home/yuhao/ytxPlayer/android/contrib/jni/jniLibs/lib conftest.c  >&5
conftest.c:28:22: fatal error: langinfo.h: No such file or directory
 #include <langinfo.h>
                      ^
compilation terminated.
configure:11741: $? = 1
configure: failed program was:
| /* confdefs.h */
| #define PACKAGE_NAME "libcharset"
| #define PACKAGE_TARNAME "libcharset"
| #define PACKAGE_VERSION "1.4"
| #define PACKAGE_STRING "libcharset 1.4"
| #define PACKAGE_BUGREPORT ""
| #define PACKAGE_URL ""
| #define INSTALLPREFIX "/home/yuhao/ytxPlayer/android/contrib/jni/jniLibs"
| #define STDC_HEADERS 1
| #define HAVE_SYS_TYPES_H 1
| #define HAVE_SYS_STAT_H 1
| #define HAVE_STDLIB_H 1
| #define HAVE_STRING_H 1
| #define HAVE_MEMORY_H 1
| #define HAVE_STRINGS_H 1
| #define HAVE_INTTYPES_H 1
| #define HAVE_STDINT_H 1
| #define HAVE_UNISTD_H 1
| #define __EXTENSIONS__ 1
| #define _ALL_SOURCE 1
| #define _GNU_SOURCE 1
| #define _POSIX_PTHREAD_SEMANTICS 1
| #define _TANDEM_SOURCE 1
| #define HAVE_DLFCN_H 1
| #define LT_OBJDIR ".libs/"
| #define HAVE_VISIBILITY 1
| /* end confdefs.h.  */
| #include <langinfo.h>
| int
| main ()
| {
| char* cs = nl_langinfo(CODESET); return !cs;
|   ;
|   return 0;
| }
configure:11750: result: no
configure:11764: checking for unistd.h
configure:11764: result: yes
configure:11783: checking for symlink
configure:11783: /home/yuhao/android/ndk/android-ndk-r11b/toolchains/arm-linux-androideabi-4.9/prebuilt/linux-x86_64/bin/arm-linux-androideabi-gcc --sysroot=/home/yuhao/android/ndk/android-ndk-r11b/platforms/android-19/arch-arm -o conftest -g -O2 -fpic -DANDROID -ffunction-sections -msoft-float -lm -L/home/yuhao/ytxPlayer/android/contrib/jni/jniLibs/lib conftest.c  >&5
configure:11783: $? = 0
configure:11783: result: yes
configure:11799: checking for working fcntl.h
configure:11917: result: cross-compiling
configure:11941: checking whether we are using the GNU C Library >= 2.1 or uClibc
configure:11971: result: no
configure:11979: checking for setlocale
configure:11979: /home/yuhao/android/ndk/android-ndk-r11b/toolchains/arm-linux-androideabi-4.9/prebuilt/linux-x86_64/bin/arm-linux-androideabi-gcc --sysroot=/home/yuhao/android/ndk/android-ndk-r11b/platforms/android-19/arch-arm -o conftest -g -O2 -fpic -DANDROID -ffunction-sections -msoft-float -lm -L/home/yuhao/ytxPlayer/android/contrib/jni/jniLibs/lib conftest.c  >&5
configure:11979: $? = 0
configure:11979: result: yes
configure:12111: creating ./config.status

## ---------------------- ##
## Running config.status. ##
## ---------------------- ##

This file was extended by libcharset config.status 1.4, which was
generated by GNU Autoconf 2.69.  Invocation command line was

  CONFIG_FILES    = 
  CONFIG_HEADERS  = 
  CONFIG_LINKS    = 
  CONFIG_COMMANDS = 
  $ ./config.status 

on yuhao-virtual-machine

config.status:1068: creating Makefile
config.status:1068: creating lib/Makefile
config.status:1068: creating include/localcharset.h
config.status:1068: creating include/localcharset.h.inst
config.status:1068: creating config.h
config.status:1243: config.h is unchanged
config.status:1257: executing libtool commands

## ---------------- ##
## Cache variables. ##
## ---------------- ##

ac_cv_build=x86_64-pc-linux-gnu
ac_cv_c_compiler_gnu=yes
ac_cv_env_CC_set=set
ac_cv_env_CC_value='/home/yuhao/android/ndk/android-ndk-r11b/toolchains/arm-linux-androideabi-4.9/prebuilt/linux-x86_64/bin/arm-linux-androideabi-gcc --sysroot=/home/yuhao/android/ndk/android-ndk-r11b/platforms/android-19/arch-arm'
ac_cv_env_CFLAGS_set=
ac_cv_env_CFLAGS_value=
ac_cv_env_CPPFLAGS_set=set
ac_cv_env_CPPFLAGS_value='-fpic -DANDROID -ffunction-sections -msoft-float -lm'
ac_cv_env_CPP_set=
ac_cv_env_CPP_value=
ac_cv_env_LDFLAGS_set=set
ac_cv_env_LDFLAGS_value=-L/home/yuhao/ytxPlayer/android/contrib/jni/jniLibs/lib
ac_cv_env_LIBS_set=
ac_cv_env_LIBS_value=
ac_cv_env_LT_SYS_LIBRARY_PATH_set=
ac_cv_env_LT_SYS_LIBRARY_PATH_value=
ac_cv_env_build_alias_set=
ac_cv_env_build_alias_value=
ac_cv_env_host_alias_set=set
ac_cv_env_host_alias_value=arm-linux
ac_cv_env_target_alias_set=
ac_cv_env_target_alias_value=
ac_cv_func_setlocale=yes
ac_cv_func_symlink=yes
ac_cv_gnu_library_2_1=no
ac_cv_header_dlfcn_h=yes
ac_cv_header_inttypes_h=yes
ac_cv_header_memory_h=yes
ac_cv_header_minix_config_h=no
ac_cv_header_stdc=yes
ac_cv_header_stdint_h=yes
ac_cv_header_stdlib_h=yes
ac_cv_header_string_h=yes
ac_cv_header_strings_h=yes
ac_cv_header_sys_stat_h=yes
ac_cv_header_sys_types_h=yes
ac_cv_header_unistd_h=yes
ac_cv_host=arm-unknown-linux-gnu
ac_cv_objext=o
ac_cv_path_EGREP='/bin/grep -E'
ac_cv_path_FGREP='/bin/grep -F'
ac_cv_path_GREP=/bin/grep
ac_cv_path_SED=/bin/sed
ac_cv_path_install='/usr/bin/install -c'
ac_cv_path_lt_DD=/bin/dd
ac_cv_prog_AR=/home/yuhao/android/ndk/android-ndk-r11b/toolchains/arm-linux-androideabi-4.9/prebuilt/linux-x86_64/bin/arm-linux-androideabi-ar
ac_cv_prog_AWK=mawk
ac_cv_prog_CC='/home/yuhao/android/ndk/android-ndk-r11b/toolchains/arm-linux-androideabi-4.9/prebuilt/linux-x86_64/bin/arm-linux-androideabi-gcc --sysroot=/home/yuhao/android/ndk/android-ndk-r11b/platforms/android-19/arch-arm'
ac_cv_prog_CPP='/home/yuhao/android/ndk/android-ndk-r11b/toolchains/arm-linux-androideabi-4.9/prebuilt/linux-x86_64/bin/arm-linux-androideabi-gcc --sysroot=/home/yuhao/android/ndk/android-ndk-r11b/platforms/android-19/arch-arm -E'
ac_cv_prog_RANLIB=/home/yuhao/android/ndk/android-ndk-r11b/toolchains/arm-linux-androideabi-4.9/prebuilt/linux-x86_64/bin/arm-linux-androideabi-ranlib
ac_cv_prog_STRIP=/home/yuhao/android/ndk/android-ndk-r11b/toolchains/arm-linux-androideabi-4.9/prebuilt/linux-x86_64/bin/arm-linux-androideabi-strip
ac_cv_prog_ac_ct_MANIFEST_TOOL=mt
ac_cv_prog_ac_ct_OBJDUMP=objdump
ac_cv_prog_cc_c89=
ac_cv_prog_cc_g=yes
ac_cv_prog_make_make_set=yes
ac_cv_safe_to_define___extensions__=yes
am_cv_langinfo_codeset=no
gl_cv_cc_vis_werror=yes
gl_cv_cc_visibility=yes
gl_cv_header_working_fcntl_h=cross-compiling
lt_cv_ar_at_file=@
lt_cv_archive_cmds_need_lc=no
lt_cv_deplibs_check_method=pass_all
lt_cv_file_magic_cmd='$MAGIC_CMD'
lt_cv_file_magic_test_file=
lt_cv_ld_reload_flag=-r
lt_cv_nm_interface='BSD nm'
lt_cv_objdir=.libs
lt_cv_path_LD=/home/yuhao/android/ndk/android-ndk-r11b/toolchains/arm-linux-androideabi-4.9/prebuilt/linux-x86_64/arm-linux-androideabi/bin/ld
lt_cv_path_NM=/home/yuhao/android/ndk/android-ndk-r11b/toolchains/arm-linux-androideabi-4.9/prebuilt/linux-x86_64/bin/arm-linux-androideabi-nm
lt_cv_path_mainfest_tool=no
lt_cv_prog_compiler_c_o=yes
lt_cv_prog_compiler_pic='-fPIC -DPIC'
lt_cv_prog_compiler_pic_works=yes
lt_cv_prog_compiler_rtti_exceptions=no
lt_cv_prog_compiler_static_works=yes
lt_cv_prog_gnu_ld=yes
lt_cv_sharedlib_from_linklib_cmd='printf %s\n'
lt_cv_shlibpath_overrides_runpath=no
lt_cv_sys_global_symbol_pipe='sed -n -e '\''s/^.*[	 ]\([ABCDGIRSTW][ABCDGIRSTW]*\)[	 ][	 ]*\([_A-Za-z][_A-Za-z0-9]*\)$/\1 \2 \2/p'\'' | sed '\''/ __gnu_lto/d'\'''
lt_cv_sys_global_symbol_to_c_name_address='sed -n -e '\''s/^: \(.*\) .*$/  {"\1", (void *) 0},/p'\'' -e '\''s/^[ABCDGIRSTW][ABCDGIRSTW]* .* \(.*\)$/  {"\1", (void *) \&\1},/p'\'''
lt_cv_sys_global_symbol_to_c_name_address_lib_prefix='sed -n -e '\''s/^: \(.*\) .*$/  {"\1", (void *) 0},/p'\'' -e '\''s/^[ABCDGIRSTW][ABCDGIRSTW]* .* \(lib.*\)$/  {"\1", (void *) \&\1},/p'\'' -e '\''s/^[ABCDGIRSTW][ABCDGIRSTW]* .* \(.*\)$/  {"lib\1", (void *) \&\1},/p'\'''
lt_cv_sys_global_symbol_to_cdecl='sed -n -e '\''s/^T .* \(.*\)$/extern int \1();/p'\'' -e '\''s/^[ABCDGIRSTW][ABCDGIRSTW]* .* \(.*\)$/extern char \1;/p'\'''
lt_cv_sys_global_symbol_to_import=
lt_cv_sys_max_cmd_len=1572864
lt_cv_to_host_file_cmd=func_convert_file_noop
lt_cv_to_tool_file_cmd=func_convert_file_noop
lt_cv_truncate_bin='/bin/dd bs=4096 count=1'

## ----------------- ##
## Output variables. ##
## ----------------- ##

AR='/home/yuhao/android/ndk/android-ndk-r11b/toolchains/arm-linux-androideabi-4.9/prebuilt/linux-x86_64/bin/arm-linux-androideabi-ar'
AS='as'
AWK='mawk'
CC='/home/yuhao/android/ndk/android-ndk-r11b/toolchains/arm-linux-androideabi-4.9/prebuilt/linux-x86_64/bin/arm-linux-androideabi-gcc --sysroot=/home/yuhao/android/ndk/android-ndk-r11b/platforms/android-19/arch-arm'
CFLAGS='-g -O2'
CFLAG_VISIBILITY='-fvisibility=hidden'
CPP='/home/yuhao/android/ndk/android-ndk-r11b/toolchains/arm-linux-androideabi-4.9/prebuilt/linux-x86_64/bin/arm-linux-androideabi-gcc --sysroot=/home/yuhao/android/ndk/android-ndk-r11b/platforms/android-19/arch-arm -E'
CPPFLAGS='-fpic -DANDROID -ffunction-sections -msoft-float -lm'
DEFS='-DHAVE_CONFIG_H'
DLLTOOL='false'
DSYMUTIL=''
DUMPBIN=''
ECHO_C=''
ECHO_N='-n'
ECHO_T=''
EGREP='/bin/grep -E'
EXEEXT=''
FGREP='/bin/grep -F'
GLIBC21='no'
GREP='/bin/grep'
HAVE_VISIBILITY='1'
INSTALL_DATA='${INSTALL} -m 644'
INSTALL_PROGRAM='${INSTALL}'
INSTALL_SCRIPT='${INSTALL}'
LD='/home/yuhao/android/ndk/android-ndk-r11b/toolchains/arm-linux-androideabi-4.9/prebuilt/linux-x86_64/arm-linux-androideabi/bin/ld'
LDFLAGS='-L/home/yuhao/ytxPlayer/android/contrib/jni/jniLibs/lib'
LIBOBJS=''
LIBS=''
LIBTOOL='/bin/bash $(top_builddir)/libtool'
LIPO=''
LN_S='ln -s'
LTLIBOBJS=''
LT_SYS_LIBRARY_PATH=''
MANIFEST_TOOL=':'
NM='/home/yuhao/android/ndk/android-ndk-r11b/toolchains/arm-linux-androideabi-4.9/prebuilt/linux-x86_64/bin/arm-linux-androideabi-nm'
NMEDIT=''
OBJDUMP='objdump'
OBJEXT='o'
OTOOL64=''
OTOOL=''
PACKAGE_BUGREPORT=''
PACKAGE_NAME='libcharset'
PACKAGE_STRING='libcharset 1.4'
PACKAGE_TARNAME='libcharset'
PACKAGE_URL=''
PACKAGE_VERSION='1.4'
PATH_SEPARATOR=':'
RANLIB='/home/yuhao/android/ndk/android-ndk-r11b/toolchains/arm-linux-androideabi-4.9/prebuilt/linux-x86_64/bin/arm-linux-androideabi-ranlib'
RELOCATABLE='no'
SED='/bin/sed'
SET_MAKE=''
SHELL='/bin/bash'
STRIP='/home/yuhao/android/ndk/android-ndk-r11b/toolchains/arm-linux-androideabi-4.9/prebuilt/linux-x86_64/bin/arm-linux-androideabi-strip'
ac_ct_AR=''
ac_ct_CC=''
ac_ct_DUMPBIN=''
bindir='${exec_prefix}/bin'
build='x86_64-pc-linux-gnu'
build_alias=''
build_cpu='x86_64'
build_os='linux-gnu'
build_vendor='pc'
datadir='${datarootdir}'
datarootdir='${prefix}/share'
docdir='${datarootdir}/doc/${PACKAGE_TARNAME}'
dvidir='${docdir}'
exec_prefix='${prefix}'
host='arm-unknown-linux-gnu'
host_alias='arm-linux'
host_cpu='arm'
host_os='linux-gnu'
host_vendor='unknown'
htmldir='${docdir}'
includedir='${prefix}/include'
infodir='${datarootdir}/info'
libdir='${exec_prefix}/lib'
libexecdir='${exec_prefix}/libexec'
localedir='${datarootdir}/locale'
localstatedir='${prefix}/var'
mandir='${datarootdir}/man'
oldincludedir='/usr/include'
pdfdir='${docdir}'
prefix='/home/yuhao/ytxPlayer/android/contrib/jni/jniLibs'
program_transform_name='s,x,x,'
psdir='${docdir}'
sbindir='${exec_prefix}/sbin'
sharedstatedir='${prefix}/com'
sysconfdir='${prefix}/etc'
target_alias=''

## ----------- ##
## confdefs.h. ##
## ----------- ##

/* confdefs.h */
#define PACKAGE_NAME "libcharset"
#define PACKAGE_TARNAME "libcharset"
#define PACKAGE_VERSION "1.4"
#define PACKAGE_STRING "libcharset 1.4"
#define PACKAGE_BUGREPORT ""
#define PACKAGE_URL ""
#define INSTALLPREFIX "/home/yuhao/ytxPlayer/android/contrib/jni/jniLibs"
#define STDC_HEADERS 1
#define HAVE_SYS_TYPES_H 1
#define HAVE_SYS_STAT_H 1
#define HAVE_STDLIB_H 1
#define HAVE_STRING_H 1
#define HAVE_MEMORY_H 1
#define HAVE_STRINGS_H 1
#define HAVE_INTTYPES_H 1
#define HAVE_STDINT_H 1
#define HAVE_UNISTD_H 1
#define __EXTENSIONS__ 1
#define _ALL_SOURCE 1
#define _GNU_SOURCE 1
#define _POSIX_PTHREAD_SEMANTICS 1
#define _TANDEM_SOURCE 1
#define HAVE_DLFCN_H 1
#define LT_OBJDIR ".libs/"
#define HAVE_VISIBILITY 1
#define HAVE_UNISTD_H 1
#define HAVE_SYMLINK 1
#define HAVE_WORKING_O_NOATIME 0
#define HAVE_WORKING_O_NOFOLLOW 0
#define HAVE_SETLOCALE 1

configure: exit 0
