This file contains any messages produced by compilers while
running configure, to aid debugging if configure makes a mistake.

It was created by GNU FriBidi configure 1.0.9, which was
generated by GNU Autoconf 2.69.  Invocation command line was

  $ ./configure --prefix=/shared/ytxplayerlib/ytxPlayer/android/contrib/jni/jniLibs/armeabi-v7a --host=arm-linux --with-sysroot=/home/vagrant/Android/android-ndk-r21d/toolchains/llvm/prebuilt/linux-x86_64/sysroot --enable-static=yes --enable-shared=no --with-glib=no

## --------- ##
## Platform. ##
## --------- ##

hostname = ubuntu-xenial
uname -m = x86_64
uname -r = 4.4.0-197-generic
uname -s = Linux
uname -v = #229-Ubuntu SMP Wed Nov 25 11:05:42 UTC 2020

/usr/bin/uname -p = unknown
/bin/uname -X     = unknown

/bin/arch              = unknown
/usr/bin/arch -k       = unknown
/usr/convex/getsysinfo = unknown
/usr/bin/hostinfo      = unknown
/bin/machine           = unknown
/usr/bin/oslevel       = unknown
/bin/universe          = unknown

PATH: /home/vagrant/Android/android-ndk-r21d/toolchains/llvm/prebuilt/linux-x86_64/bin
PATH: /home/vagrant/Android/android-ndk-r21d/toolchains/arm-linux-androideabi-4.9/prebuilt/linux-x86_64/bin
PATH: /home/vagrant/bin
PATH: /home/vagrant/.local/bin
PATH: /usr/local/sbin
PATH: /usr/local/bin
PATH: /usr/sbin
PATH: /usr/bin
PATH: /sbin
PATH: /bin
PATH: /usr/games
PATH: /usr/local/games
PATH: /snap/bin
PATH: /home/vagrant/gradle-5.6.4/bin
PATH: /home/vagrant/software/nexus/nexus-2.14.18-01/bin


## ----------- ##
## Core tests. ##
## ----------- ##

configure:2487: checking for a BSD-compatible install
configure:2555: result: /usr/bin/install -c
configure:2566: checking whether build environment is sane
configure:2621: result: yes
configure:2680: checking for arm-linux-strip
configure:2707: result: /home/vagrant/Android/android-ndk-r21d/toolchains/llvm/prebuilt/linux-x86_64/bin/arm-linux-androideabi-strip
configure:2772: checking for a thread-safe mkdir -p
configure:2811: result: /bin/mkdir -p
configure:2818: checking for gawk
configure:2834: found /usr/bin/gawk
configure:2845: result: gawk
configure:2856: checking whether make sets $(MAKE)
configure:2878: result: yes
configure:2907: checking whether make supports nested variables
configure:2924: result: yes
configure:3052: checking whether make supports nested variables
configure:3069: result: yes
configure:3085: checking whether make supports the include directive
configure:3100: make -f confmf.GNU && cat confinc.out
this is the am__doit target
configure:3103: $? = 0
configure:3122: result: yes (GNU style)
configure:3152: checking for arm-linux-gcc
configure:3179: result: /home/vagrant/Android/android-ndk-r21d/toolchains/llvm/prebuilt/linux-x86_64/bin/armv7a-linux-androideabi26-clang
configure:3448: checking for C compiler version
configure:3457: /home/vagrant/Android/android-ndk-r21d/toolchains/llvm/prebuilt/linux-x86_64/bin/armv7a-linux-androideabi26-clang --version >&5
Android (6454773 based on r365631c2) clang version 9.0.8 (https://android.googlesource.com/toolchain/llvm-project 98c855489587874b2a325e7a516b99d838599c6f) (based on LLVM 9.0.8svn)
Target: armv7a-unknown-linux-android26
Thread model: posix
InstalledDir: /home/vagrant/Android/android-ndk-r21d/toolchains/llvm/prebuilt/linux-x86_64/bin
configure:3468: $? = 0
configure:3457: /home/vagrant/Android/android-ndk-r21d/toolchains/llvm/prebuilt/linux-x86_64/bin/armv7a-linux-androideabi26-clang -v >&5
Android (6454773 based on r365631c2) clang version 9.0.8 (https://android.googlesource.com/toolchain/llvm-project 98c855489587874b2a325e7a516b99d838599c6f) (based on LLVM 9.0.8svn)
Target: armv7a-unknown-linux-android26
Thread model: posix
InstalledDir: /home/vagrant/Android/android-ndk-r21d/toolchains/llvm/prebuilt/linux-x86_64/bin
Found candidate GCC installation: /home/vagrant/Android/android-ndk-r21d/toolchains/llvm/prebuilt/linux-x86_64/bin/../lib/gcc/arm-linux-androideabi/4.9.x
Selected GCC installation: /home/vagrant/Android/android-ndk-r21d/toolchains/llvm/prebuilt/linux-x86_64/bin/../lib/gcc/arm-linux-androideabi/4.9.x
Candidate multilib: thumb;@mthumb
Candidate multilib: armv7-a;@march=armv7-a
Candidate multilib: armv7-a/thumb;@march=armv7-a@mthumb
Candidate multilib: .;
... rest of stderr output deleted ...
configure:3468: $? = 0
configure:3457: /home/vagrant/Android/android-ndk-r21d/toolchains/llvm/prebuilt/linux-x86_64/bin/armv7a-linux-androideabi26-clang -V >&5
clang: error: argument to '-V' is missing (expected 1 value)
clang: error: no input files
configure:3468: $? = 1
configure:3457: /home/vagrant/Android/android-ndk-r21d/toolchains/llvm/prebuilt/linux-x86_64/bin/armv7a-linux-androideabi26-clang -qversion >&5
clang: error: unknown argument '-qversion'; did you mean '--version'?
clang: error: no input files
configure:3468: $? = 1
configure:3488: checking whether the C compiler works
configure:3510: /home/vagrant/Android/android-ndk-r21d/toolchains/llvm/prebuilt/linux-x86_64/bin/armv7a-linux-androideabi26-clang  -fpic -L/shared/ytxplayerlib/ytxPlayer/android/contrib/jni/jniLibs/armeabi-v7a/lib conftest.c  >&5
configure:3514: $? = 0
configure:3562: result: yes
configure:3565: checking for C compiler default output file name
configure:3567: result: a.out
configure:3573: checking for suffix of executables
configure:3580: /home/vagrant/Android/android-ndk-r21d/toolchains/llvm/prebuilt/linux-x86_64/bin/armv7a-linux-androideabi26-clang -o conftest  -fpic -L/shared/ytxplayerlib/ytxPlayer/android/contrib/jni/jniLibs/armeabi-v7a/lib conftest.c  >&5
configure:3584: $? = 0
configure:3606: result: 
configure:3628: checking whether we are cross compiling
configure:3636: /home/vagrant/Android/android-ndk-r21d/toolchains/llvm/prebuilt/linux-x86_64/bin/armv7a-linux-androideabi26-clang -o conftest  -fpic -L/shared/ytxplayerlib/ytxPlayer/android/contrib/jni/jniLibs/armeabi-v7a/lib conftest.c  >&5
configure:3640: $? = 0
configure:3647: ./conftest
./configure: line 3649: ./conftest: cannot execute binary file: Exec format error
configure:3651: $? = 126
configure:3666: result: yes
configure:3671: checking for suffix of object files
configure:3693: /home/vagrant/Android/android-ndk-r21d/toolchains/llvm/prebuilt/linux-x86_64/bin/armv7a-linux-androideabi26-clang -c  -fpic conftest.c >&5
configure:3697: $? = 0
configure:3718: result: o
configure:3722: checking whether we are using the GNU C compiler
configure:3741: /home/vagrant/Android/android-ndk-r21d/toolchains/llvm/prebuilt/linux-x86_64/bin/armv7a-linux-androideabi26-clang -c  -fpic conftest.c >&5
configure:3741: $? = 0
configure:3750: result: yes
configure:3759: checking whether /home/vagrant/Android/android-ndk-r21d/toolchains/llvm/prebuilt/linux-x86_64/bin/armv7a-linux-androideabi26-clang accepts -g
configure:3779: /home/vagrant/Android/android-ndk-r21d/toolchains/llvm/prebuilt/linux-x86_64/bin/armv7a-linux-androideabi26-clang -c -g -fpic conftest.c >&5
configure:3779: $? = 0
configure:3820: result: yes
configure:3837: checking for /home/vagrant/Android/android-ndk-r21d/toolchains/llvm/prebuilt/linux-x86_64/bin/armv7a-linux-androideabi26-clang option to accept ISO C89
configure:3900: /home/vagrant/Android/android-ndk-r21d/toolchains/llvm/prebuilt/linux-x86_64/bin/armv7a-linux-androideabi26-clang  -c -g -O2 -fpic conftest.c >&5
configure:3900: $? = 0
configure:3913: result: none needed
configure:3938: checking whether /home/vagrant/Android/android-ndk-r21d/toolchains/llvm/prebuilt/linux-x86_64/bin/armv7a-linux-androideabi26-clang understands -c and -o together
configure:3960: /home/vagrant/Android/android-ndk-r21d/toolchains/llvm/prebuilt/linux-x86_64/bin/armv7a-linux-androideabi26-clang -c conftest.c -o conftest2.o
configure:3963: $? = 0
configure:3960: /home/vagrant/Android/android-ndk-r21d/toolchains/llvm/prebuilt/linux-x86_64/bin/armv7a-linux-androideabi26-clang -c conftest.c -o conftest2.o
configure:3963: $? = 0
configure:3975: result: yes
configure:3994: checking dependency style of /home/vagrant/Android/android-ndk-r21d/toolchains/llvm/prebuilt/linux-x86_64/bin/armv7a-linux-androideabi26-clang
configure:4105: result: gcc3
configure:4126: checking for arm-linux-ar
configure:4153: result: /home/vagrant/Android/android-ndk-r21d/toolchains/llvm/prebuilt/linux-x86_64/bin/arm-linux-androideabi-ar
configure:4223: checking the archiver (/home/vagrant/Android/android-ndk-r21d/toolchains/llvm/prebuilt/linux-x86_64/bin/arm-linux-androideabi-ar) interface
configure:4239: /home/vagrant/Android/android-ndk-r21d/toolchains/llvm/prebuilt/linux-x86_64/bin/armv7a-linux-androideabi26-clang -c -g -O2 -fpic conftest.c >&5
configure:4239: $? = 0
configure:4241: /home/vagrant/Android/android-ndk-r21d/toolchains/llvm/prebuilt/linux-x86_64/bin/arm-linux-androideabi-ar cru libconftest.a conftest.o >&5
configure:4244: $? = 0
configure:4272: result: ar
configure:4324: checking build system type
configure:4338: result: x86_64-pc-linux-gnu
configure:4358: checking host system type
configure:4371: result: arm-unknown-linux-gnu
configure:4412: checking how to print strings
configure:4439: result: printf
configure:4460: checking for a sed that does not truncate output
configure:4524: result: /bin/sed
configure:4542: checking for grep that handles long lines and -e
configure:4600: result: /bin/grep
configure:4605: checking for egrep
configure:4667: result: /bin/grep -E
configure:4672: checking for fgrep
configure:4734: result: /bin/grep -F
configure:4769: checking for ld used by /home/vagrant/Android/android-ndk-r21d/toolchains/llvm/prebuilt/linux-x86_64/bin/armv7a-linux-androideabi26-clang
configure:4836: result: /home/vagrant/Android/android-ndk-r21d/toolchains/llvm/prebuilt/linux-x86_64/bin/arm-linux-androideabi-ld
configure:4843: checking if the linker (/home/vagrant/Android/android-ndk-r21d/toolchains/llvm/prebuilt/linux-x86_64/bin/arm-linux-androideabi-ld) is GNU ld
configure:4858: result: yes
configure:4870: checking for BSD- or MS-compatible name lister (nm)
configure:4924: result: /home/vagrant/Android/android-ndk-r21d/toolchains/llvm/prebuilt/linux-x86_64/bin/arm-linux-androideabi-nm
configure:5054: checking the name lister (/home/vagrant/Android/android-ndk-r21d/toolchains/llvm/prebuilt/linux-x86_64/bin/arm-linux-androideabi-nm) interface
configure:5061: /home/vagrant/Android/android-ndk-r21d/toolchains/llvm/prebuilt/linux-x86_64/bin/armv7a-linux-androideabi26-clang -c -g -O2 -fpic conftest.c >&5
configure:5064: /home/vagrant/Android/android-ndk-r21d/toolchains/llvm/prebuilt/linux-x86_64/bin/arm-linux-androideabi-nm "conftest.o"
configure:5067: output
00000000 N 
000000b5 N 
000000c0 N 
00000105 N 
00000113 N 
00000000 B some_variable
configure:5074: result: BSD nm
configure:5077: checking whether ln -s works
configure:5081: result: yes
configure:5089: checking the maximum length of command line arguments
configure:5220: result: 1572864
configure:5268: checking how to convert x86_64-pc-linux-gnu file names to arm-unknown-linux-gnu format
configure:5308: result: func_convert_file_noop
configure:5315: checking how to convert x86_64-pc-linux-gnu file names to toolchain format
configure:5335: result: func_convert_file_noop
configure:5342: checking for /home/vagrant/Android/android-ndk-r21d/toolchains/llvm/prebuilt/linux-x86_64/bin/arm-linux-androideabi-ld option to reload object files
configure:5349: result: -r
configure:5383: checking for arm-linux-objdump
configure:5413: result: no
configure:5423: checking for objdump
configure:5439: found /usr/bin/objdump
configure:5450: result: objdump
configure:5462: WARNING: using cross tools not prefixed with host triplet
configure:5482: checking how to recognize dependent libraries
configure:5682: result: pass_all
configure:5727: checking for arm-linux-dlltool
configure:5757: result: no
configure:5767: checking for dlltool
configure:5797: result: no
configure:5827: checking how to associate runtime and link libraries
configure:5854: result: printf %s\n
configure:5870: checking for arm-linux-ar
configure:5897: result: /home/vagrant/Android/android-ndk-r21d/toolchains/llvm/prebuilt/linux-x86_64/bin/arm-linux-androideabi-ar
configure:5978: checking for archiver @FILE support
configure:5995: /home/vagrant/Android/android-ndk-r21d/toolchains/llvm/prebuilt/linux-x86_64/bin/armv7a-linux-androideabi26-clang -c -g -O2 -fpic conftest.c >&5
configure:5995: $? = 0
configure:5998: /home/vagrant/Android/android-ndk-r21d/toolchains/llvm/prebuilt/linux-x86_64/bin/arm-linux-androideabi-ar cru libconftest.a @conftest.lst >&5
configure:6001: $? = 0
configure:6006: /home/vagrant/Android/android-ndk-r21d/toolchains/llvm/prebuilt/linux-x86_64/bin/arm-linux-androideabi-ar cru libconftest.a @conftest.lst >&5
/home/vagrant/Android/android-ndk-r21d/toolchains/llvm/prebuilt/linux-x86_64/bin/arm-linux-androideabi-ar: conftest.o: No such file or directory
configure:6009: $? = 1
configure:6021: result: @
configure:6039: checking for arm-linux-strip
configure:6066: result: /home/vagrant/Android/android-ndk-r21d/toolchains/llvm/prebuilt/linux-x86_64/bin/arm-linux-androideabi-strip
configure:6138: checking for arm-linux-ranlib
configure:6165: result: /home/vagrant/Android/android-ndk-r21d/toolchains/llvm/prebuilt/linux-x86_64/bin/arm-linux-androideabi-ranlib
configure:6307: checking command to parse /home/vagrant/Android/android-ndk-r21d/toolchains/llvm/prebuilt/linux-x86_64/bin/arm-linux-androideabi-nm output from /home/vagrant/Android/android-ndk-r21d/toolchains/llvm/prebuilt/linux-x86_64/bin/armv7a-linux-androideabi26-clang object
configure:6460: /home/vagrant/Android/android-ndk-r21d/toolchains/llvm/prebuilt/linux-x86_64/bin/armv7a-linux-androideabi26-clang -c -g -O2 -fpic conftest.c >&5
configure:6463: $? = 0
configure:6467: /home/vagrant/Android/android-ndk-r21d/toolchains/llvm/prebuilt/linux-x86_64/bin/arm-linux-androideabi-nm conftest.o \| sed -n -e 's/^.*[ ]\([ABCDGIRSTW][ABCDGIRSTW]*\)[ ][ ]*\([_A-Za-z][_A-Za-z0-9]*\)$/\1 \2 \2/p' | sed '/ __gnu_lto/d' \> conftest.nm
configure:6470: $? = 0
configure:6536: /home/vagrant/Android/android-ndk-r21d/toolchains/llvm/prebuilt/linux-x86_64/bin/armv7a-linux-androideabi26-clang -o conftest -g -O2 -fpic -L/shared/ytxplayerlib/ytxPlayer/android/contrib/jni/jniLibs/armeabi-v7a/lib conftest.c conftstm.o >&5
configure:6539: $? = 0
configure:6577: result: ok
configure:6624: checking for sysroot
configure:6654: result: /home/vagrant/Android/android-ndk-r21d/toolchains/llvm/prebuilt/linux-x86_64/sysroot
configure:6661: checking for a working dd
configure:6699: result: /bin/dd
configure:6703: checking how to truncate binary pipes
configure:6718: result: /bin/dd bs=4096 count=1
configure:7007: checking for arm-linux-mt
configure:7037: result: no
configure:7047: checking for mt
configure:7063: found /bin/mt
configure:7074: result: mt
configure:7097: checking if mt is a manifest tool
configure:7103: mt '-?'
configure:7111: result: no
configure:7788: checking how to run the C preprocessor
configure:7819: /home/vagrant/Android/android-ndk-r21d/toolchains/llvm/prebuilt/linux-x86_64/bin/armv7a-linux-androideabi26-clang -E -fpic conftest.c
configure:7819: $? = 0
configure:7833: /home/vagrant/Android/android-ndk-r21d/toolchains/llvm/prebuilt/linux-x86_64/bin/armv7a-linux-androideabi26-clang -E -fpic conftest.c
conftest.c:9:10: fatal error: 'ac_nonexistent.h' file not found
#include <ac_nonexistent.h>
         ^~~~~~~~~~~~~~~~~~
1 error generated.
configure:7833: $? = 1
configure: failed program was:
| /* confdefs.h */
| #define PACKAGE_NAME "GNU FriBidi"
| #define PACKAGE_TARNAME "fribidi"
| #define PACKAGE_VERSION "1.0.9"
| #define PACKAGE_STRING "GNU FriBidi 1.0.9"
| #define PACKAGE_BUGREPORT "https://github.com/fribidi/fribidi/issues/new"
| #define PACKAGE_URL "http://fribidi.org/"
| /* end confdefs.h.  */
| #include <ac_nonexistent.h>
configure:7858: result: /home/vagrant/Android/android-ndk-r21d/toolchains/llvm/prebuilt/linux-x86_64/bin/armv7a-linux-androideabi26-clang -E
configure:7878: /home/vagrant/Android/android-ndk-r21d/toolchains/llvm/prebuilt/linux-x86_64/bin/armv7a-linux-androideabi26-clang -E -fpic conftest.c
configure:7878: $? = 0
configure:7892: /home/vagrant/Android/android-ndk-r21d/toolchains/llvm/prebuilt/linux-x86_64/bin/armv7a-linux-androideabi26-clang -E -fpic conftest.c
conftest.c:9:10: fatal error: 'ac_nonexistent.h' file not found
#include <ac_nonexistent.h>
         ^~~~~~~~~~~~~~~~~~
1 error generated.
configure:7892: $? = 1
configure: failed program was:
| /* confdefs.h */
| #define PACKAGE_NAME "GNU FriBidi"
| #define PACKAGE_TARNAME "fribidi"
| #define PACKAGE_VERSION "1.0.9"
| #define PACKAGE_STRING "GNU FriBidi 1.0.9"
| #define PACKAGE_BUGREPORT "https://github.com/fribidi/fribidi/issues/new"
| #define PACKAGE_URL "http://fribidi.org/"
| /* end confdefs.h.  */
| #include <ac_nonexistent.h>
configure:7921: checking for ANSI C header files
configure:7941: /home/vagrant/Android/android-ndk-r21d/toolchains/llvm/prebuilt/linux-x86_64/bin/armv7a-linux-androideabi26-clang -c -g -O2 -fpic conftest.c >&5
configure:7941: $? = 0
configure:8025: result: yes
configure:8038: checking for sys/types.h
configure:8038: /home/vagrant/Android/android-ndk-r21d/toolchains/llvm/prebuilt/linux-x86_64/bin/armv7a-linux-androideabi26-clang -c -g -O2 -fpic conftest.c >&5
configure:8038: $? = 0
configure:8038: result: yes
configure:8038: checking for sys/stat.h
configure:8038: /home/vagrant/Android/android-ndk-r21d/toolchains/llvm/prebuilt/linux-x86_64/bin/armv7a-linux-androideabi26-clang -c -g -O2 -fpic conftest.c >&5
configure:8038: $? = 0
configure:8038: result: yes
configure:8038: checking for stdlib.h
configure:8038: /home/vagrant/Android/android-ndk-r21d/toolchains/llvm/prebuilt/linux-x86_64/bin/armv7a-linux-androideabi26-clang -c -g -O2 -fpic conftest.c >&5
configure:8038: $? = 0
configure:8038: result: yes
configure:8038: checking for string.h
configure:8038: /home/vagrant/Android/android-ndk-r21d/toolchains/llvm/prebuilt/linux-x86_64/bin/armv7a-linux-androideabi26-clang -c -g -O2 -fpic conftest.c >&5
configure:8038: $? = 0
configure:8038: result: yes
configure:8038: checking for memory.h
configure:8038: /home/vagrant/Android/android-ndk-r21d/toolchains/llvm/prebuilt/linux-x86_64/bin/armv7a-linux-androideabi26-clang -c -g -O2 -fpic conftest.c >&5
configure:8038: $? = 0
configure:8038: result: yes
configure:8038: checking for strings.h
configure:8038: /home/vagrant/Android/android-ndk-r21d/toolchains/llvm/prebuilt/linux-x86_64/bin/armv7a-linux-androideabi26-clang -c -g -O2 -fpic conftest.c >&5
configure:8038: $? = 0
configure:8038: result: yes
configure:8038: checking for inttypes.h
configure:8038: /home/vagrant/Android/android-ndk-r21d/toolchains/llvm/prebuilt/linux-x86_64/bin/armv7a-linux-androideabi26-clang -c -g -O2 -fpic conftest.c >&5
configure:8038: $? = 0
configure:8038: result: yes
configure:8038: checking for stdint.h
configure:8038: /home/vagrant/Android/android-ndk-r21d/toolchains/llvm/prebuilt/linux-x86_64/bin/armv7a-linux-androideabi26-clang -c -g -O2 -fpic conftest.c >&5
configure:8038: $? = 0
configure:8038: result: yes
configure:8038: checking for unistd.h
configure:8038: /home/vagrant/Android/android-ndk-r21d/toolchains/llvm/prebuilt/linux-x86_64/bin/armv7a-linux-androideabi26-clang -c -g -O2 -fpic conftest.c >&5
configure:8038: $? = 0
configure:8038: result: yes
configure:8052: checking for dlfcn.h
configure:8052: /home/vagrant/Android/android-ndk-r21d/toolchains/llvm/prebuilt/linux-x86_64/bin/armv7a-linux-androideabi26-clang -c -g -O2 -fpic conftest.c >&5
configure:8052: $? = 0
configure:8052: result: yes
configure:8307: checking for objdir
configure:8322: result: .libs
configure:8586: checking if /home/vagrant/Android/android-ndk-r21d/toolchains/llvm/prebuilt/linux-x86_64/bin/armv7a-linux-androideabi26-clang supports -fno-rtti -fno-exceptions
configure:8604: /home/vagrant/Android/android-ndk-r21d/toolchains/llvm/prebuilt/linux-x86_64/bin/armv7a-linux-androideabi26-clang -c -g -O2 -fpic -fno-rtti -fno-exceptions conftest.c >&5
configure:8608: $? = 0
configure:8621: result: yes
configure:8979: checking for /home/vagrant/Android/android-ndk-r21d/toolchains/llvm/prebuilt/linux-x86_64/bin/armv7a-linux-androideabi26-clang option to produce PIC
configure:8986: result: -fPIC -DPIC
configure:8994: checking if /home/vagrant/Android/android-ndk-r21d/toolchains/llvm/prebuilt/linux-x86_64/bin/armv7a-linux-androideabi26-clang PIC flag -fPIC -DPIC works
configure:9012: /home/vagrant/Android/android-ndk-r21d/toolchains/llvm/prebuilt/linux-x86_64/bin/armv7a-linux-androideabi26-clang -c -g -O2 -fpic -fPIC -DPIC -DPIC conftest.c >&5
configure:9016: $? = 0
configure:9029: result: yes
configure:9058: checking if /home/vagrant/Android/android-ndk-r21d/toolchains/llvm/prebuilt/linux-x86_64/bin/armv7a-linux-androideabi26-clang static flag -static works
configure:9086: result: yes
configure:9101: checking if /home/vagrant/Android/android-ndk-r21d/toolchains/llvm/prebuilt/linux-x86_64/bin/armv7a-linux-androideabi26-clang supports -c -o file.o
configure:9122: /home/vagrant/Android/android-ndk-r21d/toolchains/llvm/prebuilt/linux-x86_64/bin/armv7a-linux-androideabi26-clang -c -g -O2 -fpic -o out/conftest2.o conftest.c >&5
configure:9126: $? = 0
configure:9148: result: yes
configure:9156: checking if /home/vagrant/Android/android-ndk-r21d/toolchains/llvm/prebuilt/linux-x86_64/bin/armv7a-linux-androideabi26-clang supports -c -o file.o
configure:9203: result: yes
configure:9236: checking whether the /home/vagrant/Android/android-ndk-r21d/toolchains/llvm/prebuilt/linux-x86_64/bin/armv7a-linux-androideabi26-clang linker (/home/vagrant/Android/android-ndk-r21d/toolchains/llvm/prebuilt/linux-x86_64/bin/arm-linux-androideabi-ld) supports shared libraries
configure:10495: result: yes
configure:10735: checking dynamic linker characteristics
configure:11316: /home/vagrant/Android/android-ndk-r21d/toolchains/llvm/prebuilt/linux-x86_64/bin/armv7a-linux-androideabi26-clang -o conftest -g -O2 -fpic -L/shared/ytxplayerlib/ytxPlayer/android/contrib/jni/jniLibs/armeabi-v7a/lib -Wl,-rpath -Wl,/foo conftest.c  >&5
configure:11316: $? = 0
configure:11556: result: GNU/Linux ld.so
configure:11678: checking how to hardcode library paths into programs
configure:11703: result: immediate
configure:12251: checking whether stripping libraries is possible
configure:12256: result: yes
configure:12291: checking if libtool supports shared libraries
configure:12293: result: yes
configure:12296: checking whether to build shared libraries
configure:12321: result: no
configure:12324: checking whether to build static libraries
configure:12328: result: yes
configure:12401: checking for arm-linux-gcc
configure:12428: result: /home/vagrant/Android/android-ndk-r21d/toolchains/llvm/prebuilt/linux-x86_64/bin/armv7a-linux-androideabi26-clang
configure:12697: checking for C compiler version
configure:12706: /home/vagrant/Android/android-ndk-r21d/toolchains/llvm/prebuilt/linux-x86_64/bin/armv7a-linux-androideabi26-clang --version >&5
Android (6454773 based on r365631c2) clang version 9.0.8 (https://android.googlesource.com/toolchain/llvm-project 98c855489587874b2a325e7a516b99d838599c6f) (based on LLVM 9.0.8svn)
Target: armv7a-unknown-linux-android26
Thread model: posix
InstalledDir: /home/vagrant/Android/android-ndk-r21d/toolchains/llvm/prebuilt/linux-x86_64/bin
configure:12717: $? = 0
configure:12706: /home/vagrant/Android/android-ndk-r21d/toolchains/llvm/prebuilt/linux-x86_64/bin/armv7a-linux-androideabi26-clang -v >&5
Android (6454773 based on r365631c2) clang version 9.0.8 (https://android.googlesource.com/toolchain/llvm-project 98c855489587874b2a325e7a516b99d838599c6f) (based on LLVM 9.0.8svn)
Target: armv7a-unknown-linux-android26
Thread model: posix
InstalledDir: /home/vagrant/Android/android-ndk-r21d/toolchains/llvm/prebuilt/linux-x86_64/bin
Found candidate GCC installation: /home/vagrant/Android/android-ndk-r21d/toolchains/llvm/prebuilt/linux-x86_64/bin/../lib/gcc/arm-linux-androideabi/4.9.x
Selected GCC installation: /home/vagrant/Android/android-ndk-r21d/toolchains/llvm/prebuilt/linux-x86_64/bin/../lib/gcc/arm-linux-androideabi/4.9.x
Candidate multilib: thumb;@mthumb
Candidate multilib: armv7-a;@march=armv7-a
Candidate multilib: armv7-a/thumb;@march=armv7-a@mthumb
Candidate multilib: .;
... rest of stderr output deleted ...
configure:12717: $? = 0
configure:12706: /home/vagrant/Android/android-ndk-r21d/toolchains/llvm/prebuilt/linux-x86_64/bin/armv7a-linux-androideabi26-clang -V >&5
clang: error: argument to '-V' is missing (expected 1 value)
clang: error: no input files
configure:12717: $? = 1
configure:12706: /home/vagrant/Android/android-ndk-r21d/toolchains/llvm/prebuilt/linux-x86_64/bin/armv7a-linux-androideabi26-clang -qversion >&5
clang: error: unknown argument '-qversion'; did you mean '--version'?
clang: error: no input files
configure:12717: $? = 1
configure:12721: checking whether we are using the GNU C compiler
configure:12749: result: yes
configure:12758: checking whether /home/vagrant/Android/android-ndk-r21d/toolchains/llvm/prebuilt/linux-x86_64/bin/armv7a-linux-androideabi26-clang accepts -g
configure:12819: result: yes
configure:12836: checking for /home/vagrant/Android/android-ndk-r21d/toolchains/llvm/prebuilt/linux-x86_64/bin/armv7a-linux-androideabi26-clang option to accept ISO C89
configure:12912: result: none needed
configure:12937: checking whether /home/vagrant/Android/android-ndk-r21d/toolchains/llvm/prebuilt/linux-x86_64/bin/armv7a-linux-androideabi26-clang understands -c and -o together
configure:12974: result: yes
configure:12993: checking dependency style of /home/vagrant/Android/android-ndk-r21d/toolchains/llvm/prebuilt/linux-x86_64/bin/armv7a-linux-androideabi26-clang
configure:13104: result: gcc3
configure:13131: checking for arm-linux-pkg-config
configure:13164: result: no
configure:13174: checking for pkg-config
configure:13192: found /usr/bin/pkg-config
configure:13204: result: /usr/bin/pkg-config
configure:13229: checking pkg-config is at least version 0.9.0
configure:13232: result: yes
configure:13240: checking for native Win32
configure:13246: result: no
configure:13256: checking for some Win32 platform
configure:13262: result: no
configure:13275: checking for ANSI C header files
configure:13379: result: yes
configure:13390: checking for stdlib.h
configure:13390: result: yes
configure:13390: checking for string.h
configure:13390: result: yes
configure:13390: checking for strings.h
configure:13390: result: yes
configure:13390: checking wchar.h usability
configure:13390: /home/vagrant/Android/android-ndk-r21d/toolchains/llvm/prebuilt/linux-x86_64/bin/armv7a-linux-androideabi26-clang -c -g -O2 -fpic conftest.c >&5
configure:13390: $? = 0
configure:13390: result: yes
configure:13390: checking wchar.h presence
configure:13390: /home/vagrant/Android/android-ndk-r21d/toolchains/llvm/prebuilt/linux-x86_64/bin/armv7a-linux-androideabi26-clang -E -fpic conftest.c
configure:13390: $? = 0
configure:13390: result: yes
configure:13390: checking for wchar.h
configure:13390: result: yes
configure:13390: checking asm/page.h usability
configure:13390: /home/vagrant/Android/android-ndk-r21d/toolchains/llvm/prebuilt/linux-x86_64/bin/armv7a-linux-androideabi26-clang -c -g -O2 -fpic conftest.c >&5
conftest.c:59:10: fatal error: 'asm/page.h' file not found
#include <asm/page.h>
         ^~~~~~~~~~~~
1 error generated.
configure:13390: $? = 1
configure: failed program was:
| /* confdefs.h */
| #define PACKAGE_NAME "GNU FriBidi"
| #define PACKAGE_TARNAME "fribidi"
| #define PACKAGE_VERSION "1.0.9"
| #define PACKAGE_STRING "GNU FriBidi 1.0.9"
| #define PACKAGE_BUGREPORT "https://github.com/fribidi/fribidi/issues/new"
| #define PACKAGE_URL "http://fribidi.org/"
| #define STDC_HEADERS 1
| #define HAVE_SYS_TYPES_H 1
| #define HAVE_SYS_STAT_H 1
| #define HAVE_STDLIB_H 1
| #define HAVE_STRING_H 1
| #define HAVE_MEMORY_H 1
| #define HAVE_STRINGS_H 1
| #define HAVE_INTTYPES_H 1
| #define HAVE_STDINT_H 1
| #define HAVE_UNISTD_H 1
| #define HAVE_DLFCN_H 1
| #define LT_OBJDIR ".libs/"
| #define STDC_HEADERS 1
| #define HAVE_STDLIB_H 1
| #define HAVE_STRING_H 1
| #define HAVE_STRINGS_H 1
| #define HAVE_WCHAR_H 1
| /* end confdefs.h.  */
| #include <stdio.h>
| #ifdef HAVE_SYS_TYPES_H
| # include <sys/types.h>
| #endif
| #ifdef HAVE_SYS_STAT_H
| # include <sys/stat.h>
| #endif
| #ifdef STDC_HEADERS
| # include <stdlib.h>
| # include <stddef.h>
| #else
| # ifdef HAVE_STDLIB_H
| #  include <stdlib.h>
| # endif
| #endif
| #ifdef HAVE_STRING_H
| # if !defined STDC_HEADERS && defined HAVE_MEMORY_H
| #  include <memory.h>
| # endif
| # include <string.h>
| #endif
| #ifdef HAVE_STRINGS_H
| # include <strings.h>
| #endif
| #ifdef HAVE_INTTYPES_H
| # include <inttypes.h>
| #endif
| #ifdef HAVE_STDINT_H
| # include <stdint.h>
| #endif
| #ifdef HAVE_UNISTD_H
| # include <unistd.h>
| #endif
| #include <asm/page.h>
configure:13390: result: no
configure:13390: checking asm/page.h presence
configure:13390: /home/vagrant/Android/android-ndk-r21d/toolchains/llvm/prebuilt/linux-x86_64/bin/armv7a-linux-androideabi26-clang -E -fpic conftest.c
conftest.c:26:10: fatal error: 'asm/page.h' file not found
#include <asm/page.h>
         ^~~~~~~~~~~~
1 error generated.
configure:13390: $? = 1
configure: failed program was:
| /* confdefs.h */
| #define PACKAGE_NAME "GNU FriBidi"
| #define PACKAGE_TARNAME "fribidi"
| #define PACKAGE_VERSION "1.0.9"
| #define PACKAGE_STRING "GNU FriBidi 1.0.9"
| #define PACKAGE_BUGREPORT "https://github.com/fribidi/fribidi/issues/new"
| #define PACKAGE_URL "http://fribidi.org/"
| #define STDC_HEADERS 1
| #define HAVE_SYS_TYPES_H 1
| #define HAVE_SYS_STAT_H 1
| #define HAVE_STDLIB_H 1
| #define HAVE_STRING_H 1
| #define HAVE_MEMORY_H 1
| #define HAVE_STRINGS_H 1
| #define HAVE_INTTYPES_H 1
| #define HAVE_STDINT_H 1
| #define HAVE_UNISTD_H 1
| #define HAVE_DLFCN_H 1
| #define LT_OBJDIR ".libs/"
| #define STDC_HEADERS 1
| #define HAVE_STDLIB_H 1
| #define HAVE_STRING_H 1
| #define HAVE_STRINGS_H 1
| #define HAVE_WCHAR_H 1
| /* end confdefs.h.  */
| #include <asm/page.h>
configure:13390: result: no
configure:13390: checking for asm/page.h
configure:13390: result: no
configure:13390: checking sys/times.h usability
configure:13390: /home/vagrant/Android/android-ndk-r21d/toolchains/llvm/prebuilt/linux-x86_64/bin/armv7a-linux-androideabi26-clang -c -g -O2 -fpic conftest.c >&5
configure:13390: $? = 0
configure:13390: result: yes
configure:13390: checking sys/times.h presence
configure:13390: /home/vagrant/Android/android-ndk-r21d/toolchains/llvm/prebuilt/linux-x86_64/bin/armv7a-linux-androideabi26-clang -E -fpic conftest.c
configure:13390: $? = 0
configure:13390: result: yes
configure:13390: checking for sys/times.h
configure:13390: result: yes
configure:13402: checking for an ANSI C-conforming const
configure:13468: /home/vagrant/Android/android-ndk-r21d/toolchains/llvm/prebuilt/linux-x86_64/bin/armv7a-linux-androideabi26-clang -c -g -O2 -fpic conftest.c >&5
configure:13468: $? = 0
configure:13475: result: yes
configure:13483: checking for preprocessor stringizing operator
configure:13503: result: yes
configure:13515: checking size of int
configure:13520: /home/vagrant/Android/android-ndk-r21d/toolchains/llvm/prebuilt/linux-x86_64/bin/armv7a-linux-androideabi26-clang -c -g -O2 -fpic conftest.c >&5
configure:13520: $? = 0
configure:13520: /home/vagrant/Android/android-ndk-r21d/toolchains/llvm/prebuilt/linux-x86_64/bin/armv7a-linux-androideabi26-clang -c -g -O2 -fpic conftest.c >&5
conftest.c:64:24: error: 'test_array' declared as an array with a negative size
static int test_array [1 - 2 * !(((long int) (sizeof (int))) <= 0)];
                       ^~~~~~~~~~~~~~~~~~~~~~~~~~~~~~~~~~~~~~~~~~~
1 error generated.
configure:13520: $? = 1
configure: failed program was:
| /* confdefs.h */
| #define PACKAGE_NAME "GNU FriBidi"
| #define PACKAGE_TARNAME "fribidi"
| #define PACKAGE_VERSION "1.0.9"
| #define PACKAGE_STRING "GNU FriBidi 1.0.9"
| #define PACKAGE_BUGREPORT "https://github.com/fribidi/fribidi/issues/new"
| #define PACKAGE_URL "http://fribidi.org/"
| #define STDC_HEADERS 1
| #define HAVE_SYS_TYPES_H 1
| #define HAVE_SYS_STAT_H 1
| #define HAVE_STDLIB_H 1
| #define HAVE_STRING_H 1
| #define HAVE_MEMORY_H 1
| #define HAVE_STRINGS_H 1
| #define HAVE_INTTYPES_H 1
| #define HAVE_STDINT_H 1
| #define HAVE_UNISTD_H 1
| #define HAVE_DLFCN_H 1
| #define LT_OBJDIR ".libs/"
| #define STDC_HEADERS 1
| #define HAVE_STDLIB_H 1
| #define HAVE_STRING_H 1
| #define HAVE_STRINGS_H 1
| #define HAVE_WCHAR_H 1
| #define HAVE_SYS_TIMES_H 1
| #define HAVE_STRINGIZE 1
| /* end confdefs.h.  */
| #include <stdio.h>
| #ifdef HAVE_SYS_TYPES_H
| # include <sys/types.h>
| #endif
| #ifdef HAVE_SYS_STAT_H
| # include <sys/stat.h>
| #endif
| #ifdef STDC_HEADERS
| # include <stdlib.h>
| # include <stddef.h>
| #else
| # ifdef HAVE_STDLIB_H
| #  include <stdlib.h>
| # endif
| #endif
| #ifdef HAVE_STRING_H
| # if !defined STDC_HEADERS && defined HAVE_MEMORY_H
| #  include <memory.h>
| # endif
| # include <string.h>
| #endif
| #ifdef HAVE_STRINGS_H
| # include <strings.h>
| #endif
| #ifdef HAVE_INTTYPES_H
| # include <inttypes.h>
| #endif
| #ifdef HAVE_STDINT_H
| # include <stdint.h>
| #endif
| #ifdef HAVE_UNISTD_H
| # include <unistd.h>
| #endif
| int
| main ()
| {
| static int test_array [1 - 2 * !(((long int) (sizeof (int))) <= 0)];
| test_array [0] = 0;
| return test_array [0];
| 
|   ;
|   return 0;
| }
configure:13520: /home/vagrant/Android/android-ndk-r21d/toolchains/llvm/prebuilt/linux-x86_64/bin/armv7a-linux-androideabi26-clang -c -g -O2 -fpic conftest.c >&5
conftest.c:64:24: error: 'test_array' declared as an array with a negative size
static int test_array [1 - 2 * !(((long int) (sizeof (int))) <= 1)];
                       ^~~~~~~~~~~~~~~~~~~~~~~~~~~~~~~~~~~~~~~~~~~
1 error generated.
configure:13520: $? = 1
configure: failed program was:
| /* confdefs.h */
| #define PACKAGE_NAME "GNU FriBidi"
| #define PACKAGE_TARNAME "fribidi"
| #define PACKAGE_VERSION "1.0.9"
| #define PACKAGE_STRING "GNU FriBidi 1.0.9"
| #define PACKAGE_BUGREPORT "https://github.com/fribidi/fribidi/issues/new"
| #define PACKAGE_URL "http://fribidi.org/"
| #define STDC_HEADERS 1
| #define HAVE_SYS_TYPES_H 1
| #define HAVE_SYS_STAT_H 1
| #define HAVE_STDLIB_H 1
| #define HAVE_STRING_H 1
| #define HAVE_MEMORY_H 1
| #define HAVE_STRINGS_H 1
| #define HAVE_INTTYPES_H 1
| #define HAVE_STDINT_H 1
| #define HAVE_UNISTD_H 1
| #define HAVE_DLFCN_H 1
| #define LT_OBJDIR ".libs/"
| #define STDC_HEADERS 1
| #define HAVE_STDLIB_H 1
| #define HAVE_STRING_H 1
| #define HAVE_STRINGS_H 1
| #define HAVE_WCHAR_H 1
| #define HAVE_SYS_TIMES_H 1
| #define HAVE_STRINGIZE 1
| /* end confdefs.h.  */
| #include <stdio.h>
| #ifdef HAVE_SYS_TYPES_H
| # include <sys/types.h>
| #endif
| #ifdef HAVE_SYS_STAT_H
| # include <sys/stat.h>
| #endif
| #ifdef STDC_HEADERS
| # include <stdlib.h>
| # include <stddef.h>
| #else
| # ifdef HAVE_STDLIB_H
| #  include <stdlib.h>
| # endif
| #endif
| #ifdef HAVE_STRING_H
| # if !defined STDC_HEADERS && defined HAVE_MEMORY_H
| #  include <memory.h>
| # endif
| # include <string.h>
| #endif
| #ifdef HAVE_STRINGS_H
| # include <strings.h>
| #endif
| #ifdef HAVE_INTTYPES_H
| # include <inttypes.h>
| #endif
| #ifdef HAVE_STDINT_H
| # include <stdint.h>
| #endif
| #ifdef HAVE_UNISTD_H
| # include <unistd.h>
| #endif
| int
| main ()
| {
| static int test_array [1 - 2 * !(((long int) (sizeof (int))) <= 1)];
| test_array [0] = 0;
| return test_array [0];
| 
|   ;
|   return 0;
| }
configure:13520: /home/vagrant/Android/android-ndk-r21d/toolchains/llvm/prebuilt/linux-x86_64/bin/armv7a-linux-androideabi26-clang -c -g -O2 -fpic conftest.c >&5
conftest.c:64:24: error: 'test_array' declared as an array with a negative size
static int test_array [1 - 2 * !(((long int) (sizeof (int))) <= 3)];
                       ^~~~~~~~~~~~~~~~~~~~~~~~~~~~~~~~~~~~~~~~~~~
1 error generated.
configure:13520: $? = 1
configure: failed program was:
| /* confdefs.h */
| #define PACKAGE_NAME "GNU FriBidi"
| #define PACKAGE_TARNAME "fribidi"
| #define PACKAGE_VERSION "1.0.9"
| #define PACKAGE_STRING "GNU FriBidi 1.0.9"
| #define PACKAGE_BUGREPORT "https://github.com/fribidi/fribidi/issues/new"
| #define PACKAGE_URL "http://fribidi.org/"
| #define STDC_HEADERS 1
| #define HAVE_SYS_TYPES_H 1
| #define HAVE_SYS_STAT_H 1
| #define HAVE_STDLIB_H 1
| #define HAVE_STRING_H 1
| #define HAVE_MEMORY_H 1
| #define HAVE_STRINGS_H 1
| #define HAVE_INTTYPES_H 1
| #define HAVE_STDINT_H 1
| #define HAVE_UNISTD_H 1
| #define HAVE_DLFCN_H 1
| #define LT_OBJDIR ".libs/"
| #define STDC_HEADERS 1
| #define HAVE_STDLIB_H 1
| #define HAVE_STRING_H 1
| #define HAVE_STRINGS_H 1
| #define HAVE_WCHAR_H 1
| #define HAVE_SYS_TIMES_H 1
| #define HAVE_STRINGIZE 1
| /* end confdefs.h.  */
| #include <stdio.h>
| #ifdef HAVE_SYS_TYPES_H
| # include <sys/types.h>
| #endif
| #ifdef HAVE_SYS_STAT_H
| # include <sys/stat.h>
| #endif
| #ifdef STDC_HEADERS
| # include <stdlib.h>
| # include <stddef.h>
| #else
| # ifdef HAVE_STDLIB_H
| #  include <stdlib.h>
| # endif
| #endif
| #ifdef HAVE_STRING_H
| # if !defined STDC_HEADERS && defined HAVE_MEMORY_H
| #  include <memory.h>
| # endif
| # include <string.h>
| #endif
| #ifdef HAVE_STRINGS_H
| # include <strings.h>
| #endif
| #ifdef HAVE_INTTYPES_H
| # include <inttypes.h>
| #endif
| #ifdef HAVE_STDINT_H
| # include <stdint.h>
| #endif
| #ifdef HAVE_UNISTD_H
| # include <unistd.h>
| #endif
| int
| main ()
| {
| static int test_array [1 - 2 * !(((long int) (sizeof (int))) <= 3)];
| test_array [0] = 0;
| return test_array [0];
| 
|   ;
|   return 0;
| }
configure:13520: /home/vagrant/Android/android-ndk-r21d/toolchains/llvm/prebuilt/linux-x86_64/bin/armv7a-linux-androideabi26-clang -c -g -O2 -fpic conftest.c >&5
configure:13520: $? = 0
configure:13520: /home/vagrant/Android/android-ndk-r21d/toolchains/llvm/prebuilt/linux-x86_64/bin/armv7a-linux-androideabi26-clang -c -g -O2 -fpic conftest.c >&5
configure:13520: $? = 0
configure:13520: /home/vagrant/Android/android-ndk-r21d/toolchains/llvm/prebuilt/linux-x86_64/bin/armv7a-linux-androideabi26-clang -c -g -O2 -fpic conftest.c >&5
configure:13520: $? = 0
configure:13534: result: 4
configure:13550: checking size of short
configure:13555: /home/vagrant/Android/android-ndk-r21d/toolchains/llvm/prebuilt/linux-x86_64/bin/armv7a-linux-androideabi26-clang -c -g -O2 -fpic conftest.c >&5
configure:13555: $? = 0
configure:13555: /home/vagrant/Android/android-ndk-r21d/toolchains/llvm/prebuilt/linux-x86_64/bin/armv7a-linux-androideabi26-clang -c -g -O2 -fpic conftest.c >&5
conftest.c:65:24: error: 'test_array' declared as an array with a negative size
static int test_array [1 - 2 * !(((long int) (sizeof (short))) <= 0)];
                       ^~~~~~~~~~~~~~~~~~~~~~~~~~~~~~~~~~~~~~~~~~~~~
1 error generated.
configure:13555: $? = 1
configure: failed program was:
| /* confdefs.h */
| #define PACKAGE_NAME "GNU FriBidi"
| #define PACKAGE_TARNAME "fribidi"
| #define PACKAGE_VERSION "1.0.9"
| #define PACKAGE_STRING "GNU FriBidi 1.0.9"
| #define PACKAGE_BUGREPORT "https://github.com/fribidi/fribidi/issues/new"
| #define PACKAGE_URL "http://fribidi.org/"
| #define STDC_HEADERS 1
| #define HAVE_SYS_TYPES_H 1
| #define HAVE_SYS_STAT_H 1
| #define HAVE_STDLIB_H 1
| #define HAVE_STRING_H 1
| #define HAVE_MEMORY_H 1
| #define HAVE_STRINGS_H 1
| #define HAVE_INTTYPES_H 1
| #define HAVE_STDINT_H 1
| #define HAVE_UNISTD_H 1
| #define HAVE_DLFCN_H 1
| #define LT_OBJDIR ".libs/"
| #define STDC_HEADERS 1
| #define HAVE_STDLIB_H 1
| #define HAVE_STRING_H 1
| #define HAVE_STRINGS_H 1
| #define HAVE_WCHAR_H 1
| #define HAVE_SYS_TIMES_H 1
| #define HAVE_STRINGIZE 1
| #define SIZEOF_INT 4
| /* end confdefs.h.  */
| #include <stdio.h>
| #ifdef HAVE_SYS_TYPES_H
| # include <sys/types.h>
| #endif
| #ifdef HAVE_SYS_STAT_H
| # include <sys/stat.h>
| #endif
| #ifdef STDC_HEADERS
| # include <stdlib.h>
| # include <stddef.h>
| #else
| # ifdef HAVE_STDLIB_H
| #  include <stdlib.h>
| # endif
| #endif
| #ifdef HAVE_STRING_H
| # if !defined STDC_HEADERS && defined HAVE_MEMORY_H
| #  include <memory.h>
| # endif
| # include <string.h>
| #endif
| #ifdef HAVE_STRINGS_H
| # include <strings.h>
| #endif
| #ifdef HAVE_INTTYPES_H
| # include <inttypes.h>
| #endif
| #ifdef HAVE_STDINT_H
| # include <stdint.h>
| #endif
| #ifdef HAVE_UNISTD_H
| # include <unistd.h>
| #endif
| int
| main ()
| {
| static int test_array [1 - 2 * !(((long int) (sizeof (short))) <= 0)];
| test_array [0] = 0;
| return test_array [0];
| 
|   ;
|   return 0;
| }
configure:13555: /home/vagrant/Android/android-ndk-r21d/toolchains/llvm/prebuilt/linux-x86_64/bin/armv7a-linux-androideabi26-clang -c -g -O2 -fpic conftest.c >&5
conftest.c:65:24: error: 'test_array' declared as an array with a negative size
static int test_array [1 - 2 * !(((long int) (sizeof (short))) <= 1)];
                       ^~~~~~~~~~~~~~~~~~~~~~~~~~~~~~~~~~~~~~~~~~~~~
1 error generated.
configure:13555: $? = 1
configure: failed program was:
| /* confdefs.h */
| #define PACKAGE_NAME "GNU FriBidi"
| #define PACKAGE_TARNAME "fribidi"
| #define PACKAGE_VERSION "1.0.9"
| #define PACKAGE_STRING "GNU FriBidi 1.0.9"
| #define PACKAGE_BUGREPORT "https://github.com/fribidi/fribidi/issues/new"
| #define PACKAGE_URL "http://fribidi.org/"
| #define STDC_HEADERS 1
| #define HAVE_SYS_TYPES_H 1
| #define HAVE_SYS_STAT_H 1
| #define HAVE_STDLIB_H 1
| #define HAVE_STRING_H 1
| #define HAVE_MEMORY_H 1
| #define HAVE_STRINGS_H 1
| #define HAVE_INTTYPES_H 1
| #define HAVE_STDINT_H 1
| #define HAVE_UNISTD_H 1
| #define HAVE_DLFCN_H 1
| #define LT_OBJDIR ".libs/"
| #define STDC_HEADERS 1
| #define HAVE_STDLIB_H 1
| #define HAVE_STRING_H 1
| #define HAVE_STRINGS_H 1
| #define HAVE_WCHAR_H 1
| #define HAVE_SYS_TIMES_H 1
| #define HAVE_STRINGIZE 1
| #define SIZEOF_INT 4
| /* end confdefs.h.  */
| #include <stdio.h>
| #ifdef HAVE_SYS_TYPES_H
| # include <sys/types.h>
| #endif
| #ifdef HAVE_SYS_STAT_H
| # include <sys/stat.h>
| #endif
| #ifdef STDC_HEADERS
| # include <stdlib.h>
| # include <stddef.h>
| #else
| # ifdef HAVE_STDLIB_H
| #  include <stdlib.h>
| # endif
| #endif
| #ifdef HAVE_STRING_H
| # if !defined STDC_HEADERS && defined HAVE_MEMORY_H
| #  include <memory.h>
| # endif
| # include <string.h>
| #endif
| #ifdef HAVE_STRINGS_H
| # include <strings.h>
| #endif
| #ifdef HAVE_INTTYPES_H
| # include <inttypes.h>
| #endif
| #ifdef HAVE_STDINT_H
| # include <stdint.h>
| #endif
| #ifdef HAVE_UNISTD_H
| # include <unistd.h>
| #endif
| int
| main ()
| {
| static int test_array [1 - 2 * !(((long int) (sizeof (short))) <= 1)];
| test_array [0] = 0;
| return test_array [0];
| 
|   ;
|   return 0;
| }
configure:13555: /home/vagrant/Android/android-ndk-r21d/toolchains/llvm/prebuilt/linux-x86_64/bin/armv7a-linux-androideabi26-clang -c -g -O2 -fpic conftest.c >&5
configure:13555: $? = 0
configure:13555: /home/vagrant/Android/android-ndk-r21d/toolchains/llvm/prebuilt/linux-x86_64/bin/armv7a-linux-androideabi26-clang -c -g -O2 -fpic conftest.c >&5
configure:13555: $? = 0
configure:13569: result: 2
configure:13583: checking size of void *
configure:13588: /home/vagrant/Android/android-ndk-r21d/toolchains/llvm/prebuilt/linux-x86_64/bin/armv7a-linux-androideabi26-clang -c -g -O2 -fpic conftest.c >&5
configure:13588: $? = 0
configure:13588: /home/vagrant/Android/android-ndk-r21d/toolchains/llvm/prebuilt/linux-x86_64/bin/armv7a-linux-androideabi26-clang -c -g -O2 -fpic conftest.c >&5
conftest.c:66:24: error: 'test_array' declared as an array with a negative size
static int test_array [1 - 2 * !(((long int) (sizeof (void *))) <= 0)];
                       ^~~~~~~~~~~~~~~~~~~~~~~~~~~~~~~~~~~~~~~~~~~~~~
1 error generated.
configure:13588: $? = 1
configure: failed program was:
| /* confdefs.h */
| #define PACKAGE_NAME "GNU FriBidi"
| #define PACKAGE_TARNAME "fribidi"
| #define PACKAGE_VERSION "1.0.9"
| #define PACKAGE_STRING "GNU FriBidi 1.0.9"
| #define PACKAGE_BUGREPORT "https://github.com/fribidi/fribidi/issues/new"
| #define PACKAGE_URL "http://fribidi.org/"
| #define STDC_HEADERS 1
| #define HAVE_SYS_TYPES_H 1
| #define HAVE_SYS_STAT_H 1
| #define HAVE_STDLIB_H 1
| #define HAVE_STRING_H 1
| #define HAVE_MEMORY_H 1
| #define HAVE_STRINGS_H 1
| #define HAVE_INTTYPES_H 1
| #define HAVE_STDINT_H 1
| #define HAVE_UNISTD_H 1
| #define HAVE_DLFCN_H 1
| #define LT_OBJDIR ".libs/"
| #define STDC_HEADERS 1
| #define HAVE_STDLIB_H 1
| #define HAVE_STRING_H 1
| #define HAVE_STRINGS_H 1
| #define HAVE_WCHAR_H 1
| #define HAVE_SYS_TIMES_H 1
| #define HAVE_STRINGIZE 1
| #define SIZEOF_INT 4
| #define SIZEOF_SHORT 2
| /* end confdefs.h.  */
| #include <stdio.h>
| #ifdef HAVE_SYS_TYPES_H
| # include <sys/types.h>
| #endif
| #ifdef HAVE_SYS_STAT_H
| # include <sys/stat.h>
| #endif
| #ifdef STDC_HEADERS
| # include <stdlib.h>
| # include <stddef.h>
| #else
| # ifdef HAVE_STDLIB_H
| #  include <stdlib.h>
| # endif
| #endif
| #ifdef HAVE_STRING_H
| # if !defined STDC_HEADERS && defined HAVE_MEMORY_H
| #  include <memory.h>
| # endif
| # include <string.h>
| #endif
| #ifdef HAVE_STRINGS_H
| # include <strings.h>
| #endif
| #ifdef HAVE_INTTYPES_H
| # include <inttypes.h>
| #endif
| #ifdef HAVE_STDINT_H
| # include <stdint.h>
| #endif
| #ifdef HAVE_UNISTD_H
| # include <unistd.h>
| #endif
| int
| main ()
| {
| static int test_array [1 - 2 * !(((long int) (sizeof (void *))) <= 0)];
| test_array [0] = 0;
| return test_array [0];
| 
|   ;
|   return 0;
| }
configure:13588: /home/vagrant/Android/android-ndk-r21d/toolchains/llvm/prebuilt/linux-x86_64/bin/armv7a-linux-androideabi26-clang -c -g -O2 -fpic conftest.c >&5
conftest.c:66:24: error: 'test_array' declared as an array with a negative size
static int test_array [1 - 2 * !(((long int) (sizeof (void *))) <= 1)];
                       ^~~~~~~~~~~~~~~~~~~~~~~~~~~~~~~~~~~~~~~~~~~~~~
1 error generated.
configure:13588: $? = 1
configure: failed program was:
| /* confdefs.h */
| #define PACKAGE_NAME "GNU FriBidi"
| #define PACKAGE_TARNAME "fribidi"
| #define PACKAGE_VERSION "1.0.9"
| #define PACKAGE_STRING "GNU FriBidi 1.0.9"
| #define PACKAGE_BUGREPORT "https://github.com/fribidi/fribidi/issues/new"
| #define PACKAGE_URL "http://fribidi.org/"
| #define STDC_HEADERS 1
| #define HAVE_SYS_TYPES_H 1
| #define HAVE_SYS_STAT_H 1
| #define HAVE_STDLIB_H 1
| #define HAVE_STRING_H 1
| #define HAVE_MEMORY_H 1
| #define HAVE_STRINGS_H 1
| #define HAVE_INTTYPES_H 1
| #define HAVE_STDINT_H 1
| #define HAVE_UNISTD_H 1
| #define HAVE_DLFCN_H 1
| #define LT_OBJDIR ".libs/"
| #define STDC_HEADERS 1
| #define HAVE_STDLIB_H 1
| #define HAVE_STRING_H 1
| #define HAVE_STRINGS_H 1
| #define HAVE_WCHAR_H 1
| #define HAVE_SYS_TIMES_H 1
| #define HAVE_STRINGIZE 1
| #define SIZEOF_INT 4
| #define SIZEOF_SHORT 2
| /* end confdefs.h.  */
| #include <stdio.h>
| #ifdef HAVE_SYS_TYPES_H
| # include <sys/types.h>
| #endif
| #ifdef HAVE_SYS_STAT_H
| # include <sys/stat.h>
| #endif
| #ifdef STDC_HEADERS
| # include <stdlib.h>
| # include <stddef.h>
| #else
| # ifdef HAVE_STDLIB_H
| #  include <stdlib.h>
| # endif
| #endif
| #ifdef HAVE_STRING_H
| # if !defined STDC_HEADERS && defined HAVE_MEMORY_H
| #  include <memory.h>
| # endif
| # include <string.h>
| #endif
| #ifdef HAVE_STRINGS_H
| # include <strings.h>
| #endif
| #ifdef HAVE_INTTYPES_H
| # include <inttypes.h>
| #endif
| #ifdef HAVE_STDINT_H
| # include <stdint.h>
| #endif
| #ifdef HAVE_UNISTD_H
| # include <unistd.h>
| #endif
| int
| main ()
| {
| static int test_array [1 - 2 * !(((long int) (sizeof (void *))) <= 1)];
| test_array [0] = 0;
| return test_array [0];
| 
|   ;
|   return 0;
| }
configure:13588: /home/vagrant/Android/android-ndk-r21d/toolchains/llvm/prebuilt/linux-x86_64/bin/armv7a-linux-androideabi26-clang -c -g -O2 -fpic conftest.c >&5
conftest.c:66:24: error: 'test_array' declared as an array with a negative size
static int test_array [1 - 2 * !(((long int) (sizeof (void *))) <= 3)];
                       ^~~~~~~~~~~~~~~~~~~~~~~~~~~~~~~~~~~~~~~~~~~~~~
1 error generated.
configure:13588: $? = 1
configure: failed program was:
| /* confdefs.h */
| #define PACKAGE_NAME "GNU FriBidi"
| #define PACKAGE_TARNAME "fribidi"
| #define PACKAGE_VERSION "1.0.9"
| #define PACKAGE_STRING "GNU FriBidi 1.0.9"
| #define PACKAGE_BUGREPORT "https://github.com/fribidi/fribidi/issues/new"
| #define PACKAGE_URL "http://fribidi.org/"
| #define STDC_HEADERS 1
| #define HAVE_SYS_TYPES_H 1
| #define HAVE_SYS_STAT_H 1
| #define HAVE_STDLIB_H 1
| #define HAVE_STRING_H 1
| #define HAVE_MEMORY_H 1
| #define HAVE_STRINGS_H 1
| #define HAVE_INTTYPES_H 1
| #define HAVE_STDINT_H 1
| #define HAVE_UNISTD_H 1
| #define HAVE_DLFCN_H 1
| #define LT_OBJDIR ".libs/"
| #define STDC_HEADERS 1
| #define HAVE_STDLIB_H 1
| #define HAVE_STRING_H 1
| #define HAVE_STRINGS_H 1
| #define HAVE_WCHAR_H 1
| #define HAVE_SYS_TIMES_H 1
| #define HAVE_STRINGIZE 1
| #define SIZEOF_INT 4
| #define SIZEOF_SHORT 2
| /* end confdefs.h.  */
| #include <stdio.h>
| #ifdef HAVE_SYS_TYPES_H
| # include <sys/types.h>
| #endif
| #ifdef HAVE_SYS_STAT_H
| # include <sys/stat.h>
| #endif
| #ifdef STDC_HEADERS
| # include <stdlib.h>
| # include <stddef.h>
| #else
| # ifdef HAVE_STDLIB_H
| #  include <stdlib.h>
| # endif
| #endif
| #ifdef HAVE_STRING_H
| # if !defined STDC_HEADERS && defined HAVE_MEMORY_H
| #  include <memory.h>
| # endif
| # include <string.h>
| #endif
| #ifdef HAVE_STRINGS_H
| # include <strings.h>
| #endif
| #ifdef HAVE_INTTYPES_H
| # include <inttypes.h>
| #endif
| #ifdef HAVE_STDINT_H
| # include <stdint.h>
| #endif
| #ifdef HAVE_UNISTD_H
| # include <unistd.h>
| #endif
| int
| main ()
| {
| static int test_array [1 - 2 * !(((long int) (sizeof (void *))) <= 3)];
| test_array [0] = 0;
| return test_array [0];
| 
|   ;
|   return 0;
| }
configure:13588: /home/vagrant/Android/android-ndk-r21d/toolchains/llvm/prebuilt/linux-x86_64/bin/armv7a-linux-androideabi26-clang -c -g -O2 -fpic conftest.c >&5
configure:13588: $? = 0
configure:13588: /home/vagrant/Android/android-ndk-r21d/toolchains/llvm/prebuilt/linux-x86_64/bin/armv7a-linux-androideabi26-clang -c -g -O2 -fpic conftest.c >&5
configure:13588: $? = 0
configure:13588: /home/vagrant/Android/android-ndk-r21d/toolchains/llvm/prebuilt/linux-x86_64/bin/armv7a-linux-androideabi26-clang -c -g -O2 -fpic conftest.c >&5
configure:13588: $? = 0
configure:13602: result: 4
configure:13616: checking size of wchar_t
configure:13621: /home/vagrant/Android/android-ndk-r21d/toolchains/llvm/prebuilt/linux-x86_64/bin/armv7a-linux-androideabi26-clang -c -g -O2 -fpic conftest.c >&5
configure:13621: $? = 0
configure:13621: /home/vagrant/Android/android-ndk-r21d/toolchains/llvm/prebuilt/linux-x86_64/bin/armv7a-linux-androideabi26-clang -c -g -O2 -fpic conftest.c >&5
conftest.c:67:24: error: 'test_array' declared as an array with a negative size
static int test_array [1 - 2 * !(((long int) (sizeof (wchar_t))) <= 0)];
                       ^~~~~~~~~~~~~~~~~~~~~~~~~~~~~~~~~~~~~~~~~~~~~~~
1 error generated.
configure:13621: $? = 1
configure: failed program was:
| /* confdefs.h */
| #define PACKAGE_NAME "GNU FriBidi"
| #define PACKAGE_TARNAME "fribidi"
| #define PACKAGE_VERSION "1.0.9"
| #define PACKAGE_STRING "GNU FriBidi 1.0.9"
| #define PACKAGE_BUGREPORT "https://github.com/fribidi/fribidi/issues/new"
| #define PACKAGE_URL "http://fribidi.org/"
| #define STDC_HEADERS 1
| #define HAVE_SYS_TYPES_H 1
| #define HAVE_SYS_STAT_H 1
| #define HAVE_STDLIB_H 1
| #define HAVE_STRING_H 1
| #define HAVE_MEMORY_H 1
| #define HAVE_STRINGS_H 1
| #define HAVE_INTTYPES_H 1
| #define HAVE_STDINT_H 1
| #define HAVE_UNISTD_H 1
| #define HAVE_DLFCN_H 1
| #define LT_OBJDIR ".libs/"
| #define STDC_HEADERS 1
| #define HAVE_STDLIB_H 1
| #define HAVE_STRING_H 1
| #define HAVE_STRINGS_H 1
| #define HAVE_WCHAR_H 1
| #define HAVE_SYS_TIMES_H 1
| #define HAVE_STRINGIZE 1
| #define SIZEOF_INT 4
| #define SIZEOF_SHORT 2
| #define SIZEOF_VOID_P 4
| /* end confdefs.h.  */
| #include <stdio.h>
| #ifdef HAVE_SYS_TYPES_H
| # include <sys/types.h>
| #endif
| #ifdef HAVE_SYS_STAT_H
| # include <sys/stat.h>
| #endif
| #ifdef STDC_HEADERS
| # include <stdlib.h>
| # include <stddef.h>
| #else
| # ifdef HAVE_STDLIB_H
| #  include <stdlib.h>
| # endif
| #endif
| #ifdef HAVE_STRING_H
| # if !defined STDC_HEADERS && defined HAVE_MEMORY_H
| #  include <memory.h>
| # endif
| # include <string.h>
| #endif
| #ifdef HAVE_STRINGS_H
| # include <strings.h>
| #endif
| #ifdef HAVE_INTTYPES_H
| # include <inttypes.h>
| #endif
| #ifdef HAVE_STDINT_H
| # include <stdint.h>
| #endif
| #ifdef HAVE_UNISTD_H
| # include <unistd.h>
| #endif
| int
| main ()
| {
| static int test_array [1 - 2 * !(((long int) (sizeof (wchar_t))) <= 0)];
| test_array [0] = 0;
| return test_array [0];
| 
|   ;
|   return 0;
| }
configure:13621: /home/vagrant/Android/android-ndk-r21d/toolchains/llvm/prebuilt/linux-x86_64/bin/armv7a-linux-androideabi26-clang -c -g -O2 -fpic conftest.c >&5
conftest.c:67:24: error: 'test_array' declared as an array with a negative size
static int test_array [1 - 2 * !(((long int) (sizeof (wchar_t))) <= 1)];
                       ^~~~~~~~~~~~~~~~~~~~~~~~~~~~~~~~~~~~~~~~~~~~~~~
1 error generated.
configure:13621: $? = 1
configure: failed program was:
| /* confdefs.h */
| #define PACKAGE_NAME "GNU FriBidi"
| #define PACKAGE_TARNAME "fribidi"
| #define PACKAGE_VERSION "1.0.9"
| #define PACKAGE_STRING "GNU FriBidi 1.0.9"
| #define PACKAGE_BUGREPORT "https://github.com/fribidi/fribidi/issues/new"
| #define PACKAGE_URL "http://fribidi.org/"
| #define STDC_HEADERS 1
| #define HAVE_SYS_TYPES_H 1
| #define HAVE_SYS_STAT_H 1
| #define HAVE_STDLIB_H 1
| #define HAVE_STRING_H 1
| #define HAVE_MEMORY_H 1
| #define HAVE_STRINGS_H 1
| #define HAVE_INTTYPES_H 1
| #define HAVE_STDINT_H 1
| #define HAVE_UNISTD_H 1
| #define HAVE_DLFCN_H 1
| #define LT_OBJDIR ".libs/"
| #define STDC_HEADERS 1
| #define HAVE_STDLIB_H 1
| #define HAVE_STRING_H 1
| #define HAVE_STRINGS_H 1
| #define HAVE_WCHAR_H 1
| #define HAVE_SYS_TIMES_H 1
| #define HAVE_STRINGIZE 1
| #define SIZEOF_INT 4
| #define SIZEOF_SHORT 2
| #define SIZEOF_VOID_P 4
| /* end confdefs.h.  */
| #include <stdio.h>
| #ifdef HAVE_SYS_TYPES_H
| # include <sys/types.h>
| #endif
| #ifdef HAVE_SYS_STAT_H
| # include <sys/stat.h>
| #endif
| #ifdef STDC_HEADERS
| # include <stdlib.h>
| # include <stddef.h>
| #else
| # ifdef HAVE_STDLIB_H
| #  include <stdlib.h>
| # endif
| #endif
| #ifdef HAVE_STRING_H
| # if !defined STDC_HEADERS && defined HAVE_MEMORY_H
| #  include <memory.h>
| # endif
| # include <string.h>
| #endif
| #ifdef HAVE_STRINGS_H
| # include <strings.h>
| #endif
| #ifdef HAVE_INTTYPES_H
| # include <inttypes.h>
| #endif
| #ifdef HAVE_STDINT_H
| # include <stdint.h>
| #endif
| #ifdef HAVE_UNISTD_H
| # include <unistd.h>
| #endif
| int
| main ()
| {
| static int test_array [1 - 2 * !(((long int) (sizeof (wchar_t))) <= 1)];
| test_array [0] = 0;
| return test_array [0];
| 
|   ;
|   return 0;
| }
configure:13621: /home/vagrant/Android/android-ndk-r21d/toolchains/llvm/prebuilt/linux-x86_64/bin/armv7a-linux-androideabi26-clang -c -g -O2 -fpic conftest.c >&5
conftest.c:67:24: error: 'test_array' declared as an array with a negative size
static int test_array [1 - 2 * !(((long int) (sizeof (wchar_t))) <= 3)];
                       ^~~~~~~~~~~~~~~~~~~~~~~~~~~~~~~~~~~~~~~~~~~~~~~
1 error generated.
configure:13621: $? = 1
configure: failed program was:
| /* confdefs.h */
| #define PACKAGE_NAME "GNU FriBidi"
| #define PACKAGE_TARNAME "fribidi"
| #define PACKAGE_VERSION "1.0.9"
| #define PACKAGE_STRING "GNU FriBidi 1.0.9"
| #define PACKAGE_BUGREPORT "https://github.com/fribidi/fribidi/issues/new"
| #define PACKAGE_URL "http://fribidi.org/"
| #define STDC_HEADERS 1
| #define HAVE_SYS_TYPES_H 1
| #define HAVE_SYS_STAT_H 1
| #define HAVE_STDLIB_H 1
| #define HAVE_STRING_H 1
| #define HAVE_MEMORY_H 1
| #define HAVE_STRINGS_H 1
| #define HAVE_INTTYPES_H 1
| #define HAVE_STDINT_H 1
| #define HAVE_UNISTD_H 1
| #define HAVE_DLFCN_H 1
| #define LT_OBJDIR ".libs/"
| #define STDC_HEADERS 1
| #define HAVE_STDLIB_H 1
| #define HAVE_STRING_H 1
| #define HAVE_STRINGS_H 1
| #define HAVE_WCHAR_H 1
| #define HAVE_SYS_TIMES_H 1
| #define HAVE_STRINGIZE 1
| #define SIZEOF_INT 4
| #define SIZEOF_SHORT 2
| #define SIZEOF_VOID_P 4
| /* end confdefs.h.  */
| #include <stdio.h>
| #ifdef HAVE_SYS_TYPES_H
| # include <sys/types.h>
| #endif
| #ifdef HAVE_SYS_STAT_H
| # include <sys/stat.h>
| #endif
| #ifdef STDC_HEADERS
| # include <stdlib.h>
| # include <stddef.h>
| #else
| # ifdef HAVE_STDLIB_H
| #  include <stdlib.h>
| # endif
| #endif
| #ifdef HAVE_STRING_H
| # if !defined STDC_HEADERS && defined HAVE_MEMORY_H
| #  include <memory.h>
| # endif
| # include <string.h>
| #endif
| #ifdef HAVE_STRINGS_H
| # include <strings.h>
| #endif
| #ifdef HAVE_INTTYPES_H
| # include <inttypes.h>
| #endif
| #ifdef HAVE_STDINT_H
| # include <stdint.h>
| #endif
| #ifdef HAVE_UNISTD_H
| # include <unistd.h>
| #endif
| int
| main ()
| {
| static int test_array [1 - 2 * !(((long int) (sizeof (wchar_t))) <= 3)];
| test_array [0] = 0;
| return test_array [0];
| 
|   ;
|   return 0;
| }
configure:13621: /home/vagrant/Android/android-ndk-r21d/toolchains/llvm/prebuilt/linux-x86_64/bin/armv7a-linux-androideabi26-clang -c -g -O2 -fpic conftest.c >&5
configure:13621: $? = 0
configure:13621: /home/vagrant/Android/android-ndk-r21d/toolchains/llvm/prebuilt/linux-x86_64/bin/armv7a-linux-androideabi26-clang -c -g -O2 -fpic conftest.c >&5
configure:13621: $? = 0
configure:13621: /home/vagrant/Android/android-ndk-r21d/toolchains/llvm/prebuilt/linux-x86_64/bin/armv7a-linux-androideabi26-clang -c -g -O2 -fpic conftest.c >&5
configure:13621: $? = 0
configure:13635: result: 4
configure:13701: checking for gcc
configure:13717: found /usr/bin/gcc
configure:13728: result: gcc
configure:13957: checking for C compiler version
configure:13966: gcc --version >&5
gcc (Ubuntu 5.4.0-6ubuntu1~16.04.12) 5.4.0 20160609
Copyright (C) 2015 Free Software Foundation, Inc.
This is free software; see the source for copying conditions.  There is NO
warranty; not even for MERCHANTABILITY or FITNESS FOR A PARTICULAR PURPOSE.

configure:13977: $? = 0
configure:13966: gcc -v >&5
Using built-in specs.
COLLECT_GCC=gcc
COLLECT_LTO_WRAPPER=/usr/lib/gcc/x86_64-linux-gnu/5/lto-wrapper
Target: x86_64-linux-gnu
Configured with: ../src/configure -v --with-pkgversion='Ubuntu 5.4.0-6ubuntu1~16.04.12' --with-bugurl=file:///usr/share/doc/gcc-5/README.Bugs --enable-languages=c,ada,c++,java,go,d,fortran,objc,obj-c++ --prefix=/usr --program-suffix=-5 --enable-shared --enable-linker-build-id --libexecdir=/usr/lib --without-included-gettext --enable-threads=posix --libdir=/usr/lib --enable-nls --with-sysroot=/ --enable-clocale=gnu --enable-libstdcxx-debug --enable-libstdcxx-time=yes --with-default-libstdcxx-abi=new --enable-gnu-unique-object --disable-vtable-verify --enable-libmpx --enable-plugin --with-system-zlib --disable-browser-plugin --enable-java-awt=gtk --enable-gtk-cairo --with-java-home=/usr/lib/jvm/java-1.5.0-gcj-5-amd64/jre --enable-java-home --with-jvm-root-dir=/usr/lib/jvm/java-1.5.0-gcj-5-amd64 --with-jvm-jar-dir=/usr/lib/jvm-exports/java-1.5.0-gcj-5-amd64 --with-arch-directory=amd64 --with-ecj-jar=/usr/share/java/eclipse-ecj.jar --enable-objc-gc --enable-multiarch --disable-werror --with-arch-32=i686 --with-abi=m64 --with-multilib-list=m32,m64,mx32 --enable-multilib --with-tune=generic --enable-checking=release --build=x86_64-linux-gnu --host=x86_64-linux-gnu --target=x86_64-linux-gnu
Thread model: posix
gcc version 5.4.0 20160609 (Ubuntu 5.4.0-6ubuntu1~16.04.12) 
configure:13977: $? = 0
configure:13966: gcc -V >&5
gcc: error: unrecognized command line option '-V'
gcc: fatal error: no input files
compilation terminated.
configure:13977: $? = 1
configure:13966: gcc -qversion >&5
gcc: error: unrecognized command line option '-qversion'
gcc: fatal error: no input files
compilation terminated.
configure:13977: $? = 1
configure:13981: checking whether we are using the GNU C compiler
configure:14009: result: yes
configure:14018: checking whether gcc accepts -g
configure:14038: /home/vagrant/Android/android-ndk-r21d/toolchains/llvm/prebuilt/linux-x86_64/bin/armv7a-linux-androideabi26-clang -c -g -O2 -fpic conftest.c >&5
configure:14038: $? = 0
configure:14079: result: yes
configure:14096: checking for gcc option to accept ISO C89
configure:14172: result: none needed
configure:14197: checking whether gcc understands -c and -o together
configure:14234: result: yes
configure:14253: checking dependency style of gcc
configure:14364: result: gcc3
configure:14384: checking how to run the C preprocessor
configure:14415: /home/vagrant/Android/android-ndk-r21d/toolchains/llvm/prebuilt/linux-x86_64/bin/armv7a-linux-androideabi26-clang -E -fpic conftest.c
configure:14415: $? = 0
configure:14429: /home/vagrant/Android/android-ndk-r21d/toolchains/llvm/prebuilt/linux-x86_64/bin/armv7a-linux-androideabi26-clang -E -fpic conftest.c
conftest.c:32:10: fatal error: 'ac_nonexistent.h' file not found
#include <ac_nonexistent.h>
         ^~~~~~~~~~~~~~~~~~
1 error generated.
configure:14429: $? = 1
configure: failed program was:
| /* confdefs.h */
| #define PACKAGE_NAME "GNU FriBidi"
| #define PACKAGE_TARNAME "fribidi"
| #define PACKAGE_VERSION "1.0.9"
| #define PACKAGE_STRING "GNU FriBidi 1.0.9"
| #define PACKAGE_BUGREPORT "https://github.com/fribidi/fribidi/issues/new"
| #define PACKAGE_URL "http://fribidi.org/"
| #define STDC_HEADERS 1
| #define HAVE_SYS_TYPES_H 1
| #define HAVE_SYS_STAT_H 1
| #define HAVE_STDLIB_H 1
| #define HAVE_STRING_H 1
| #define HAVE_MEMORY_H 1
| #define HAVE_STRINGS_H 1
| #define HAVE_INTTYPES_H 1
| #define HAVE_STDINT_H 1
| #define HAVE_UNISTD_H 1
| #define HAVE_DLFCN_H 1
| #define LT_OBJDIR ".libs/"
| #define STDC_HEADERS 1
| #define HAVE_STDLIB_H 1
| #define HAVE_STRING_H 1
| #define HAVE_STRINGS_H 1
| #define HAVE_WCHAR_H 1
| #define HAVE_SYS_TIMES_H 1
| #define HAVE_STRINGIZE 1
| #define SIZEOF_INT 4
| #define SIZEOF_SHORT 2
| #define SIZEOF_VOID_P 4
| #define SIZEOF_WCHAR_T 4
| /* end confdefs.h.  */
| #include <ac_nonexistent.h>
configure:14454: result: gcc -E
configure:14474: /home/vagrant/Android/android-ndk-r21d/toolchains/llvm/prebuilt/linux-x86_64/bin/armv7a-linux-androideabi26-clang -E -fpic conftest.c
configure:14474: $? = 0
configure:14488: /home/vagrant/Android/android-ndk-r21d/toolchains/llvm/prebuilt/linux-x86_64/bin/armv7a-linux-androideabi26-clang -E -fpic conftest.c
conftest.c:32:10: fatal error: 'ac_nonexistent.h' file not found
#include <ac_nonexistent.h>
         ^~~~~~~~~~~~~~~~~~
1 error generated.
configure:14488: $? = 1
configure: failed program was:
| /* confdefs.h */
| #define PACKAGE_NAME "GNU FriBidi"
| #define PACKAGE_TARNAME "fribidi"
| #define PACKAGE_VERSION "1.0.9"
| #define PACKAGE_STRING "GNU FriBidi 1.0.9"
| #define PACKAGE_BUGREPORT "https://github.com/fribidi/fribidi/issues/new"
| #define PACKAGE_URL "http://fribidi.org/"
| #define STDC_HEADERS 1
| #define HAVE_SYS_TYPES_H 1
| #define HAVE_SYS_STAT_H 1
| #define HAVE_STDLIB_H 1
| #define HAVE_STRING_H 1
| #define HAVE_MEMORY_H 1
| #define HAVE_STRINGS_H 1
| #define HAVE_INTTYPES_H 1
| #define HAVE_STDINT_H 1
| #define HAVE_UNISTD_H 1
| #define HAVE_DLFCN_H 1
| #define LT_OBJDIR ".libs/"
| #define STDC_HEADERS 1
| #define HAVE_STDLIB_H 1
| #define HAVE_STRING_H 1
| #define HAVE_STRINGS_H 1
| #define HAVE_WCHAR_H 1
| #define HAVE_SYS_TIMES_H 1
| #define HAVE_STRINGIZE 1
| #define SIZEOF_INT 4
| #define SIZEOF_SHORT 2
| #define SIZEOF_VOID_P 4
| #define SIZEOF_WCHAR_T 4
| /* end confdefs.h.  */
| #include <ac_nonexistent.h>
configure:14535: checking for memmove
configure:14535: /home/vagrant/Android/android-ndk-r21d/toolchains/llvm/prebuilt/linux-x86_64/bin/armv7a-linux-androideabi26-clang -o conftest -g -O2 -Wall -ansi  -fpic -L/shared/ytxplayerlib/ytxPlayer/android/contrib/jni/jniLibs/armeabi-v7a/lib conftest.c  >&5
conftest.c:55:6: warning: incompatible redeclaration of library function 'memmove' [-Wincompatible-library-redeclaration]
char memmove ();
     ^
conftest.c:55:6: note: 'memmove' is a builtin with type 'void *(void *, const void *, unsigned int)'
1 warning generated.
configure:14535: $? = 0
configure:14535: result: yes
configure:14535: checking for memset
configure:14535: /home/vagrant/Android/android-ndk-r21d/toolchains/llvm/prebuilt/linux-x86_64/bin/armv7a-linux-androideabi26-clang -o conftest -g -O2 -Wall -ansi  -fpic -L/shared/ytxplayerlib/ytxPlayer/android/contrib/jni/jniLibs/armeabi-v7a/lib conftest.c  >&5
conftest.c:56:6: warning: incompatible redeclaration of library function 'memset' [-Wincompatible-library-redeclaration]
char memset ();
     ^
conftest.c:56:6: note: 'memset' is a builtin with type 'void *(void *, int, unsigned int)'
1 warning generated.
configure:14535: $? = 0
configure:14535: result: yes
configure:14535: checking for strdup
configure:14535: /home/vagrant/Android/android-ndk-r21d/toolchains/llvm/prebuilt/linux-x86_64/bin/armv7a-linux-androideabi26-clang -o conftest -g -O2 -Wall -ansi  -fpic -L/shared/ytxplayerlib/ytxPlayer/android/contrib/jni/jniLibs/armeabi-v7a/lib conftest.c  >&5
configure:14535: $? = 0
configure:14535: result: yes
configure:14544: checking return type of signal handlers
configure:14562: /home/vagrant/Android/android-ndk-r21d/toolchains/llvm/prebuilt/linux-x86_64/bin/armv7a-linux-androideabi26-clang -c -g -O2 -Wall -ansi  -fpic conftest.c >&5
conftest.c:41:8: error: indirection requires pointer operand ('void' invalid)
return *(signal (0, 0)) (0) == 1;
       ^~~~~~~~~~~~~~~~~~~~
1 error generated.
configure:14562: $? = 1
configure: failed program was:
| /* confdefs.h */
| #define PACKAGE_NAME "GNU FriBidi"
| #define PACKAGE_TARNAME "fribidi"
| #define PACKAGE_VERSION "1.0.9"
| #define PACKAGE_STRING "GNU FriBidi 1.0.9"
| #define PACKAGE_BUGREPORT "https://github.com/fribidi/fribidi/issues/new"
| #define PACKAGE_URL "http://fribidi.org/"
| #define STDC_HEADERS 1
| #define HAVE_SYS_TYPES_H 1
| #define HAVE_SYS_STAT_H 1
| #define HAVE_STDLIB_H 1
| #define HAVE_STRING_H 1
| #define HAVE_MEMORY_H 1
| #define HAVE_STRINGS_H 1
| #define HAVE_INTTYPES_H 1
| #define HAVE_STDINT_H 1
| #define HAVE_UNISTD_H 1
| #define HAVE_DLFCN_H 1
| #define LT_OBJDIR ".libs/"
| #define STDC_HEADERS 1
| #define HAVE_STDLIB_H 1
| #define HAVE_STRING_H 1
| #define HAVE_STRINGS_H 1
| #define HAVE_WCHAR_H 1
| #define HAVE_SYS_TIMES_H 1
| #define HAVE_STRINGIZE 1
| #define SIZEOF_INT 4
| #define SIZEOF_SHORT 2
| #define SIZEOF_VOID_P 4
| #define SIZEOF_WCHAR_T 4
| #define HAVE_MEMMOVE 1
| #define HAVE_MEMSET 1
| #define HAVE_STRDUP 1
| /* end confdefs.h.  */
| #include <sys/types.h>
| #include <signal.h>
| 
| int
| main ()
| {
| return *(signal (0, 0)) (0) == 1;
|   ;
|   return 0;
| }
configure:14569: result: void
configure:14719: checking that generated files are newer than configure
configure:14725: result: done
configure:14764: creating ./config.status

## ---------------------- ##
## Running config.status. ##
## ---------------------- ##

This file was extended by GNU FriBidi config.status 1.0.9, which was
generated by GNU Autoconf 2.69.  Invocation command line was

  CONFIG_FILES    = 
  CONFIG_HEADERS  = 
  CONFIG_LINKS    = 
  CONFIG_COMMANDS = 
  $ ./config.status 

on ubuntu-xenial

config.status:1132: creating fribidi.pc
config.status:1132: creating lib/fribidi-config.h
config.status:1132: creating Makefile
config.status:1132: creating gen.tab/Makefile
config.status:1132: creating lib/Makefile
config.status:1132: creating bin/Makefile
config.status:1132: creating doc/Makefile
config.status:1132: creating test/Makefile
config.status:1132: creating test/unicode-conformance/Makefile
config.status:1132: creating config.h
config.status:1313: config.h is unchanged
config.status:1361: executing depfiles commands
config.status:1438: cd gen.tab       && sed -e '/# am--include-marker/d' Makefile         | make -f - am--depfiles
make: Nothing to be done for 'am--depfiles'.
config.status:1443: $? = 0
config.status:1438: cd lib       && sed -e '/# am--include-marker/d' Makefile         | make -f - am--depfiles
make: Nothing to be done for 'am--depfiles'.
config.status:1443: $? = 0
config.status:1438: cd bin       && sed -e '/# am--include-marker/d' Makefile         | make -f - am--depfiles
make: Nothing to be done for 'am--depfiles'.
config.status:1443: $? = 0
config.status:1438: cd test/unicode-conformance       && sed -e '/# am--include-marker/d' Makefile         | make -f - am--depfiles
make: Nothing to be done for 'am--depfiles'.
config.status:1443: $? = 0
config.status:1361: executing libtool commands
configure:16914: WARNING: unrecognized options: --with-glib

## ---------------- ##
## Cache variables. ##
## ---------------- ##

ac_cv_build=x86_64-pc-linux-gnu
ac_cv_build_prog_CPP='gcc -E'
ac_cv_build_prog_cc_g=yes
ac_cv_c_compiler_gnu=yes
ac_cv_c_const=yes
ac_cv_c_stringize=yes
ac_cv_env_CC_set=set
ac_cv_env_CC_value=/home/vagrant/Android/android-ndk-r21d/toolchains/llvm/prebuilt/linux-x86_64/bin/armv7a-linux-androideabi26-clang
ac_cv_env_CFLAGS_set=
ac_cv_env_CFLAGS_value=
ac_cv_env_CPPFLAGS_set=set
ac_cv_env_CPPFLAGS_value=-fpic
ac_cv_env_CPP_set=
ac_cv_env_CPP_value=
ac_cv_env_LDFLAGS_set=set
ac_cv_env_LDFLAGS_value=-L/shared/ytxplayerlib/ytxPlayer/android/contrib/jni/jniLibs/armeabi-v7a/lib
ac_cv_env_LIBS_set=
ac_cv_env_LIBS_value=
ac_cv_env_LT_SYS_LIBRARY_PATH_set=
ac_cv_env_LT_SYS_LIBRARY_PATH_value=
ac_cv_env_PKG_CONFIG_LIBDIR_set=set
ac_cv_env_PKG_CONFIG_LIBDIR_value=/shared/ytxplayerlib/ytxPlayer/android/contrib/jni/jniLibs/armeabi-v7a/lib/pkgconfig
ac_cv_env_PKG_CONFIG_PATH_set=set
ac_cv_env_PKG_CONFIG_PATH_value=/shared/ytxplayerlib/ytxPlayer/android/contrib/jni/jniLibs/armeabi-v7a/lib/pkgconfig
ac_cv_env_PKG_CONFIG_set=
ac_cv_env_PKG_CONFIG_value=
ac_cv_env_build_alias_set=
ac_cv_env_build_alias_value=
ac_cv_env_host_alias_set=set
ac_cv_env_host_alias_value=arm-linux
ac_cv_env_target_alias_set=
ac_cv_env_target_alias_value=
ac_cv_func_memmove=yes
ac_cv_func_memset=yes
ac_cv_func_strdup=yes
ac_cv_header_asm_page_h=no
ac_cv_header_dlfcn_h=yes
ac_cv_header_inttypes_h=yes
ac_cv_header_memory_h=yes
ac_cv_header_stdc=yes
ac_cv_header_stdint_h=yes
ac_cv_header_stdlib_h=yes
ac_cv_header_string_h=yes
ac_cv_header_strings_h=yes
ac_cv_header_sys_stat_h=yes
ac_cv_header_sys_times_h=yes
ac_cv_header_sys_types_h=yes
ac_cv_header_unistd_h=yes
ac_cv_header_wchar_h=yes
ac_cv_host=arm-unknown-linux-gnu
ac_cv_objext=o
ac_cv_path_EGREP='/bin/grep -E'
ac_cv_path_FGREP='/bin/grep -F'
ac_cv_path_GREP=/bin/grep
ac_cv_path_SED=/bin/sed
ac_cv_path_ac_pt_PKG_CONFIG=/usr/bin/pkg-config
ac_cv_path_install='/usr/bin/install -c'
ac_cv_path_lt_DD=/bin/dd
ac_cv_path_mkdir=/bin/mkdir
ac_cv_prog_AR=/home/vagrant/Android/android-ndk-r21d/toolchains/llvm/prebuilt/linux-x86_64/bin/arm-linux-androideabi-ar
ac_cv_prog_AWK=gawk
ac_cv_prog_CC=/home/vagrant/Android/android-ndk-r21d/toolchains/llvm/prebuilt/linux-x86_64/bin/armv7a-linux-androideabi26-clang
ac_cv_prog_CPP='/home/vagrant/Android/android-ndk-r21d/toolchains/llvm/prebuilt/linux-x86_64/bin/armv7a-linux-androideabi26-clang -E'
ac_cv_prog_RANLIB=/home/vagrant/Android/android-ndk-r21d/toolchains/llvm/prebuilt/linux-x86_64/bin/arm-linux-androideabi-ranlib
ac_cv_prog_STRIP=/home/vagrant/Android/android-ndk-r21d/toolchains/llvm/prebuilt/linux-x86_64/bin/arm-linux-androideabi-strip
ac_cv_prog_ac_ct_CC_FOR_BUILD=gcc
ac_cv_prog_ac_ct_MANIFEST_TOOL=mt
ac_cv_prog_ac_ct_OBJDUMP=objdump
ac_cv_prog_cc_c89=
ac_cv_prog_cc_g=yes
ac_cv_prog_make_make_set=yes
ac_cv_sizeof_int=4
ac_cv_sizeof_short=2
ac_cv_sizeof_void_p=4
ac_cv_sizeof_wchar_t=4
ac_cv_type_signal=void
am_cv_CC_dependencies_compiler_type=gcc3
am_cv_ar_interface=ar
am_cv_make_support_nested_variables=yes
am_cv_prog_cc_c_o=yes
lt_cv_ar_at_file=@
lt_cv_deplibs_check_method=pass_all
lt_cv_file_magic_cmd='$MAGIC_CMD'
lt_cv_file_magic_test_file=
lt_cv_ld_reload_flag=-r
lt_cv_nm_interface='BSD nm'
lt_cv_objdir=.libs
lt_cv_path_LD=/home/vagrant/Android/android-ndk-r21d/toolchains/llvm/prebuilt/linux-x86_64/bin/arm-linux-androideabi-ld
lt_cv_path_NM=/home/vagrant/Android/android-ndk-r21d/toolchains/llvm/prebuilt/linux-x86_64/bin/arm-linux-androideabi-nm
lt_cv_path_mainfest_tool=no
lt_cv_prog_compiler_c_o=yes
lt_cv_prog_compiler_pic='-fPIC -DPIC'
lt_cv_prog_compiler_pic_works=yes
lt_cv_prog_compiler_rtti_exceptions=yes
lt_cv_prog_compiler_static_works=yes
lt_cv_prog_gnu_ld=yes
lt_cv_sharedlib_from_linklib_cmd='printf %s\n'
lt_cv_shlibpath_overrides_runpath=yes
lt_cv_sys_global_symbol_pipe='sed -n -e '\''s/^.*[	 ]\([ABCDGIRSTW][ABCDGIRSTW]*\)[	 ][	 ]*\([_A-Za-z][_A-Za-z0-9]*\)$/\1 \2 \2/p'\'' | sed '\''/ __gnu_lto/d'\'''
lt_cv_sys_global_symbol_to_c_name_address='sed -n -e '\''s/^: \(.*\) .*$/  {"\1", (void *) 0},/p'\'' -e '\''s/^[ABCDGIRSTW][ABCDGIRSTW]* .* \(.*\)$/  {"\1", (void *) \&\1},/p'\'''
lt_cv_sys_global_symbol_to_c_name_address_lib_prefix='sed -n -e '\''s/^: \(.*\) .*$/  {"\1", (void *) 0},/p'\'' -e '\''s/^[ABCDGIRSTW][ABCDGIRSTW]* .* \(lib.*\)$/  {"\1", (void *) \&\1},/p'\'' -e '\''s/^[ABCDGIRSTW][ABCDGIRSTW]* .* \(.*\)$/  {"lib\1", (void *) \&\1},/p'\'''
lt_cv_sys_global_symbol_to_cdecl='sed -n -e '\''s/^T .* \(.*\)$/extern int \1();/p'\'' -e '\''s/^[ABCDGIRSTW][ABCDGIRSTW]* .* \(.*\)$/extern char \1;/p'\'''
lt_cv_sys_global_symbol_to_import=
lt_cv_sys_max_cmd_len=1572864
lt_cv_to_host_file_cmd=func_convert_file_noop
lt_cv_to_tool_file_cmd=func_convert_file_noop
lt_cv_truncate_bin='/bin/dd bs=4096 count=1'

## ----------------- ##
## Output variables. ##
## ----------------- ##

ACLOCAL='${SHELL} /shared/ytxplayerlib/ytxPlayer/android/contrib/fribidi/fribidi-1.0.9/missing aclocal-1.16'
AMDEPBACKSLASH='\'
AMDEP_FALSE='#'
AMDEP_TRUE=''
AMTAR='$${TAR-tar}'
AM_BACKSLASH='\'
AM_DEFAULT_V='$(AM_DEFAULT_VERBOSITY)'
AM_DEFAULT_VERBOSITY='0'
AM_V='$(V)'
AR='/home/vagrant/Android/android-ndk-r21d/toolchains/llvm/prebuilt/linux-x86_64/bin/arm-linux-androideabi-ar'
AUTOCONF='${SHELL} /shared/ytxplayerlib/ytxPlayer/android/contrib/fribidi/fribidi-1.0.9/missing autoconf'
AUTOHEADER='${SHELL} /shared/ytxplayerlib/ytxPlayer/android/contrib/fribidi/fribidi-1.0.9/missing autoheader'
AUTOMAKE='${SHELL} /shared/ytxplayerlib/ytxPlayer/android/contrib/fribidi/fribidi-1.0.9/missing automake-1.16'
AWK='gawk'
BUILD_EXEEXT=''
BUILD_OBJEXT=''
CC='/home/vagrant/Android/android-ndk-r21d/toolchains/llvm/prebuilt/linux-x86_64/bin/armv7a-linux-androideabi26-clang'
CCDEPMODE='depmode=gcc3'
CC_FOR_BUILD='gcc'
CFLAGS='-g -O2 -Wall -ansi '
CFLAGS_FOR_BUILD='-g -O2'
CPP='/home/vagrant/Android/android-ndk-r21d/toolchains/llvm/prebuilt/linux-x86_64/bin/armv7a-linux-androideabi26-clang -E'
CPPFLAGS='-fpic'
CPPFLAGS_FOR_BUILD=''
CPP_FOR_BUILD='gcc -E'
CYGPATH_W='echo'
DEFS='-DHAVE_CONFIG_H'
DEPDIR='.deps'
DLLTOOL='false'
DSYMUTIL=''
DUMPBIN=''
ECHO_C=''
ECHO_N='-n'
ECHO_T=''
EGREP='/bin/grep -E'
EXEEXT=''
FGREP='/bin/grep -F'
FRIBIDI_BINARY_AGE='4'
FRIBIDI_INTERFACE_AGE='0'
FRIBIDI_INTERFACE_VERSION='4'
FRIBIDI_MAJOR_VERSION='1'
FRIBIDI_MICRO_VERSION='9'
FRIBIDI_MINOR_VERSION='0'
FRIBIDI_MSVC_BUILD_PLACEHOLDER='#undef FRIBIDI_BUILT_WITH_MSVC'
FRIBIDI_VERSION='1.0.9'
GREP='/bin/grep'
INSTALL_DATA='${INSTALL} -m 644'
INSTALL_PROGRAM='${INSTALL}'
INSTALL_SCRIPT='${INSTALL}'
INSTALL_STRIP_PROGRAM='$(install_sh) -c -s'
LD='/home/vagrant/Android/android-ndk-r21d/toolchains/llvm/prebuilt/linux-x86_64/bin/arm-linux-androideabi-ld'
LDFLAGS='-L/shared/ytxplayerlib/ytxPlayer/android/contrib/jni/jniLibs/armeabi-v7a/lib'
LDFLAGS_FOR_BUILD=''
LIBOBJS=''
LIBS=''
LIBTOOL='$(SHELL) $(top_builddir)/libtool'
LIPO=''
LN_S='ln -s'
LTLIBOBJS=''
LT_CURRENT_MINUS_AGE='0'
LT_SYS_LIBRARY_PATH=''
LT_VERSION_INFO='4:0:4'
MAKEINFO='${SHELL} /shared/ytxplayerlib/ytxPlayer/android/contrib/fribidi/fribidi-1.0.9/missing makeinfo'
MANIFEST_TOOL=':'
MKDIR_P='/bin/mkdir -p'
NM='/home/vagrant/Android/android-ndk-r21d/toolchains/llvm/prebuilt/linux-x86_64/bin/arm-linux-androideabi-nm'
NMEDIT=''
OBJDUMP='objdump'
OBJEXT='o'
OS_WIN32_FALSE=''
OS_WIN32_TRUE='#'
OTOOL64=''
OTOOL=''
PACKAGE='fribidi'
PACKAGE_BUGREPORT='https://github.com/fribidi/fribidi/issues/new'
PACKAGE_NAME='GNU FriBidi'
PACKAGE_STRING='GNU FriBidi 1.0.9'
PACKAGE_TARNAME='fribidi'
PACKAGE_URL='http://fribidi.org/'
PACKAGE_VERSION='1.0.9'
PATH_SEPARATOR=':'
PKG_CONFIG='/usr/bin/pkg-config'
PKG_CONFIG_LIBDIR='/shared/ytxplayerlib/ytxPlayer/android/contrib/jni/jniLibs/armeabi-v7a/lib/pkgconfig'
PKG_CONFIG_PATH='/shared/ytxplayerlib/ytxPlayer/android/contrib/jni/jniLibs/armeabi-v7a/lib/pkgconfig'
PLATFORM_WIN32_FALSE=''
PLATFORM_WIN32_TRUE='#'
RANLIB='/home/vagrant/Android/android-ndk-r21d/toolchains/llvm/prebuilt/linux-x86_64/bin/arm-linux-androideabi-ranlib'
SED='/bin/sed'
SET_MAKE=''
SHELL='/bin/bash'
SIZEOF_INT='4'
STRIP='/home/vagrant/Android/android-ndk-r21d/toolchains/llvm/prebuilt/linux-x86_64/bin/arm-linux-androideabi-strip'
VERSION='1.0.9'
ac_ct_AR=''
ac_ct_CC=''
ac_ct_CC_FOR_BUILD='gcc'
ac_ct_DUMPBIN=''
am__EXEEXT_FALSE=''
am__EXEEXT_TRUE='#'
am__fastdepCC_FALSE='#'
am__fastdepCC_TRUE=''
am__include='include'
am__isrc=''
am__leading_dot='.'
am__nodep='_no'
am__quote=''
am__tar='$${TAR-tar} chof - "$$tardir"'
am__untar='$${TAR-tar} xf -'
bindir='${exec_prefix}/bin'
build='x86_64-pc-linux-gnu'
build_alias=''
build_cpu='x86_64'
build_os='linux-gnu'
build_vendor='pc'
datadir='${datarootdir}'
datarootdir='${prefix}/share'
docdir='${datarootdir}/doc/${PACKAGE_TARNAME}'
dvidir='${docdir}'
exec_prefix='${prefix}'
host='arm-unknown-linux-gnu'
host_alias='arm-linux'
host_cpu='arm'
host_os='linux-gnu'
host_vendor='unknown'
htmldir='${docdir}'
includedir='${prefix}/include'
infodir='${datarootdir}/info'
install_sh='${SHELL} /shared/ytxplayerlib/ytxPlayer/android/contrib/fribidi/fribidi-1.0.9/install-sh'
libdir='${exec_prefix}/lib'
libexecdir='${exec_prefix}/libexec'
localedir='${datarootdir}/locale'
localstatedir='${prefix}/var'
mandir='${datarootdir}/man'
mkdir_p='$(MKDIR_P)'
oldincludedir='/usr/include'
pdfdir='${docdir}'
prefix='/shared/ytxplayerlib/ytxPlayer/android/contrib/jni/jniLibs/armeabi-v7a'
program_transform_name='s,x,x,'
psdir='${docdir}'
sbindir='${exec_prefix}/sbin'
sharedstatedir='${prefix}/com'
sysconfdir='${prefix}/etc'
target_alias=''

## ----------- ##
## confdefs.h. ##
## ----------- ##

/* confdefs.h */
#define PACKAGE_NAME "GNU FriBidi"
#define PACKAGE_TARNAME "fribidi"
#define PACKAGE_VERSION "1.0.9"
#define PACKAGE_STRING "GNU FriBidi 1.0.9"
#define PACKAGE_BUGREPORT "https://github.com/fribidi/fribidi/issues/new"
#define PACKAGE_URL "http://fribidi.org/"
#define STDC_HEADERS 1
#define HAVE_SYS_TYPES_H 1
#define HAVE_SYS_STAT_H 1
#define HAVE_STDLIB_H 1
#define HAVE_STRING_H 1
#define HAVE_MEMORY_H 1
#define HAVE_STRINGS_H 1
#define HAVE_INTTYPES_H 1
#define HAVE_STDINT_H 1
#define HAVE_UNISTD_H 1
#define HAVE_DLFCN_H 1
#define LT_OBJDIR ".libs/"
#define STDC_HEADERS 1
#define HAVE_STDLIB_H 1
#define HAVE_STRING_H 1
#define HAVE_STRINGS_H 1
#define HAVE_WCHAR_H 1
#define HAVE_SYS_TIMES_H 1
#define HAVE_STRINGIZE 1
#define SIZEOF_INT 4
#define SIZEOF_SHORT 2
#define SIZEOF_VOID_P 4
#define SIZEOF_WCHAR_T 4
#define HAVE_MEMMOVE 1
#define HAVE_MEMSET 1
#define HAVE_STRDUP 1
#define RETSIGTYPE void

configure: exit 0
