This file contains any messages produced by compilers while
running configure, to aid debugging if configure makes a mistake.

It was created by FreeType configure 2.7.1, which was
generated by GNU Autoconf 2.69.  Invocation command line was

  $ ./configure --prefix=/home/yuhao/ytxPlayer/android/contrib/jni/jniLibs --host=arm-linux --with-harfbuzz=no

## --------- ##
## Platform. ##
## --------- ##

hostname = yuhao-virtual-machine
uname -m = x86_64
uname -r = 4.4.0-66-generic
uname -s = Linux
uname -v = #87-Ubuntu SMP Fri Mar 3 15:29:05 UTC 2017

/usr/bin/uname -p = unknown
/bin/uname -X     = unknown

/bin/arch              = unknown
/usr/bin/arch -k       = unknown
/usr/convex/getsysinfo = unknown
/usr/bin/hostinfo      = unknown
/bin/machine           = unknown
/usr/bin/oslevel       = unknown
/bin/universe          = unknown

PATH: /usr/local/sbin
PATH: /usr/local/bin
PATH: /usr/sbin
PATH: /usr/bin
PATH: /sbin
PATH: /bin
PATH: /usr/games
PATH: /usr/local/games
PATH: /snap/bin
PATH: /home/yuhao/android/jdk/jdk1.8.0_77/bin
PATH: /home/yuhao/android/sdk/android-sdk-linux
PATH: /home/yuhao/android/ndk/android-ndk-r11b
PATH: /home/yuhao/android/sdk/android-sdk-linux/platform-tools
PATH: /home/yuhao/data/depot_tools
PATH: /home/yuhao/android/ndk/android-ndk-r11b/toolchains/arm-linux-androideabi-4.9/prebuilt/linux-x86_64/bin


## ----------- ##
## Core tests. ##
## ----------- ##

configure:2539: checking build system type
configure:2553: result: x86_64-pc-linux-gnu
configure:2573: checking host system type
configure:2586: result: arm-unknown-linux-gnu
configure:2618: checking for arm-linux-gcc
configure:2645: result: /home/yuhao/android/ndk/android-ndk-r11b/toolchains/arm-linux-androideabi-4.9/prebuilt/linux-x86_64/bin/arm-linux-androideabi-gcc --sysroot=/home/yuhao/android/ndk/android-ndk-r11b/platforms/android-19/arch-arm
configure:2914: checking for C compiler version
configure:2923: /home/yuhao/android/ndk/android-ndk-r11b/toolchains/arm-linux-androideabi-4.9/prebuilt/linux-x86_64/bin/arm-linux-androideabi-gcc --sysroot=/home/yuhao/android/ndk/android-ndk-r11b/platforms/android-19/arch-arm --version >&5
arm-linux-androideabi-gcc (GCC) 4.9 20150123 (prerelease)
Copyright (C) 2014 Free Software Foundation, Inc.
This is free software; see the source for copying conditions.  There is NO
warranty; not even for MERCHANTABILITY or FITNESS FOR A PARTICULAR PURPOSE.

configure:2934: $? = 0
configure:2923: /home/yuhao/android/ndk/android-ndk-r11b/toolchains/arm-linux-androideabi-4.9/prebuilt/linux-x86_64/bin/arm-linux-androideabi-gcc --sysroot=/home/yuhao/android/ndk/android-ndk-r11b/platforms/android-19/arch-arm -v >&5
Using built-in specs.
COLLECT_GCC=/home/yuhao/android/ndk/android-ndk-r11b/toolchains/arm-linux-androideabi-4.9/prebuilt/linux-x86_64/bin/arm-linux-androideabi-gcc
COLLECT_LTO_WRAPPER=/home/yuhao/android/ndk/android-ndk-r11b/toolchains/arm-linux-androideabi-4.9/prebuilt/linux-x86_64/bin/../libexec/gcc/arm-linux-androideabi/4.9/lto-wrapper
Target: arm-linux-androideabi
Configured with: /usr/local/google/buildbot/src/android/gcc/toolchain/build/../gcc/gcc-4.9/configure --prefix=/tmp/002ff922da42f0f80603ab1715cd43d4 --target=arm-linux-androideabi --host=x86_64-linux-gnu --build=x86_64-linux-gnu --with-gnu-as --with-gnu-ld --enable-languages=c,c++ --with-gmp=/buildbot/tmp/build/toolchain/temp-install --with-mpfr=/buildbot/tmp/build/toolchain/temp-install --with-mpc=/buildbot/tmp/build/toolchain/temp-install --with-cloog=/buildbot/tmp/build/toolchain/temp-install --with-isl=/buildbot/tmp/build/toolchain/temp-install --with-ppl=/buildbot/tmp/build/toolchain/temp-install --disable-ppl-version-check --disable-cloog-version-check --disable-isl-version-check --enable-cloog-backend=isl --with-host-libstdcxx='-static-libgcc -Wl,-Bstatic,-lstdc++,-Bdynamic -lm' --disable-libssp --enable-threads --disable-nls --disable-libmudflap --disable-libgomp --disable-libstdc__-v3 --disable-sjlj-exceptions --disable-shared --disable-tls --disable-libitm --with-float=soft --with-fpu=vfp --with-arch=armv5te --enable-target-optspace --enable-initfini-array --disable-nls --prefix=/tmp/002ff922da42f0f80603ab1715cd43d4 --with-sysroot=/tmp/002ff922da42f0f80603ab1715cd43d4/sysroot --with-binutils-version=2.25 --with-mpfr-version=3.1.1 --with-mpc-version=1.0.1 --with-gmp-version=5.0.5 --with-gcc-version=4.9 --with-gdb-version=none --with-gxx-include-dir=/tmp/002ff922da42f0f80603ab1715cd43d4/include/c++/4.9 --with-bugurl=http://source.android.com/source/report-bugs.html --enable-languages=c,c++ --disable-bootstrap --enable-plugins --enable-libgomp --enable-gnu-indirect-function --disable-libsanitizer --enable-gold --enable-threads --enable-eh-frame-hdr-for-static --enable-graphite=yes --with-isl-version=0.11.1 --with-cloog-version=0.18.0 --with-arch=armv5te --program-transform-name='s&^&arm-linux-androideabi-&' --enable-gold=default
Thread model: posix
gcc version 4.9 20150123 (prerelease) (GCC) 
configure:2934: $? = 0
configure:2923: /home/yuhao/android/ndk/android-ndk-r11b/toolchains/arm-linux-androideabi-4.9/prebuilt/linux-x86_64/bin/arm-linux-androideabi-gcc --sysroot=/home/yuhao/android/ndk/android-ndk-r11b/platforms/android-19/arch-arm -V >&5
arm-linux-androideabi-gcc: error: unrecognized command line option '-V'
arm-linux-androideabi-gcc: fatal error: no input files
compilation terminated.
configure:2934: $? = 1
configure:2923: /home/yuhao/android/ndk/android-ndk-r11b/toolchains/arm-linux-androideabi-4.9/prebuilt/linux-x86_64/bin/arm-linux-androideabi-gcc --sysroot=/home/yuhao/android/ndk/android-ndk-r11b/platforms/android-19/arch-arm -qversion >&5
arm-linux-androideabi-gcc: error: unrecognized command line option '-qversion'
arm-linux-androideabi-gcc: fatal error: no input files
compilation terminated.
configure:2934: $? = 1
configure:2954: checking whether the C compiler works
configure:2976: /home/yuhao/android/ndk/android-ndk-r11b/toolchains/arm-linux-androideabi-4.9/prebuilt/linux-x86_64/bin/arm-linux-androideabi-gcc --sysroot=/home/yuhao/android/ndk/android-ndk-r11b/platforms/android-19/arch-arm  -fpic -DANDROID -ffunction-sections -msoft-float -lm -L/home/yuhao/ytxPlayer/android/contrib/jni/jniLibs/lib conftest.c  >&5
configure:2980: $? = 0
configure:3028: result: yes
configure:3031: checking for C compiler default output file name
configure:3033: result: a.out
configure:3039: checking for suffix of executables
configure:3046: /home/yuhao/android/ndk/android-ndk-r11b/toolchains/arm-linux-androideabi-4.9/prebuilt/linux-x86_64/bin/arm-linux-androideabi-gcc --sysroot=/home/yuhao/android/ndk/android-ndk-r11b/platforms/android-19/arch-arm -o conftest  -fpic -DANDROID -ffunction-sections -msoft-float -lm -L/home/yuhao/ytxPlayer/android/contrib/jni/jniLibs/lib conftest.c  >&5
configure:3050: $? = 0
configure:3072: result: 
configure:3094: checking whether we are cross compiling
configure:3102: /home/yuhao/android/ndk/android-ndk-r11b/toolchains/arm-linux-androideabi-4.9/prebuilt/linux-x86_64/bin/arm-linux-androideabi-gcc --sysroot=/home/yuhao/android/ndk/android-ndk-r11b/platforms/android-19/arch-arm -o conftest  -fpic -DANDROID -ffunction-sections -msoft-float -lm -L/home/yuhao/ytxPlayer/android/contrib/jni/jniLibs/lib conftest.c  >&5
configure:3106: $? = 0
configure:3113: ./conftest
./configure: line 3115: ./conftest: cannot execute binary file: Exec format error
configure:3117: $? = 126
configure:3132: result: yes
configure:3137: checking for suffix of object files
configure:3159: /home/yuhao/android/ndk/android-ndk-r11b/toolchains/arm-linux-androideabi-4.9/prebuilt/linux-x86_64/bin/arm-linux-androideabi-gcc --sysroot=/home/yuhao/android/ndk/android-ndk-r11b/platforms/android-19/arch-arm -c  -fpic -DANDROID -ffunction-sections -msoft-float -lm conftest.c >&5
configure:3163: $? = 0
configure:3184: result: o
configure:3188: checking whether we are using the GNU C compiler
configure:3207: /home/yuhao/android/ndk/android-ndk-r11b/toolchains/arm-linux-androideabi-4.9/prebuilt/linux-x86_64/bin/arm-linux-androideabi-gcc --sysroot=/home/yuhao/android/ndk/android-ndk-r11b/platforms/android-19/arch-arm -c  -fpic -DANDROID -ffunction-sections -msoft-float -lm conftest.c >&5
configure:3207: $? = 0
configure:3216: result: yes
configure:3225: checking whether /home/yuhao/android/ndk/android-ndk-r11b/toolchains/arm-linux-androideabi-4.9/prebuilt/linux-x86_64/bin/arm-linux-androideabi-gcc --sysroot=/home/yuhao/android/ndk/android-ndk-r11b/platforms/android-19/arch-arm accepts -g
configure:3245: /home/yuhao/android/ndk/android-ndk-r11b/toolchains/arm-linux-androideabi-4.9/prebuilt/linux-x86_64/bin/arm-linux-androideabi-gcc --sysroot=/home/yuhao/android/ndk/android-ndk-r11b/platforms/android-19/arch-arm -c -g -fpic -DANDROID -ffunction-sections -msoft-float -lm conftest.c >&5
configure:3245: $? = 0
configure:3286: result: yes
configure:3303: checking for /home/yuhao/android/ndk/android-ndk-r11b/toolchains/arm-linux-androideabi-4.9/prebuilt/linux-x86_64/bin/arm-linux-androideabi-gcc --sysroot=/home/yuhao/android/ndk/android-ndk-r11b/platforms/android-19/arch-arm option to accept ISO C89
configure:3366: /home/yuhao/android/ndk/android-ndk-r11b/toolchains/arm-linux-androideabi-4.9/prebuilt/linux-x86_64/bin/arm-linux-androideabi-gcc --sysroot=/home/yuhao/android/ndk/android-ndk-r11b/platforms/android-19/arch-arm  -c -g -O2 -fpic -DANDROID -ffunction-sections -msoft-float -lm conftest.c >&5
configure:3366: $? = 0
configure:3379: result: none needed
configure:3404: checking how to run the C preprocessor
configure:3435: /home/yuhao/android/ndk/android-ndk-r11b/toolchains/arm-linux-androideabi-4.9/prebuilt/linux-x86_64/bin/arm-linux-androideabi-gcc --sysroot=/home/yuhao/android/ndk/android-ndk-r11b/platforms/android-19/arch-arm -E -fpic -DANDROID -ffunction-sections -msoft-float -lm conftest.c
configure:3435: $? = 0
configure:3449: /home/yuhao/android/ndk/android-ndk-r11b/toolchains/arm-linux-androideabi-4.9/prebuilt/linux-x86_64/bin/arm-linux-androideabi-gcc --sysroot=/home/yuhao/android/ndk/android-ndk-r11b/platforms/android-19/arch-arm -E -fpic -DANDROID -ffunction-sections -msoft-float -lm conftest.c
conftest.c:9:28: fatal error: ac_nonexistent.h: No such file or directory
 #include <ac_nonexistent.h>
                            ^
compilation terminated.
configure:3449: $? = 1
configure: failed program was:
| /* confdefs.h */
| #define PACKAGE_NAME "FreeType"
| #define PACKAGE_TARNAME "freetype"
| #define PACKAGE_VERSION "2.7.1"
| #define PACKAGE_STRING "FreeType 2.7.1"
| #define PACKAGE_BUGREPORT "freetype@nongnu.org"
| #define PACKAGE_URL ""
| /* end confdefs.h.  */
| #include <ac_nonexistent.h>
configure:3474: result: /home/yuhao/android/ndk/android-ndk-r11b/toolchains/arm-linux-androideabi-4.9/prebuilt/linux-x86_64/bin/arm-linux-androideabi-gcc --sysroot=/home/yuhao/android/ndk/android-ndk-r11b/platforms/android-19/arch-arm -E
configure:3494: /home/yuhao/android/ndk/android-ndk-r11b/toolchains/arm-linux-androideabi-4.9/prebuilt/linux-x86_64/bin/arm-linux-androideabi-gcc --sysroot=/home/yuhao/android/ndk/android-ndk-r11b/platforms/android-19/arch-arm -E -fpic -DANDROID -ffunction-sections -msoft-float -lm conftest.c
configure:3494: $? = 0
configure:3508: /home/yuhao/android/ndk/android-ndk-r11b/toolchains/arm-linux-androideabi-4.9/prebuilt/linux-x86_64/bin/arm-linux-androideabi-gcc --sysroot=/home/yuhao/android/ndk/android-ndk-r11b/platforms/android-19/arch-arm -E -fpic -DANDROID -ffunction-sections -msoft-float -lm conftest.c
conftest.c:9:28: fatal error: ac_nonexistent.h: No such file or directory
 #include <ac_nonexistent.h>
                            ^
compilation terminated.
configure:3508: $? = 1
configure: failed program was:
| /* confdefs.h */
| #define PACKAGE_NAME "FreeType"
| #define PACKAGE_TARNAME "freetype"
| #define PACKAGE_VERSION "2.7.1"
| #define PACKAGE_STRING "FreeType 2.7.1"
| #define PACKAGE_BUGREPORT "freetype@nongnu.org"
| #define PACKAGE_URL ""
| /* end confdefs.h.  */
| #include <ac_nonexistent.h>
configure:3549: checking for arm-linux-pkg-config
configure:3582: result: no
configure:3592: checking for pkg-config
configure:3610: found /usr/bin/pkg-config
configure:3622: result: /usr/bin/pkg-config
configure:3634: WARNING: using cross tools not prefixed with host triplet
configure:3647: checking pkg-config is at least version 0.24
configure:3650: result: yes
configure:3705: checking how to print strings
configure:3732: result: printf
configure:3753: checking for a sed that does not truncate output
configure:3817: result: /bin/sed
configure:3835: checking for grep that handles long lines and -e
configure:3893: result: /bin/grep
configure:3898: checking for egrep
configure:3960: result: /bin/grep -E
configure:3965: checking for fgrep
configure:4027: result: /bin/grep -F
configure:4062: checking for ld used by /home/yuhao/android/ndk/android-ndk-r11b/toolchains/arm-linux-androideabi-4.9/prebuilt/linux-x86_64/bin/arm-linux-androideabi-gcc --sysroot=/home/yuhao/android/ndk/android-ndk-r11b/platforms/android-19/arch-arm
configure:4129: result: /home/yuhao/android/ndk/android-ndk-r11b/toolchains/arm-linux-androideabi-4.9/prebuilt/linux-x86_64/arm-linux-androideabi/bin/ld
configure:4136: checking if the linker (/home/yuhao/android/ndk/android-ndk-r11b/toolchains/arm-linux-androideabi-4.9/prebuilt/linux-x86_64/arm-linux-androideabi/bin/ld) is GNU ld
configure:4151: result: yes
configure:4163: checking for BSD- or MS-compatible name lister (nm)
configure:4217: result: /home/yuhao/android/ndk/android-ndk-r11b/toolchains/arm-linux-androideabi-4.9/prebuilt/linux-x86_64/bin/arm-linux-androideabi-nm
configure:4347: checking the name lister (/home/yuhao/android/ndk/android-ndk-r11b/toolchains/arm-linux-androideabi-4.9/prebuilt/linux-x86_64/bin/arm-linux-androideabi-nm) interface
configure:4354: /home/yuhao/android/ndk/android-ndk-r11b/toolchains/arm-linux-androideabi-4.9/prebuilt/linux-x86_64/bin/arm-linux-androideabi-gcc --sysroot=/home/yuhao/android/ndk/android-ndk-r11b/platforms/android-19/arch-arm -c -g -O2 -fpic -DANDROID -ffunction-sections -msoft-float -lm conftest.c >&5
configure:4357: /home/yuhao/android/ndk/android-ndk-r11b/toolchains/arm-linux-androideabi-4.9/prebuilt/linux-x86_64/bin/arm-linux-androideabi-nm "conftest.o"
configure:4360: output
00000000 B some_variable
configure:4367: result: BSD nm
configure:4370: checking whether ln -s works
configure:4374: result: yes
configure:4382: checking the maximum length of command line arguments
configure:4513: result: 1572864
configure:4561: checking how to convert x86_64-pc-linux-gnu file names to arm-unknown-linux-gnu format
configure:4601: result: func_convert_file_noop
configure:4608: checking how to convert x86_64-pc-linux-gnu file names to toolchain format
configure:4628: result: func_convert_file_noop
configure:4635: checking for /home/yuhao/android/ndk/android-ndk-r11b/toolchains/arm-linux-androideabi-4.9/prebuilt/linux-x86_64/arm-linux-androideabi/bin/ld option to reload object files
configure:4642: result: -r
configure:4676: checking for arm-linux-objdump
configure:4706: result: no
configure:4716: checking for objdump
configure:4732: found /usr/bin/objdump
configure:4743: result: objdump
configure:4772: checking how to recognize dependent libraries
configure:4972: result: pass_all
configure:5017: checking for arm-linux-dlltool
configure:5047: result: no
configure:5057: checking for dlltool
configure:5087: result: no
configure:5114: checking how to associate runtime and link libraries
configure:5141: result: printf %s\n
configure:5158: checking for arm-linux-ar
configure:5185: result: /home/yuhao/android/ndk/android-ndk-r11b/toolchains/arm-linux-androideabi-4.9/prebuilt/linux-x86_64/bin/arm-linux-androideabi-ar
configure:5266: checking for archiver @FILE support
configure:5283: /home/yuhao/android/ndk/android-ndk-r11b/toolchains/arm-linux-androideabi-4.9/prebuilt/linux-x86_64/bin/arm-linux-androideabi-gcc --sysroot=/home/yuhao/android/ndk/android-ndk-r11b/platforms/android-19/arch-arm -c -g -O2 -fpic -DANDROID -ffunction-sections -msoft-float -lm conftest.c >&5
configure:5283: $? = 0
configure:5286: /home/yuhao/android/ndk/android-ndk-r11b/toolchains/arm-linux-androideabi-4.9/prebuilt/linux-x86_64/bin/arm-linux-androideabi-ar cru libconftest.a @conftest.lst >&5
configure:5289: $? = 0
configure:5294: /home/yuhao/android/ndk/android-ndk-r11b/toolchains/arm-linux-androideabi-4.9/prebuilt/linux-x86_64/bin/arm-linux-androideabi-ar cru libconftest.a @conftest.lst >&5
/home/yuhao/android/ndk/android-ndk-r11b/toolchains/arm-linux-androideabi-4.9/prebuilt/linux-x86_64/bin/arm-linux-androideabi-ar: conftest.o: No such file or directory
configure:5297: $? = 1
configure:5309: result: @
configure:5327: checking for arm-linux-strip
configure:5354: result: /home/yuhao/android/ndk/android-ndk-r11b/toolchains/arm-linux-androideabi-4.9/prebuilt/linux-x86_64/bin/arm-linux-androideabi-strip
configure:5426: checking for arm-linux-ranlib
configure:5453: result: /home/yuhao/android/ndk/android-ndk-r11b/toolchains/arm-linux-androideabi-4.9/prebuilt/linux-x86_64/bin/arm-linux-androideabi-ranlib
configure:5570: checking for gawk
configure:5600: result: no
configure:5570: checking for mawk
configure:5586: found /usr/bin/mawk
configure:5597: result: mawk
configure:5637: checking command to parse /home/yuhao/android/ndk/android-ndk-r11b/toolchains/arm-linux-androideabi-4.9/prebuilt/linux-x86_64/bin/arm-linux-androideabi-nm output from /home/yuhao/android/ndk/android-ndk-r11b/toolchains/arm-linux-androideabi-4.9/prebuilt/linux-x86_64/bin/arm-linux-androideabi-gcc --sysroot=/home/yuhao/android/ndk/android-ndk-r11b/platforms/android-19/arch-arm object
configure:5790: /home/yuhao/android/ndk/android-ndk-r11b/toolchains/arm-linux-androideabi-4.9/prebuilt/linux-x86_64/bin/arm-linux-androideabi-gcc --sysroot=/home/yuhao/android/ndk/android-ndk-r11b/platforms/android-19/arch-arm -c -g -O2 -fpic -DANDROID -ffunction-sections -msoft-float -lm conftest.c >&5
configure:5793: $? = 0
configure:5797: /home/yuhao/android/ndk/android-ndk-r11b/toolchains/arm-linux-androideabi-4.9/prebuilt/linux-x86_64/bin/arm-linux-androideabi-nm conftest.o \| sed -n -e 's/^.*[ ]\([ABCDGIRSTW][ABCDGIRSTW]*\)[ ][ ]*\([_A-Za-z][_A-Za-z0-9]*\)$/\1 \2 \2/p' | sed '/ __gnu_lto/d' \> conftest.nm
configure:5800: $? = 0
configure:5866: /home/yuhao/android/ndk/android-ndk-r11b/toolchains/arm-linux-androideabi-4.9/prebuilt/linux-x86_64/bin/arm-linux-androideabi-gcc --sysroot=/home/yuhao/android/ndk/android-ndk-r11b/platforms/android-19/arch-arm -o conftest -g -O2 -fpic -DANDROID -ffunction-sections -msoft-float -lm -L/home/yuhao/ytxPlayer/android/contrib/jni/jniLibs/lib conftest.c conftstm.o >&5
configure:5869: $? = 0
configure:5907: result: ok
configure:5954: checking for sysroot
configure:5984: result: no
configure:5991: checking for a working dd
configure:6029: result: /bin/dd
configure:6033: checking how to truncate binary pipes
configure:6048: result: /bin/dd bs=4096 count=1
configure:6337: checking for arm-linux-mt
configure:6367: result: no
configure:6377: checking for mt
configure:6393: found /bin/mt
configure:6404: result: mt
configure:6427: checking if mt is a manifest tool
configure:6433: mt '-?'
configure:6441: result: no
configure:7114: checking for ANSI C header files
configure:7134: /home/yuhao/android/ndk/android-ndk-r11b/toolchains/arm-linux-androideabi-4.9/prebuilt/linux-x86_64/bin/arm-linux-androideabi-gcc --sysroot=/home/yuhao/android/ndk/android-ndk-r11b/platforms/android-19/arch-arm -c -g -O2 -fpic -DANDROID -ffunction-sections -msoft-float -lm conftest.c >&5
configure:7134: $? = 0
configure:7218: result: yes
configure:7231: checking for sys/types.h
configure:7231: /home/yuhao/android/ndk/android-ndk-r11b/toolchains/arm-linux-androideabi-4.9/prebuilt/linux-x86_64/bin/arm-linux-androideabi-gcc --sysroot=/home/yuhao/android/ndk/android-ndk-r11b/platforms/android-19/arch-arm -c -g -O2 -fpic -DANDROID -ffunction-sections -msoft-float -lm conftest.c >&5
configure:7231: $? = 0
configure:7231: result: yes
configure:7231: checking for sys/stat.h
configure:7231: /home/yuhao/android/ndk/android-ndk-r11b/toolchains/arm-linux-androideabi-4.9/prebuilt/linux-x86_64/bin/arm-linux-androideabi-gcc --sysroot=/home/yuhao/android/ndk/android-ndk-r11b/platforms/android-19/arch-arm -c -g -O2 -fpic -DANDROID -ffunction-sections -msoft-float -lm conftest.c >&5
configure:7231: $? = 0
configure:7231: result: yes
configure:7231: checking for stdlib.h
configure:7231: /home/yuhao/android/ndk/android-ndk-r11b/toolchains/arm-linux-androideabi-4.9/prebuilt/linux-x86_64/bin/arm-linux-androideabi-gcc --sysroot=/home/yuhao/android/ndk/android-ndk-r11b/platforms/android-19/arch-arm -c -g -O2 -fpic -DANDROID -ffunction-sections -msoft-float -lm conftest.c >&5
configure:7231: $? = 0
configure:7231: result: yes
configure:7231: checking for string.h
configure:7231: /home/yuhao/android/ndk/android-ndk-r11b/toolchains/arm-linux-androideabi-4.9/prebuilt/linux-x86_64/bin/arm-linux-androideabi-gcc --sysroot=/home/yuhao/android/ndk/android-ndk-r11b/platforms/android-19/arch-arm -c -g -O2 -fpic -DANDROID -ffunction-sections -msoft-float -lm conftest.c >&5
configure:7231: $? = 0
configure:7231: result: yes
configure:7231: checking for memory.h
configure:7231: /home/yuhao/android/ndk/android-ndk-r11b/toolchains/arm-linux-androideabi-4.9/prebuilt/linux-x86_64/bin/arm-linux-androideabi-gcc --sysroot=/home/yuhao/android/ndk/android-ndk-r11b/platforms/android-19/arch-arm -c -g -O2 -fpic -DANDROID -ffunction-sections -msoft-float -lm conftest.c >&5
configure:7231: $? = 0
configure:7231: result: yes
configure:7231: checking for strings.h
configure:7231: /home/yuhao/android/ndk/android-ndk-r11b/toolchains/arm-linux-androideabi-4.9/prebuilt/linux-x86_64/bin/arm-linux-androideabi-gcc --sysroot=/home/yuhao/android/ndk/android-ndk-r11b/platforms/android-19/arch-arm -c -g -O2 -fpic -DANDROID -ffunction-sections -msoft-float -lm conftest.c >&5
configure:7231: $? = 0
configure:7231: result: yes
configure:7231: checking for inttypes.h
configure:7231: /home/yuhao/android/ndk/android-ndk-r11b/toolchains/arm-linux-androideabi-4.9/prebuilt/linux-x86_64/bin/arm-linux-androideabi-gcc --sysroot=/home/yuhao/android/ndk/android-ndk-r11b/platforms/android-19/arch-arm -c -g -O2 -fpic -DANDROID -ffunction-sections -msoft-float -lm conftest.c >&5
configure:7231: $? = 0
configure:7231: result: yes
configure:7231: checking for stdint.h
configure:7231: /home/yuhao/android/ndk/android-ndk-r11b/toolchains/arm-linux-androideabi-4.9/prebuilt/linux-x86_64/bin/arm-linux-androideabi-gcc --sysroot=/home/yuhao/android/ndk/android-ndk-r11b/platforms/android-19/arch-arm -c -g -O2 -fpic -DANDROID -ffunction-sections -msoft-float -lm conftest.c >&5
configure:7231: $? = 0
configure:7231: result: yes
configure:7231: checking for unistd.h
configure:7231: /home/yuhao/android/ndk/android-ndk-r11b/toolchains/arm-linux-androideabi-4.9/prebuilt/linux-x86_64/bin/arm-linux-androideabi-gcc --sysroot=/home/yuhao/android/ndk/android-ndk-r11b/platforms/android-19/arch-arm -c -g -O2 -fpic -DANDROID -ffunction-sections -msoft-float -lm conftest.c >&5
configure:7231: $? = 0
configure:7231: result: yes
configure:7245: checking for dlfcn.h
configure:7245: /home/yuhao/android/ndk/android-ndk-r11b/toolchains/arm-linux-androideabi-4.9/prebuilt/linux-x86_64/bin/arm-linux-androideabi-gcc --sysroot=/home/yuhao/android/ndk/android-ndk-r11b/platforms/android-19/arch-arm -c -g -O2 -fpic -DANDROID -ffunction-sections -msoft-float -lm conftest.c >&5
configure:7245: $? = 0
configure:7245: result: yes
configure:7799: checking for objdir
configure:7814: result: .libs
configure:8074: checking if /home/yuhao/android/ndk/android-ndk-r11b/toolchains/arm-linux-androideabi-4.9/prebuilt/linux-x86_64/bin/arm-linux-androideabi-gcc --sysroot=/home/yuhao/android/ndk/android-ndk-r11b/platforms/android-19/arch-arm supports -fno-rtti -fno-exceptions
configure:8092: /home/yuhao/android/ndk/android-ndk-r11b/toolchains/arm-linux-androideabi-4.9/prebuilt/linux-x86_64/bin/arm-linux-androideabi-gcc --sysroot=/home/yuhao/android/ndk/android-ndk-r11b/platforms/android-19/arch-arm -c -g -O2 -fpic -DANDROID -ffunction-sections -msoft-float -lm -fno-rtti -fno-exceptions conftest.c >&5
cc1: warning: command line option '-fno-rtti' is valid for C++/ObjC++ but not for C
configure:8096: $? = 0
configure:8109: result: no
configure:8467: checking for /home/yuhao/android/ndk/android-ndk-r11b/toolchains/arm-linux-androideabi-4.9/prebuilt/linux-x86_64/bin/arm-linux-androideabi-gcc --sysroot=/home/yuhao/android/ndk/android-ndk-r11b/platforms/android-19/arch-arm option to produce PIC
configure:8474: result: -fPIC -DPIC
configure:8482: checking if /home/yuhao/android/ndk/android-ndk-r11b/toolchains/arm-linux-androideabi-4.9/prebuilt/linux-x86_64/bin/arm-linux-androideabi-gcc --sysroot=/home/yuhao/android/ndk/android-ndk-r11b/platforms/android-19/arch-arm PIC flag -fPIC -DPIC works
configure:8500: /home/yuhao/android/ndk/android-ndk-r11b/toolchains/arm-linux-androideabi-4.9/prebuilt/linux-x86_64/bin/arm-linux-androideabi-gcc --sysroot=/home/yuhao/android/ndk/android-ndk-r11b/platforms/android-19/arch-arm -c -g -O2 -fpic -DANDROID -ffunction-sections -msoft-float -lm -fPIC -DPIC -DPIC conftest.c >&5
configure:8504: $? = 0
configure:8517: result: yes
configure:8546: checking if /home/yuhao/android/ndk/android-ndk-r11b/toolchains/arm-linux-androideabi-4.9/prebuilt/linux-x86_64/bin/arm-linux-androideabi-gcc --sysroot=/home/yuhao/android/ndk/android-ndk-r11b/platforms/android-19/arch-arm static flag -static works
configure:8574: result: yes
configure:8589: checking if /home/yuhao/android/ndk/android-ndk-r11b/toolchains/arm-linux-androideabi-4.9/prebuilt/linux-x86_64/bin/arm-linux-androideabi-gcc --sysroot=/home/yuhao/android/ndk/android-ndk-r11b/platforms/android-19/arch-arm supports -c -o file.o
configure:8610: /home/yuhao/android/ndk/android-ndk-r11b/toolchains/arm-linux-androideabi-4.9/prebuilt/linux-x86_64/bin/arm-linux-androideabi-gcc --sysroot=/home/yuhao/android/ndk/android-ndk-r11b/platforms/android-19/arch-arm -c -g -O2 -fpic -DANDROID -ffunction-sections -msoft-float -lm -o out/conftest2.o conftest.c >&5
configure:8614: $? = 0
configure:8636: result: yes
configure:8644: checking if /home/yuhao/android/ndk/android-ndk-r11b/toolchains/arm-linux-androideabi-4.9/prebuilt/linux-x86_64/bin/arm-linux-androideabi-gcc --sysroot=/home/yuhao/android/ndk/android-ndk-r11b/platforms/android-19/arch-arm supports -c -o file.o
configure:8691: result: yes
configure:8724: checking whether the /home/yuhao/android/ndk/android-ndk-r11b/toolchains/arm-linux-androideabi-4.9/prebuilt/linux-x86_64/bin/arm-linux-androideabi-gcc --sysroot=/home/yuhao/android/ndk/android-ndk-r11b/platforms/android-19/arch-arm linker (/home/yuhao/android/ndk/android-ndk-r11b/toolchains/arm-linux-androideabi-4.9/prebuilt/linux-x86_64/arm-linux-androideabi/bin/ld) supports shared libraries
configure:9984: result: yes
configure:10021: checking whether -lc should be explicitly linked in
configure:10029: /home/yuhao/android/ndk/android-ndk-r11b/toolchains/arm-linux-androideabi-4.9/prebuilt/linux-x86_64/bin/arm-linux-androideabi-gcc --sysroot=/home/yuhao/android/ndk/android-ndk-r11b/platforms/android-19/arch-arm -c -g -O2 -fpic -DANDROID -ffunction-sections -msoft-float -lm conftest.c >&5
configure:10032: $? = 0
configure:10047: /home/yuhao/android/ndk/android-ndk-r11b/toolchains/arm-linux-androideabi-4.9/prebuilt/linux-x86_64/bin/arm-linux-androideabi-gcc --sysroot=/home/yuhao/android/ndk/android-ndk-r11b/platforms/android-19/arch-arm -shared  -fPIC -DPIC conftest.o  -v -Wl,-soname -Wl,conftest -o conftest 2\>\&1 \| /bin/grep  -lc  \>/dev/null 2\>\&1
configure:10050: $? = 0
configure:10064: result: no
configure:10224: checking dynamic linker characteristics
configure:10805: /home/yuhao/android/ndk/android-ndk-r11b/toolchains/arm-linux-androideabi-4.9/prebuilt/linux-x86_64/bin/arm-linux-androideabi-gcc --sysroot=/home/yuhao/android/ndk/android-ndk-r11b/platforms/android-19/arch-arm -o conftest -g -O2 -fpic -DANDROID -ffunction-sections -msoft-float -lm -L/home/yuhao/ytxPlayer/android/contrib/jni/jniLibs/lib -Wl,-rpath -Wl,/foo conftest.c  >&5
configure:10805: $? = 0
configure:11042: result: GNU/Linux ld.so
configure:11164: checking how to hardcode library paths into programs
configure:11189: result: immediate
configure:11737: checking whether stripping libraries is possible
configure:11742: result: yes
configure:11777: checking if libtool supports shared libraries
configure:11779: result: yes
configure:11782: checking whether to build shared libraries
configure:11807: result: yes
configure:11810: checking whether to build static libraries
configure:11814: result: yes
configure:11858: checking for x86_64-pc-linux-gnu-gcc
configure:11888: result: no
configure:11895: checking for gcc
configure:11911: found /usr/bin/gcc
configure:11922: result: gcc
configure:11932: checking for gcc
configure:11976: result: gcc
configure:11986: checking for suffix of native executables
configure:12000: result: 
configure:12030: checking for a BSD-compatible install
configure:12098: result: /usr/bin/install -c
configure:12117: checking for a thread-safe mkdir -p
configure:12156: result: /bin/mkdir -p
configure:12170: checking for ANSI C header files
configure:12274: result: yes
configure:12285: checking fcntl.h usability
configure:12285: /home/yuhao/android/ndk/android-ndk-r11b/toolchains/arm-linux-androideabi-4.9/prebuilt/linux-x86_64/bin/arm-linux-androideabi-gcc --sysroot=/home/yuhao/android/ndk/android-ndk-r11b/platforms/android-19/arch-arm -c -g -O2 -fpic -DANDROID -ffunction-sections -msoft-float -lm conftest.c >&5
configure:12285: $? = 0
configure:12285: result: yes
configure:12285: checking fcntl.h presence
configure:12285: /home/yuhao/android/ndk/android-ndk-r11b/toolchains/arm-linux-androideabi-4.9/prebuilt/linux-x86_64/bin/arm-linux-androideabi-gcc --sysroot=/home/yuhao/android/ndk/android-ndk-r11b/platforms/android-19/arch-arm -E -fpic -DANDROID -ffunction-sections -msoft-float -lm conftest.c
configure:12285: $? = 0
configure:12285: result: yes
configure:12285: checking for fcntl.h
configure:12285: result: yes
configure:12285: checking for unistd.h
configure:12285: result: yes
configure:12299: checking for an ANSI C-conforming const
configure:12365: /home/yuhao/android/ndk/android-ndk-r11b/toolchains/arm-linux-androideabi-4.9/prebuilt/linux-x86_64/bin/arm-linux-androideabi-gcc --sysroot=/home/yuhao/android/ndk/android-ndk-r11b/platforms/android-19/arch-arm -c -g -O2 -fpic -DANDROID -ffunction-sections -msoft-float -lm conftest.c >&5
configure:12365: $? = 0
configure:12372: result: yes
configure:12384: checking size of int
configure:12389: /home/yuhao/android/ndk/android-ndk-r11b/toolchains/arm-linux-androideabi-4.9/prebuilt/linux-x86_64/bin/arm-linux-androideabi-gcc --sysroot=/home/yuhao/android/ndk/android-ndk-r11b/platforms/android-19/arch-arm -c -g -O2 -fpic -DANDROID -ffunction-sections -msoft-float -lm conftest.c >&5
configure:12389: $? = 0
configure:12389: /home/yuhao/android/ndk/android-ndk-r11b/toolchains/arm-linux-androideabi-4.9/prebuilt/linux-x86_64/bin/arm-linux-androideabi-gcc --sysroot=/home/yuhao/android/ndk/android-ndk-r11b/platforms/android-19/arch-arm -c -g -O2 -fpic -DANDROID -ffunction-sections -msoft-float -lm conftest.c >&5
conftest.c: In function 'main':
conftest.c:60:12: error: size of array 'test_array' is negative
 static int test_array [1 - 2 * !(((long int) (sizeof (int))) <= 0)];
            ^
configure:12389: $? = 1
configure: failed program was:
| /* confdefs.h */
| #define PACKAGE_NAME "FreeType"
| #define PACKAGE_TARNAME "freetype"
| #define PACKAGE_VERSION "2.7.1"
| #define PACKAGE_STRING "FreeType 2.7.1"
| #define PACKAGE_BUGREPORT "freetype@nongnu.org"
| #define PACKAGE_URL ""
| #define STDC_HEADERS 1
| #define HAVE_SYS_TYPES_H 1
| #define HAVE_SYS_STAT_H 1
| #define HAVE_STDLIB_H 1
| #define HAVE_STRING_H 1
| #define HAVE_MEMORY_H 1
| #define HAVE_STRINGS_H 1
| #define HAVE_INTTYPES_H 1
| #define HAVE_STDINT_H 1
| #define HAVE_UNISTD_H 1
| #define HAVE_DLFCN_H 1
| #define LT_OBJDIR ".libs/"
| #define STDC_HEADERS 1
| #define HAVE_FCNTL_H 1
| #define HAVE_UNISTD_H 1
| /* end confdefs.h.  */
| #include <stdio.h>
| #ifdef HAVE_SYS_TYPES_H
| # include <sys/types.h>
| #endif
| #ifdef HAVE_SYS_STAT_H
| # include <sys/stat.h>
| #endif
| #ifdef STDC_HEADERS
| # include <stdlib.h>
| # include <stddef.h>
| #else
| # ifdef HAVE_STDLIB_H
| #  include <stdlib.h>
| # endif
| #endif
| #ifdef HAVE_STRING_H
| # if !defined STDC_HEADERS && defined HAVE_MEMORY_H
| #  include <memory.h>
| # endif
| # include <string.h>
| #endif
| #ifdef HAVE_STRINGS_H
| # include <strings.h>
| #endif
| #ifdef HAVE_INTTYPES_H
| # include <inttypes.h>
| #endif
| #ifdef HAVE_STDINT_H
| # include <stdint.h>
| #endif
| #ifdef HAVE_UNISTD_H
| # include <unistd.h>
| #endif
| int
| main ()
| {
| static int test_array [1 - 2 * !(((long int) (sizeof (int))) <= 0)];
| test_array [0] = 0;
| return test_array [0];
| 
|   ;
|   return 0;
| }
configure:12389: /home/yuhao/android/ndk/android-ndk-r11b/toolchains/arm-linux-androideabi-4.9/prebuilt/linux-x86_64/bin/arm-linux-androideabi-gcc --sysroot=/home/yuhao/android/ndk/android-ndk-r11b/platforms/android-19/arch-arm -c -g -O2 -fpic -DANDROID -ffunction-sections -msoft-float -lm conftest.c >&5
conftest.c: In function 'main':
conftest.c:60:12: error: size of array 'test_array' is negative
 static int test_array [1 - 2 * !(((long int) (sizeof (int))) <= 1)];
            ^
configure:12389: $? = 1
configure: failed program was:
| /* confdefs.h */
| #define PACKAGE_NAME "FreeType"
| #define PACKAGE_TARNAME "freetype"
| #define PACKAGE_VERSION "2.7.1"
| #define PACKAGE_STRING "FreeType 2.7.1"
| #define PACKAGE_BUGREPORT "freetype@nongnu.org"
| #define PACKAGE_URL ""
| #define STDC_HEADERS 1
| #define HAVE_SYS_TYPES_H 1
| #define HAVE_SYS_STAT_H 1
| #define HAVE_STDLIB_H 1
| #define HAVE_STRING_H 1
| #define HAVE_MEMORY_H 1
| #define HAVE_STRINGS_H 1
| #define HAVE_INTTYPES_H 1
| #define HAVE_STDINT_H 1
| #define HAVE_UNISTD_H 1
| #define HAVE_DLFCN_H 1
| #define LT_OBJDIR ".libs/"
| #define STDC_HEADERS 1
| #define HAVE_FCNTL_H 1
| #define HAVE_UNISTD_H 1
| /* end confdefs.h.  */
| #include <stdio.h>
| #ifdef HAVE_SYS_TYPES_H
| # include <sys/types.h>
| #endif
| #ifdef HAVE_SYS_STAT_H
| # include <sys/stat.h>
| #endif
| #ifdef STDC_HEADERS
| # include <stdlib.h>
| # include <stddef.h>
| #else
| # ifdef HAVE_STDLIB_H
| #  include <stdlib.h>
| # endif
| #endif
| #ifdef HAVE_STRING_H
| # if !defined STDC_HEADERS && defined HAVE_MEMORY_H
| #  include <memory.h>
| # endif
| # include <string.h>
| #endif
| #ifdef HAVE_STRINGS_H
| # include <strings.h>
| #endif
| #ifdef HAVE_INTTYPES_H
| # include <inttypes.h>
| #endif
| #ifdef HAVE_STDINT_H
| # include <stdint.h>
| #endif
| #ifdef HAVE_UNISTD_H
| # include <unistd.h>
| #endif
| int
| main ()
| {
| static int test_array [1 - 2 * !(((long int) (sizeof (int))) <= 1)];
| test_array [0] = 0;
| return test_array [0];
| 
|   ;
|   return 0;
| }
configure:12389: /home/yuhao/android/ndk/android-ndk-r11b/toolchains/arm-linux-androideabi-4.9/prebuilt/linux-x86_64/bin/arm-linux-androideabi-gcc --sysroot=/home/yuhao/android/ndk/android-ndk-r11b/platforms/android-19/arch-arm -c -g -O2 -fpic -DANDROID -ffunction-sections -msoft-float -lm conftest.c >&5
conftest.c: In function 'main':
conftest.c:60:12: error: size of array 'test_array' is negative
 static int test_array [1 - 2 * !(((long int) (sizeof (int))) <= 3)];
            ^
configure:12389: $? = 1
configure: failed program was:
| /* confdefs.h */
| #define PACKAGE_NAME "FreeType"
| #define PACKAGE_TARNAME "freetype"
| #define PACKAGE_VERSION "2.7.1"
| #define PACKAGE_STRING "FreeType 2.7.1"
| #define PACKAGE_BUGREPORT "freetype@nongnu.org"
| #define PACKAGE_URL ""
| #define STDC_HEADERS 1
| #define HAVE_SYS_TYPES_H 1
| #define HAVE_SYS_STAT_H 1
| #define HAVE_STDLIB_H 1
| #define HAVE_STRING_H 1
| #define HAVE_MEMORY_H 1
| #define HAVE_STRINGS_H 1
| #define HAVE_INTTYPES_H 1
| #define HAVE_STDINT_H 1
| #define HAVE_UNISTD_H 1
| #define HAVE_DLFCN_H 1
| #define LT_OBJDIR ".libs/"
| #define STDC_HEADERS 1
| #define HAVE_FCNTL_H 1
| #define HAVE_UNISTD_H 1
| /* end confdefs.h.  */
| #include <stdio.h>
| #ifdef HAVE_SYS_TYPES_H
| # include <sys/types.h>
| #endif
| #ifdef HAVE_SYS_STAT_H
| # include <sys/stat.h>
| #endif
| #ifdef STDC_HEADERS
| # include <stdlib.h>
| # include <stddef.h>
| #else
| # ifdef HAVE_STDLIB_H
| #  include <stdlib.h>
| # endif
| #endif
| #ifdef HAVE_STRING_H
| # if !defined STDC_HEADERS && defined HAVE_MEMORY_H
| #  include <memory.h>
| # endif
| # include <string.h>
| #endif
| #ifdef HAVE_STRINGS_H
| # include <strings.h>
| #endif
| #ifdef HAVE_INTTYPES_H
| # include <inttypes.h>
| #endif
| #ifdef HAVE_STDINT_H
| # include <stdint.h>
| #endif
| #ifdef HAVE_UNISTD_H
| # include <unistd.h>
| #endif
| int
| main ()
| {
| static int test_array [1 - 2 * !(((long int) (sizeof (int))) <= 3)];
| test_array [0] = 0;
| return test_array [0];
| 
|   ;
|   return 0;
| }
configure:12389: /home/yuhao/android/ndk/android-ndk-r11b/toolchains/arm-linux-androideabi-4.9/prebuilt/linux-x86_64/bin/arm-linux-androideabi-gcc --sysroot=/home/yuhao/android/ndk/android-ndk-r11b/platforms/android-19/arch-arm -c -g -O2 -fpic -DANDROID -ffunction-sections -msoft-float -lm conftest.c >&5
configure:12389: $? = 0
configure:12389: /home/yuhao/android/ndk/android-ndk-r11b/toolchains/arm-linux-androideabi-4.9/prebuilt/linux-x86_64/bin/arm-linux-androideabi-gcc --sysroot=/home/yuhao/android/ndk/android-ndk-r11b/platforms/android-19/arch-arm -c -g -O2 -fpic -DANDROID -ffunction-sections -msoft-float -lm conftest.c >&5
configure:12389: $? = 0
configure:12389: /home/yuhao/android/ndk/android-ndk-r11b/toolchains/arm-linux-androideabi-4.9/prebuilt/linux-x86_64/bin/arm-linux-androideabi-gcc --sysroot=/home/yuhao/android/ndk/android-ndk-r11b/platforms/android-19/arch-arm -c -g -O2 -fpic -DANDROID -ffunction-sections -msoft-float -lm conftest.c >&5
configure:12389: $? = 0
configure:12403: result: 4
configure:12417: checking size of long
configure:12422: /home/yuhao/android/ndk/android-ndk-r11b/toolchains/arm-linux-androideabi-4.9/prebuilt/linux-x86_64/bin/arm-linux-androideabi-gcc --sysroot=/home/yuhao/android/ndk/android-ndk-r11b/platforms/android-19/arch-arm -c -g -O2 -fpic -DANDROID -ffunction-sections -msoft-float -lm conftest.c >&5
configure:12422: $? = 0
configure:12422: /home/yuhao/android/ndk/android-ndk-r11b/toolchains/arm-linux-androideabi-4.9/prebuilt/linux-x86_64/bin/arm-linux-androideabi-gcc --sysroot=/home/yuhao/android/ndk/android-ndk-r11b/platforms/android-19/arch-arm -c -g -O2 -fpic -DANDROID -ffunction-sections -msoft-float -lm conftest.c >&5
conftest.c: In function 'main':
conftest.c:61:12: error: size of array 'test_array' is negative
 static int test_array [1 - 2 * !(((long int) (sizeof (long))) <= 0)];
            ^
configure:12422: $? = 1
configure: failed program was:
| /* confdefs.h */
| #define PACKAGE_NAME "FreeType"
| #define PACKAGE_TARNAME "freetype"
| #define PACKAGE_VERSION "2.7.1"
| #define PACKAGE_STRING "FreeType 2.7.1"
| #define PACKAGE_BUGREPORT "freetype@nongnu.org"
| #define PACKAGE_URL ""
| #define STDC_HEADERS 1
| #define HAVE_SYS_TYPES_H 1
| #define HAVE_SYS_STAT_H 1
| #define HAVE_STDLIB_H 1
| #define HAVE_STRING_H 1
| #define HAVE_MEMORY_H 1
| #define HAVE_STRINGS_H 1
| #define HAVE_INTTYPES_H 1
| #define HAVE_STDINT_H 1
| #define HAVE_UNISTD_H 1
| #define HAVE_DLFCN_H 1
| #define LT_OBJDIR ".libs/"
| #define STDC_HEADERS 1
| #define HAVE_FCNTL_H 1
| #define HAVE_UNISTD_H 1
| #define SIZEOF_INT 4
| /* end confdefs.h.  */
| #include <stdio.h>
| #ifdef HAVE_SYS_TYPES_H
| # include <sys/types.h>
| #endif
| #ifdef HAVE_SYS_STAT_H
| # include <sys/stat.h>
| #endif
| #ifdef STDC_HEADERS
| # include <stdlib.h>
| # include <stddef.h>
| #else
| # ifdef HAVE_STDLIB_H
| #  include <stdlib.h>
| # endif
| #endif
| #ifdef HAVE_STRING_H
| # if !defined STDC_HEADERS && defined HAVE_MEMORY_H
| #  include <memory.h>
| # endif
| # include <string.h>
| #endif
| #ifdef HAVE_STRINGS_H
| # include <strings.h>
| #endif
| #ifdef HAVE_INTTYPES_H
| # include <inttypes.h>
| #endif
| #ifdef HAVE_STDINT_H
| # include <stdint.h>
| #endif
| #ifdef HAVE_UNISTD_H
| # include <unistd.h>
| #endif
| int
| main ()
| {
| static int test_array [1 - 2 * !(((long int) (sizeof (long))) <= 0)];
| test_array [0] = 0;
| return test_array [0];
| 
|   ;
|   return 0;
| }
configure:12422: /home/yuhao/android/ndk/android-ndk-r11b/toolchains/arm-linux-androideabi-4.9/prebuilt/linux-x86_64/bin/arm-linux-androideabi-gcc --sysroot=/home/yuhao/android/ndk/android-ndk-r11b/platforms/android-19/arch-arm -c -g -O2 -fpic -DANDROID -ffunction-sections -msoft-float -lm conftest.c >&5
conftest.c: In function 'main':
conftest.c:61:12: error: size of array 'test_array' is negative
 static int test_array [1 - 2 * !(((long int) (sizeof (long))) <= 1)];
            ^
configure:12422: $? = 1
configure: failed program was:
| /* confdefs.h */
| #define PACKAGE_NAME "FreeType"
| #define PACKAGE_TARNAME "freetype"
| #define PACKAGE_VERSION "2.7.1"
| #define PACKAGE_STRING "FreeType 2.7.1"
| #define PACKAGE_BUGREPORT "freetype@nongnu.org"
| #define PACKAGE_URL ""
| #define STDC_HEADERS 1
| #define HAVE_SYS_TYPES_H 1
| #define HAVE_SYS_STAT_H 1
| #define HAVE_STDLIB_H 1
| #define HAVE_STRING_H 1
| #define HAVE_MEMORY_H 1
| #define HAVE_STRINGS_H 1
| #define HAVE_INTTYPES_H 1
| #define HAVE_STDINT_H 1
| #define HAVE_UNISTD_H 1
| #define HAVE_DLFCN_H 1
| #define LT_OBJDIR ".libs/"
| #define STDC_HEADERS 1
| #define HAVE_FCNTL_H 1
| #define HAVE_UNISTD_H 1
| #define SIZEOF_INT 4
| /* end confdefs.h.  */
| #include <stdio.h>
| #ifdef HAVE_SYS_TYPES_H
| # include <sys/types.h>
| #endif
| #ifdef HAVE_SYS_STAT_H
| # include <sys/stat.h>
| #endif
| #ifdef STDC_HEADERS
| # include <stdlib.h>
| # include <stddef.h>
| #else
| # ifdef HAVE_STDLIB_H
| #  include <stdlib.h>
| # endif
| #endif
| #ifdef HAVE_STRING_H
| # if !defined STDC_HEADERS && defined HAVE_MEMORY_H
| #  include <memory.h>
| # endif
| # include <string.h>
| #endif
| #ifdef HAVE_STRINGS_H
| # include <strings.h>
| #endif
| #ifdef HAVE_INTTYPES_H
| # include <inttypes.h>
| #endif
| #ifdef HAVE_STDINT_H
| # include <stdint.h>
| #endif
| #ifdef HAVE_UNISTD_H
| # include <unistd.h>
| #endif
| int
| main ()
| {
| static int test_array [1 - 2 * !(((long int) (sizeof (long))) <= 1)];
| test_array [0] = 0;
| return test_array [0];
| 
|   ;
|   return 0;
| }
configure:12422: /home/yuhao/android/ndk/android-ndk-r11b/toolchains/arm-linux-androideabi-4.9/prebuilt/linux-x86_64/bin/arm-linux-androideabi-gcc --sysroot=/home/yuhao/android/ndk/android-ndk-r11b/platforms/android-19/arch-arm -c -g -O2 -fpic -DANDROID -ffunction-sections -msoft-float -lm conftest.c >&5
conftest.c: In function 'main':
conftest.c:61:12: error: size of array 'test_array' is negative
 static int test_array [1 - 2 * !(((long int) (sizeof (long))) <= 3)];
            ^
configure:12422: $? = 1
configure: failed program was:
| /* confdefs.h */
| #define PACKAGE_NAME "FreeType"
| #define PACKAGE_TARNAME "freetype"
| #define PACKAGE_VERSION "2.7.1"
| #define PACKAGE_STRING "FreeType 2.7.1"
| #define PACKAGE_BUGREPORT "freetype@nongnu.org"
| #define PACKAGE_URL ""
| #define STDC_HEADERS 1
| #define HAVE_SYS_TYPES_H 1
| #define HAVE_SYS_STAT_H 1
| #define HAVE_STDLIB_H 1
| #define HAVE_STRING_H 1
| #define HAVE_MEMORY_H 1
| #define HAVE_STRINGS_H 1
| #define HAVE_INTTYPES_H 1
| #define HAVE_STDINT_H 1
| #define HAVE_UNISTD_H 1
| #define HAVE_DLFCN_H 1
| #define LT_OBJDIR ".libs/"
| #define STDC_HEADERS 1
| #define HAVE_FCNTL_H 1
| #define HAVE_UNISTD_H 1
| #define SIZEOF_INT 4
| /* end confdefs.h.  */
| #include <stdio.h>
| #ifdef HAVE_SYS_TYPES_H
| # include <sys/types.h>
| #endif
| #ifdef HAVE_SYS_STAT_H
| # include <sys/stat.h>
| #endif
| #ifdef STDC_HEADERS
| # include <stdlib.h>
| # include <stddef.h>
| #else
| # ifdef HAVE_STDLIB_H
| #  include <stdlib.h>
| # endif
| #endif
| #ifdef HAVE_STRING_H
| # if !defined STDC_HEADERS && defined HAVE_MEMORY_H
| #  include <memory.h>
| # endif
| # include <string.h>
| #endif
| #ifdef HAVE_STRINGS_H
| # include <strings.h>
| #endif
| #ifdef HAVE_INTTYPES_H
| # include <inttypes.h>
| #endif
| #ifdef HAVE_STDINT_H
| # include <stdint.h>
| #endif
| #ifdef HAVE_UNISTD_H
| # include <unistd.h>
| #endif
| int
| main ()
| {
| static int test_array [1 - 2 * !(((long int) (sizeof (long))) <= 3)];
| test_array [0] = 0;
| return test_array [0];
| 
|   ;
|   return 0;
| }
configure:12422: /home/yuhao/android/ndk/android-ndk-r11b/toolchains/arm-linux-androideabi-4.9/prebuilt/linux-x86_64/bin/arm-linux-androideabi-gcc --sysroot=/home/yuhao/android/ndk/android-ndk-r11b/platforms/android-19/arch-arm -c -g -O2 -fpic -DANDROID -ffunction-sections -msoft-float -lm conftest.c >&5
configure:12422: $? = 0
configure:12422: /home/yuhao/android/ndk/android-ndk-r11b/toolchains/arm-linux-androideabi-4.9/prebuilt/linux-x86_64/bin/arm-linux-androideabi-gcc --sysroot=/home/yuhao/android/ndk/android-ndk-r11b/platforms/android-19/arch-arm -c -g -O2 -fpic -DANDROID -ffunction-sections -msoft-float -lm conftest.c >&5
configure:12422: $? = 0
configure:12422: /home/yuhao/android/ndk/android-ndk-r11b/toolchains/arm-linux-androideabi-4.9/prebuilt/linux-x86_64/bin/arm-linux-androideabi-gcc --sysroot=/home/yuhao/android/ndk/android-ndk-r11b/platforms/android-19/arch-arm -c -g -O2 -fpic -DANDROID -ffunction-sections -msoft-float -lm conftest.c >&5
configure:12422: $? = 0
configure:12436: result: 4
configure:12447: checking for unsigned long long int
configure:12486: /home/yuhao/android/ndk/android-ndk-r11b/toolchains/arm-linux-androideabi-4.9/prebuilt/linux-x86_64/bin/arm-linux-androideabi-gcc --sysroot=/home/yuhao/android/ndk/android-ndk-r11b/platforms/android-19/arch-arm -o conftest -g -O2 -fpic -DANDROID -ffunction-sections -msoft-float -lm -L/home/yuhao/ytxPlayer/android/contrib/jni/jniLibs/lib conftest.c  >&5
configure:12486: $? = 0
configure:12495: result: yes
configure:12505: checking for long long int
configure:12555: result: yes
configure:12567: checking whether cpp computation of bit length in ftconfig.in works
configure:12624: result: yes
configure:12653: checking for special C compiler options needed for large files
configure:12698: result: no
configure:12704: checking for _FILE_OFFSET_BITS value needed for large files
configure:12729: /home/yuhao/android/ndk/android-ndk-r11b/toolchains/arm-linux-androideabi-4.9/prebuilt/linux-x86_64/bin/arm-linux-androideabi-gcc --sysroot=/home/yuhao/android/ndk/android-ndk-r11b/platforms/android-19/arch-arm -c -g -O2 -fpic -DANDROID -ffunction-sections -msoft-float -lm conftest.c >&5
conftest.c:34:3: warning: left shift count >= width of type
   int off_t_is_large[(LARGE_OFF_T % 2147483629 == 721
   ^
conftest.c:34:3: warning: left shift count >= width of type
conftest.c:35:10: warning: left shift count >= width of type
          && LARGE_OFF_T % 2147483647 == 1)
          ^
conftest.c:35:10: warning: left shift count >= width of type
conftest.c:34:7: error: variably modified 'off_t_is_large' at file scope
   int off_t_is_large[(LARGE_OFF_T % 2147483629 == 721
       ^
configure:12729: $? = 1
configure: failed program was:
| /* confdefs.h */
| #define PACKAGE_NAME "FreeType"
| #define PACKAGE_TARNAME "freetype"
| #define PACKAGE_VERSION "2.7.1"
| #define PACKAGE_STRING "FreeType 2.7.1"
| #define PACKAGE_BUGREPORT "freetype@nongnu.org"
| #define PACKAGE_URL ""
| #define STDC_HEADERS 1
| #define HAVE_SYS_TYPES_H 1
| #define HAVE_SYS_STAT_H 1
| #define HAVE_STDLIB_H 1
| #define HAVE_STRING_H 1
| #define HAVE_MEMORY_H 1
| #define HAVE_STRINGS_H 1
| #define HAVE_INTTYPES_H 1
| #define HAVE_STDINT_H 1
| #define HAVE_UNISTD_H 1
| #define HAVE_DLFCN_H 1
| #define LT_OBJDIR ".libs/"
| #define STDC_HEADERS 1
| #define HAVE_FCNTL_H 1
| #define HAVE_UNISTD_H 1
| #define SIZEOF_INT 4
| #define SIZEOF_LONG 4
| #define HAVE_UNSIGNED_LONG_LONG_INT 1
| #define HAVE_LONG_LONG_INT 1
| /* end confdefs.h.  */
| #include <sys/types.h>
|  /* Check that off_t can represent 2**63 - 1 correctly.
|     We can't simply define LARGE_OFF_T to be 9223372036854775807,
|     since some C++ compilers masquerading as C compilers
|     incorrectly reject 9223372036854775807.  */
| #define LARGE_OFF_T (((off_t) 1 << 62) - 1 + ((off_t) 1 << 62))
|   int off_t_is_large[(LARGE_OFF_T % 2147483629 == 721
| 		       && LARGE_OFF_T % 2147483647 == 1)
| 		      ? 1 : -1];
| int
| main ()
| {
| 
|   ;
|   return 0;
| }
configure:12753: /home/yuhao/android/ndk/android-ndk-r11b/toolchains/arm-linux-androideabi-4.9/prebuilt/linux-x86_64/bin/arm-linux-androideabi-gcc --sysroot=/home/yuhao/android/ndk/android-ndk-r11b/platforms/android-19/arch-arm -c -g -O2 -fpic -DANDROID -ffunction-sections -msoft-float -lm conftest.c >&5
conftest.c:35:3: warning: left shift count >= width of type
   int off_t_is_large[(LARGE_OFF_T % 2147483629 == 721
   ^
conftest.c:35:3: warning: left shift count >= width of type
conftest.c:36:10: warning: left shift count >= width of type
          && LARGE_OFF_T % 2147483647 == 1)
          ^
conftest.c:36:10: warning: left shift count >= width of type
conftest.c:35:7: error: variably modified 'off_t_is_large' at file scope
   int off_t_is_large[(LARGE_OFF_T % 2147483629 == 721
       ^
configure:12753: $? = 1
configure: failed program was:
| /* confdefs.h */
| #define PACKAGE_NAME "FreeType"
| #define PACKAGE_TARNAME "freetype"
| #define PACKAGE_VERSION "2.7.1"
| #define PACKAGE_STRING "FreeType 2.7.1"
| #define PACKAGE_BUGREPORT "freetype@nongnu.org"
| #define PACKAGE_URL ""
| #define STDC_HEADERS 1
| #define HAVE_SYS_TYPES_H 1
| #define HAVE_SYS_STAT_H 1
| #define HAVE_STDLIB_H 1
| #define HAVE_STRING_H 1
| #define HAVE_MEMORY_H 1
| #define HAVE_STRINGS_H 1
| #define HAVE_INTTYPES_H 1
| #define HAVE_STDINT_H 1
| #define HAVE_UNISTD_H 1
| #define HAVE_DLFCN_H 1
| #define LT_OBJDIR ".libs/"
| #define STDC_HEADERS 1
| #define HAVE_FCNTL_H 1
| #define HAVE_UNISTD_H 1
| #define SIZEOF_INT 4
| #define SIZEOF_LONG 4
| #define HAVE_UNSIGNED_LONG_LONG_INT 1
| #define HAVE_LONG_LONG_INT 1
| /* end confdefs.h.  */
| #define _FILE_OFFSET_BITS 64
| #include <sys/types.h>
|  /* Check that off_t can represent 2**63 - 1 correctly.
|     We can't simply define LARGE_OFF_T to be 9223372036854775807,
|     since some C++ compilers masquerading as C compilers
|     incorrectly reject 9223372036854775807.  */
| #define LARGE_OFF_T (((off_t) 1 << 62) - 1 + ((off_t) 1 << 62))
|   int off_t_is_large[(LARGE_OFF_T % 2147483629 == 721
| 		       && LARGE_OFF_T % 2147483647 == 1)
| 		      ? 1 : -1];
| int
| main ()
| {
| 
|   ;
|   return 0;
| }
configure:12761: result: unknown
configure:12773: checking for _LARGE_FILES value needed for large files
configure:12798: /home/yuhao/android/ndk/android-ndk-r11b/toolchains/arm-linux-androideabi-4.9/prebuilt/linux-x86_64/bin/arm-linux-androideabi-gcc --sysroot=/home/yuhao/android/ndk/android-ndk-r11b/platforms/android-19/arch-arm -c -g -O2 -fpic -DANDROID -ffunction-sections -msoft-float -lm conftest.c >&5
conftest.c:34:3: warning: left shift count >= width of type
   int off_t_is_large[(LARGE_OFF_T % 2147483629 == 721
   ^
conftest.c:34:3: warning: left shift count >= width of type
conftest.c:35:10: warning: left shift count >= width of type
          && LARGE_OFF_T % 2147483647 == 1)
          ^
conftest.c:35:10: warning: left shift count >= width of type
conftest.c:34:7: error: variably modified 'off_t_is_large' at file scope
   int off_t_is_large[(LARGE_OFF_T % 2147483629 == 721
       ^
configure:12798: $? = 1
configure: failed program was:
| /* confdefs.h */
| #define PACKAGE_NAME "FreeType"
| #define PACKAGE_TARNAME "freetype"
| #define PACKAGE_VERSION "2.7.1"
| #define PACKAGE_STRING "FreeType 2.7.1"
| #define PACKAGE_BUGREPORT "freetype@nongnu.org"
| #define PACKAGE_URL ""
| #define STDC_HEADERS 1
| #define HAVE_SYS_TYPES_H 1
| #define HAVE_SYS_STAT_H 1
| #define HAVE_STDLIB_H 1
| #define HAVE_STRING_H 1
| #define HAVE_MEMORY_H 1
| #define HAVE_STRINGS_H 1
| #define HAVE_INTTYPES_H 1
| #define HAVE_STDINT_H 1
| #define HAVE_UNISTD_H 1
| #define HAVE_DLFCN_H 1
| #define LT_OBJDIR ".libs/"
| #define STDC_HEADERS 1
| #define HAVE_FCNTL_H 1
| #define HAVE_UNISTD_H 1
| #define SIZEOF_INT 4
| #define SIZEOF_LONG 4
| #define HAVE_UNSIGNED_LONG_LONG_INT 1
| #define HAVE_LONG_LONG_INT 1
| /* end confdefs.h.  */
| #include <sys/types.h>
|  /* Check that off_t can represent 2**63 - 1 correctly.
|     We can't simply define LARGE_OFF_T to be 9223372036854775807,
|     since some C++ compilers masquerading as C compilers
|     incorrectly reject 9223372036854775807.  */
| #define LARGE_OFF_T (((off_t) 1 << 62) - 1 + ((off_t) 1 << 62))
|   int off_t_is_large[(LARGE_OFF_T % 2147483629 == 721
| 		       && LARGE_OFF_T % 2147483647 == 1)
| 		      ? 1 : -1];
| int
| main ()
| {
| 
|   ;
|   return 0;
| }
configure:12822: /home/yuhao/android/ndk/android-ndk-r11b/toolchains/arm-linux-androideabi-4.9/prebuilt/linux-x86_64/bin/arm-linux-androideabi-gcc --sysroot=/home/yuhao/android/ndk/android-ndk-r11b/platforms/android-19/arch-arm -c -g -O2 -fpic -DANDROID -ffunction-sections -msoft-float -lm conftest.c >&5
conftest.c:35:3: warning: left shift count >= width of type
   int off_t_is_large[(LARGE_OFF_T % 2147483629 == 721
   ^
conftest.c:35:3: warning: left shift count >= width of type
conftest.c:36:10: warning: left shift count >= width of type
          && LARGE_OFF_T % 2147483647 == 1)
          ^
conftest.c:36:10: warning: left shift count >= width of type
conftest.c:35:7: error: variably modified 'off_t_is_large' at file scope
   int off_t_is_large[(LARGE_OFF_T % 2147483629 == 721
       ^
configure:12822: $? = 1
configure: failed program was:
| /* confdefs.h */
| #define PACKAGE_NAME "FreeType"
| #define PACKAGE_TARNAME "freetype"
| #define PACKAGE_VERSION "2.7.1"
| #define PACKAGE_STRING "FreeType 2.7.1"
| #define PACKAGE_BUGREPORT "freetype@nongnu.org"
| #define PACKAGE_URL ""
| #define STDC_HEADERS 1
| #define HAVE_SYS_TYPES_H 1
| #define HAVE_SYS_STAT_H 1
| #define HAVE_STDLIB_H 1
| #define HAVE_STRING_H 1
| #define HAVE_MEMORY_H 1
| #define HAVE_STRINGS_H 1
| #define HAVE_INTTYPES_H 1
| #define HAVE_STDINT_H 1
| #define HAVE_UNISTD_H 1
| #define HAVE_DLFCN_H 1
| #define LT_OBJDIR ".libs/"
| #define STDC_HEADERS 1
| #define HAVE_FCNTL_H 1
| #define HAVE_UNISTD_H 1
| #define SIZEOF_INT 4
| #define SIZEOF_LONG 4
| #define HAVE_UNSIGNED_LONG_LONG_INT 1
| #define HAVE_LONG_LONG_INT 1
| /* end confdefs.h.  */
| #define _LARGE_FILES 1
| #include <sys/types.h>
|  /* Check that off_t can represent 2**63 - 1 correctly.
|     We can't simply define LARGE_OFF_T to be 9223372036854775807,
|     since some C++ compilers masquerading as C compilers
|     incorrectly reject 9223372036854775807.  */
| #define LARGE_OFF_T (((off_t) 1 << 62) - 1 + ((off_t) 1 << 62))
|   int off_t_is_large[(LARGE_OFF_T % 2147483629 == 721
| 		       && LARGE_OFF_T % 2147483647 == 1)
| 		      ? 1 : -1];
| int
| main ()
| {
| 
|   ;
|   return 0;
| }
configure:12830: result: unknown
configure:12863: checking for stdlib.h
configure:12863: result: yes
configure:12863: checking for unistd.h
configure:12863: result: yes
configure:12863: checking for sys/param.h
configure:12863: /home/yuhao/android/ndk/android-ndk-r11b/toolchains/arm-linux-androideabi-4.9/prebuilt/linux-x86_64/bin/arm-linux-androideabi-gcc --sysroot=/home/yuhao/android/ndk/android-ndk-r11b/platforms/android-19/arch-arm -c -g -O2 -fpic -DANDROID -ffunction-sections -msoft-float -lm conftest.c >&5
configure:12863: $? = 0
configure:12863: result: yes
configure:12883: checking for getpagesize
configure:12883: /home/yuhao/android/ndk/android-ndk-r11b/toolchains/arm-linux-androideabi-4.9/prebuilt/linux-x86_64/bin/arm-linux-androideabi-gcc --sysroot=/home/yuhao/android/ndk/android-ndk-r11b/platforms/android-19/arch-arm -o conftest -g -O2 -fpic -DANDROID -ffunction-sections -msoft-float -lm -L/home/yuhao/ytxPlayer/android/contrib/jni/jniLibs/lib conftest.c  >&5
conftest.c:65: error: undefined reference to 'getpagesize'
collect2: error: ld returned 1 exit status
configure:12883: $? = 1
configure: failed program was:
| /* confdefs.h */
| #define PACKAGE_NAME "FreeType"
| #define PACKAGE_TARNAME "freetype"
| #define PACKAGE_VERSION "2.7.1"
| #define PACKAGE_STRING "FreeType 2.7.1"
| #define PACKAGE_BUGREPORT "freetype@nongnu.org"
| #define PACKAGE_URL ""
| #define STDC_HEADERS 1
| #define HAVE_SYS_TYPES_H 1
| #define HAVE_SYS_STAT_H 1
| #define HAVE_STDLIB_H 1
| #define HAVE_STRING_H 1
| #define HAVE_MEMORY_H 1
| #define HAVE_STRINGS_H 1
| #define HAVE_INTTYPES_H 1
| #define HAVE_STDINT_H 1
| #define HAVE_UNISTD_H 1
| #define HAVE_DLFCN_H 1
| #define LT_OBJDIR ".libs/"
| #define STDC_HEADERS 1
| #define HAVE_FCNTL_H 1
| #define HAVE_UNISTD_H 1
| #define SIZEOF_INT 4
| #define SIZEOF_LONG 4
| #define HAVE_UNSIGNED_LONG_LONG_INT 1
| #define HAVE_LONG_LONG_INT 1
| #define HAVE_STDLIB_H 1
| #define HAVE_UNISTD_H 1
| #define HAVE_SYS_PARAM_H 1
| /* end confdefs.h.  */
| /* Define getpagesize to an innocuous variant, in case <limits.h> declares getpagesize.
|    For example, HP-UX 11i <limits.h> declares gettimeofday.  */
| #define getpagesize innocuous_getpagesize
| 
| /* System header to define __stub macros and hopefully few prototypes,
|     which can conflict with char getpagesize (); below.
|     Prefer <limits.h> to <assert.h> if __STDC__ is defined, since
|     <limits.h> exists even on freestanding compilers.  */
| 
| #ifdef __STDC__
| # include <limits.h>
| #else
| # include <assert.h>
| #endif
| 
| #undef getpagesize
| 
| /* Override any GCC internal prototype to avoid an error.
|    Use char because int might match the return type of a GCC
|    builtin and then its argument prototype would still apply.  */
| #ifdef __cplusplus
| extern "C"
| #endif
| char getpagesize ();
| /* The GNU C library defines this for functions which it implements
|     to always fail with ENOSYS.  Some functions are actually named
|     something starting with __ and the normal name is an alias.  */
| #if defined __stub_getpagesize || defined __stub___getpagesize
| choke me
| #endif
| 
| int
| main ()
| {
| return getpagesize ();
|   ;
|   return 0;
| }
configure:12883: result: no
configure:12892: checking for working mmap
configure:13049: result: no
configure:13117: checking for memcpy
configure:13117: /home/yuhao/android/ndk/android-ndk-r11b/toolchains/arm-linux-androideabi-4.9/prebuilt/linux-x86_64/bin/arm-linux-androideabi-gcc --sysroot=/home/yuhao/android/ndk/android-ndk-r11b/platforms/android-19/arch-arm -o conftest -g -O2 -fpic -DANDROID -ffunction-sections -msoft-float -lm -L/home/yuhao/ytxPlayer/android/contrib/jni/jniLibs/lib conftest.c  >&5
conftest.c:54:6: warning: conflicting types for built-in function 'memcpy'
 char memcpy ();
      ^
configure:13117: $? = 0
configure:13117: result: yes
configure:13117: checking for memmove
configure:13117: /home/yuhao/android/ndk/android-ndk-r11b/toolchains/arm-linux-androideabi-4.9/prebuilt/linux-x86_64/bin/arm-linux-androideabi-gcc --sysroot=/home/yuhao/android/ndk/android-ndk-r11b/platforms/android-19/arch-arm -o conftest -g -O2 -fpic -DANDROID -ffunction-sections -msoft-float -lm -L/home/yuhao/ytxPlayer/android/contrib/jni/jniLibs/lib conftest.c  >&5
conftest.c:55:6: warning: conflicting types for built-in function 'memmove'
 char memmove ();
      ^
configure:13117: $? = 0
configure:13117: result: yes
configure:13169: checking gcc compiler flag -pedantic to assure ANSI C works correctly
configure:13196: /home/yuhao/android/ndk/android-ndk-r11b/toolchains/arm-linux-androideabi-4.9/prebuilt/linux-x86_64/bin/arm-linux-androideabi-gcc --sysroot=/home/yuhao/android/ndk/android-ndk-r11b/platforms/android-19/arch-arm -c -g -O2  -pedantic -fpic -DANDROID -ffunction-sections -msoft-float -lm conftest.c >&5
configure:13196: $? = 0
configure:13197: result: ok, add it to XX_ANSIFLAGS
configure:13169: checking gcc compiler flag -ansi to assure ANSI C works correctly
configure:13196: /home/yuhao/android/ndk/android-ndk-r11b/toolchains/arm-linux-androideabi-4.9/prebuilt/linux-x86_64/bin/arm-linux-androideabi-gcc --sysroot=/home/yuhao/android/ndk/android-ndk-r11b/platforms/android-19/arch-arm -c -g -O2  -pedantic -ansi -fpic -DANDROID -ffunction-sections -msoft-float -lm conftest.c >&5
configure:13196: $? = 0
configure:13197: result: ok, add it to XX_ANSIFLAGS
configure:13261: $PKG_CONFIG --exists --print-errors "$zlib_pkg"
configure:13264: $? = 0
configure:13271: checking for ZLIB
configure:13278: $PKG_CONFIG --exists --print-errors "$zlib_pkg"
configure:13281: $? = 0
configure:13295: $PKG_CONFIG --exists --print-errors "$zlib_pkg"
configure:13298: $? = 0
configure:13336: result: yes
configure:13431: $PKG_CONFIG --exists --print-errors "$bzip2_pkg"
Package bzip2 was not found in the pkg-config search path.
Perhaps you should add the directory containing `bzip2.pc'
to the PKG_CONFIG_PATH environment variable
No package 'bzip2' found
configure:13434: $? = 1
configure:13441: checking for BZIP2
configure:13448: $PKG_CONFIG --exists --print-errors "$bzip2_pkg"
Package bzip2 was not found in the pkg-config search path.
Perhaps you should add the directory containing `bzip2.pc'
to the PKG_CONFIG_PATH environment variable
No package 'bzip2' found
configure:13451: $? = 1
configure:13465: $PKG_CONFIG --exists --print-errors "$bzip2_pkg"
Package bzip2 was not found in the pkg-config search path.
Perhaps you should add the directory containing `bzip2.pc'
to the PKG_CONFIG_PATH environment variable
No package 'bzip2' found
configure:13468: $? = 1
configure:13482: result: no
No package 'bzip2' found
configure:13526: checking for BZ2_bzDecompress in -lbz2
configure:13551: /home/yuhao/android/ndk/android-ndk-r11b/toolchains/arm-linux-androideabi-4.9/prebuilt/linux-x86_64/bin/arm-linux-androideabi-gcc --sysroot=/home/yuhao/android/ndk/android-ndk-r11b/platforms/android-19/arch-arm -o conftest -g -O2 -fpic -DANDROID -ffunction-sections -msoft-float -lm -L/home/yuhao/ytxPlayer/android/contrib/jni/jniLibs/lib conftest.c -lbz2   >&5
/home/yuhao/android/ndk/android-ndk-r11b/toolchains/arm-linux-androideabi-4.9/prebuilt/linux-x86_64/bin/../lib/gcc/arm-linux-androideabi/4.9/../../../../arm-linux-androideabi/bin/ld: error: cannot find -lbz2
conftest.c:44: error: undefined reference to 'BZ2_bzDecompress'
collect2: error: ld returned 1 exit status
configure:13551: $? = 1
configure: failed program was:
| /* confdefs.h */
| #define PACKAGE_NAME "FreeType"
| #define PACKAGE_TARNAME "freetype"
| #define PACKAGE_VERSION "2.7.1"
| #define PACKAGE_STRING "FreeType 2.7.1"
| #define PACKAGE_BUGREPORT "freetype@nongnu.org"
| #define PACKAGE_URL ""
| #define STDC_HEADERS 1
| #define HAVE_SYS_TYPES_H 1
| #define HAVE_SYS_STAT_H 1
| #define HAVE_STDLIB_H 1
| #define HAVE_STRING_H 1
| #define HAVE_MEMORY_H 1
| #define HAVE_STRINGS_H 1
| #define HAVE_INTTYPES_H 1
| #define HAVE_STDINT_H 1
| #define HAVE_UNISTD_H 1
| #define HAVE_DLFCN_H 1
| #define LT_OBJDIR ".libs/"
| #define STDC_HEADERS 1
| #define HAVE_FCNTL_H 1
| #define HAVE_UNISTD_H 1
| #define SIZEOF_INT 4
| #define SIZEOF_LONG 4
| #define HAVE_UNSIGNED_LONG_LONG_INT 1
| #define HAVE_LONG_LONG_INT 1
| #define HAVE_STDLIB_H 1
| #define HAVE_UNISTD_H 1
| #define HAVE_SYS_PARAM_H 1
| #define HAVE_MEMCPY 1
| #define HAVE_MEMMOVE 1
| /* end confdefs.h.  */
| 
| /* Override any GCC internal prototype to avoid an error.
|    Use char because int might match the return type of a GCC
|    builtin and then its argument prototype would still apply.  */
| #ifdef __cplusplus
| extern "C"
| #endif
| char BZ2_bzDecompress ();
| int
| main ()
| {
| return BZ2_bzDecompress ();
|   ;
|   return 0;
| }
configure:13560: result: no
configure:13601: $PKG_CONFIG --exists --print-errors "$libpng_pkg"
configure:13604: $? = 0
configure:13611: checking for LIBPNG
configure:13618: $PKG_CONFIG --exists --print-errors "$libpng_pkg"
configure:13621: $? = 0
configure:13635: $PKG_CONFIG --exists --print-errors "$libpng_pkg"
configure:13638: $? = 0
configure:13676: result: yes
configure:14629: creating ./config.status

## ---------------------- ##
## Running config.status. ##
## ---------------------- ##

This file was extended by FreeType config.status 2.7.1, which was
generated by GNU Autoconf 2.69.  Invocation command line was

  CONFIG_FILES    = 
  CONFIG_HEADERS  = 
  CONFIG_LINKS    = 
  CONFIG_COMMANDS = 
  $ ./config.status 

on yuhao-virtual-machine

config.status:1088: creating unix-cc.mk
config.status:1088: creating unix-def.mk
config.status:1088: creating ftconfig.h
config.status:1283: executing libtool commands
configure:16660:

Library configuration:
  external zlib: yes (pkg-config)
  bzip2:         no
  libpng:        yes (pkg-config)
  harfbuzz:      no


## ---------------- ##
## Cache variables. ##
## ---------------- ##

ac_cv_build=x86_64-pc-linux-gnu
ac_cv_c_compiler_gnu=yes
ac_cv_c_const=yes
ac_cv_env_BZIP2_CFLAGS_set=
ac_cv_env_BZIP2_CFLAGS_value=
ac_cv_env_BZIP2_LIBS_set=
ac_cv_env_BZIP2_LIBS_value=
ac_cv_env_CC_set=set
ac_cv_env_CC_value='/home/yuhao/android/ndk/android-ndk-r11b/toolchains/arm-linux-androideabi-4.9/prebuilt/linux-x86_64/bin/arm-linux-androideabi-gcc --sysroot=/home/yuhao/android/ndk/android-ndk-r11b/platforms/android-19/arch-arm'
ac_cv_env_CFLAGS_set=
ac_cv_env_CFLAGS_value=
ac_cv_env_CPPFLAGS_set=set
ac_cv_env_CPPFLAGS_value='-fpic -DANDROID -ffunction-sections -msoft-float -lm'
ac_cv_env_CPP_set=
ac_cv_env_CPP_value=
ac_cv_env_HARFBUZZ_CFLAGS_set=
ac_cv_env_HARFBUZZ_CFLAGS_value=
ac_cv_env_HARFBUZZ_LIBS_set=
ac_cv_env_HARFBUZZ_LIBS_value=
ac_cv_env_LDFLAGS_set=set
ac_cv_env_LDFLAGS_value=-L/home/yuhao/ytxPlayer/android/contrib/jni/jniLibs/lib
ac_cv_env_LIBPNG_CFLAGS_set=
ac_cv_env_LIBPNG_CFLAGS_value=
ac_cv_env_LIBPNG_LIBS_set=
ac_cv_env_LIBPNG_LIBS_value=
ac_cv_env_LIBS_set=
ac_cv_env_LIBS_value=
ac_cv_env_LT_SYS_LIBRARY_PATH_set=
ac_cv_env_LT_SYS_LIBRARY_PATH_value=
ac_cv_env_PKG_CONFIG_LIBDIR_set=
ac_cv_env_PKG_CONFIG_LIBDIR_value=
ac_cv_env_PKG_CONFIG_PATH_set=set
ac_cv_env_PKG_CONFIG_PATH_value=/home/yuhao/ytxPlayer/android/contrib/jni/jniLibs/lib/pkgconfig
ac_cv_env_PKG_CONFIG_set=
ac_cv_env_PKG_CONFIG_value=
ac_cv_env_ZLIB_CFLAGS_set=
ac_cv_env_ZLIB_CFLAGS_value=
ac_cv_env_ZLIB_LIBS_set=
ac_cv_env_ZLIB_LIBS_value=
ac_cv_env_build_alias_set=
ac_cv_env_build_alias_value=
ac_cv_env_host_alias_set=set
ac_cv_env_host_alias_value=arm-linux
ac_cv_env_target_alias_set=
ac_cv_env_target_alias_value=
ac_cv_func_getpagesize=no
ac_cv_func_memcpy=yes
ac_cv_func_memmove=yes
ac_cv_func_mmap_fixed_mapped=no
ac_cv_header_dlfcn_h=yes
ac_cv_header_fcntl_h=yes
ac_cv_header_inttypes_h=yes
ac_cv_header_memory_h=yes
ac_cv_header_stdc=yes
ac_cv_header_stdint_h=yes
ac_cv_header_stdlib_h=yes
ac_cv_header_string_h=yes
ac_cv_header_strings_h=yes
ac_cv_header_sys_param_h=yes
ac_cv_header_sys_stat_h=yes
ac_cv_header_sys_types_h=yes
ac_cv_header_unistd_h=yes
ac_cv_host=arm-unknown-linux-gnu
ac_cv_lib_bz2_BZ2_bzDecompress=no
ac_cv_objext=o
ac_cv_path_EGREP='/bin/grep -E'
ac_cv_path_FGREP='/bin/grep -F'
ac_cv_path_GREP=/bin/grep
ac_cv_path_SED=/bin/sed
ac_cv_path_ac_pt_PKG_CONFIG=/usr/bin/pkg-config
ac_cv_path_install='/usr/bin/install -c'
ac_cv_path_lt_DD=/bin/dd
ac_cv_path_mkdir=/bin/mkdir
ac_cv_prog_AR=/home/yuhao/android/ndk/android-ndk-r11b/toolchains/arm-linux-androideabi-4.9/prebuilt/linux-x86_64/bin/arm-linux-androideabi-ar
ac_cv_prog_AWK=mawk
ac_cv_prog_CC='/home/yuhao/android/ndk/android-ndk-r11b/toolchains/arm-linux-androideabi-4.9/prebuilt/linux-x86_64/bin/arm-linux-androideabi-gcc --sysroot=/home/yuhao/android/ndk/android-ndk-r11b/platforms/android-19/arch-arm'
ac_cv_prog_CC_BUILD=gcc
ac_cv_prog_CPP='/home/yuhao/android/ndk/android-ndk-r11b/toolchains/arm-linux-androideabi-4.9/prebuilt/linux-x86_64/bin/arm-linux-androideabi-gcc --sysroot=/home/yuhao/android/ndk/android-ndk-r11b/platforms/android-19/arch-arm -E'
ac_cv_prog_RANLIB=/home/yuhao/android/ndk/android-ndk-r11b/toolchains/arm-linux-androideabi-4.9/prebuilt/linux-x86_64/bin/arm-linux-androideabi-ranlib
ac_cv_prog_STRIP=/home/yuhao/android/ndk/android-ndk-r11b/toolchains/arm-linux-androideabi-4.9/prebuilt/linux-x86_64/bin/arm-linux-androideabi-strip
ac_cv_prog_ac_ct_MANIFEST_TOOL=mt
ac_cv_prog_ac_ct_OBJDUMP=objdump
ac_cv_prog_cc_c89=
ac_cv_prog_cc_g=yes
ac_cv_sizeof_int=4
ac_cv_sizeof_long=4
ac_cv_sys_file_offset_bits=unknown
ac_cv_sys_large_files=unknown
ac_cv_sys_largefile_CC=no
ac_cv_type_long_long_int=yes
ac_cv_type_unsigned_long_long_int=yes
lt_cv_ar_at_file=@
lt_cv_archive_cmds_need_lc=no
lt_cv_deplibs_check_method=pass_all
lt_cv_file_magic_cmd='$MAGIC_CMD'
lt_cv_file_magic_test_file=
lt_cv_ld_reload_flag=-r
lt_cv_nm_interface='BSD nm'
lt_cv_objdir=.libs
lt_cv_path_LD=/home/yuhao/android/ndk/android-ndk-r11b/toolchains/arm-linux-androideabi-4.9/prebuilt/linux-x86_64/arm-linux-androideabi/bin/ld
lt_cv_path_NM=/home/yuhao/android/ndk/android-ndk-r11b/toolchains/arm-linux-androideabi-4.9/prebuilt/linux-x86_64/bin/arm-linux-androideabi-nm
lt_cv_path_mainfest_tool=no
lt_cv_prog_compiler_c_o=yes
lt_cv_prog_compiler_pic='-fPIC -DPIC'
lt_cv_prog_compiler_pic_works=yes
lt_cv_prog_compiler_rtti_exceptions=no
lt_cv_prog_compiler_static_works=yes
lt_cv_prog_gnu_ld=yes
lt_cv_sharedlib_from_linklib_cmd='printf %s\n'
lt_cv_shlibpath_overrides_runpath=no
lt_cv_sys_global_symbol_pipe='sed -n -e '\''s/^.*[	 ]\([ABCDGIRSTW][ABCDGIRSTW]*\)[	 ][	 ]*\([_A-Za-z][_A-Za-z0-9]*\)$/\1 \2 \2/p'\'' | sed '\''/ __gnu_lto/d'\'''
lt_cv_sys_global_symbol_to_c_name_address='sed -n -e '\''s/^: \(.*\) .*$/  {"\1", (void *) 0},/p'\'' -e '\''s/^[ABCDGIRSTW][ABCDGIRSTW]* .* \(.*\)$/  {"\1", (void *) \&\1},/p'\'''
lt_cv_sys_global_symbol_to_c_name_address_lib_prefix='sed -n -e '\''s/^: \(.*\) .*$/  {"\1", (void *) 0},/p'\'' -e '\''s/^[ABCDGIRSTW][ABCDGIRSTW]* .* \(lib.*\)$/  {"\1", (void *) \&\1},/p'\'' -e '\''s/^[ABCDGIRSTW][ABCDGIRSTW]* .* \(.*\)$/  {"lib\1", (void *) \&\1},/p'\'''
lt_cv_sys_global_symbol_to_cdecl='sed -n -e '\''s/^T .* \(.*\)$/extern int \1();/p'\'' -e '\''s/^[ABCDGIRSTW][ABCDGIRSTW]* .* \(.*\)$/extern char \1;/p'\'''
lt_cv_sys_global_symbol_to_import=
lt_cv_sys_max_cmd_len=1572864
lt_cv_to_host_file_cmd=func_convert_file_noop
lt_cv_to_tool_file_cmd=func_convert_file_noop
lt_cv_truncate_bin='/bin/dd bs=4096 count=1'
pkg_cv_LIBPNG_CFLAGS=-I/home/yuhao/ytxPlayer/android/contrib/jni/jniLibs/include/libpng
pkg_cv_LIBPNG_LIBS='-L/home/yuhao/ytxPlayer/android/contrib/jni/jniLibs/lib -lpng'
pkg_cv_ZLIB_CFLAGS=
pkg_cv_ZLIB_LIBS=-lz

## ----------------- ##
## Output variables. ##
## ----------------- ##

AR='/home/yuhao/android/ndk/android-ndk-r11b/toolchains/arm-linux-androideabi-4.9/prebuilt/linux-x86_64/bin/arm-linux-androideabi-ar'
AS='as'
AWK='mawk'
BZIP2_CFLAGS=''
BZIP2_LIBS=''
CC='/home/yuhao/android/ndk/android-ndk-r11b/toolchains/arm-linux-androideabi-4.9/prebuilt/linux-x86_64/bin/arm-linux-androideabi-gcc --sysroot=/home/yuhao/android/ndk/android-ndk-r11b/platforms/android-19/arch-arm'
CC_BUILD='gcc'
CFLAGS='-g -O2  -DFT_CONFIG_OPTION_SYSTEM_ZLIB -I/home/yuhao/ytxPlayer/android/contrib/jni/jniLibs/include/libpng -DFT_CONFIG_OPTION_USE_PNG'
CPP='/home/yuhao/android/ndk/android-ndk-r11b/toolchains/arm-linux-androideabi-4.9/prebuilt/linux-x86_64/bin/arm-linux-androideabi-gcc --sysroot=/home/yuhao/android/ndk/android-ndk-r11b/platforms/android-19/arch-arm -E'
CPPFLAGS='-fpic -DANDROID -ffunction-sections -msoft-float -lm'
DEFS='-DHAVE_CONFIG_H'
DLLTOOL='false'
DSYMUTIL=''
DUMPBIN=''
ECHO_C=''
ECHO_N='-n'
ECHO_T=''
EGREP='/bin/grep -E'
EXEEXT=''
EXEEXT_BUILD=''
FGREP='/bin/grep -F'
FTSYS_SRC='$(BASE_DIR)/ftsystem.c'
GREP='/bin/grep'
HARFBUZZ_CFLAGS=''
HARFBUZZ_LIBS=''
INSTALL_DATA='${INSTALL} -m 644'
INSTALL_PROGRAM='${INSTALL}'
INSTALL_SCRIPT='${INSTALL}'
LD='/home/yuhao/android/ndk/android-ndk-r11b/toolchains/arm-linux-androideabi-4.9/prebuilt/linux-x86_64/arm-linux-androideabi/bin/ld'
LDFLAGS='-L/home/yuhao/ytxPlayer/android/contrib/jni/jniLibs/lib -lz -L/home/yuhao/ytxPlayer/android/contrib/jni/jniLibs/lib -lpng'
LIBOBJS=''
LIBPNG_CFLAGS='-I/home/yuhao/ytxPlayer/android/contrib/jni/jniLibs/include/libpng'
LIBPNG_LIBS='-L/home/yuhao/ytxPlayer/android/contrib/jni/jniLibs/lib -lpng'
LIBS=''
LIBSSTATIC_CONFIG='-lfreetype -lz -L/home/yuhao/ytxPlayer/android/contrib/jni/jniLibs/lib -lpng -lz'
LIBS_PRIVATE=''
LIBTOOL='$(SHELL) $(top_builddir)/libtool'
LIPO=''
LN_S='ln -s'
LTLIBOBJS=''
LT_SYS_LIBRARY_PATH=''
MANIFEST_TOOL=':'
MKDIR_P='/bin/mkdir -p'
NM='/home/yuhao/android/ndk/android-ndk-r11b/toolchains/arm-linux-androideabi-4.9/prebuilt/linux-x86_64/bin/arm-linux-androideabi-nm'
NMEDIT=''
OBJDUMP='objdump'
OBJEXT='o'
OTOOL64=''
OTOOL=''
PACKAGE_BUGREPORT='freetype@nongnu.org'
PACKAGE_NAME='FreeType'
PACKAGE_STRING='FreeType 2.7.1'
PACKAGE_TARNAME='freetype'
PACKAGE_URL=''
PACKAGE_VERSION='2.7.1'
PATH_SEPARATOR=':'
PKG_CONFIG='/usr/bin/pkg-config'
PKG_CONFIG_LIBDIR=''
PKG_CONFIG_PATH='/home/yuhao/ytxPlayer/android/contrib/jni/jniLibs/lib/pkgconfig'
RANLIB='/home/yuhao/android/ndk/android-ndk-r11b/toolchains/arm-linux-androideabi-4.9/prebuilt/linux-x86_64/bin/arm-linux-androideabi-ranlib'
REQUIRES_PRIVATE='zlib, libpng'
SED='/bin/sed'
SHELL='/bin/bash'
STRIP='/home/yuhao/android/ndk/android-ndk-r11b/toolchains/arm-linux-androideabi-4.9/prebuilt/linux-x86_64/bin/arm-linux-androideabi-strip'
XX_ANSIFLAGS=' -pedantic -ansi'
XX_CFLAGS='-Wall'
ZLIB_CFLAGS=''
ZLIB_LIBS='-lz'
ac_ct_AR=''
ac_ct_CC=''
ac_ct_DUMPBIN=''
bindir='${exec_prefix}/bin'
build='x86_64-pc-linux-gnu'
build_alias=''
build_cpu='x86_64'
build_libtool_libs=''
build_os='linux-gnu'
build_vendor='pc'
datadir='${datarootdir}'
datarootdir='${prefix}/share'
docdir='${datarootdir}/doc/${PACKAGE_TARNAME}'
dvidir='${docdir}'
exec_prefix='${prefix}'
ft_version='19.0.13'
ftmac_c=''
hardcode_libdir_flag_spec='$wl-rpath $wl$libdir'
host='arm-unknown-linux-gnu'
host_alias='arm-linux'
host_cpu='arm'
host_os='linux-gnu'
host_vendor='unknown'
htmldir='${docdir}'
includedir='${prefix}/include'
infodir='${datarootdir}/info'
libdir='${exec_prefix}/lib'
libexecdir='${exec_prefix}/libexec'
localedir='${datarootdir}/locale'
localstatedir='${prefix}/var'
mandir='${datarootdir}/man'
oldincludedir='/usr/include'
pdfdir='${docdir}'
prefix='/home/yuhao/ytxPlayer/android/contrib/jni/jniLibs'
program_transform_name='s,x,x,'
psdir='${docdir}'
sbindir='${exec_prefix}/sbin'
sharedstatedir='${prefix}/com'
sysconfdir='${prefix}/etc'
target_alias=''
version_info='19:0:13'
wl='-Wl,'

## ----------- ##
## confdefs.h. ##
## ----------- ##

/* confdefs.h */
#define PACKAGE_NAME "FreeType"
#define PACKAGE_TARNAME "freetype"
#define PACKAGE_VERSION "2.7.1"
#define PACKAGE_STRING "FreeType 2.7.1"
#define PACKAGE_BUGREPORT "freetype@nongnu.org"
#define PACKAGE_URL ""
#define STDC_HEADERS 1
#define HAVE_SYS_TYPES_H 1
#define HAVE_SYS_STAT_H 1
#define HAVE_STDLIB_H 1
#define HAVE_STRING_H 1
#define HAVE_MEMORY_H 1
#define HAVE_STRINGS_H 1
#define HAVE_INTTYPES_H 1
#define HAVE_STDINT_H 1
#define HAVE_UNISTD_H 1
#define HAVE_DLFCN_H 1
#define LT_OBJDIR ".libs/"
#define STDC_HEADERS 1
#define HAVE_FCNTL_H 1
#define HAVE_UNISTD_H 1
#define SIZEOF_INT 4
#define SIZEOF_LONG 4
#define HAVE_UNSIGNED_LONG_LONG_INT 1
#define HAVE_LONG_LONG_INT 1
#define HAVE_STDLIB_H 1
#define HAVE_UNISTD_H 1
#define HAVE_SYS_PARAM_H 1
#define HAVE_MEMCPY 1
#define HAVE_MEMMOVE 1

configure: exit 0
